# JRE version: Java(TM) SE Runtime Environment (8.0_91-b14) (build 1.8.0_91-b14)
# Java VM: Java HotSpot(TM) 64-Bit Server VM (25.91-b14 mixed mode bsd-amd64 compressed oops)
Heap:
 PSYoungGen      total 25600K, used 64K [0x0000000795580000, 0x0000000797500000, 0x00000007c0000000)
  eden space 24064K, 0% used [0x0000000795580000,0x0000000795580000,0x0000000796d00000)
  from space 1536K, 4% used [0x0000000796d00000,0x0000000796d10000,0x0000000796e80000)
  to   space 1536K, 0% used [0x0000000797380000,0x0000000797380000,0x0000000797500000)
 ParOldGen       total 87552K, used 17523K [0x0000000740000000, 0x0000000745580000, 0x0000000795580000)
  object space 87552K, 20% used [0x0000000740000000,0x000000074111cc40,0x0000000745580000)
 Metaspace       used 20989K, capacity 21133K, committed 21296K, reserved 1069056K
  class space    used 2037K, capacity 2111K, committed 2176K, reserved 1048576K
GC Heap History (10 events):
Event: 190.066 GC heap before
{Heap before GC invocations=44 (full 0):
 PSYoungGen      total 26112K, used 24160K [0x0000000795580000, 0x0000000797100000, 0x00000007c0000000)
  eden space 24064K, 100% used [0x0000000795580000,0x0000000796d00000,0x0000000796d00000)
  from space 2048K, 4% used [0x0000000796d00000,0x0000000796d18000,0x0000000796f00000)
  to   space 2048K, 0% used [0x0000000796f00000,0x0000000796f00000,0x0000000797100000)
 ParOldGen       total 87552K, used 17499K [0x0000000740000000, 0x0000000745580000, 0x0000000795580000)
  object space 87552K, 19% used [0x0000000740000000,0x0000000741116c40,0x0000000745580000)
 Metaspace       used 20960K, capacity 21133K, committed 21296K, reserved 1069056K
  class space    used 2030K, capacity 2111K, committed 2176K, reserved 1048576K
Event: 190.071 GC heap after
Heap after GC invocations=44 (full 0):
 PSYoungGen      total 26112K, used 32K [0x0000000795580000, 0x0000000797100000, 0x00000007c0000000)
  eden space 24064K, 0% used [0x0000000795580000,0x0000000795580000,0x0000000796d00000)
  from space 2048K, 1% used [0x0000000796f00000,0x0000000796f08000,0x0000000797100000)
  to   space 2048K, 0% used [0x0000000796d00000,0x0000000796d00000,0x0000000796f00000)
 ParOldGen       total 87552K, used 17499K [0x0000000740000000, 0x0000000745580000, 0x0000000795580000)
  object space 87552K, 19% used [0x0000000740000000,0x0000000741116c40,0x0000000745580000)
 Metaspace       used 20960K, capacity 21133K, committed 21296K, reserved 1069056K
  class space    used 2030K, capacity 2111K, committed 2176K, reserved 1048576K
}
Event: 194.270 GC heap before
{Heap before GC invocations=45 (full 0):
 PSYoungGen      total 26112K, used 24096K [0x0000000795580000, 0x0000000797100000, 0x00000007c0000000)
  eden space 24064K, 100% used [0x0000000795580000,0x0000000796d00000,0x0000000796d00000)
  from space 2048K, 1% used [0x0000000796f00000,0x0000000796f08000,0x0000000797100000)
  to   space 2048K, 0% used [0x0000000796d00000,0x0000000796d00000,0x0000000796f00000)
 ParOldGen       total 87552K, used 17499K [0x0000000740000000, 0x0000000745580000, 0x0000000795580000)
  object space 87552K, 19% used [0x0000000740000000,0x0000000741116c40,0x0000000745580000)
 Metaspace       used 20960K, capacity 21133K, committed 21296K, reserved 1069056K
  class space    used 2030K, capacity 2111K, committed 2176K, reserved 1048576K
Event: 194.276 GC heap after
Heap after GC invocations=45 (full 0):
 PSYoungGen      total 26112K, used 32K [0x0000000795580000, 0x0000000797100000, 0x00000007c0000000)
  eden space 24064K, 0% used [0x0000000795580000,0x0000000795580000,0x0000000796d00000)
  from space 2048K, 1% used [0x0000000796d00000,0x0000000796d08000,0x0000000796f00000)
  to   space 2048K, 0% used [0x0000000796f00000,0x0000000796f00000,0x0000000797100000)
 ParOldGen       total 87552K, used 17499K [0x0000000740000000, 0x0000000745580000, 0x0000000795580000)
  object space 87552K, 19% used [0x0000000740000000,0x0000000741116c40,0x0000000745580000)
 Metaspace       used 20960K, capacity 21133K, committed 21296K, reserved 1069056K
  class space    used 2030K, capacity 2111K, committed 2176K, reserved 1048576K
}
Event: 198.456 GC heap before
{Heap before GC invocations=46 (full 0):
 PSYoungGen      total 26112K, used 24096K [0x0000000795580000, 0x0000000797100000, 0x00000007c0000000)
  eden space 24064K, 100% used [0x0000000795580000,0x0000000796d00000,0x0000000796d00000)
  from space 2048K, 1% used [0x0000000796d00000,0x0000000796d08000,0x0000000796f00000)
  to   space 2048K, 0% used [0x0000000796f00000,0x0000000796f00000,0x0000000797100000)
 ParOldGen       total 87552K, used 17499K [0x0000000740000000, 0x0000000745580000, 0x0000000795580000)
  object space 87552K, 19% used [0x0000000740000000,0x0000000741116c40,0x0000000745580000)
 Metaspace       used 20960K, capacity 21133K, committed 21296K, reserved 1069056K
  class space    used 2030K, capacity 2111K, committed 2176K, reserved 1048576K
Event: 198.459 GC heap after
Heap after GC invocations=46 (full 0):
 PSYoungGen      total 25088K, used 32K [0x0000000795580000, 0x0000000797000000, 0x00000007c0000000)
  eden space 24064K, 0% used [0x0000000795580000,0x0000000795580000,0x0000000796d00000)
  from space 1024K, 3% used [0x0000000796f00000,0x0000000796f08000,0x0000000797000000)
  to   space 1536K, 0% used [0x0000000796d00000,0x0000000796d00000,0x0000000796e80000)
 ParOldGen       total 87552K, used 17499K [0x0000000740000000, 0x0000000745580000, 0x0000000795580000)
  object space 87552K, 19% used [0x0000000740000000,0x0000000741116c40,0x0000000745580000)
 Metaspace       used 20960K, capacity 21133K, committed 21296K, reserved 1069056K
  class space    used 2030K, capacity 2111K, committed 2176K, reserved 1048576K
}
Event: 202.640 GC heap before
{Heap before GC invocations=47 (full 0):
 PSYoungGen      total 25088K, used 24096K [0x0000000795580000, 0x0000000797000000, 0x00000007c0000000)
  eden space 24064K, 100% used [0x0000000795580000,0x0000000796d00000,0x0000000796d00000)
  from space 1024K, 3% used [0x0000000796f00000,0x0000000796f08000,0x0000000797000000)
  to   space 1536K, 0% used [0x0000000796d00000,0x0000000796d00000,0x0000000796e80000)
 ParOldGen       total 87552K, used 17499K [0x0000000740000000, 0x0000000745580000, 0x0000000795580000)
  object space 87552K, 19% used [0x0000000740000000,0x0000000741116c40,0x0000000745580000)
 Metaspace       used 20960K, capacity 21133K, committed 21296K, reserved 1069056K
  class space    used 2030K, capacity 2111K, committed 2176K, reserved 1048576K
Event: 202.642 GC heap after
Heap after GC invocations=47 (full 0):
 PSYoungGen      total 25600K, used 96K [0x0000000795580000, 0x0000000797000000, 0x00000007c0000000)
  eden space 24064K, 0% used [0x0000000795580000,0x0000000795580000,0x0000000796d00000)
  from space 1536K, 6% used [0x0000000796d00000,0x0000000796d18000,0x0000000796e80000)
  to   space 1536K, 0% used [0x0000000796e80000,0x0000000796e80000,0x0000000797000000)
 ParOldGen       total 87552K, used 17499K [0x0000000740000000, 0x0000000745580000, 0x0000000795580000)
  object space 87552K, 19% used [0x0000000740000000,0x0000000741116c40,0x0000000745580000)
 Metaspace       used 20960K, capacity 21133K, committed 21296K, reserved 1069056K
  class space    used 2030K, capacity 2111K, committed 2176K, reserved 1048576K
}
Event: 206.850 GC heap before
{Heap before GC invocations=48 (full 0):
 PSYoungGen      total 25600K, used 24160K [0x0000000795580000, 0x0000000797000000, 0x00000007c0000000)
  eden space 24064K, 100% used [0x0000000795580000,0x0000000796d00000,0x0000000796d00000)
  from space 1536K, 6% used [0x0000000796d00000,0x0000000796d18000,0x0000000796e80000)
  to   space 1536K, 0% used [0x0000000796e80000,0x0000000796e80000,0x0000000797000000)
 ParOldGen       total 87552K, used 17499K [0x0000000740000000, 0x0000000745580000, 0x0000000795580000)
  object space 87552K, 19% used [0x0000000740000000,0x0000000741116c40,0x0000000745580000)
 Metaspace       used 20988K, capacity 21133K, committed 21296K, reserved 1069056K
  class space    used 2037K, capacity 2111K, committed 2176K, reserved 1048576K
Event: 206.852 GC heap after
Heap after GC invocations=48 (full 0):
 PSYoungGen      total 25600K, used 128K [0x0000000795580000, 0x0000000797000000, 0x00000007c0000000)
  eden space 24064K, 0% used [0x0000000795580000,0x0000000795580000,0x0000000796d00000)
  from space 1536K, 8% used [0x0000000796e80000,0x0000000796ea0000,0x0000000797000000)
  to   space 1536K, 0% used [0x0000000796d00000,0x0000000796d00000,0x0000000796e80000)
 ParOldGen       total 87552K, used 17499K [0x0000000740000000, 0x0000000745580000, 0x0000000795580000)
  object space 87552K, 19% used [0x0000000740000000,0x0000000741116c40,0x0000000745580000)
 Metaspace       used 20988K, capacity 21133K, committed 21296K, reserved 1069056K
  class space    used 2037K, capacity 2111K, committed 2176K, reserved 1048576K
}

