# JRE version: Java(TM) SE Runtime Environment (8.0_91-b14) (build 1.8.0_91-b14)
# Java VM: Java HotSpot(TM) 64-Bit Server VM (25.91-b14 mixed mode bsd-amd64 compressed oops)
Heap:
 PSYoungGen      total 60928K, used 11949K [0x0000000795580000, 0x00000007bbb00000, 0x00000007c0000000)
  eden space 60416K, 19% used [0x0000000795580000,0x000000079610b6f8,0x0000000799080000)
  from space 512K, 25% used [0x00000007bba00000,0x00000007bba20000,0x00000007bba80000)
  to   space 512K, 0% used [0x00000007bba80000,0x00000007bba80000,0x00000007bbb00000)
 ParOldGen       total 130560K, used 59344K [0x0000000740000000, 0x0000000747f80000, 0x0000000795580000)
  object space 130560K, 45% used [0x0000000740000000,0x00000007439f4318,0x0000000747f80000)
 Metaspace       used 19635K, capacity 19843K, committed 19968K, reserved 1067008K
  class space    used 1912K, capacity 1982K, committed 2048K, reserved 1048576K
GC Heap History (10 events):
Event: 544.360 GC heap before
{Heap before GC invocations=1472 (full 1):
 PSYoungGen      total 59392K, used 58976K [0x0000000795580000, 0x00000007bbb00000, 0x00000007c0000000)
  eden space 58880K, 100% used [0x0000000795580000,0x0000000798f00000,0x0000000798f00000)
  from space 512K, 18% used [0x00000007bba80000,0x00000007bba98000,0x00000007bbb00000)
  to   space 512K, 0% used [0x00000007bba00000,0x00000007bba00000,0x00000007bba80000)
 ParOldGen       total 130560K, used 59312K [0x0000000740000000, 0x0000000747f80000, 0x0000000795580000)
  object space 130560K, 45% used [0x0000000740000000,0x00000007439ec318,0x0000000747f80000)
 Metaspace       used 19600K, capacity 19779K, committed 19968K, reserved 1067008K
  class space    used 1906K, capacity 1982K, committed 2048K, reserved 1048576K
Event: 544.361 GC heap after
Heap after GC invocations=1472 (full 1):
 PSYoungGen      total 62464K, used 96K [0x0000000795580000, 0x00000007bbb00000, 0x00000007c0000000)
  eden space 61952K, 0% used [0x0000000795580000,0x0000000795580000,0x0000000799200000)
  from space 512K, 18% used [0x00000007bba00000,0x00000007bba18000,0x00000007bba80000)
  to   space 512K, 0% used [0x00000007bba80000,0x00000007bba80000,0x00000007bbb00000)
 ParOldGen       total 130560K, used 59320K [0x0000000740000000, 0x0000000747f80000, 0x0000000795580000)
  object space 130560K, 45% used [0x0000000740000000,0x00000007439ee318,0x0000000747f80000)
 Metaspace       used 19600K, capacity 19779K, committed 19968K, reserved 1067008K
  class space    used 1906K, capacity 1982K, committed 2048K, reserved 1048576K
}
Event: 544.612 GC heap before
{Heap before GC invocations=1473 (full 1):
 PSYoungGen      total 62464K, used 62048K [0x0000000795580000, 0x00000007bbb00000, 0x00000007c0000000)
  eden space 61952K, 100% used [0x0000000795580000,0x0000000799200000,0x0000000799200000)
  from space 512K, 18% used [0x00000007bba00000,0x00000007bba18000,0x00000007bba80000)
  to   space 512K, 0% used [0x00000007bba80000,0x00000007bba80000,0x00000007bbb00000)
 ParOldGen       total 130560K, used 59320K [0x0000000740000000, 0x0000000747f80000, 0x0000000795580000)
  object space 130560K, 45% used [0x0000000740000000,0x00000007439ee318,0x0000000747f80000)
 Metaspace       used 19600K, capacity 19779K, committed 19968K, reserved 1067008K
  class space    used 1906K, capacity 1982K, committed 2048K, reserved 1048576K
Event: 544.613 GC heap after
Heap after GC invocations=1473 (full 1):
 PSYoungGen      total 65536K, used 96K [0x0000000795580000, 0x00000007bbb00000, 0x00000007c0000000)
  eden space 65024K, 0% used [0x0000000795580000,0x0000000795580000,0x0000000799500000)
  from space 512K, 18% used [0x00000007bba80000,0x00000007bba98000,0x00000007bbb00000)
  to   space 512K, 0% used [0x00000007bba00000,0x00000007bba00000,0x00000007bba80000)
 ParOldGen       total 130560K, used 59320K [0x0000000740000000, 0x0000000747f80000, 0x0000000795580000)
  object space 130560K, 45% used [0x0000000740000000,0x00000007439ee318,0x0000000747f80000)
 Metaspace       used 19600K, capacity 19779K, committed 19968K, reserved 1067008K
  class space    used 1906K, capacity 1982K, committed 2048K, reserved 1048576K
}
Event: 545.384 GC heap before
{Heap before GC invocations=1474 (full 1):
 PSYoungGen      total 65536K, used 65120K [0x0000000795580000, 0x00000007bbb00000, 0x00000007c0000000)
  eden space 65024K, 100% used [0x0000000795580000,0x0000000799500000,0x0000000799500000)
  from space 512K, 18% used [0x00000007bba80000,0x00000007bba98000,0x00000007bbb00000)
  to   space 512K, 0% used [0x00000007bba00000,0x00000007bba00000,0x00000007bba80000)
 ParOldGen       total 130560K, used 59320K [0x0000000740000000, 0x0000000747f80000, 0x0000000795580000)
  object space 130560K, 45% used [0x0000000740000000,0x00000007439ee318,0x0000000747f80000)
 Metaspace       used 19604K, capacity 19779K, committed 19968K, reserved 1067008K
  class space    used 1906K, capacity 1982K, committed 2048K, reserved 1048576K
Event: 545.385 GC heap after
Heap after GC invocations=1474 (full 1):
 PSYoungGen      total 64000K, used 64K [0x0000000795580000, 0x00000007bbb00000, 0x00000007c0000000)
  eden space 63488K, 0% used [0x0000000795580000,0x0000000795580000,0x0000000799380000)
  from space 512K, 12% used [0x00000007bba00000,0x00000007bba10000,0x00000007bba80000)
  to   space 512K, 0% used [0x00000007bba80000,0x00000007bba80000,0x00000007bbb00000)
 ParOldGen       total 130560K, used 59328K [0x0000000740000000, 0x0000000747f80000, 0x0000000795580000)
  object space 130560K, 45% used [0x0000000740000000,0x00000007439f0318,0x0000000747f80000)
 Metaspace       used 19604K, capacity 19779K, committed 19968K, reserved 1067008K
  class space    used 1906K, capacity 1982K, committed 2048K, reserved 1048576K
}
Event: 545.889 GC heap before
{Heap before GC invocations=1475 (full 1):
 PSYoungGen      total 64000K, used 63552K [0x0000000795580000, 0x00000007bbb00000, 0x00000007c0000000)
  eden space 63488K, 100% used [0x0000000795580000,0x0000000799380000,0x0000000799380000)
  from space 512K, 12% used [0x00000007bba00000,0x00000007bba10000,0x00000007bba80000)
  to   space 512K, 0% used [0x00000007bba80000,0x00000007bba80000,0x00000007bbb00000)
 ParOldGen       total 130560K, used 59328K [0x0000000740000000, 0x0000000747f80000, 0x0000000795580000)
  object space 130560K, 45% used [0x0000000740000000,0x00000007439f0318,0x0000000747f80000)
 Metaspace       used 19605K, capacity 19779K, committed 19968K, reserved 1067008K
  class space    used 1906K, capacity 1982K, committed 2048K, reserved 1048576K
Event: 545.891 GC heap after
Heap after GC invocations=1475 (full 1):
 PSYoungGen      total 62464K, used 128K [0x0000000795580000, 0x00000007bbb00000, 0x00000007c0000000)
  eden space 61952K, 0% used [0x0000000795580000,0x0000000795580000,0x0000000799200000)
  from space 512K, 25% used [0x00000007bba80000,0x00000007bbaa0000,0x00000007bbb00000)
  to   space 512K, 0% used [0x00000007bba00000,0x00000007bba00000,0x00000007bba80000)
 ParOldGen       total 130560K, used 59336K [0x0000000740000000, 0x0000000747f80000, 0x0000000795580000)
  object space 130560K, 45% used [0x0000000740000000,0x00000007439f2318,0x0000000747f80000)
 Metaspace       used 19605K, capacity 19779K, committed 19968K, reserved 1067008K
  class space    used 1906K, capacity 1982K, committed 2048K, reserved 1048576K
}
Event: 546.164 GC heap before
{Heap before GC invocations=1476 (full 1):
 PSYoungGen      total 62464K, used 62080K [0x0000000795580000, 0x00000007bbb00000, 0x00000007c0000000)
  eden space 61952K, 100% used [0x0000000795580000,0x0000000799200000,0x0000000799200000)
  from space 512K, 25% used [0x00000007bba80000,0x00000007bbaa0000,0x00000007bbb00000)
  to   space 512K, 0% used [0x00000007bba00000,0x00000007bba00000,0x00000007bba80000)
 ParOldGen       total 130560K, used 59336K [0x0000000740000000, 0x0000000747f80000, 0x0000000795580000)
  object space 130560K, 45% used [0x0000000740000000,0x00000007439f2318,0x0000000747f80000)
 Metaspace       used 19610K, capacity 19779K, committed 19968K, reserved 1067008K
  class space    used 1907K, capacity 1982K, committed 2048K, reserved 1048576K
Event: 546.166 GC heap after
Heap after GC invocations=1476 (full 1):
 PSYoungGen      total 60928K, used 128K [0x0000000795580000, 0x00000007bbb00000, 0x00000007c0000000)
  eden space 60416K, 0% used [0x0000000795580000,0x0000000795580000,0x0000000799080000)
  from space 512K, 25% used [0x00000007bba00000,0x00000007bba20000,0x00000007bba80000)
  to   space 512K, 0% used [0x00000007bba80000,0x00000007bba80000,0x00000007bbb00000)
 ParOldGen       total 130560K, used 59344K [0x0000000740000000, 0x0000000747f80000, 0x0000000795580000)
  object space 130560K, 45% used [0x0000000740000000,0x00000007439f4318,0x0000000747f80000)
 Metaspace       used 19610K, capacity 19779K, committed 19968K, reserved 1067008K
  class space    used 1907K, capacity 1982K, committed 2048K, reserved 1048576K
}

