# JRE version: Java(TM) SE Runtime Environment (8.0_91-b14) (build 1.8.0_91-b14)
# Java VM: Java HotSpot(TM) 64-Bit Server VM (25.91-b14 mixed mode bsd-amd64 compressed oops)
Heap:
 PSYoungGen      total 365056K, used 50685K [0x0000000795580000, 0x00000007b1300000, 0x00000007c0000000)
  eden space 364544K, 13% used [0x0000000795580000,0x00000007986df7b0,0x00000007ab980000)
  from space 512K, 25% used [0x00000007b1280000,0x00000007b12a0000,0x00000007b1300000)
  to   space 30208K, 0% used [0x00000007ad800000,0x00000007ad800000,0x00000007af580000)
 ParOldGen       total 119296K, used 52836K [0x0000000740000000, 0x0000000747480000, 0x0000000795580000)
  object space 119296K, 44% used [0x0000000740000000,0x00000007433991f0,0x0000000747480000)
 Metaspace       used 19151K, capacity 19395K, committed 19712K, reserved 1067008K
  class space    used 1901K, capacity 1982K, committed 2048K, reserved 1048576K
GC Heap History (10 events):
Event: 6.170 GC heap before
{Heap before GC invocations=7 (full 0):
 PSYoungGen      total 162304K, used 144755K [0x0000000795580000, 0x00000007a1280000, 0x00000007c0000000)
  eden space 133120K, 100% used [0x0000000795580000,0x000000079d780000,0x000000079d780000)
  from space 29184K, 39% used [0x000000079f600000,0x00000007a015cde0,0x00000007a1280000)
  to   space 30208K, 0% used [0x000000079d780000,0x000000079d780000,0x000000079f500000)
 ParOldGen       total 87552K, used 55137K [0x0000000740000000, 0x0000000745580000, 0x0000000795580000)
  object space 87552K, 62% used [0x0000000740000000,0x00000007435d8440,0x0000000745580000)
 Metaspace       used 18805K, capacity 18963K, committed 19200K, reserved 1067008K
  class space    used 1873K, capacity 1948K, committed 2048K, reserved 1048576K
Event: 6.184 GC heap after
Heap after GC invocations=7 (full 0):
 PSYoungGen      total 163328K, used 8819K [0x0000000795580000, 0x00000007a9380000, 0x00000007c0000000)
  eden space 133120K, 0% used [0x0000000795580000,0x0000000795580000,0x000000079d780000)
  from space 30208K, 29% used [0x000000079d780000,0x000000079e01cdb0,0x000000079f500000)
  to   space 29696K, 0% used [0x00000007a7680000,0x00000007a7680000,0x00000007a9380000)
 ParOldGen       total 87552K, used 57841K [0x0000000740000000, 0x0000000745580000, 0x0000000795580000)
  object space 87552K, 66% used [0x0000000740000000,0x000000074387c4c8,0x0000000745580000)
 Metaspace       used 18805K, capacity 18963K, committed 19200K, reserved 1067008K
  class space    used 1873K, capacity 1948K, committed 2048K, reserved 1048576K
}
Event: 7.450 GC heap before
{Heap before GC invocations=8 (full 0):
 PSYoungGen      total 163328K, used 141939K [0x0000000795580000, 0x00000007a9380000, 0x00000007c0000000)
  eden space 133120K, 100% used [0x0000000795580000,0x000000079d780000,0x000000079d780000)
  from space 30208K, 29% used [0x000000079d780000,0x000000079e01cdb0,0x000000079f500000)
  to   space 29696K, 0% used [0x00000007a7680000,0x00000007a7680000,0x00000007a9380000)
 ParOldGen       total 87552K, used 57841K [0x0000000740000000, 0x0000000745580000, 0x0000000795580000)
  object space 87552K, 66% used [0x0000000740000000,0x000000074387c4c8,0x0000000745580000)
 Metaspace       used 18866K, capacity 19037K, committed 19200K, reserved 1067008K
  class space    used 1874K, capacity 1949K, committed 2048K, reserved 1048576K
Event: 7.460 GC heap after
Heap after GC invocations=8 (full 0):
 PSYoungGen      total 293888K, used 8547K [0x0000000795580000, 0x00000007a9180000, 0x00000007c0000000)
  eden space 266240K, 0% used [0x0000000795580000,0x0000000795580000,0x00000007a5980000)
  from space 27648K, 30% used [0x00000007a7680000,0x00000007a7ed8dc0,0x00000007a9180000)
  to   space 28672K, 0% used [0x00000007a5980000,0x00000007a5980000,0x00000007a7580000)
 ParOldGen       total 87552K, used 58121K [0x0000000740000000, 0x0000000745580000, 0x0000000795580000)
  object space 87552K, 66% used [0x0000000740000000,0x00000007438c24c8,0x0000000745580000)
 Metaspace       used 18866K, capacity 19037K, committed 19200K, reserved 1067008K
  class space    used 1874K, capacity 1949K, committed 2048K, reserved 1048576K
}
Event: 9.532 GC heap before
{Heap before GC invocations=9 (full 0):
 PSYoungGen      total 293888K, used 274787K [0x0000000795580000, 0x00000007a9180000, 0x00000007c0000000)
  eden space 266240K, 100% used [0x0000000795580000,0x00000007a5980000,0x00000007a5980000)
  from space 27648K, 30% used [0x00000007a7680000,0x00000007a7ed8dc0,0x00000007a9180000)
  to   space 28672K, 0% used [0x00000007a5980000,0x00000007a5980000,0x00000007a7580000)
 ParOldGen       total 87552K, used 58121K [0x0000000740000000, 0x0000000745580000, 0x0000000795580000)
  object space 87552K, 66% used [0x0000000740000000,0x00000007438c24c8,0x0000000745580000)
 Metaspace       used 19101K, capacity 19325K, committed 19456K, reserved 1067008K
  class space    used 1892K, capacity 1981K, committed 2048K, reserved 1048576K
Event: 9.537 GC heap after
Heap after GC invocations=9 (full 0):
 PSYoungGen      total 294912K, used 544K [0x0000000795580000, 0x00000007b2f80000, 0x00000007c0000000)
  eden space 266240K, 0% used [0x0000000795580000,0x0000000795580000,0x00000007a5980000)
  from space 28672K, 1% used [0x00000007a5980000,0x00000007a5a08010,0x00000007a7580000)
  to   space 29696K, 0% used [0x00000007b1280000,0x00000007b1280000,0x00000007b2f80000)
 ParOldGen       total 87552K, used 66340K [0x0000000740000000, 0x0000000745580000, 0x0000000795580000)
  object space 87552K, 75% used [0x0000000740000000,0x00000007440c9308,0x0000000745580000)
 Metaspace       used 19101K, capacity 19325K, committed 19456K, reserved 1067008K
  class space    used 1892K, capacity 1981K, committed 2048K, reserved 1048576K
}
Event: 9.537 GC heap before
{Heap before GC invocations=10 (full 1):
 PSYoungGen      total 294912K, used 544K [0x0000000795580000, 0x00000007b2f80000, 0x00000007c0000000)
  eden space 266240K, 0% used [0x0000000795580000,0x0000000795580000,0x00000007a5980000)
  from space 28672K, 1% used [0x00000007a5980000,0x00000007a5a08010,0x00000007a7580000)
  to   space 29696K, 0% used [0x00000007b1280000,0x00000007b1280000,0x00000007b2f80000)
 ParOldGen       total 87552K, used 66340K [0x0000000740000000, 0x0000000745580000, 0x0000000795580000)
  object space 87552K, 75% used [0x0000000740000000,0x00000007440c9308,0x0000000745580000)
 Metaspace       used 19101K, capacity 19325K, committed 19456K, reserved 1067008K
  class space    used 1892K, capacity 1981K, committed 2048K, reserved 1048576K
Event: 9.687 GC heap after
Heap after GC invocations=10 (full 1):
 PSYoungGen      total 294912K, used 0K [0x0000000795580000, 0x00000007b2f80000, 0x00000007c0000000)
  eden space 266240K, 0% used [0x0000000795580000,0x0000000795580000,0x00000007a5980000)
  from space 28672K, 0% used [0x00000007a5980000,0x00000007a5980000,0x00000007a7580000)
  to   space 29696K, 0% used [0x00000007b1280000,0x00000007b1280000,0x00000007b2f80000)
 ParOldGen       total 119296K, used 52828K [0x0000000740000000, 0x0000000747480000, 0x0000000795580000)
  object space 119296K, 44% used [0x0000000740000000,0x00000007433971f0,0x0000000747480000)
 Metaspace       used 19101K, capacity 19325K, committed 19456K, reserved 1067008K
  class space    used 1892K, capacity 1981K, committed 2048K, reserved 1048576K
}
Event: 11.517 GC heap before
{Heap before GC invocations=11 (full 1):
 PSYoungGen      total 294912K, used 266240K [0x0000000795580000, 0x00000007b2f80000, 0x00000007c0000000)
  eden space 266240K, 100% used [0x0000000795580000,0x00000007a5980000,0x00000007a5980000)
  from space 28672K, 0% used [0x00000007a5980000,0x00000007a5980000,0x00000007a7580000)
  to   space 29696K, 0% used [0x00000007b1280000,0x00000007b1280000,0x00000007b2f80000)
 ParOldGen       total 119296K, used 52828K [0x0000000740000000, 0x0000000747480000, 0x0000000795580000)
  object space 119296K, 44% used [0x0000000740000000,0x00000007433971f0,0x0000000747480000)
 Metaspace       used 19116K, capacity 19331K, committed 19456K, reserved 1067008K
  class space    used 1894K, capacity 1982K, committed 2048K, reserved 1048576K
Event: 11.518 GC heap after
Heap after GC invocations=11 (full 1):
 PSYoungGen      total 365056K, used 128K [0x0000000795580000, 0x00000007b1300000, 0x00000007c0000000)
  eden space 364544K, 0% used [0x0000000795580000,0x0000000795580000,0x00000007ab980000)
  from space 512K, 25% used [0x00000007b1280000,0x00000007b12a0000,0x00000007b1300000)
  to   space 30208K, 0% used [0x00000007ad800000,0x00000007ad800000,0x00000007af580000)
 ParOldGen       total 119296K, used 52836K [0x0000000740000000, 0x0000000747480000, 0x0000000795580000)
  object space 119296K, 44% used [0x0000000740000000,0x00000007433991f0,0x0000000747480000)
 Metaspace       used 19116K, capacity 19331K, committed 19456K, reserved 1067008K
  class space    used 1894K, capacity 1982K, committed 2048K, reserved 1048576K
}

