# JRE version: Java(TM) SE Runtime Environment (8.0_91-b14) (build 1.8.0_91-b14)
# Java VM: Java HotSpot(TM) 64-Bit Server VM (25.91-b14 mixed mode bsd-amd64 compressed oops)
Heap:
 PSYoungGen      total 109056K, used 11249K [0x0000000795580000, 0x00000007bec00000, 0x00000007c0000000)
  eden space 108544K, 10% used [0x0000000795580000,0x0000000796064678,0x000000079bf80000)
  from space 512K, 18% used [0x00000007beb00000,0x00000007beb18000,0x00000007beb80000)
  to   space 512K, 0% used [0x00000007beb80000,0x00000007beb80000,0x00000007bec00000)
 ParOldGen       total 120832K, used 53347K [0x0000000740000000, 0x0000000747600000, 0x0000000795580000)
  object space 120832K, 44% used [0x0000000740000000,0x0000000743418fa0,0x0000000747600000)
 Metaspace       used 19618K, capacity 19779K, committed 19968K, reserved 1067008K
  class space    used 1898K, capacity 1982K, committed 2048K, reserved 1048576K
GC Heap History (10 events):
Event: 700.368 GC heap before
{Heap before GC invocations=1024 (full 1):
 PSYoungGen      total 129536K, used 129088K [0x0000000795580000, 0x00000007bec00000, 0x00000007c0000000)
  eden space 129024K, 100% used [0x0000000795580000,0x000000079d380000,0x000000079d380000)
  from space 512K, 12% used [0x00000007beb80000,0x00000007beb90000,0x00000007bec00000)
  to   space 512K, 0% used [0x00000007beb00000,0x00000007beb00000,0x00000007beb80000)
 ParOldGen       total 120832K, used 53347K [0x0000000740000000, 0x0000000747600000, 0x0000000795580000)
  object space 120832K, 44% used [0x0000000740000000,0x0000000743418fa0,0x0000000747600000)
 Metaspace       used 19588K, capacity 19779K, committed 19968K, reserved 1067008K
  class space    used 1891K, capacity 1982K, committed 2048K, reserved 1048576K
Event: 700.379 GC heap after
Heap after GC invocations=1024 (full 1):
 PSYoungGen      total 124928K, used 64K [0x0000000795580000, 0x00000007bec00000, 0x00000007c0000000)
  eden space 124416K, 0% used [0x0000000795580000,0x0000000795580000,0x000000079cf00000)
  from space 512K, 12% used [0x00000007beb00000,0x00000007beb10000,0x00000007beb80000)
  to   space 512K, 0% used [0x00000007beb80000,0x00000007beb80000,0x00000007bec00000)
 ParOldGen       total 120832K, used 53347K [0x0000000740000000, 0x0000000747600000, 0x0000000795580000)
  object space 120832K, 44% used [0x0000000740000000,0x0000000743418fa0,0x0000000747600000)
 Metaspace       used 19588K, capacity 19779K, committed 19968K, reserved 1067008K
  class space    used 1891K, capacity 1982K, committed 2048K, reserved 1048576K
}
Event: 701.657 GC heap before
{Heap before GC invocations=1025 (full 1):
 PSYoungGen      total 124928K, used 124480K [0x0000000795580000, 0x00000007bec00000, 0x00000007c0000000)
  eden space 124416K, 100% used [0x0000000795580000,0x000000079cf00000,0x000000079cf00000)
  from space 512K, 12% used [0x00000007beb00000,0x00000007beb10000,0x00000007beb80000)
  to   space 512K, 0% used [0x00000007beb80000,0x00000007beb80000,0x00000007bec00000)
 ParOldGen       total 120832K, used 53347K [0x0000000740000000, 0x0000000747600000, 0x0000000795580000)
  object space 120832K, 44% used [0x0000000740000000,0x0000000743418fa0,0x0000000747600000)
 Metaspace       used 19588K, capacity 19779K, committed 19968K, reserved 1067008K
  class space    used 1891K, capacity 1982K, committed 2048K, reserved 1048576K
Event: 701.658 GC heap after
Heap after GC invocations=1025 (full 1):
 PSYoungGen      total 120832K, used 128K [0x0000000795580000, 0x00000007bec00000, 0x00000007c0000000)
  eden space 120320K, 0% used [0x0000000795580000,0x0000000795580000,0x000000079cb00000)
  from space 512K, 25% used [0x00000007beb80000,0x00000007beba0000,0x00000007bec00000)
  to   space 512K, 0% used [0x00000007beb00000,0x00000007beb00000,0x00000007beb80000)
 ParOldGen       total 120832K, used 53347K [0x0000000740000000, 0x0000000747600000, 0x0000000795580000)
  object space 120832K, 44% used [0x0000000740000000,0x0000000743418fa0,0x0000000747600000)
 Metaspace       used 19588K, capacity 19779K, committed 19968K, reserved 1067008K
  class space    used 1891K, capacity 1982K, committed 2048K, reserved 1048576K
}
Event: 702.720 GC heap before
{Heap before GC invocations=1026 (full 1):
 PSYoungGen      total 120832K, used 120448K [0x0000000795580000, 0x00000007bec00000, 0x00000007c0000000)
  eden space 120320K, 100% used [0x0000000795580000,0x000000079cb00000,0x000000079cb00000)
  from space 512K, 25% used [0x00000007beb80000,0x00000007beba0000,0x00000007bec00000)
  to   space 512K, 0% used [0x00000007beb00000,0x00000007beb00000,0x00000007beb80000)
 ParOldGen       total 120832K, used 53347K [0x0000000740000000, 0x0000000747600000, 0x0000000795580000)
  object space 120832K, 44% used [0x0000000740000000,0x0000000743418fa0,0x0000000747600000)
 Metaspace       used 19588K, capacity 19779K, committed 19968K, reserved 1067008K
  class space    used 1891K, capacity 1982K, committed 2048K, reserved 1048576K
Event: 702.722 GC heap after
Heap after GC invocations=1026 (full 1):
 PSYoungGen      total 116736K, used 64K [0x0000000795580000, 0x00000007bec00000, 0x00000007c0000000)
  eden space 116224K, 0% used [0x0000000795580000,0x0000000795580000,0x000000079c700000)
  from space 512K, 12% used [0x00000007beb00000,0x00000007beb10000,0x00000007beb80000)
  to   space 512K, 0% used [0x00000007beb80000,0x00000007beb80000,0x00000007bec00000)
 ParOldGen       total 120832K, used 53347K [0x0000000740000000, 0x0000000747600000, 0x0000000795580000)
  object space 120832K, 44% used [0x0000000740000000,0x0000000743418fa0,0x0000000747600000)
 Metaspace       used 19588K, capacity 19779K, committed 19968K, reserved 1067008K
  class space    used 1891K, capacity 1982K, committed 2048K, reserved 1048576K
}
Event: 703.696 GC heap before
{Heap before GC invocations=1027 (full 1):
 PSYoungGen      total 116736K, used 116288K [0x0000000795580000, 0x00000007bec00000, 0x00000007c0000000)
  eden space 116224K, 100% used [0x0000000795580000,0x000000079c700000,0x000000079c700000)
  from space 512K, 12% used [0x00000007beb00000,0x00000007beb10000,0x00000007beb80000)
  to   space 512K, 0% used [0x00000007beb80000,0x00000007beb80000,0x00000007bec00000)
 ParOldGen       total 120832K, used 53347K [0x0000000740000000, 0x0000000747600000, 0x0000000795580000)
  object space 120832K, 44% used [0x0000000740000000,0x0000000743418fa0,0x0000000747600000)
 Metaspace       used 19588K, capacity 19779K, committed 19968K, reserved 1067008K
  class space    used 1891K, capacity 1982K, committed 2048K, reserved 1048576K
Event: 703.698 GC heap after
Heap after GC invocations=1027 (full 1):
 PSYoungGen      total 112640K, used 96K [0x0000000795580000, 0x00000007bec00000, 0x00000007c0000000)
  eden space 112128K, 0% used [0x0000000795580000,0x0000000795580000,0x000000079c300000)
  from space 512K, 18% used [0x00000007beb80000,0x00000007beb98000,0x00000007bec00000)
  to   space 512K, 0% used [0x00000007beb00000,0x00000007beb00000,0x00000007beb80000)
 ParOldGen       total 120832K, used 53347K [0x0000000740000000, 0x0000000747600000, 0x0000000795580000)
  object space 120832K, 44% used [0x0000000740000000,0x0000000743418fa0,0x0000000747600000)
 Metaspace       used 19588K, capacity 19779K, committed 19968K, reserved 1067008K
  class space    used 1891K, capacity 1982K, committed 2048K, reserved 1048576K
}
Event: 704.671 GC heap before
{Heap before GC invocations=1028 (full 1):
 PSYoungGen      total 112640K, used 112224K [0x0000000795580000, 0x00000007bec00000, 0x00000007c0000000)
  eden space 112128K, 100% used [0x0000000795580000,0x000000079c300000,0x000000079c300000)
  from space 512K, 18% used [0x00000007beb80000,0x00000007beb98000,0x00000007bec00000)
  to   space 512K, 0% used [0x00000007beb00000,0x00000007beb00000,0x00000007beb80000)
 ParOldGen       total 120832K, used 53347K [0x0000000740000000, 0x0000000747600000, 0x0000000795580000)
  object space 120832K, 44% used [0x0000000740000000,0x0000000743418fa0,0x0000000747600000)
 Metaspace       used 19593K, capacity 19779K, committed 19968K, reserved 1067008K
  class space    used 1893K, capacity 1982K, committed 2048K, reserved 1048576K
Event: 704.673 GC heap after
Heap after GC invocations=1028 (full 1):
 PSYoungGen      total 109056K, used 96K [0x0000000795580000, 0x00000007bec00000, 0x00000007c0000000)
  eden space 108544K, 0% used [0x0000000795580000,0x0000000795580000,0x000000079bf80000)
  from space 512K, 18% used [0x00000007beb00000,0x00000007beb18000,0x00000007beb80000)
  to   space 512K, 0% used [0x00000007beb80000,0x00000007beb80000,0x00000007bec00000)
 ParOldGen       total 120832K, used 53347K [0x0000000740000000, 0x0000000747600000, 0x0000000795580000)
  object space 120832K, 44% used [0x0000000740000000,0x0000000743418fa0,0x0000000747600000)
 Metaspace       used 19593K, capacity 19779K, committed 19968K, reserved 1067008K
  class space    used 1893K, capacity 1982K, committed 2048K, reserved 1048576K
}

