# JRE version: Java(TM) SE Runtime Environment (8.0_91-b14) (build 1.8.0_91-b14)
# Java VM: Java HotSpot(TM) 64-Bit Server VM (25.91-b14 mixed mode bsd-amd64 compressed oops)
Heap:
 PSYoungGen      total 188928K, used 129819K [0x0000000795580000, 0x00000007a3600000, 0x00000007c0000000)
  eden space 164352K, 75% used [0x0000000795580000,0x000000079cdf6af8,0x000000079f600000)
  from space 24576K, 26% used [0x00000007a1e00000,0x00000007a2450180,0x00000007a3600000)
  to   space 32768K, 0% used [0x000000079f600000,0x000000079f600000,0x00000007a1600000)
 ParOldGen       total 125952K, used 53367K [0x0000000740000000, 0x0000000747b00000, 0x0000000795580000)
  object space 125952K, 42% used [0x0000000740000000,0x000000074341dec8,0x0000000747b00000)
 Metaspace       used 18947K, capacity 19141K, committed 19456K, reserved 1067008K
  class space    used 1896K, capacity 1981K, committed 2048K, reserved 1048576K
GC Heap History (10 events):
Event: 4.228 GC heap before
{Heap before GC invocations=5 (full 0):
 PSYoungGen      total 71680K, used 71677K [0x0000000795580000, 0x000000079a080000, 0x00000007c0000000)
  eden space 66560K, 100% used [0x0000000795580000,0x0000000799680000,0x0000000799680000)
  from space 5120K, 99% used [0x0000000799b80000,0x000000079a07f428,0x000000079a080000)
  to   space 5120K, 0% used [0x0000000799680000,0x0000000799680000,0x0000000799b80000)
 ParOldGen       total 87552K, used 38118K [0x0000000740000000, 0x0000000745580000, 0x0000000795580000)
  object space 87552K, 43% used [0x0000000740000000,0x0000000742539a70,0x0000000745580000)
 Metaspace       used 18629K, capacity 18779K, committed 18944K, reserved 1067008K
  class space    used 1883K, capacity 1948K, committed 2048K, reserved 1048576K
Event: 4.260 GC heap after
Heap after GC invocations=5 (full 0):
 PSYoungGen      total 71680K, used 5091K [0x0000000795580000, 0x00000007a1a80000, 0x00000007c0000000)
  eden space 66560K, 0% used [0x0000000795580000,0x0000000795580000,0x0000000799680000)
  from space 5120K, 99% used [0x0000000799680000,0x0000000799b78c90,0x0000000799b80000)
  to   space 34304K, 0% used [0x000000079f900000,0x000000079f900000,0x00000007a1a80000)
 ParOldGen       total 87552K, used 60781K [0x0000000740000000, 0x0000000745580000, 0x0000000795580000)
  object space 87552K, 69% used [0x0000000740000000,0x0000000743b5b470,0x0000000745580000)
 Metaspace       used 18629K, capacity 18779K, committed 18944K, reserved 1067008K
  class space    used 1883K, capacity 1948K, committed 2048K, reserved 1048576K
}
Event: 4.260 GC heap before
{Heap before GC invocations=6 (full 1):
 PSYoungGen      total 71680K, used 5091K [0x0000000795580000, 0x00000007a1a80000, 0x00000007c0000000)
  eden space 66560K, 0% used [0x0000000795580000,0x0000000795580000,0x0000000799680000)
  from space 5120K, 99% used [0x0000000799680000,0x0000000799b78c90,0x0000000799b80000)
  to   space 34304K, 0% used [0x000000079f900000,0x000000079f900000,0x00000007a1a80000)
 ParOldGen       total 87552K, used 60781K [0x0000000740000000, 0x0000000745580000, 0x0000000795580000)
  object space 87552K, 69% used [0x0000000740000000,0x0000000743b5b470,0x0000000745580000)
 Metaspace       used 18629K, capacity 18779K, committed 18944K, reserved 1067008K
  class space    used 1883K, capacity 1948K, committed 2048K, reserved 1048576K
Event: 4.430 GC heap after
Heap after GC invocations=6 (full 1):
 PSYoungGen      total 71680K, used 0K [0x0000000795580000, 0x00000007a1a80000, 0x00000007c0000000)
  eden space 66560K, 0% used [0x0000000795580000,0x0000000795580000,0x0000000799680000)
  from space 5120K, 0% used [0x0000000799680000,0x0000000799680000,0x0000000799b80000)
  to   space 34304K, 0% used [0x000000079f900000,0x000000079f900000,0x00000007a1a80000)
 ParOldGen       total 125952K, used 53351K [0x0000000740000000, 0x0000000747b00000, 0x0000000795580000)
  object space 125952K, 42% used [0x0000000740000000,0x0000000743419ec8,0x0000000747b00000)
 Metaspace       used 18629K, capacity 18779K, committed 18944K, reserved 1067008K
  class space    used 1883K, capacity 1948K, committed 2048K, reserved 1048576K
}
Event: 5.128 GC heap before
{Heap before GC invocations=7 (full 1):
 PSYoungGen      total 71680K, used 66560K [0x0000000795580000, 0x00000007a1a80000, 0x00000007c0000000)
  eden space 66560K, 100% used [0x0000000795580000,0x0000000799680000,0x0000000799680000)
  from space 5120K, 0% used [0x0000000799680000,0x0000000799680000,0x0000000799b80000)
  to   space 34304K, 0% used [0x000000079f900000,0x000000079f900000,0x00000007a1a80000)
 ParOldGen       total 125952K, used 53351K [0x0000000740000000, 0x0000000747b00000, 0x0000000795580000)
  object space 125952K, 42% used [0x0000000740000000,0x0000000743419ec8,0x0000000747b00000)
 Metaspace       used 18707K, capacity 18907K, committed 19200K, reserved 1067008K
  class space    used 1883K, capacity 1948K, committed 2048K, reserved 1048576K
Event: 5.132 GC heap after
Heap after GC invocations=7 (full 1):
 PSYoungGen      total 119296K, used 6496K [0x0000000795580000, 0x00000007a0300000, 0x00000007c0000000)
  eden space 109056K, 0% used [0x0000000795580000,0x0000000795580000,0x000000079c000000)
  from space 10240K, 63% used [0x000000079f900000,0x000000079ff58180,0x00000007a0300000)
  to   space 34304K, 0% used [0x000000079c000000,0x000000079c000000,0x000000079e180000)
 ParOldGen       total 125952K, used 53359K [0x0000000740000000, 0x0000000747b00000, 0x0000000795580000)
  object space 125952K, 42% used [0x0000000740000000,0x000000074341bec8,0x0000000747b00000)
 Metaspace       used 18707K, capacity 18907K, committed 19200K, reserved 1067008K
  class space    used 1883K, capacity 1948K, committed 2048K, reserved 1048576K
}
Event: 6.130 GC heap before
{Heap before GC invocations=8 (full 1):
 PSYoungGen      total 119296K, used 115552K [0x0000000795580000, 0x00000007a0300000, 0x00000007c0000000)
  eden space 109056K, 100% used [0x0000000795580000,0x000000079c000000,0x000000079c000000)
  from space 10240K, 63% used [0x000000079f900000,0x000000079ff58180,0x00000007a0300000)
  to   space 34304K, 0% used [0x000000079c000000,0x000000079c000000,0x000000079e180000)
 ParOldGen       total 125952K, used 53359K [0x0000000740000000, 0x0000000747b00000, 0x0000000795580000)
  object space 125952K, 42% used [0x0000000740000000,0x000000074341bec8,0x0000000747b00000)
 Metaspace       used 18782K, capacity 18971K, committed 19200K, reserved 1067008K
  class space    used 1883K, capacity 1948K, committed 2048K, reserved 1048576K
Event: 6.134 GC heap after
Heap after GC invocations=8 (full 1):
 PSYoungGen      total 143360K, used 6496K [0x0000000795580000, 0x00000007a3f00000, 0x00000007c0000000)
  eden space 109056K, 0% used [0x0000000795580000,0x0000000795580000,0x000000079c000000)
  from space 34304K, 18% used [0x000000079c000000,0x000000079c658180,0x000000079e180000)
  to   space 33792K, 0% used [0x00000007a1e00000,0x00000007a1e00000,0x00000007a3f00000)
 ParOldGen       total 125952K, used 53367K [0x0000000740000000, 0x0000000747b00000, 0x0000000795580000)
  object space 125952K, 42% used [0x0000000740000000,0x000000074341dec8,0x0000000747b00000)
 Metaspace       used 18782K, capacity 18971K, committed 19200K, reserved 1067008K
  class space    used 1883K, capacity 1948K, committed 2048K, reserved 1048576K
}
Event: 7.206 GC heap before
{Heap before GC invocations=9 (full 1):
 PSYoungGen      total 143360K, used 115552K [0x0000000795580000, 0x00000007a3f00000, 0x00000007c0000000)
  eden space 109056K, 100% used [0x0000000795580000,0x000000079c000000,0x000000079c000000)
  from space 34304K, 18% used [0x000000079c000000,0x000000079c658180,0x000000079e180000)
  to   space 33792K, 0% used [0x00000007a1e00000,0x00000007a1e00000,0x00000007a3f00000)
 ParOldGen       total 125952K, used 53367K [0x0000000740000000, 0x0000000747b00000, 0x0000000795580000)
  object space 125952K, 42% used [0x0000000740000000,0x000000074341dec8,0x0000000747b00000)
 Metaspace       used 18832K, capacity 19041K, committed 19200K, reserved 1067008K
  class space    used 1883K, capacity 1949K, committed 2048K, reserved 1048576K
Event: 7.209 GC heap after
Heap after GC invocations=9 (full 1):
 PSYoungGen      total 188928K, used 6464K [0x0000000795580000, 0x00000007a3600000, 0x00000007c0000000)
  eden space 164352K, 0% used [0x0000000795580000,0x0000000795580000,0x000000079f600000)
  from space 24576K, 26% used [0x00000007a1e00000,0x00000007a2450180,0x00000007a3600000)
  to   space 32768K, 0% used [0x000000079f600000,0x000000079f600000,0x00000007a1600000)
 ParOldGen       total 125952K, used 53367K [0x0000000740000000, 0x0000000747b00000, 0x0000000795580000)
  object space 125952K, 42% used [0x0000000740000000,0x000000074341dec8,0x0000000747b00000)
 Metaspace       used 18832K, capacity 19041K, committed 19200K, reserved 1067008K
  class space    used 1883K, capacity 1949K, committed 2048K, reserved 1048576K
}

