# JRE version: Java(TM) SE Runtime Environment (8.0_91-b14) (build 1.8.0_91-b14)
# Java VM: Java HotSpot(TM) 64-Bit Server VM (25.91-b14 mixed mode bsd-amd64 compressed oops)
Heap:
 PSYoungGen      total 46080K, used 4051K [0x0000000795580000, 0x0000000799280000, 0x00000007c0000000)
  eden space 31744K, 12% used [0x0000000795580000,0x0000000795944e98,0x0000000797480000)
  from space 14336K, 1% used [0x0000000798480000,0x00000007984b0000,0x0000000799280000)
  to   space 15360K, 0% used [0x0000000797480000,0x0000000797480000,0x0000000798380000)
 ParOldGen       total 76800K, used 16497K [0x0000000740000000, 0x0000000744b00000, 0x0000000795580000)
  object space 76800K, 21% used [0x0000000740000000,0x000000074101c6d0,0x0000000744b00000)
 Metaspace       used 21239K, capacity 21407K, committed 21808K, reserved 1069056K
  class space    used 2044K, capacity 2112K, committed 2176K, reserved 1048576K
GC Heap History (10 events):
Event: 8.011 GC heap before
{Heap before GC invocations=5 (full 1):
 PSYoungGen      total 38400K, used 5101K [0x0000000795580000, 0x0000000798000000, 0x00000007c0000000)
  eden space 33280K, 0% used [0x0000000795580000,0x0000000795580000,0x0000000797600000)
  from space 5120K, 99% used [0x0000000797b00000,0x0000000797ffb430,0x0000000798000000)
  to   space 5120K, 0% used [0x0000000797600000,0x0000000797600000,0x0000000797b00000)
 ParOldGen       total 87552K, used 13307K [0x0000000740000000, 0x0000000745580000, 0x0000000795580000)
  object space 87552K, 15% used [0x0000000740000000,0x0000000740cfeef0,0x0000000745580000)
 Metaspace       used 20879K, capacity 21087K, committed 21296K, reserved 1069056K
  class space    used 2036K, capacity 2112K, committed 2176K, reserved 1048576K
Event: 8.062 GC heap after
Heap after GC invocations=5 (full 1):
 PSYoungGen      total 38400K, used 0K [0x0000000795580000, 0x0000000798000000, 0x00000007c0000000)
  eden space 33280K, 0% used [0x0000000795580000,0x0000000795580000,0x0000000797600000)
  from space 5120K, 0% used [0x0000000797b00000,0x0000000797b00000,0x0000000798000000)
  to   space 5120K, 0% used [0x0000000797600000,0x0000000797600000,0x0000000797b00000)
 ParOldGen       total 76800K, used 16465K [0x0000000740000000, 0x0000000744b00000, 0x0000000795580000)
  object space 76800K, 21% used [0x0000000740000000,0x00000007410146d0,0x0000000744b00000)
 Metaspace       used 20879K, capacity 21087K, committed 21296K, reserved 1069056K
  class space    used 2036K, capacity 2112K, committed 2176K, reserved 1048576K
}
Event: 11.623 GC heap before
{Heap before GC invocations=6 (full 1):
 PSYoungGen      total 38400K, used 33280K [0x0000000795580000, 0x0000000798000000, 0x00000007c0000000)
  eden space 33280K, 100% used [0x0000000795580000,0x0000000797600000,0x0000000797600000)
  from space 5120K, 0% used [0x0000000797b00000,0x0000000797b00000,0x0000000798000000)
  to   space 5120K, 0% used [0x0000000797600000,0x0000000797600000,0x0000000797b00000)
 ParOldGen       total 76800K, used 16465K [0x0000000740000000, 0x0000000744b00000, 0x0000000795580000)
  object space 76800K, 21% used [0x0000000740000000,0x00000007410146d0,0x0000000744b00000)
 Metaspace       used 21080K, capacity 21279K, committed 21552K, reserved 1069056K
  class space    used 2036K, capacity 2112K, committed 2176K, reserved 1048576K
Event: 11.624 GC heap after
Heap after GC invocations=6 (full 1):
 PSYoungGen      total 38400K, used 160K [0x0000000795580000, 0x000000079a300000, 0x00000007c0000000)
  eden space 33280K, 0% used [0x0000000795580000,0x0000000795580000,0x0000000797600000)
  from space 5120K, 3% used [0x0000000797600000,0x0000000797628000,0x0000000797b00000)
  to   space 15872K, 0% used [0x0000000799380000,0x0000000799380000,0x000000079a300000)
 ParOldGen       total 76800K, used 16473K [0x0000000740000000, 0x0000000744b00000, 0x0000000795580000)
  object space 76800K, 21% used [0x0000000740000000,0x00000007410166d0,0x0000000744b00000)
 Metaspace       used 21080K, capacity 21279K, committed 21552K, reserved 1069056K
  class space    used 2036K, capacity 2112K, committed 2176K, reserved 1048576K
}
Event: 15.503 GC heap before
{Heap before GC invocations=7 (full 1):
 PSYoungGen      total 38400K, used 33440K [0x0000000795580000, 0x000000079a300000, 0x00000007c0000000)
  eden space 33280K, 100% used [0x0000000795580000,0x0000000797600000,0x0000000797600000)
  from space 5120K, 3% used [0x0000000797600000,0x0000000797628000,0x0000000797b00000)
  to   space 15872K, 0% used [0x0000000799380000,0x0000000799380000,0x000000079a300000)
 ParOldGen       total 76800K, used 16473K [0x0000000740000000, 0x0000000744b00000, 0x0000000795580000)
  object space 76800K, 21% used [0x0000000740000000,0x00000007410166d0,0x0000000744b00000)
 Metaspace       used 21188K, capacity 21407K, committed 21808K, reserved 1069056K
  class space    used 2036K, capacity 2112K, committed 2176K, reserved 1048576K
Event: 15.505 GC heap after
Heap after GC invocations=7 (full 1):
 PSYoungGen      total 33792K, used 128K [0x0000000795580000, 0x0000000799480000, 0x00000007c0000000)
  eden space 32768K, 0% used [0x0000000795580000,0x0000000795580000,0x0000000797580000)
  from space 1024K, 12% used [0x0000000799380000,0x00000007993a0000,0x0000000799480000)
  to   space 15872K, 0% used [0x0000000797580000,0x0000000797580000,0x0000000798500000)
 ParOldGen       total 76800K, used 16481K [0x0000000740000000, 0x0000000744b00000, 0x0000000795580000)
  object space 76800K, 21% used [0x0000000740000000,0x00000007410186d0,0x0000000744b00000)
 Metaspace       used 21188K, capacity 21407K, committed 21808K, reserved 1069056K
  class space    used 2036K, capacity 2112K, committed 2176K, reserved 1048576K
}
Event: 19.258 GC heap before
{Heap before GC invocations=8 (full 1):
 PSYoungGen      total 33792K, used 32896K [0x0000000795580000, 0x0000000799480000, 0x00000007c0000000)
  eden space 32768K, 100% used [0x0000000795580000,0x0000000797580000,0x0000000797580000)
  from space 1024K, 12% used [0x0000000799380000,0x00000007993a0000,0x0000000799480000)
  to   space 15872K, 0% used [0x0000000797580000,0x0000000797580000,0x0000000798500000)
 ParOldGen       total 76800K, used 16481K [0x0000000740000000, 0x0000000744b00000, 0x0000000795580000)
  object space 76800K, 21% used [0x0000000740000000,0x00000007410186d0,0x0000000744b00000)
 Metaspace       used 21203K, capacity 21407K, committed 21808K, reserved 1069056K
  class space    used 2036K, capacity 2112K, committed 2176K, reserved 1048576K
Event: 19.259 GC heap after
Heap after GC invocations=8 (full 1):
 PSYoungGen      total 32768K, used 160K [0x0000000795580000, 0x0000000799400000, 0x00000007c0000000)
  eden space 32256K, 0% used [0x0000000795580000,0x0000000795580000,0x0000000797500000)
  from space 512K, 31% used [0x0000000797580000,0x00000007975a8000,0x0000000797600000)
  to   space 15872K, 0% used [0x0000000798480000,0x0000000798480000,0x0000000799400000)
 ParOldGen       total 76800K, used 16489K [0x0000000740000000, 0x0000000744b00000, 0x0000000795580000)
  object space 76800K, 21% used [0x0000000740000000,0x000000074101a6d0,0x0000000744b00000)
 Metaspace       used 21203K, capacity 21407K, committed 21808K, reserved 1069056K
  class space    used 2036K, capacity 2112K, committed 2176K, reserved 1048576K
}
Event: 22.961 GC heap before
{Heap before GC invocations=9 (full 1):
 PSYoungGen      total 32768K, used 32416K [0x0000000795580000, 0x0000000799400000, 0x00000007c0000000)
  eden space 32256K, 100% used [0x0000000795580000,0x0000000797500000,0x0000000797500000)
  from space 512K, 31% used [0x0000000797580000,0x00000007975a8000,0x0000000797600000)
  to   space 15872K, 0% used [0x0000000798480000,0x0000000798480000,0x0000000799400000)
 ParOldGen       total 76800K, used 16489K [0x0000000740000000, 0x0000000744b00000, 0x0000000795580000)
  object space 76800K, 21% used [0x0000000740000000,0x000000074101a6d0,0x0000000744b00000)
 Metaspace       used 21204K, capacity 21407K, committed 21808K, reserved 1069056K
  class space    used 2036K, capacity 2112K, committed 2176K, reserved 1048576K
Event: 22.962 GC heap after
Heap after GC invocations=9 (full 1):
 PSYoungGen      total 46080K, used 192K [0x0000000795580000, 0x0000000799280000, 0x00000007c0000000)
  eden space 31744K, 0% used [0x0000000795580000,0x0000000795580000,0x0000000797480000)
  from space 14336K, 1% used [0x0000000798480000,0x00000007984b0000,0x0000000799280000)
  to   space 15360K, 0% used [0x0000000797480000,0x0000000797480000,0x0000000798380000)
 ParOldGen       total 76800K, used 16497K [0x0000000740000000, 0x0000000744b00000, 0x0000000795580000)
  object space 76800K, 21% used [0x0000000740000000,0x000000074101c6d0,0x0000000744b00000)
 Metaspace       used 21204K, capacity 21407K, committed 21808K, reserved 1069056K
  class space    used 2036K, capacity 2112K, committed 2176K, reserved 1048576K
}

