# JRE version: Java(TM) SE Runtime Environment (8.0_91-b14) (build 1.8.0_91-b14)
# Java VM: Java HotSpot(TM) 64-Bit Server VM (25.91-b14 mixed mode bsd-amd64 compressed oops)
Heap:
 PSYoungGen      total 46080K, used 11718K [0x0000000795580000, 0x000000079a380000, 0x00000007c0000000)
  eden space 33280K, 34% used [0x0000000795580000,0x00000007960d9960,0x0000000797600000)
  from space 12800K, 0% used [0x0000000797600000,0x0000000797618000,0x0000000798280000)
  to   space 13312K, 0% used [0x0000000799680000,0x0000000799680000,0x000000079a380000)
 ParOldGen       total 69632K, used 17237K [0x0000000740000000, 0x0000000744400000, 0x0000000795580000)
  object space 69632K, 24% used [0x0000000740000000,0x00000007410d5420,0x0000000744400000)
 Metaspace       used 21210K, capacity 21399K, committed 21552K, reserved 1069056K
  class space    used 2047K, capacity 2112K, committed 2176K, reserved 1048576K
GC Heap History (10 events):
Event: 8.579 GC heap before
{Heap before GC invocations=4 (full 0):
 PSYoungGen      total 38400K, used 38381K [0x0000000795580000, 0x0000000798000000, 0x00000007c0000000)
  eden space 33280K, 100% used [0x0000000795580000,0x0000000797600000,0x0000000797600000)
  from space 5120K, 99% used [0x0000000797600000,0x0000000797afb4e0,0x0000000797b00000)
  to   space 5120K, 0% used [0x0000000797b00000,0x0000000797b00000,0x0000000798000000)
 ParOldGen       total 87552K, used 12495K [0x0000000740000000, 0x0000000745580000, 0x0000000795580000)
  object space 87552K, 14% used [0x0000000740000000,0x0000000740c33d68,0x0000000745580000)
 Metaspace       used 20924K, capacity 21143K, committed 21296K, reserved 1069056K
  class space    used 2039K, capacity 2112K, committed 2176K, reserved 1048576K
Event: 8.586 GC heap after
Heap after GC invocations=4 (full 0):
 PSYoungGen      total 38400K, used 5085K [0x0000000795580000, 0x0000000798000000, 0x00000007c0000000)
  eden space 33280K, 0% used [0x0000000795580000,0x0000000795580000,0x0000000797600000)
  from space 5120K, 99% used [0x0000000797b00000,0x0000000797ff7510,0x0000000798000000)
  to   space 5120K, 0% used [0x0000000797600000,0x0000000797600000,0x0000000797b00000)
 ParOldGen       total 87552K, used 12503K [0x0000000740000000, 0x0000000745580000, 0x0000000795580000)
  object space 87552K, 14% used [0x0000000740000000,0x0000000740c35d68,0x0000000745580000)
 Metaspace       used 20924K, capacity 21143K, committed 21296K, reserved 1069056K
  class space    used 2039K, capacity 2112K, committed 2176K, reserved 1048576K
}
Event: 12.447 GC heap before
{Heap before GC invocations=5 (full 0):
 PSYoungGen      total 38400K, used 38365K [0x0000000795580000, 0x0000000798000000, 0x00000007c0000000)
  eden space 33280K, 100% used [0x0000000795580000,0x0000000797600000,0x0000000797600000)
  from space 5120K, 99% used [0x0000000797b00000,0x0000000797ff7510,0x0000000798000000)
  to   space 5120K, 0% used [0x0000000797600000,0x0000000797600000,0x0000000797b00000)
 ParOldGen       total 87552K, used 12503K [0x0000000740000000, 0x0000000745580000, 0x0000000795580000)
  object space 87552K, 14% used [0x0000000740000000,0x0000000740c35d68,0x0000000745580000)
 Metaspace       used 20982K, capacity 21143K, committed 21296K, reserved 1069056K
  class space    used 2039K, capacity 2112K, committed 2176K, reserved 1048576K
Event: 12.454 GC heap after
Heap after GC invocations=5 (full 0):
 PSYoungGen      total 37888K, used 5085K [0x0000000795580000, 0x0000000798f80000, 0x00000007c0000000)
  eden space 32768K, 0% used [0x0000000795580000,0x0000000795580000,0x0000000797580000)
  from space 5120K, 99% used [0x0000000797600000,0x0000000797af7510,0x0000000797b00000)
  to   space 13312K, 0% used [0x0000000798280000,0x0000000798280000,0x0000000798f80000)
 ParOldGen       total 87552K, used 12503K [0x0000000740000000, 0x0000000745580000, 0x0000000795580000)
  object space 87552K, 14% used [0x0000000740000000,0x0000000740c35d68,0x0000000745580000)
 Metaspace       used 20982K, capacity 21143K, committed 21296K, reserved 1069056K
  class space    used 2039K, capacity 2112K, committed 2176K, reserved 1048576K
}
Event: 12.645 GC heap before
{Heap before GC invocations=6 (full 0):
 PSYoungGen      total 37888K, used 7413K [0x0000000795580000, 0x0000000798f80000, 0x00000007c0000000)
  eden space 32768K, 7% used [0x0000000795580000,0x00000007957c5fc0,0x0000000797580000)
  from space 5120K, 99% used [0x0000000797600000,0x0000000797af7510,0x0000000797b00000)
  to   space 13312K, 0% used [0x0000000798280000,0x0000000798280000,0x0000000798f80000)
 ParOldGen       total 87552K, used 12503K [0x0000000740000000, 0x0000000745580000, 0x0000000795580000)
  object space 87552K, 14% used [0x0000000740000000,0x0000000740c35d68,0x0000000745580000)
 Metaspace       used 20987K, capacity 21143K, committed 21296K, reserved 1069056K
  class space    used 2039K, capacity 2112K, committed 2176K, reserved 1048576K
Event: 12.653 GC heap after
Heap after GC invocations=6 (full 0):
 PSYoungGen      total 46592K, used 5053K [0x0000000795580000, 0x000000079ae80000, 0x00000007c0000000)
  eden space 33280K, 0% used [0x0000000795580000,0x0000000795580000,0x0000000797600000)
  from space 13312K, 37% used [0x0000000798280000,0x000000079876f510,0x0000000798f80000)
  to   space 12800K, 0% used [0x0000000797600000,0x0000000797600000,0x0000000798280000)
 ParOldGen       total 87552K, used 12511K [0x0000000740000000, 0x0000000745580000, 0x0000000795580000)
  object space 87552K, 14% used [0x0000000740000000,0x0000000740c37d68,0x0000000745580000)
 Metaspace       used 20987K, capacity 21143K, committed 21296K, reserved 1069056K
  class space    used 2039K, capacity 2112K, committed 2176K, reserved 1048576K
}
Event: 12.653 GC heap before
{Heap before GC invocations=7 (full 1):
 PSYoungGen      total 46592K, used 5053K [0x0000000795580000, 0x000000079ae80000, 0x00000007c0000000)
  eden space 33280K, 0% used [0x0000000795580000,0x0000000795580000,0x0000000797600000)
  from space 13312K, 37% used [0x0000000798280000,0x000000079876f510,0x0000000798f80000)
  to   space 12800K, 0% used [0x0000000797600000,0x0000000797600000,0x0000000798280000)
 ParOldGen       total 87552K, used 12511K [0x0000000740000000, 0x0000000745580000, 0x0000000795580000)
  object space 87552K, 14% used [0x0000000740000000,0x0000000740c37d68,0x0000000745580000)
 Metaspace       used 20987K, capacity 21143K, committed 21296K, reserved 1069056K
  class space    used 2039K, capacity 2112K, committed 2176K, reserved 1048576K
Event: 12.721 GC heap after
Heap after GC invocations=7 (full 1):
 PSYoungGen      total 46592K, used 0K [0x0000000795580000, 0x000000079ae80000, 0x00000007c0000000)
  eden space 33280K, 0% used [0x0000000795580000,0x0000000795580000,0x0000000797600000)
  from space 13312K, 0% used [0x0000000798280000,0x0000000798280000,0x0000000798f80000)
  to   space 12800K, 0% used [0x0000000797600000,0x0000000797600000,0x0000000798280000)
 ParOldGen       total 69632K, used 17229K [0x0000000740000000, 0x0000000744400000, 0x0000000795580000)
  object space 69632K, 24% used [0x0000000740000000,0x00000007410d3420,0x0000000744400000)
 Metaspace       used 20987K, capacity 21143K, committed 21296K, reserved 1069056K
  class space    used 2039K, capacity 2112K, committed 2176K, reserved 1048576K
}
Event: 16.298 GC heap before
{Heap before GC invocations=8 (full 1):
 PSYoungGen      total 46592K, used 33280K [0x0000000795580000, 0x000000079ae80000, 0x00000007c0000000)
  eden space 33280K, 100% used [0x0000000795580000,0x0000000797600000,0x0000000797600000)
  from space 13312K, 0% used [0x0000000798280000,0x0000000798280000,0x0000000798f80000)
  to   space 12800K, 0% used [0x0000000797600000,0x0000000797600000,0x0000000798280000)
 ParOldGen       total 69632K, used 17229K [0x0000000740000000, 0x0000000744400000, 0x0000000795580000)
  object space 69632K, 24% used [0x0000000740000000,0x00000007410d3420,0x0000000744400000)
 Metaspace       used 21167K, capacity 21399K, committed 21552K, reserved 1069056K
  class space    used 2039K, capacity 2112K, committed 2176K, reserved 1048576K
Event: 16.300 GC heap after
Heap after GC invocations=8 (full 1):
 PSYoungGen      total 46080K, used 96K [0x0000000795580000, 0x000000079a380000, 0x00000007c0000000)
  eden space 33280K, 0% used [0x0000000795580000,0x0000000795580000,0x0000000797600000)
  from space 12800K, 0% used [0x0000000797600000,0x0000000797618000,0x0000000798280000)
  to   space 13312K, 0% used [0x0000000799680000,0x0000000799680000,0x000000079a380000)
 ParOldGen       total 69632K, used 17237K [0x0000000740000000, 0x0000000744400000, 0x0000000795580000)
  object space 69632K, 24% used [0x0000000740000000,0x00000007410d5420,0x0000000744400000)
 Metaspace       used 21167K, capacity 21399K, committed 21552K, reserved 1069056K
  class space    used 2039K, capacity 2112K, committed 2176K, reserved 1048576K
}

