# JRE version: Java(TM) SE Runtime Environment (8.0_91-b14) (build 1.8.0_91-b14)
# Java VM: Java HotSpot(TM) 64-Bit Server VM (25.91-b14 mixed mode bsd-amd64 compressed oops)
Heap:
 PSYoungGen      total 29184K, used 19029K [0x0000000795580000, 0x0000000797300000, 0x00000007c0000000)
  eden space 28672K, 66% used [0x0000000795580000,0x00000007967fd448,0x0000000797180000)
  from space 512K, 18% used [0x0000000797280000,0x0000000797298000,0x0000000797300000)
  to   space 512K, 0% used [0x0000000797200000,0x0000000797200000,0x0000000797280000)
 ParOldGen       total 92672K, used 37455K [0x0000000740000000, 0x0000000745a80000, 0x0000000795580000)
  object space 92672K, 40% used [0x0000000740000000,0x0000000742493c28,0x0000000745a80000)
 Metaspace       used 21355K, capacity 21531K, committed 21808K, reserved 1069056K
  class space    used 2045K, capacity 2112K, committed 2176K, reserved 1048576K
GC Heap History (10 events):
Event: 1720.318 GC heap before
{Heap before GC invocations=503 (full 1):
 PSYoungGen      total 29184K, used 28736K [0x0000000795580000, 0x0000000797300000, 0x00000007c0000000)
  eden space 28672K, 100% used [0x0000000795580000,0x0000000797180000,0x0000000797180000)
  from space 512K, 12% used [0x0000000797200000,0x0000000797210000,0x0000000797280000)
  to   space 512K, 0% used [0x0000000797280000,0x0000000797280000,0x0000000797300000)
 ParOldGen       total 92672K, used 37455K [0x0000000740000000, 0x0000000745a80000, 0x0000000795580000)
  object space 92672K, 40% used [0x0000000740000000,0x0000000742493c28,0x0000000745a80000)
 Metaspace       used 21321K, capacity 21531K, committed 21808K, reserved 1069056K
  class space    used 2037K, capacity 2112K, committed 2176K, reserved 1048576K
Event: 1720.319 GC heap after
Heap after GC invocations=503 (full 1):
 PSYoungGen      total 29184K, used 64K [0x0000000795580000, 0x0000000797300000, 0x00000007c0000000)
  eden space 28672K, 0% used [0x0000000795580000,0x0000000795580000,0x0000000797180000)
  from space 512K, 12% used [0x0000000797280000,0x0000000797290000,0x0000000797300000)
  to   space 512K, 0% used [0x0000000797200000,0x0000000797200000,0x0000000797280000)
 ParOldGen       total 92672K, used 37455K [0x0000000740000000, 0x0000000745a80000, 0x0000000795580000)
  object space 92672K, 40% used [0x0000000740000000,0x0000000742493c28,0x0000000745a80000)
 Metaspace       used 21321K, capacity 21531K, committed 21808K, reserved 1069056K
  class space    used 2037K, capacity 2112K, committed 2176K, reserved 1048576K
}
Event: 1723.588 GC heap before
{Heap before GC invocations=504 (full 1):
 PSYoungGen      total 29184K, used 28736K [0x0000000795580000, 0x0000000797300000, 0x00000007c0000000)
  eden space 28672K, 100% used [0x0000000795580000,0x0000000797180000,0x0000000797180000)
  from space 512K, 12% used [0x0000000797280000,0x0000000797290000,0x0000000797300000)
  to   space 512K, 0% used [0x0000000797200000,0x0000000797200000,0x0000000797280000)
 ParOldGen       total 92672K, used 37455K [0x0000000740000000, 0x0000000745a80000, 0x0000000795580000)
  object space 92672K, 40% used [0x0000000740000000,0x0000000742493c28,0x0000000745a80000)
 Metaspace       used 21321K, capacity 21531K, committed 21808K, reserved 1069056K
  class space    used 2037K, capacity 2112K, committed 2176K, reserved 1048576K
Event: 1723.589 GC heap after
Heap after GC invocations=504 (full 1):
 PSYoungGen      total 29184K, used 96K [0x0000000795580000, 0x0000000797300000, 0x00000007c0000000)
  eden space 28672K, 0% used [0x0000000795580000,0x0000000795580000,0x0000000797180000)
  from space 512K, 18% used [0x0000000797200000,0x0000000797218000,0x0000000797280000)
  to   space 512K, 0% used [0x0000000797280000,0x0000000797280000,0x0000000797300000)
 ParOldGen       total 92672K, used 37455K [0x0000000740000000, 0x0000000745a80000, 0x0000000795580000)
  object space 92672K, 40% used [0x0000000740000000,0x0000000742493c28,0x0000000745a80000)
 Metaspace       used 21321K, capacity 21531K, committed 21808K, reserved 1069056K
  class space    used 2037K, capacity 2112K, committed 2176K, reserved 1048576K
}
Event: 1726.857 GC heap before
{Heap before GC invocations=505 (full 1):
 PSYoungGen      total 29184K, used 28768K [0x0000000795580000, 0x0000000797300000, 0x00000007c0000000)
  eden space 28672K, 100% used [0x0000000795580000,0x0000000797180000,0x0000000797180000)
  from space 512K, 18% used [0x0000000797200000,0x0000000797218000,0x0000000797280000)
  to   space 512K, 0% used [0x0000000797280000,0x0000000797280000,0x0000000797300000)
 ParOldGen       total 92672K, used 37455K [0x0000000740000000, 0x0000000745a80000, 0x0000000795580000)
  object space 92672K, 40% used [0x0000000740000000,0x0000000742493c28,0x0000000745a80000)
 Metaspace       used 21321K, capacity 21531K, committed 21808K, reserved 1069056K
  class space    used 2037K, capacity 2112K, committed 2176K, reserved 1048576K
Event: 1726.858 GC heap after
Heap after GC invocations=505 (full 1):
 PSYoungGen      total 29184K, used 96K [0x0000000795580000, 0x0000000797300000, 0x00000007c0000000)
  eden space 28672K, 0% used [0x0000000795580000,0x0000000795580000,0x0000000797180000)
  from space 512K, 18% used [0x0000000797280000,0x0000000797298000,0x0000000797300000)
  to   space 512K, 0% used [0x0000000797200000,0x0000000797200000,0x0000000797280000)
 ParOldGen       total 92672K, used 37455K [0x0000000740000000, 0x0000000745a80000, 0x0000000795580000)
  object space 92672K, 40% used [0x0000000740000000,0x0000000742493c28,0x0000000745a80000)
 Metaspace       used 21321K, capacity 21531K, committed 21808K, reserved 1069056K
  class space    used 2037K, capacity 2112K, committed 2176K, reserved 1048576K
}
Event: 1730.042 GC heap before
{Heap before GC invocations=506 (full 1):
 PSYoungGen      total 29184K, used 28768K [0x0000000795580000, 0x0000000797300000, 0x00000007c0000000)
  eden space 28672K, 100% used [0x0000000795580000,0x0000000797180000,0x0000000797180000)
  from space 512K, 18% used [0x0000000797280000,0x0000000797298000,0x0000000797300000)
  to   space 512K, 0% used [0x0000000797200000,0x0000000797200000,0x0000000797280000)
 ParOldGen       total 92672K, used 37455K [0x0000000740000000, 0x0000000745a80000, 0x0000000795580000)
  object space 92672K, 40% used [0x0000000740000000,0x0000000742493c28,0x0000000745a80000)
 Metaspace       used 21321K, capacity 21531K, committed 21808K, reserved 1069056K
  class space    used 2037K, capacity 2112K, committed 2176K, reserved 1048576K
Event: 1730.044 GC heap after
Heap after GC invocations=506 (full 1):
 PSYoungGen      total 29184K, used 96K [0x0000000795580000, 0x0000000797300000, 0x00000007c0000000)
  eden space 28672K, 0% used [0x0000000795580000,0x0000000795580000,0x0000000797180000)
  from space 512K, 18% used [0x0000000797200000,0x0000000797218000,0x0000000797280000)
  to   space 512K, 0% used [0x0000000797280000,0x0000000797280000,0x0000000797300000)
 ParOldGen       total 92672K, used 37455K [0x0000000740000000, 0x0000000745a80000, 0x0000000795580000)
  object space 92672K, 40% used [0x0000000740000000,0x0000000742493c28,0x0000000745a80000)
 Metaspace       used 21321K, capacity 21531K, committed 21808K, reserved 1069056K
  class space    used 2037K, capacity 2112K, committed 2176K, reserved 1048576K
}
Event: 1732.961 GC heap before
{Heap before GC invocations=507 (full 1):
 PSYoungGen      total 29184K, used 28768K [0x0000000795580000, 0x0000000797300000, 0x00000007c0000000)
  eden space 28672K, 100% used [0x0000000795580000,0x0000000797180000,0x0000000797180000)
  from space 512K, 18% used [0x0000000797200000,0x0000000797218000,0x0000000797280000)
  to   space 512K, 0% used [0x0000000797280000,0x0000000797280000,0x0000000797300000)
 ParOldGen       total 92672K, used 37455K [0x0000000740000000, 0x0000000745a80000, 0x0000000795580000)
  object space 92672K, 40% used [0x0000000740000000,0x0000000742493c28,0x0000000745a80000)
 Metaspace       used 21321K, capacity 21531K, committed 21808K, reserved 1069056K
  class space    used 2037K, capacity 2112K, committed 2176K, reserved 1048576K
Event: 1732.963 GC heap after
Heap after GC invocations=507 (full 1):
 PSYoungGen      total 29184K, used 96K [0x0000000795580000, 0x0000000797300000, 0x00000007c0000000)
  eden space 28672K, 0% used [0x0000000795580000,0x0000000795580000,0x0000000797180000)
  from space 512K, 18% used [0x0000000797280000,0x0000000797298000,0x0000000797300000)
  to   space 512K, 0% used [0x0000000797200000,0x0000000797200000,0x0000000797280000)
 ParOldGen       total 92672K, used 37455K [0x0000000740000000, 0x0000000745a80000, 0x0000000795580000)
  object space 92672K, 40% used [0x0000000740000000,0x0000000742493c28,0x0000000745a80000)
 Metaspace       used 21321K, capacity 21531K, committed 21808K, reserved 1069056K
  class space    used 2037K, capacity 2112K, committed 2176K, reserved 1048576K
}

