# JRE version: Java(TM) SE Runtime Environment (8.0_91-b14) (build 1.8.0_91-b14)
# Java VM: Java HotSpot(TM) 64-Bit Server VM (25.91-b14 mixed mode bsd-amd64 compressed oops)
Heap:
 PSYoungGen      total 173056K, used 45877K [0x0000000795580000, 0x00000007c0000000, 0x00000007c0000000)
  eden space 172544K, 26% used [0x0000000795580000,0x000000079822d768,0x000000079fe00000)
  from space 512K, 25% used [0x00000007bff80000,0x00000007bffa0000,0x00000007c0000000)
  to   space 512K, 0% used [0x00000007bff00000,0x00000007bff00000,0x00000007bff80000)
 ParOldGen       total 129024K, used 69353K [0x0000000740000000, 0x0000000747e00000, 0x0000000795580000)
  object space 129024K, 53% used [0x0000000740000000,0x00000007443ba5b8,0x0000000747e00000)
 Metaspace       used 19704K, capacity 19919K, committed 20224K, reserved 1067008K
  class space    used 1914K, capacity 1982K, committed 2048K, reserved 1048576K
GC Heap History (10 events):
Event: 2695.362 GC heap before
{Heap before GC invocations=2361 (full 1):
 PSYoungGen      total 148480K, used 148064K [0x0000000795580000, 0x00000007c0000000, 0x00000007c0000000)
  eden space 147968K, 100% used [0x0000000795580000,0x000000079e600000,0x000000079e600000)
  from space 512K, 18% used [0x00000007bff00000,0x00000007bff18000,0x00000007bff80000)
  to   space 512K, 0% used [0x00000007bff80000,0x00000007bff80000,0x00000007c0000000)
 ParOldGen       total 129024K, used 69353K [0x0000000740000000, 0x0000000747e00000, 0x0000000795580000)
  object space 129024K, 53% used [0x0000000740000000,0x00000007443ba5b8,0x0000000747e00000)
 Metaspace       used 19676K, capacity 19855K, committed 20224K, reserved 1067008K
  class space    used 1907K, capacity 1982K, committed 2048K, reserved 1048576K
Event: 2695.373 GC heap after
Heap after GC invocations=2361 (full 1):
 PSYoungGen      total 156160K, used 96K [0x0000000795580000, 0x00000007c0000000, 0x00000007c0000000)
  eden space 155648K, 0% used [0x0000000795580000,0x0000000795580000,0x000000079ed80000)
  from space 512K, 18% used [0x00000007bff80000,0x00000007bff98000,0x00000007c0000000)
  to   space 512K, 0% used [0x00000007bff00000,0x00000007bff00000,0x00000007bff80000)
 ParOldGen       total 129024K, used 69353K [0x0000000740000000, 0x0000000747e00000, 0x0000000795580000)
  object space 129024K, 53% used [0x0000000740000000,0x00000007443ba5b8,0x0000000747e00000)
 Metaspace       used 19676K, capacity 19855K, committed 20224K, reserved 1067008K
  class space    used 1907K, capacity 1982K, committed 2048K, reserved 1048576K
}
Event: 2696.522 GC heap before
{Heap before GC invocations=2362 (full 1):
 PSYoungGen      total 156160K, used 155744K [0x0000000795580000, 0x00000007c0000000, 0x00000007c0000000)
  eden space 155648K, 100% used [0x0000000795580000,0x000000079ed80000,0x000000079ed80000)
  from space 512K, 18% used [0x00000007bff80000,0x00000007bff98000,0x00000007c0000000)
  to   space 512K, 0% used [0x00000007bff00000,0x00000007bff00000,0x00000007bff80000)
 ParOldGen       total 129024K, used 69353K [0x0000000740000000, 0x0000000747e00000, 0x0000000795580000)
  object space 129024K, 53% used [0x0000000740000000,0x00000007443ba5b8,0x0000000747e00000)
 Metaspace       used 19676K, capacity 19855K, committed 20224K, reserved 1067008K
  class space    used 1907K, capacity 1982K, committed 2048K, reserved 1048576K
Event: 2696.533 GC heap after
Heap after GC invocations=2362 (full 1):
 PSYoungGen      total 163840K, used 64K [0x0000000795580000, 0x00000007c0000000, 0x00000007c0000000)
  eden space 163328K, 0% used [0x0000000795580000,0x0000000795580000,0x000000079f500000)
  from space 512K, 12% used [0x00000007bff00000,0x00000007bff10000,0x00000007bff80000)
  to   space 512K, 0% used [0x00000007bff80000,0x00000007bff80000,0x00000007c0000000)
 ParOldGen       total 129024K, used 69353K [0x0000000740000000, 0x0000000747e00000, 0x0000000795580000)
  object space 129024K, 53% used [0x0000000740000000,0x00000007443ba5b8,0x0000000747e00000)
 Metaspace       used 19676K, capacity 19855K, committed 20224K, reserved 1067008K
  class space    used 1907K, capacity 1982K, committed 2048K, reserved 1048576K
}
Event: 2697.747 GC heap before
{Heap before GC invocations=2363 (full 1):
 PSYoungGen      total 163840K, used 163392K [0x0000000795580000, 0x00000007c0000000, 0x00000007c0000000)
  eden space 163328K, 100% used [0x0000000795580000,0x000000079f500000,0x000000079f500000)
  from space 512K, 12% used [0x00000007bff00000,0x00000007bff10000,0x00000007bff80000)
  to   space 512K, 0% used [0x00000007bff80000,0x00000007bff80000,0x00000007c0000000)
 ParOldGen       total 129024K, used 69353K [0x0000000740000000, 0x0000000747e00000, 0x0000000795580000)
  object space 129024K, 53% used [0x0000000740000000,0x00000007443ba5b8,0x0000000747e00000)
 Metaspace       used 19676K, capacity 19855K, committed 20224K, reserved 1067008K
  class space    used 1907K, capacity 1982K, committed 2048K, reserved 1048576K
Event: 2697.759 GC heap after
Heap after GC invocations=2363 (full 1):
 PSYoungGen      total 172032K, used 128K [0x0000000795580000, 0x00000007c0000000, 0x00000007c0000000)
  eden space 171520K, 0% used [0x0000000795580000,0x0000000795580000,0x000000079fd00000)
  from space 512K, 25% used [0x00000007bff80000,0x00000007bffa0000,0x00000007c0000000)
  to   space 512K, 0% used [0x00000007bff00000,0x00000007bff00000,0x00000007bff80000)
 ParOldGen       total 129024K, used 69353K [0x0000000740000000, 0x0000000747e00000, 0x0000000795580000)
  object space 129024K, 53% used [0x0000000740000000,0x00000007443ba5b8,0x0000000747e00000)
 Metaspace       used 19676K, capacity 19855K, committed 20224K, reserved 1067008K
  class space    used 1907K, capacity 1982K, committed 2048K, reserved 1048576K
}
Event: 2698.874 GC heap before
{Heap before GC invocations=2364 (full 1):
 PSYoungGen      total 172032K, used 171648K [0x0000000795580000, 0x00000007c0000000, 0x00000007c0000000)
  eden space 171520K, 100% used [0x0000000795580000,0x000000079fd00000,0x000000079fd00000)
  from space 512K, 25% used [0x00000007bff80000,0x00000007bffa0000,0x00000007c0000000)
  to   space 512K, 0% used [0x00000007bff00000,0x00000007bff00000,0x00000007bff80000)
 ParOldGen       total 129024K, used 69353K [0x0000000740000000, 0x0000000747e00000, 0x0000000795580000)
  object space 129024K, 53% used [0x0000000740000000,0x00000007443ba5b8,0x0000000747e00000)
 Metaspace       used 19676K, capacity 19855K, committed 20224K, reserved 1067008K
  class space    used 1907K, capacity 1982K, committed 2048K, reserved 1048576K
Event: 2698.885 GC heap after
Heap after GC invocations=2364 (full 1):
 PSYoungGen      total 180224K, used 32K [0x0000000795580000, 0x00000007c0000000, 0x00000007c0000000)
  eden space 179712K, 0% used [0x0000000795580000,0x0000000795580000,0x00000007a0500000)
  from space 512K, 6% used [0x00000007bff00000,0x00000007bff08000,0x00000007bff80000)
  to   space 512K, 0% used [0x00000007bff80000,0x00000007bff80000,0x00000007c0000000)
 ParOldGen       total 129024K, used 69353K [0x0000000740000000, 0x0000000747e00000, 0x0000000795580000)
  object space 129024K, 53% used [0x0000000740000000,0x00000007443ba5b8,0x0000000747e00000)
 Metaspace       used 19676K, capacity 19855K, committed 20224K, reserved 1067008K
  class space    used 1907K, capacity 1982K, committed 2048K, reserved 1048576K
}
Event: 2699.860 GC heap before
{Heap before GC invocations=2365 (full 1):
 PSYoungGen      total 180224K, used 179744K [0x0000000795580000, 0x00000007c0000000, 0x00000007c0000000)
  eden space 179712K, 100% used [0x0000000795580000,0x00000007a0500000,0x00000007a0500000)
  from space 512K, 6% used [0x00000007bff00000,0x00000007bff08000,0x00000007bff80000)
  to   space 512K, 0% used [0x00000007bff80000,0x00000007bff80000,0x00000007c0000000)
 ParOldGen       total 129024K, used 69353K [0x0000000740000000, 0x0000000747e00000, 0x0000000795580000)
  object space 129024K, 53% used [0x0000000740000000,0x00000007443ba5b8,0x0000000747e00000)
 Metaspace       used 19678K, capacity 19855K, committed 20224K, reserved 1067008K
  class space    used 1908K, capacity 1982K, committed 2048K, reserved 1048576K
Event: 2699.862 GC heap after
Heap after GC invocations=2365 (full 1):
 PSYoungGen      total 173056K, used 128K [0x0000000795580000, 0x00000007c0000000, 0x00000007c0000000)
  eden space 172544K, 0% used [0x0000000795580000,0x0000000795580000,0x000000079fe00000)
  from space 512K, 25% used [0x00000007bff80000,0x00000007bffa0000,0x00000007c0000000)
  to   space 512K, 0% used [0x00000007bff00000,0x00000007bff00000,0x00000007bff80000)
 ParOldGen       total 129024K, used 69353K [0x0000000740000000, 0x0000000747e00000, 0x0000000795580000)
  object space 129024K, 53% used [0x0000000740000000,0x00000007443ba5b8,0x0000000747e00000)
 Metaspace       used 19678K, capacity 19855K, committed 20224K, reserved 1067008K
  class space    used 1908K, capacity 1982K, committed 2048K, reserved 1048576K
}

