# JRE version: Java(TM) SE Runtime Environment (8.0_91-b14) (build 1.8.0_91-b14)
# Java VM: Java HotSpot(TM) 64-Bit Server VM (25.91-b14 mixed mode bsd-amd64 compressed oops)
Heap:
 PSYoungGen      total 24576K, used 23436K [0x0000000795580000, 0x0000000796e80000, 0x00000007c0000000)
  eden space 24064K, 96% used [0x0000000795580000,0x0000000796c4b398,0x0000000796d00000)
  from space 512K, 18% used [0x0000000796d80000,0x0000000796d98000,0x0000000796e00000)
  to   space 512K, 0% used [0x0000000796e00000,0x0000000796e00000,0x0000000796e80000)
 ParOldGen       total 58368K, used 16876K [0x0000000740000000, 0x0000000743900000, 0x0000000795580000)
  object space 58368K, 28% used [0x0000000740000000,0x000000074107b230,0x0000000743900000)
 Metaspace       used 21222K, capacity 21395K, committed 21552K, reserved 1069056K
  class space    used 2050K, capacity 2112K, committed 2176K, reserved 1048576K
GC Heap History (10 events):
Event: 671.005 GC heap before
{Heap before GC invocations=234 (full 1):
 PSYoungGen      total 24576K, used 24128K [0x0000000795580000, 0x0000000796e80000, 0x00000007c0000000)
  eden space 24064K, 100% used [0x0000000795580000,0x0000000796d00000,0x0000000796d00000)
  from space 512K, 12% used [0x0000000796e00000,0x0000000796e10000,0x0000000796e80000)
  to   space 512K, 0% used [0x0000000796d80000,0x0000000796d80000,0x0000000796e00000)
 ParOldGen       total 58368K, used 16876K [0x0000000740000000, 0x0000000743900000, 0x0000000795580000)
  object space 58368K, 28% used [0x0000000740000000,0x000000074107b230,0x0000000743900000)
 Metaspace       used 21186K, capacity 21395K, committed 21552K, reserved 1069056K
  class space    used 2043K, capacity 2112K, committed 2176K, reserved 1048576K
Event: 671.006 GC heap after
Heap after GC invocations=234 (full 1):
 PSYoungGen      total 24576K, used 64K [0x0000000795580000, 0x0000000796e80000, 0x00000007c0000000)
  eden space 24064K, 0% used [0x0000000795580000,0x0000000795580000,0x0000000796d00000)
  from space 512K, 12% used [0x0000000796d80000,0x0000000796d90000,0x0000000796e00000)
  to   space 512K, 0% used [0x0000000796e00000,0x0000000796e00000,0x0000000796e80000)
 ParOldGen       total 58368K, used 16876K [0x0000000740000000, 0x0000000743900000, 0x0000000795580000)
  object space 58368K, 28% used [0x0000000740000000,0x000000074107b230,0x0000000743900000)
 Metaspace       used 21186K, capacity 21395K, committed 21552K, reserved 1069056K
  class space    used 2043K, capacity 2112K, committed 2176K, reserved 1048576K
}
Event: 673.857 GC heap before
{Heap before GC invocations=235 (full 1):
 PSYoungGen      total 24576K, used 24128K [0x0000000795580000, 0x0000000796e80000, 0x00000007c0000000)
  eden space 24064K, 100% used [0x0000000795580000,0x0000000796d00000,0x0000000796d00000)
  from space 512K, 12% used [0x0000000796d80000,0x0000000796d90000,0x0000000796e00000)
  to   space 512K, 0% used [0x0000000796e00000,0x0000000796e00000,0x0000000796e80000)
 ParOldGen       total 58368K, used 16876K [0x0000000740000000, 0x0000000743900000, 0x0000000795580000)
  object space 58368K, 28% used [0x0000000740000000,0x000000074107b230,0x0000000743900000)
 Metaspace       used 21186K, capacity 21395K, committed 21552K, reserved 1069056K
  class space    used 2043K, capacity 2112K, committed 2176K, reserved 1048576K
Event: 673.858 GC heap after
Heap after GC invocations=235 (full 1):
 PSYoungGen      total 24576K, used 64K [0x0000000795580000, 0x0000000796e80000, 0x00000007c0000000)
  eden space 24064K, 0% used [0x0000000795580000,0x0000000795580000,0x0000000796d00000)
  from space 512K, 12% used [0x0000000796e00000,0x0000000796e10000,0x0000000796e80000)
  to   space 512K, 0% used [0x0000000796d80000,0x0000000796d80000,0x0000000796e00000)
 ParOldGen       total 58368K, used 16876K [0x0000000740000000, 0x0000000743900000, 0x0000000795580000)
  object space 58368K, 28% used [0x0000000740000000,0x000000074107b230,0x0000000743900000)
 Metaspace       used 21186K, capacity 21395K, committed 21552K, reserved 1069056K
  class space    used 2043K, capacity 2112K, committed 2176K, reserved 1048576K
}
Event: 676.692 GC heap before
{Heap before GC invocations=236 (full 1):
 PSYoungGen      total 24576K, used 24128K [0x0000000795580000, 0x0000000796e80000, 0x00000007c0000000)
  eden space 24064K, 100% used [0x0000000795580000,0x0000000796d00000,0x0000000796d00000)
  from space 512K, 12% used [0x0000000796e00000,0x0000000796e10000,0x0000000796e80000)
  to   space 512K, 0% used [0x0000000796d80000,0x0000000796d80000,0x0000000796e00000)
 ParOldGen       total 58368K, used 16876K [0x0000000740000000, 0x0000000743900000, 0x0000000795580000)
  object space 58368K, 28% used [0x0000000740000000,0x000000074107b230,0x0000000743900000)
 Metaspace       used 21186K, capacity 21395K, committed 21552K, reserved 1069056K
  class space    used 2043K, capacity 2112K, committed 2176K, reserved 1048576K
Event: 676.693 GC heap after
Heap after GC invocations=236 (full 1):
 PSYoungGen      total 24576K, used 64K [0x0000000795580000, 0x0000000796e80000, 0x00000007c0000000)
  eden space 24064K, 0% used [0x0000000795580000,0x0000000795580000,0x0000000796d00000)
  from space 512K, 12% used [0x0000000796d80000,0x0000000796d90000,0x0000000796e00000)
  to   space 512K, 0% used [0x0000000796e00000,0x0000000796e00000,0x0000000796e80000)
 ParOldGen       total 58368K, used 16876K [0x0000000740000000, 0x0000000743900000, 0x0000000795580000)
  object space 58368K, 28% used [0x0000000740000000,0x000000074107b230,0x0000000743900000)
 Metaspace       used 21186K, capacity 21395K, committed 21552K, reserved 1069056K
  class space    used 2043K, capacity 2112K, committed 2176K, reserved 1048576K
}
Event: 679.527 GC heap before
{Heap before GC invocations=237 (full 1):
 PSYoungGen      total 24576K, used 24128K [0x0000000795580000, 0x0000000796e80000, 0x00000007c0000000)
  eden space 24064K, 100% used [0x0000000795580000,0x0000000796d00000,0x0000000796d00000)
  from space 512K, 12% used [0x0000000796d80000,0x0000000796d90000,0x0000000796e00000)
  to   space 512K, 0% used [0x0000000796e00000,0x0000000796e00000,0x0000000796e80000)
 ParOldGen       total 58368K, used 16876K [0x0000000740000000, 0x0000000743900000, 0x0000000795580000)
  object space 58368K, 28% used [0x0000000740000000,0x000000074107b230,0x0000000743900000)
 Metaspace       used 21186K, capacity 21395K, committed 21552K, reserved 1069056K
  class space    used 2043K, capacity 2112K, committed 2176K, reserved 1048576K
Event: 679.528 GC heap after
Heap after GC invocations=237 (full 1):
 PSYoungGen      total 24576K, used 96K [0x0000000795580000, 0x0000000796e80000, 0x00000007c0000000)
  eden space 24064K, 0% used [0x0000000795580000,0x0000000795580000,0x0000000796d00000)
  from space 512K, 18% used [0x0000000796e00000,0x0000000796e18000,0x0000000796e80000)
  to   space 512K, 0% used [0x0000000796d80000,0x0000000796d80000,0x0000000796e00000)
 ParOldGen       total 58368K, used 16876K [0x0000000740000000, 0x0000000743900000, 0x0000000795580000)
  object space 58368K, 28% used [0x0000000740000000,0x000000074107b230,0x0000000743900000)
 Metaspace       used 21186K, capacity 21395K, committed 21552K, reserved 1069056K
  class space    used 2043K, capacity 2112K, committed 2176K, reserved 1048576K
}
Event: 682.146 GC heap before
{Heap before GC invocations=238 (full 1):
 PSYoungGen      total 24576K, used 24160K [0x0000000795580000, 0x0000000796e80000, 0x00000007c0000000)
  eden space 24064K, 100% used [0x0000000795580000,0x0000000796d00000,0x0000000796d00000)
  from space 512K, 18% used [0x0000000796e00000,0x0000000796e18000,0x0000000796e80000)
  to   space 512K, 0% used [0x0000000796d80000,0x0000000796d80000,0x0000000796e00000)
 ParOldGen       total 58368K, used 16876K [0x0000000740000000, 0x0000000743900000, 0x0000000795580000)
  object space 58368K, 28% used [0x0000000740000000,0x000000074107b230,0x0000000743900000)
 Metaspace       used 21187K, capacity 21395K, committed 21552K, reserved 1069056K
  class space    used 2043K, capacity 2112K, committed 2176K, reserved 1048576K
Event: 682.147 GC heap after
Heap after GC invocations=238 (full 1):
 PSYoungGen      total 24576K, used 96K [0x0000000795580000, 0x0000000796e80000, 0x00000007c0000000)
  eden space 24064K, 0% used [0x0000000795580000,0x0000000795580000,0x0000000796d00000)
  from space 512K, 18% used [0x0000000796d80000,0x0000000796d98000,0x0000000796e00000)
  to   space 512K, 0% used [0x0000000796e00000,0x0000000796e00000,0x0000000796e80000)
 ParOldGen       total 58368K, used 16876K [0x0000000740000000, 0x0000000743900000, 0x0000000795580000)
  object space 58368K, 28% used [0x0000000740000000,0x000000074107b230,0x0000000743900000)
 Metaspace       used 21187K, capacity 21395K, committed 21552K, reserved 1069056K
  class space    used 2043K, capacity 2112K, committed 2176K, reserved 1048576K
}

