# JRE version: Java(TM) SE Runtime Environment (8.0_91-b14) (build 1.8.0_91-b14)
# Java VM: Java HotSpot(TM) 64-Bit Server VM (25.91-b14 mixed mode bsd-amd64 compressed oops)
Heap:
 PSYoungGen      total 436224K, used 402824K [0x0000000795580000, 0x00000007b0380000, 0x00000007c0000000)
  eden space 432640K, 93% used [0x0000000795580000,0x00000007aded20e0,0x00000007afc00000)
  from space 3584K, 1% used [0x00000007afc00000,0x00000007afc10000,0x00000007aff80000)
  to   space 3072K, 0% used [0x00000007b0080000,0x00000007b0080000,0x00000007b0380000)
 ParOldGen       total 143872K, used 73086K [0x0000000740000000, 0x0000000748c80000, 0x0000000795580000)
  object space 143872K, 50% used [0x0000000740000000,0x000000074475faa0,0x0000000748c80000)
 Metaspace       used 19373K, capacity 19583K, committed 19712K, reserved 1067008K
  class space    used 1896K, capacity 1982K, committed 2048K, reserved 1048576K
GC Heap History (10 events):
Event: 163.335 GC heap before
{Heap before GC invocations=56 (full 1):
 PSYoungGen      total 430080K, used 427584K [0x0000000795580000, 0x00000007aff00000, 0x00000007c0000000)
  eden space 427520K, 100% used [0x0000000795580000,0x00000007af700000,0x00000007af700000)
  from space 2560K, 2% used [0x00000007afc80000,0x00000007afc90000,0x00000007aff00000)
  to   space 4096K, 0% used [0x00000007af700000,0x00000007af700000,0x00000007afb00000)
 ParOldGen       total 143872K, used 73078K [0x0000000740000000, 0x0000000748c80000, 0x0000000795580000)
  object space 143872K, 50% used [0x0000000740000000,0x000000074475daa0,0x0000000748c80000)
 Metaspace       used 19344K, capacity 19551K, committed 19712K, reserved 1067008K
  class space    used 1889K, capacity 1950K, committed 2048K, reserved 1048576K
Event: 163.337 GC heap after
Heap after GC invocations=56 (full 1):
 PSYoungGen      total 431616K, used 96K [0x0000000795580000, 0x00000007b0180000, 0x00000007c0000000)
  eden space 427520K, 0% used [0x0000000795580000,0x0000000795580000,0x00000007af700000)
  from space 4096K, 2% used [0x00000007af700000,0x00000007af718000,0x00000007afb00000)
  to   space 4096K, 0% used [0x00000007afd80000,0x00000007afd80000,0x00000007b0180000)
 ParOldGen       total 143872K, used 73086K [0x0000000740000000, 0x0000000748c80000, 0x0000000795580000)
  object space 143872K, 50% used [0x0000000740000000,0x000000074475faa0,0x0000000748c80000)
 Metaspace       used 19344K, capacity 19551K, committed 19712K, reserved 1067008K
  class space    used 1889K, capacity 1950K, committed 2048K, reserved 1048576K
}
Event: 170.750 GC heap before
{Heap before GC invocations=57 (full 1):
 PSYoungGen      total 431616K, used 427616K [0x0000000795580000, 0x00000007b0180000, 0x00000007c0000000)
  eden space 427520K, 100% used [0x0000000795580000,0x00000007af700000,0x00000007af700000)
  from space 4096K, 2% used [0x00000007af700000,0x00000007af718000,0x00000007afb00000)
  to   space 4096K, 0% used [0x00000007afd80000,0x00000007afd80000,0x00000007b0180000)
 ParOldGen       total 143872K, used 73086K [0x0000000740000000, 0x0000000748c80000, 0x0000000795580000)
  object space 143872K, 50% used [0x0000000740000000,0x000000074475faa0,0x0000000748c80000)
 Metaspace       used 19344K, capacity 19551K, committed 19712K, reserved 1067008K
  class space    used 1889K, capacity 1950K, committed 2048K, reserved 1048576K
Event: 170.762 GC heap after
Heap after GC invocations=57 (full 1):
 PSYoungGen      total 434176K, used 64K [0x0000000795580000, 0x00000007b0100000, 0x00000007c0000000)
  eden space 430592K, 0% used [0x0000000795580000,0x0000000795580000,0x00000007afa00000)
  from space 3584K, 1% used [0x00000007afd80000,0x00000007afd90000,0x00000007b0100000)
  to   space 3584K, 0% used [0x00000007afa00000,0x00000007afa00000,0x00000007afd80000)
 ParOldGen       total 143872K, used 73086K [0x0000000740000000, 0x0000000748c80000, 0x0000000795580000)
  object space 143872K, 50% used [0x0000000740000000,0x000000074475faa0,0x0000000748c80000)
 Metaspace       used 19344K, capacity 19551K, committed 19712K, reserved 1067008K
  class space    used 1889K, capacity 1950K, committed 2048K, reserved 1048576K
}
Event: 178.488 GC heap before
{Heap before GC invocations=58 (full 1):
 PSYoungGen      total 434176K, used 430656K [0x0000000795580000, 0x00000007b0100000, 0x00000007c0000000)
  eden space 430592K, 100% used [0x0000000795580000,0x00000007afa00000,0x00000007afa00000)
  from space 3584K, 1% used [0x00000007afd80000,0x00000007afd90000,0x00000007b0100000)
  to   space 3584K, 0% used [0x00000007afa00000,0x00000007afa00000,0x00000007afd80000)
 ParOldGen       total 143872K, used 73086K [0x0000000740000000, 0x0000000748c80000, 0x0000000795580000)
  object space 143872K, 50% used [0x0000000740000000,0x000000074475faa0,0x0000000748c80000)
 Metaspace       used 19344K, capacity 19551K, committed 19712K, reserved 1067008K
  class space    used 1889K, capacity 1950K, committed 2048K, reserved 1048576K
Event: 178.490 GC heap after
Heap after GC invocations=58 (full 1):
 PSYoungGen      total 434176K, used 128K [0x0000000795580000, 0x00000007b0380000, 0x00000007c0000000)
  eden space 430592K, 0% used [0x0000000795580000,0x0000000795580000,0x00000007afa00000)
  from space 3584K, 3% used [0x00000007afa00000,0x00000007afa20000,0x00000007afd80000)
  to   space 3584K, 0% used [0x00000007b0000000,0x00000007b0000000,0x00000007b0380000)
 ParOldGen       total 143872K, used 73086K [0x0000000740000000, 0x0000000748c80000, 0x0000000795580000)
  object space 143872K, 50% used [0x0000000740000000,0x000000074475faa0,0x0000000748c80000)
 Metaspace       used 19344K, capacity 19551K, committed 19712K, reserved 1067008K
  class space    used 1889K, capacity 1950K, committed 2048K, reserved 1048576K
}
Event: 185.928 GC heap before
{Heap before GC invocations=59 (full 1):
 PSYoungGen      total 434176K, used 430720K [0x0000000795580000, 0x00000007b0380000, 0x00000007c0000000)
  eden space 430592K, 100% used [0x0000000795580000,0x00000007afa00000,0x00000007afa00000)
  from space 3584K, 3% used [0x00000007afa00000,0x00000007afa20000,0x00000007afd80000)
  to   space 3584K, 0% used [0x00000007b0000000,0x00000007b0000000,0x00000007b0380000)
 ParOldGen       total 143872K, used 73086K [0x0000000740000000, 0x0000000748c80000, 0x0000000795580000)
  object space 143872K, 50% used [0x0000000740000000,0x000000074475faa0,0x0000000748c80000)
 Metaspace       used 19344K, capacity 19551K, committed 19712K, reserved 1067008K
  class space    used 1889K, capacity 1950K, committed 2048K, reserved 1048576K
Event: 185.929 GC heap after
Heap after GC invocations=59 (full 1):
 PSYoungGen      total 435712K, used 96K [0x0000000795580000, 0x00000007b0300000, 0x00000007c0000000)
  eden space 432640K, 0% used [0x0000000795580000,0x0000000795580000,0x00000007afc00000)
  from space 3072K, 3% used [0x00000007b0000000,0x00000007b0018000,0x00000007b0300000)
  to   space 3584K, 0% used [0x00000007afc00000,0x00000007afc00000,0x00000007aff80000)
 ParOldGen       total 143872K, used 73086K [0x0000000740000000, 0x0000000748c80000, 0x0000000795580000)
  object space 143872K, 50% used [0x0000000740000000,0x000000074475faa0,0x0000000748c80000)
 Metaspace       used 19344K, capacity 19551K, committed 19712K, reserved 1067008K
  class space    used 1889K, capacity 1950K, committed 2048K, reserved 1048576K
}
Event: 192.970 GC heap before
{Heap before GC invocations=60 (full 1):
 PSYoungGen      total 435712K, used 432736K [0x0000000795580000, 0x00000007b0300000, 0x00000007c0000000)
  eden space 432640K, 100% used [0x0000000795580000,0x00000007afc00000,0x00000007afc00000)
  from space 3072K, 3% used [0x00000007b0000000,0x00000007b0018000,0x00000007b0300000)
  to   space 3584K, 0% used [0x00000007afc00000,0x00000007afc00000,0x00000007aff80000)
 ParOldGen       total 143872K, used 73086K [0x0000000740000000, 0x0000000748c80000, 0x0000000795580000)
  object space 143872K, 50% used [0x0000000740000000,0x000000074475faa0,0x0000000748c80000)
 Metaspace       used 19344K, capacity 19551K, committed 19712K, reserved 1067008K
  class space    used 1889K, capacity 1950K, committed 2048K, reserved 1048576K
Event: 192.972 GC heap after
Heap after GC invocations=60 (full 1):
 PSYoungGen      total 436224K, used 64K [0x0000000795580000, 0x00000007b0380000, 0x00000007c0000000)
  eden space 432640K, 0% used [0x0000000795580000,0x0000000795580000,0x00000007afc00000)
  from space 3584K, 1% used [0x00000007afc00000,0x00000007afc10000,0x00000007aff80000)
  to   space 3072K, 0% used [0x00000007b0080000,0x00000007b0080000,0x00000007b0380000)
 ParOldGen       total 143872K, used 73086K [0x0000000740000000, 0x0000000748c80000, 0x0000000795580000)
  object space 143872K, 50% used [0x0000000740000000,0x000000074475faa0,0x0000000748c80000)
 Metaspace       used 19344K, capacity 19551K, committed 19712K, reserved 1067008K
  class space    used 1889K, capacity 1950K, committed 2048K, reserved 1048576K
}

