# JRE version: Java(TM) SE Runtime Environment (8.0_91-b14) (build 1.8.0_91-b14)
# Java VM: Java HotSpot(TM) 64-Bit Server VM (25.91-b14 mixed mode bsd-amd64 compressed oops)
Heap:
 PSYoungGen      total 433664K, used 316147K [0x0000000795580000, 0x00000007bae80000, 0x00000007c0000000)
  eden space 433152K, 72% used [0x0000000795580000,0x00000007a8a24c28,0x00000007afc80000)
  from space 512K, 18% used [0x00000007bae00000,0x00000007bae18000,0x00000007bae80000)
  to   space 24064K, 0% used [0x00000007b7f80000,0x00000007b7f80000,0x00000007b9700000)
 ParOldGen       total 119808K, used 55366K [0x0000000740000000, 0x0000000747500000, 0x0000000795580000)
  object space 119808K, 46% used [0x0000000740000000,0x0000000743611888,0x0000000747500000)
 Metaspace       used 19328K, capacity 19523K, committed 19712K, reserved 1067008K
  class space    used 1881K, capacity 1982K, committed 2048K, reserved 1048576K
GC Heap History (10 events):
Event: 859.865 GC heap before
{Heap before GC invocations=15 (full 1):
 PSYoungGen      total 581120K, used 548928K [0x0000000795580000, 0x00000007c0000000, 0x00000007c0000000)
  eden space 548864K, 100% used [0x0000000795580000,0x00000007b6d80000,0x00000007b6d80000)
  from space 32256K, 0% used [0x00000007b6d80000,0x00000007b6d90000,0x00000007b8d00000)
  to   space 31232K, 0% used [0x00000007be180000,0x00000007be180000,0x00000007c0000000)
 ParOldGen       total 119808K, used 55366K [0x0000000740000000, 0x0000000747500000, 0x0000000795580000)
  object space 119808K, 46% used [0x0000000740000000,0x0000000743611888,0x0000000747500000)
 Metaspace       used 19285K, capacity 19491K, committed 19712K, reserved 1067008K
  class space    used 1874K, capacity 1950K, committed 2048K, reserved 1048576K
Event: 859.866 GC heap after
Heap after GC invocations=15 (full 1):
 PSYoungGen      total 523776K, used 32K [0x0000000795580000, 0x00000007be200000, 0x00000007c0000000)
  eden space 523264K, 0% used [0x0000000795580000,0x0000000795580000,0x00000007b5480000)
  from space 512K, 6% used [0x00000007be180000,0x00000007be188000,0x00000007be200000)
  to   space 29696K, 0% used [0x00000007ba800000,0x00000007ba800000,0x00000007bc500000)
 ParOldGen       total 119808K, used 55366K [0x0000000740000000, 0x0000000747500000, 0x0000000795580000)
  object space 119808K, 46% used [0x0000000740000000,0x0000000743611888,0x0000000747500000)
 Metaspace       used 19285K, capacity 19491K, committed 19712K, reserved 1067008K
  class space    used 1874K, capacity 1950K, committed 2048K, reserved 1048576K
}
Event: 1030.612 GC heap before
{Heap before GC invocations=16 (full 1):
 PSYoungGen      total 523776K, used 523296K [0x0000000795580000, 0x00000007be200000, 0x00000007c0000000)
  eden space 523264K, 100% used [0x0000000795580000,0x00000007b5480000,0x00000007b5480000)
  from space 512K, 6% used [0x00000007be180000,0x00000007be188000,0x00000007be200000)
  to   space 29696K, 0% used [0x00000007ba800000,0x00000007ba800000,0x00000007bc500000)
 ParOldGen       total 119808K, used 55366K [0x0000000740000000, 0x0000000747500000, 0x0000000795580000)
  object space 119808K, 46% used [0x0000000740000000,0x0000000743611888,0x0000000747500000)
 Metaspace       used 19285K, capacity 19491K, committed 19712K, reserved 1067008K
  class space    used 1874K, capacity 1950K, committed 2048K, reserved 1048576K
Event: 1030.613 GC heap after
Heap after GC invocations=16 (full 1):
 PSYoungGen      total 528896K, used 64K [0x0000000795580000, 0x00000007be200000, 0x00000007c0000000)
  eden space 499200K, 0% used [0x0000000795580000,0x0000000795580000,0x00000007b3d00000)
  from space 29696K, 0% used [0x00000007ba800000,0x00000007ba810000,0x00000007bc500000)
  to   space 28160K, 0% used [0x00000007bc680000,0x00000007bc680000,0x00000007be200000)
 ParOldGen       total 119808K, used 55366K [0x0000000740000000, 0x0000000747500000, 0x0000000795580000)
  object space 119808K, 46% used [0x0000000740000000,0x0000000743611888,0x0000000747500000)
 Metaspace       used 19285K, capacity 19491K, committed 19712K, reserved 1067008K
  class space    used 1874K, capacity 1950K, committed 2048K, reserved 1048576K
}
Event: 1189.907 GC heap before
{Heap before GC invocations=17 (full 1):
 PSYoungGen      total 528896K, used 499264K [0x0000000795580000, 0x00000007be200000, 0x00000007c0000000)
  eden space 499200K, 100% used [0x0000000795580000,0x00000007b3d00000,0x00000007b3d00000)
  from space 29696K, 0% used [0x00000007ba800000,0x00000007ba810000,0x00000007bc500000)
  to   space 28160K, 0% used [0x00000007bc680000,0x00000007bc680000,0x00000007be200000)
 ParOldGen       total 119808K, used 55366K [0x0000000740000000, 0x0000000747500000, 0x0000000795580000)
  object space 119808K, 46% used [0x0000000740000000,0x0000000743611888,0x0000000747500000)
 Metaspace       used 19294K, capacity 19491K, committed 19712K, reserved 1067008K
  class space    used 1874K, capacity 1950K, committed 2048K, reserved 1048576K
Event: 1189.909 GC heap after
Heap after GC invocations=17 (full 1):
 PSYoungGen      total 476672K, used 96K [0x0000000795580000, 0x00000007bc700000, 0x00000007c0000000)
  eden space 476160K, 0% used [0x0000000795580000,0x0000000795580000,0x00000007b2680000)
  from space 512K, 18% used [0x00000007bc680000,0x00000007bc698000,0x00000007bc700000)
  to   space 27136K, 0% used [0x00000007b9200000,0x00000007b9200000,0x00000007bac80000)
 ParOldGen       total 119808K, used 55366K [0x0000000740000000, 0x0000000747500000, 0x0000000795580000)
  object space 119808K, 46% used [0x0000000740000000,0x0000000743611888,0x0000000747500000)
 Metaspace       used 19294K, capacity 19491K, committed 19712K, reserved 1067008K
  class space    used 1874K, capacity 1950K, committed 2048K, reserved 1048576K
}
Event: 1342.163 GC heap before
{Heap before GC invocations=18 (full 1):
 PSYoungGen      total 476672K, used 476256K [0x0000000795580000, 0x00000007bc700000, 0x00000007c0000000)
  eden space 476160K, 100% used [0x0000000795580000,0x00000007b2680000,0x00000007b2680000)
  from space 512K, 18% used [0x00000007bc680000,0x00000007bc698000,0x00000007bc700000)
  to   space 27136K, 0% used [0x00000007b9200000,0x00000007b9200000,0x00000007bac80000)
 ParOldGen       total 119808K, used 55366K [0x0000000740000000, 0x0000000747500000, 0x0000000795580000)
  object space 119808K, 46% used [0x0000000740000000,0x0000000743611888,0x0000000747500000)
 Metaspace       used 19294K, capacity 19491K, committed 19712K, reserved 1067008K
  class space    used 1874K, capacity 1950K, committed 2048K, reserved 1048576K
Event: 1342.166 GC heap after
Heap after GC invocations=18 (full 1):
 PSYoungGen      total 481280K, used 64K [0x0000000795580000, 0x00000007bc700000, 0x00000007c0000000)
  eden space 454144K, 0% used [0x0000000795580000,0x0000000795580000,0x00000007b1100000)
  from space 27136K, 0% used [0x00000007b9200000,0x00000007b9210000,0x00000007bac80000)
  to   space 25600K, 0% used [0x00000007bae00000,0x00000007bae00000,0x00000007bc700000)
 ParOldGen       total 119808K, used 55366K [0x0000000740000000, 0x0000000747500000, 0x0000000795580000)
  object space 119808K, 46% used [0x0000000740000000,0x0000000743611888,0x0000000747500000)
 Metaspace       used 19294K, capacity 19491K, committed 19712K, reserved 1067008K
  class space    used 1874K, capacity 1950K, committed 2048K, reserved 1048576K
}
Event: 1489.466 GC heap before
{Heap before GC invocations=19 (full 1):
 PSYoungGen      total 481280K, used 454208K [0x0000000795580000, 0x00000007bc700000, 0x00000007c0000000)
  eden space 454144K, 100% used [0x0000000795580000,0x00000007b1100000,0x00000007b1100000)
  from space 27136K, 0% used [0x00000007b9200000,0x00000007b9210000,0x00000007bac80000)
  to   space 25600K, 0% used [0x00000007bae00000,0x00000007bae00000,0x00000007bc700000)
 ParOldGen       total 119808K, used 55366K [0x0000000740000000, 0x0000000747500000, 0x0000000795580000)
  object space 119808K, 46% used [0x0000000740000000,0x0000000743611888,0x0000000747500000)
 Metaspace       used 19294K, capacity 19491K, committed 19712K, reserved 1067008K
  class space    used 1874K, capacity 1950K, committed 2048K, reserved 1048576K
Event: 1489.467 GC heap after
Heap after GC invocations=19 (full 1):
 PSYoungGen      total 433664K, used 96K [0x0000000795580000, 0x00000007bae80000, 0x00000007c0000000)
  eden space 433152K, 0% used [0x0000000795580000,0x0000000795580000,0x00000007afc80000)
  from space 512K, 18% used [0x00000007bae00000,0x00000007bae18000,0x00000007bae80000)
  to   space 24064K, 0% used [0x00000007b7f80000,0x00000007b7f80000,0x00000007b9700000)
 ParOldGen       total 119808K, used 55366K [0x0000000740000000, 0x0000000747500000, 0x0000000795580000)
  object space 119808K, 46% used [0x0000000740000000,0x0000000743611888,0x0000000747500000)
 Metaspace       used 19294K, capacity 19491K, committed 19712K, reserved 1067008K
  class space    used 1874K, capacity 1950K, committed 2048K, reserved 1048576K
}

