# JRE version: Java(TM) SE Runtime Environment (8.0_91-b14) (build 1.8.0_91-b14)
# Java VM: Java HotSpot(TM) 64-Bit Server VM (25.91-b14 mixed mode bsd-amd64 compressed oops)
Heap:
 PSYoungGen      total 47104K, used 39226K [0x0000000795580000, 0x000000079a180000, 0x00000007c0000000)
  eden space 33280K, 83% used [0x0000000795580000,0x000000079709a808,0x0000000797600000)
  from space 13824K, 82% used [0x0000000797600000,0x00000007981342d0,0x0000000798380000)
  to   space 14848K, 0% used [0x0000000799300000,0x0000000799300000,0x000000079a180000)
 ParOldGen       total 76800K, used 17290K [0x0000000740000000, 0x0000000744b00000, 0x0000000795580000)
  object space 76800K, 22% used [0x0000000740000000,0x00000007410e2870,0x0000000744b00000)
 Metaspace       used 21245K, capacity 21463K, committed 21808K, reserved 1069056K
  class space    used 2046K, capacity 2112K, committed 2176K, reserved 1048576K
GC Heap History (10 events):
Event: 7.761 GC heap before
{Heap before GC invocations=4 (full 0):
 PSYoungGen      total 38400K, used 38397K [0x0000000795580000, 0x0000000798000000, 0x00000007c0000000)
  eden space 33280K, 100% used [0x0000000795580000,0x0000000797600000,0x0000000797600000)
  from space 5120K, 99% used [0x0000000797600000,0x0000000797aff4c0,0x0000000797b00000)
  to   space 5120K, 0% used [0x0000000797b00000,0x0000000797b00000,0x0000000798000000)
 ParOldGen       total 87552K, used 12934K [0x0000000740000000, 0x0000000745580000, 0x0000000795580000)
  object space 87552K, 14% used [0x0000000740000000,0x0000000740ca1b88,0x0000000745580000)
 Metaspace       used 20798K, capacity 21015K, committed 21120K, reserved 1069056K
  class space    used 2038K, capacity 2112K, committed 2176K, reserved 1048576K
Event: 7.768 GC heap after
Heap after GC invocations=4 (full 0):
 PSYoungGen      total 38400K, used 5053K [0x0000000795580000, 0x0000000798000000, 0x00000007c0000000)
  eden space 33280K, 0% used [0x0000000795580000,0x0000000795580000,0x0000000797600000)
  from space 5120K, 98% used [0x0000000797b00000,0x0000000797fef4c0,0x0000000798000000)
  to   space 5120K, 0% used [0x0000000797600000,0x0000000797600000,0x0000000797b00000)
 ParOldGen       total 87552K, used 13454K [0x0000000740000000, 0x0000000745580000, 0x0000000795580000)
  object space 87552K, 15% used [0x0000000740000000,0x0000000740d23ba8,0x0000000745580000)
 Metaspace       used 20798K, capacity 21015K, committed 21120K, reserved 1069056K
  class space    used 2038K, capacity 2112K, committed 2176K, reserved 1048576K
}
Event: 8.345 GC heap before
{Heap before GC invocations=5 (full 0):
 PSYoungGen      total 38400K, used 12786K [0x0000000795580000, 0x0000000798000000, 0x00000007c0000000)
  eden space 33280K, 23% used [0x0000000795580000,0x0000000795d0d390,0x0000000797600000)
  from space 5120K, 98% used [0x0000000797b00000,0x0000000797fef4c0,0x0000000798000000)
  to   space 5120K, 0% used [0x0000000797600000,0x0000000797600000,0x0000000797b00000)
 ParOldGen       total 87552K, used 13454K [0x0000000740000000, 0x0000000745580000, 0x0000000795580000)
  object space 87552K, 15% used [0x0000000740000000,0x0000000740d23ba8,0x0000000745580000)
 Metaspace       used 20967K, capacity 21143K, committed 21296K, reserved 1069056K
  class space    used 2038K, capacity 2112K, committed 2176K, reserved 1048576K
Event: 8.352 GC heap after
Heap after GC invocations=5 (full 0):
 PSYoungGen      total 37888K, used 5053K [0x0000000795580000, 0x0000000799180000, 0x00000007c0000000)
  eden space 32768K, 0% used [0x0000000795580000,0x0000000795580000,0x0000000797580000)
  from space 5120K, 98% used [0x0000000797600000,0x0000000797aef4c0,0x0000000797b00000)
  to   space 14336K, 0% used [0x0000000798380000,0x0000000798380000,0x0000000799180000)
 ParOldGen       total 87552K, used 13462K [0x0000000740000000, 0x0000000745580000, 0x0000000795580000)
  object space 87552K, 15% used [0x0000000740000000,0x0000000740d25ba8,0x0000000745580000)
 Metaspace       used 20967K, capacity 21143K, committed 21296K, reserved 1069056K
  class space    used 2038K, capacity 2112K, committed 2176K, reserved 1048576K
}
Event: 8.352 GC heap before
{Heap before GC invocations=6 (full 1):
 PSYoungGen      total 37888K, used 5053K [0x0000000795580000, 0x0000000799180000, 0x00000007c0000000)
  eden space 32768K, 0% used [0x0000000795580000,0x0000000795580000,0x0000000797580000)
  from space 5120K, 98% used [0x0000000797600000,0x0000000797aef4c0,0x0000000797b00000)
  to   space 14336K, 0% used [0x0000000798380000,0x0000000798380000,0x0000000799180000)
 ParOldGen       total 87552K, used 13462K [0x0000000740000000, 0x0000000745580000, 0x0000000795580000)
  object space 87552K, 15% used [0x0000000740000000,0x0000000740d25ba8,0x0000000745580000)
 Metaspace       used 20967K, capacity 21143K, committed 21296K, reserved 1069056K
  class space    used 2038K, capacity 2112K, committed 2176K, reserved 1048576K
Event: 8.408 GC heap after
Heap after GC invocations=6 (full 1):
 PSYoungGen      total 37888K, used 0K [0x0000000795580000, 0x0000000799180000, 0x00000007c0000000)
  eden space 32768K, 0% used [0x0000000795580000,0x0000000795580000,0x0000000797580000)
  from space 5120K, 0% used [0x0000000797600000,0x0000000797600000,0x0000000797b00000)
  to   space 14336K, 0% used [0x0000000798380000,0x0000000798380000,0x0000000799180000)
 ParOldGen       total 76800K, used 17274K [0x0000000740000000, 0x0000000744b00000, 0x0000000795580000)
  object space 76800K, 22% used [0x0000000740000000,0x00000007410de870,0x0000000744b00000)
 Metaspace       used 20967K, capacity 21143K, committed 21296K, reserved 1069056K
  class space    used 2038K, capacity 2112K, committed 2176K, reserved 1048576K
}
Event: 9.545 GC heap before
{Heap before GC invocations=7 (full 1):
 PSYoungGen      total 37888K, used 32768K [0x0000000795580000, 0x0000000799180000, 0x00000007c0000000)
  eden space 32768K, 100% used [0x0000000795580000,0x0000000797580000,0x0000000797580000)
  from space 5120K, 0% used [0x0000000797600000,0x0000000797600000,0x0000000797b00000)
  to   space 14336K, 0% used [0x0000000798380000,0x0000000798380000,0x0000000799180000)
 ParOldGen       total 76800K, used 17274K [0x0000000740000000, 0x0000000744b00000, 0x0000000795580000)
  object space 76800K, 22% used [0x0000000740000000,0x00000007410de870,0x0000000744b00000)
 Metaspace       used 21015K, capacity 21207K, committed 21552K, reserved 1069056K
  class space    used 2038K, capacity 2112K, committed 2176K, reserved 1048576K
Event: 9.548 GC heap after
Heap after GC invocations=7 (full 1):
 PSYoungGen      total 47616K, used 5536K [0x0000000795580000, 0x0000000799f00000, 0x00000007c0000000)
  eden space 33280K, 0% used [0x0000000795580000,0x0000000795580000,0x0000000797600000)
  from space 14336K, 38% used [0x0000000798380000,0x00000007988e8150,0x0000000799180000)
  to   space 13824K, 0% used [0x0000000797600000,0x0000000797600000,0x0000000798380000)
 ParOldGen       total 76800K, used 17282K [0x0000000740000000, 0x0000000744b00000, 0x0000000795580000)
  object space 76800K, 22% used [0x0000000740000000,0x00000007410e0870,0x0000000744b00000)
 Metaspace       used 21015K, capacity 21207K, committed 21552K, reserved 1069056K
  class space    used 2038K, capacity 2112K, committed 2176K, reserved 1048576K
}
Event: 10.342 GC heap before
{Heap before GC invocations=8 (full 1):
 PSYoungGen      total 47616K, used 38816K [0x0000000795580000, 0x0000000799f00000, 0x00000007c0000000)
  eden space 33280K, 100% used [0x0000000795580000,0x0000000797600000,0x0000000797600000)
  from space 14336K, 38% used [0x0000000798380000,0x00000007988e8150,0x0000000799180000)
  to   space 13824K, 0% used [0x0000000797600000,0x0000000797600000,0x0000000798380000)
 ParOldGen       total 76800K, used 17282K [0x0000000740000000, 0x0000000744b00000, 0x0000000795580000)
  object space 76800K, 22% used [0x0000000740000000,0x00000007410e0870,0x0000000744b00000)
 Metaspace       used 21112K, capacity 21335K, committed 21552K, reserved 1069056K
  class space    used 2038K, capacity 2112K, committed 2176K, reserved 1048576K
Event: 10.346 GC heap after
Heap after GC invocations=8 (full 1):
 PSYoungGen      total 47104K, used 11472K [0x0000000795580000, 0x000000079a180000, 0x00000007c0000000)
  eden space 33280K, 0% used [0x0000000795580000,0x0000000795580000,0x0000000797600000)
  from space 13824K, 82% used [0x0000000797600000,0x00000007981342d0,0x0000000798380000)
  to   space 14848K, 0% used [0x0000000799300000,0x0000000799300000,0x000000079a180000)
 ParOldGen       total 76800K, used 17290K [0x0000000740000000, 0x0000000744b00000, 0x0000000795580000)
  object space 76800K, 22% used [0x0000000740000000,0x00000007410e2870,0x0000000744b00000)
 Metaspace       used 21112K, capacity 21335K, committed 21552K, reserved 1069056K
  class space    used 2038K, capacity 2112K, committed 2176K, reserved 1048576K
}

