# JRE version: Java(TM) SE Runtime Environment (8.0_91-b14) (build 1.8.0_91-b14)
# Java VM: Java HotSpot(TM) 64-Bit Server VM (25.91-b14 mixed mode bsd-amd64 compressed oops)
Heap:
 PSYoungGen      total 292864K, used 23811K [0x0000000795580000, 0x00000007a8f80000, 0x00000007c0000000)
  eden space 266240K, 5% used [0x0000000795580000,0x00000007962bd8a0,0x00000007a5980000)
  from space 26624K, 38% used [0x00000007a7580000,0x00000007a7f83530,0x00000007a8f80000)
  to   space 27648K, 0% used [0x00000007a5980000,0x00000007a5980000,0x00000007a7480000)
 ParOldGen       total 87552K, used 54354K [0x0000000740000000, 0x0000000745580000, 0x0000000795580000)
  object space 87552K, 62% used [0x0000000740000000,0x0000000743514a30,0x0000000745580000)
 Metaspace       used 19023K, capacity 19193K, committed 19456K, reserved 1067008K
  class space    used 1900K, capacity 1981K, committed 2048K, reserved 1048576K
GC Heap History (10 events):
Event: 3.644 GC heap before
{Heap before GC invocations=4 (full 0):
 PSYoungGen      total 38400K, used 38371K [0x0000000795580000, 0x000000079a080000, 0x00000007c0000000)
  eden space 33280K, 100% used [0x0000000795580000,0x0000000797600000,0x0000000797600000)
  from space 5120K, 99% used [0x0000000797600000,0x0000000797af8fc0,0x0000000797b00000)
  to   space 5120K, 0% used [0x0000000799b80000,0x0000000799b80000,0x000000079a080000)
 ParOldGen       total 87552K, used 20042K [0x0000000740000000, 0x0000000745580000, 0x0000000795580000)
  object space 87552K, 22% used [0x0000000740000000,0x0000000741392b48,0x0000000745580000)
 Metaspace       used 17584K, capacity 17779K, committed 18048K, reserved 1064960K
  class space    used 1780K, capacity 1852K, committed 1920K, reserved 1048576K
Event: 3.667 GC heap after
Heap after GC invocations=4 (full 0):
 PSYoungGen      total 71680K, used 5095K [0x0000000795580000, 0x000000079a080000, 0x00000007c0000000)
  eden space 66560K, 0% used [0x0000000795580000,0x0000000795580000,0x0000000799680000)
  from space 5120K, 99% used [0x0000000799b80000,0x000000079a079df0,0x000000079a080000)
  to   space 5120K, 0% used [0x0000000799680000,0x0000000799680000,0x0000000799b80000)
 ParOldGen       total 87552K, used 32930K [0x0000000740000000, 0x0000000745580000, 0x0000000795580000)
  object space 87552K, 37% used [0x0000000740000000,0x0000000742028b48,0x0000000745580000)
 Metaspace       used 17584K, capacity 17779K, committed 18048K, reserved 1064960K
  class space    used 1780K, capacity 1852K, committed 1920K, reserved 1048576K
}
Event: 4.115 GC heap before
{Heap before GC invocations=5 (full 0):
 PSYoungGen      total 71680K, used 71655K [0x0000000795580000, 0x000000079a080000, 0x00000007c0000000)
  eden space 66560K, 100% used [0x0000000795580000,0x0000000799680000,0x0000000799680000)
  from space 5120K, 99% used [0x0000000799b80000,0x000000079a079df0,0x000000079a080000)
  to   space 5120K, 0% used [0x0000000799680000,0x0000000799680000,0x0000000799b80000)
 ParOldGen       total 87552K, used 32930K [0x0000000740000000, 0x0000000745580000, 0x0000000795580000)
  object space 87552K, 37% used [0x0000000740000000,0x0000000742028b48,0x0000000745580000)
 Metaspace       used 18130K, capacity 18355K, committed 18560K, reserved 1067008K
  class space    used 1815K, capacity 1916K, committed 1920K, reserved 1048576K
Event: 4.144 GC heap after
Heap after GC invocations=5 (full 0):
 PSYoungGen      total 71680K, used 5100K [0x0000000795580000, 0x00000007a1280000, 0x00000007c0000000)
  eden space 66560K, 0% used [0x0000000795580000,0x0000000795580000,0x0000000799680000)
  from space 5120K, 99% used [0x0000000799680000,0x0000000799b7b380,0x0000000799b80000)
  to   space 30208K, 0% used [0x000000079f500000,0x000000079f500000,0x00000007a1280000)
 ParOldGen       total 87552K, used 52863K [0x0000000740000000, 0x0000000745580000, 0x0000000795580000)
  object space 87552K, 60% used [0x0000000740000000,0x000000074339fd40,0x0000000745580000)
 Metaspace       used 18130K, capacity 18355K, committed 18560K, reserved 1067008K
  class space    used 1815K, capacity 1916K, committed 1920K, reserved 1048576K
}
Event: 4.523 GC heap before
{Heap before GC invocations=6 (full 0):
 PSYoungGen      total 71680K, used 71660K [0x0000000795580000, 0x00000007a1280000, 0x00000007c0000000)
  eden space 66560K, 100% used [0x0000000795580000,0x0000000799680000,0x0000000799680000)
  from space 5120K, 99% used [0x0000000799680000,0x0000000799b7b380,0x0000000799b80000)
  to   space 30208K, 0% used [0x000000079f500000,0x000000079f500000,0x00000007a1280000)
 ParOldGen       total 87552K, used 52863K [0x0000000740000000, 0x0000000745580000, 0x0000000795580000)
  object space 87552K, 60% used [0x0000000740000000,0x000000074339fd40,0x0000000745580000)
 Metaspace       used 18668K, capacity 18899K, committed 19200K, reserved 1067008K
  class space    used 1868K, capacity 1948K, committed 2048K, reserved 1048576K
Event: 4.537 GC heap after
Heap after GC invocations=6 (full 0):
 PSYoungGen      total 162304K, used 8525K [0x0000000795580000, 0x00000007a1180000, 0x00000007c0000000)
  eden space 133120K, 0% used [0x0000000795580000,0x0000000795580000,0x000000079d780000)
  from space 29184K, 29% used [0x000000079f500000,0x000000079fd53470,0x00000007a1180000)
  to   space 29696K, 0% used [0x000000079d780000,0x000000079d780000,0x000000079f480000)
 ParOldGen       total 87552K, used 52871K [0x0000000740000000, 0x0000000745580000, 0x0000000795580000)
  object space 87552K, 60% used [0x0000000740000000,0x00000007433a1d40,0x0000000745580000)
 Metaspace       used 18668K, capacity 18899K, committed 19200K, reserved 1067008K
  class space    used 1868K, capacity 1948K, committed 2048K, reserved 1048576K
}
Event: 5.263 GC heap before
{Heap before GC invocations=7 (full 0):
 PSYoungGen      total 162304K, used 141645K [0x0000000795580000, 0x00000007a1180000, 0x00000007c0000000)
  eden space 133120K, 100% used [0x0000000795580000,0x000000079d780000,0x000000079d780000)
  from space 29184K, 29% used [0x000000079f500000,0x000000079fd53470,0x00000007a1180000)
  to   space 29696K, 0% used [0x000000079d780000,0x000000079d780000,0x000000079f480000)
 ParOldGen       total 87552K, used 52871K [0x0000000740000000, 0x0000000745580000, 0x0000000795580000)
  object space 87552K, 60% used [0x0000000740000000,0x00000007433a1d40,0x0000000745580000)
 Metaspace       used 18737K, capacity 18905K, committed 19200K, reserved 1067008K
  class space    used 1874K, capacity 1949K, committed 2048K, reserved 1048576K
Event: 5.278 GC heap after
Heap after GC invocations=7 (full 0):
 PSYoungGen      total 162816K, used 10477K [0x0000000795580000, 0x00000007a9180000, 0x00000007c0000000)
  eden space 133120K, 0% used [0x0000000795580000,0x0000000795580000,0x000000079d780000)
  from space 29696K, 35% used [0x000000079d780000,0x000000079e1bb530,0x000000079f480000)
  to   space 28672K, 0% used [0x00000007a7580000,0x00000007a7580000,0x00000007a9180000)
 ParOldGen       total 87552K, used 54090K [0x0000000740000000, 0x0000000745580000, 0x0000000795580000)
  object space 87552K, 61% used [0x0000000740000000,0x00000007434d2a30,0x0000000745580000)
 Metaspace       used 18737K, capacity 18905K, committed 19200K, reserved 1067008K
  class space    used 1874K, capacity 1949K, committed 2048K, reserved 1048576K
}
Event: 6.019 GC heap before
{Heap before GC invocations=8 (full 0):
 PSYoungGen      total 162816K, used 143597K [0x0000000795580000, 0x00000007a9180000, 0x00000007c0000000)
  eden space 133120K, 100% used [0x0000000795580000,0x000000079d780000,0x000000079d780000)
  from space 29696K, 35% used [0x000000079d780000,0x000000079e1bb530,0x000000079f480000)
  to   space 28672K, 0% used [0x00000007a7580000,0x00000007a7580000,0x00000007a9180000)
 ParOldGen       total 87552K, used 54090K [0x0000000740000000, 0x0000000745580000, 0x0000000795580000)
  object space 87552K, 61% used [0x0000000740000000,0x00000007434d2a30,0x0000000745580000)
 Metaspace       used 18794K, capacity 18969K, committed 19200K, reserved 1067008K
  class space    used 1874K, capacity 1949K, committed 2048K, reserved 1048576K
Event: 6.031 GC heap after
Heap after GC invocations=8 (full 0):
 PSYoungGen      total 292864K, used 10253K [0x0000000795580000, 0x00000007a8f80000, 0x00000007c0000000)
  eden space 266240K, 0% used [0x0000000795580000,0x0000000795580000,0x00000007a5980000)
  from space 26624K, 38% used [0x00000007a7580000,0x00000007a7f83530,0x00000007a8f80000)
  to   space 27648K, 0% used [0x00000007a5980000,0x00000007a5980000,0x00000007a7480000)
 ParOldGen       total 87552K, used 54354K [0x0000000740000000, 0x0000000745580000, 0x0000000795580000)
  object space 87552K, 62% used [0x0000000740000000,0x0000000743514a30,0x0000000745580000)
 Metaspace       used 18794K, capacity 18969K, committed 19200K, reserved 1067008K
  class space    used 1874K, capacity 1949K, committed 2048K, reserved 1048576K
}

