# JRE version: Java(TM) SE Runtime Environment (8.0_91-b14) (build 1.8.0_91-b14)
# Java VM: Java HotSpot(TM) 64-Bit Server VM (25.91-b14 mixed mode bsd-amd64 compressed oops)
Heap:
 PSYoungGen      total 108544K, used 78629K [0x0000000795580000, 0x00000007be480000, 0x00000007c0000000)
  eden space 108032K, 72% used [0x0000000795580000,0x000000079a231618,0x000000079bf00000)
  from space 512K, 18% used [0x00000007be400000,0x00000007be418000,0x00000007be480000)
  to   space 512K, 0% used [0x00000007be380000,0x00000007be380000,0x00000007be400000)
 ParOldGen       total 120832K, used 53195K [0x0000000740000000, 0x0000000747600000, 0x0000000795580000)
  object space 120832K, 44% used [0x0000000740000000,0x00000007433f2dc8,0x0000000747600000)
 Metaspace       used 19620K, capacity 19779K, committed 19968K, reserved 1067008K
  class space    used 1900K, capacity 1982K, committed 2048K, reserved 1048576K
GC Heap History (10 events):
Event: 404.004 GC heap before
{Heap before GC invocations=121 (full 1):
 PSYoungGen      total 117248K, used 116800K [0x0000000795580000, 0x00000007be480000, 0x00000007c0000000)
  eden space 116736K, 100% used [0x0000000795580000,0x000000079c780000,0x000000079c780000)
  from space 512K, 12% used [0x00000007be380000,0x00000007be390000,0x00000007be400000)
  to   space 512K, 0% used [0x00000007be400000,0x00000007be400000,0x00000007be480000)
 ParOldGen       total 120832K, used 53195K [0x0000000740000000, 0x0000000747600000, 0x0000000795580000)
  object space 120832K, 44% used [0x0000000740000000,0x00000007433f2dc8,0x0000000747600000)
 Metaspace       used 19591K, capacity 19779K, committed 19968K, reserved 1067008K
  class space    used 1893K, capacity 1982K, committed 2048K, reserved 1048576K
Event: 404.015 GC heap after
Heap after GC invocations=121 (full 1):
 PSYoungGen      total 124416K, used 96K [0x0000000795580000, 0x00000007be480000, 0x00000007c0000000)
  eden space 123904K, 0% used [0x0000000795580000,0x0000000795580000,0x000000079ce80000)
  from space 512K, 18% used [0x00000007be400000,0x00000007be418000,0x00000007be480000)
  to   space 512K, 0% used [0x00000007be380000,0x00000007be380000,0x00000007be400000)
 ParOldGen       total 120832K, used 53195K [0x0000000740000000, 0x0000000747600000, 0x0000000795580000)
  object space 120832K, 44% used [0x0000000740000000,0x00000007433f2dc8,0x0000000747600000)
 Metaspace       used 19591K, capacity 19779K, committed 19968K, reserved 1067008K
  class space    used 1893K, capacity 1982K, committed 2048K, reserved 1048576K
}
Event: 405.457 GC heap before
{Heap before GC invocations=122 (full 1):
 PSYoungGen      total 124416K, used 124000K [0x0000000795580000, 0x00000007be480000, 0x00000007c0000000)
  eden space 123904K, 100% used [0x0000000795580000,0x000000079ce80000,0x000000079ce80000)
  from space 512K, 18% used [0x00000007be400000,0x00000007be418000,0x00000007be480000)
  to   space 512K, 0% used [0x00000007be380000,0x00000007be380000,0x00000007be400000)
 ParOldGen       total 120832K, used 53195K [0x0000000740000000, 0x0000000747600000, 0x0000000795580000)
  object space 120832K, 44% used [0x0000000740000000,0x00000007433f2dc8,0x0000000747600000)
 Metaspace       used 19591K, capacity 19779K, committed 19968K, reserved 1067008K
  class space    used 1893K, capacity 1982K, committed 2048K, reserved 1048576K
Event: 405.458 GC heap after
Heap after GC invocations=122 (full 1):
 PSYoungGen      total 120320K, used 64K [0x0000000795580000, 0x00000007be480000, 0x00000007c0000000)
  eden space 119808K, 0% used [0x0000000795580000,0x0000000795580000,0x000000079ca80000)
  from space 512K, 12% used [0x00000007be380000,0x00000007be390000,0x00000007be400000)
  to   space 512K, 0% used [0x00000007be400000,0x00000007be400000,0x00000007be480000)
 ParOldGen       total 120832K, used 53195K [0x0000000740000000, 0x0000000747600000, 0x0000000795580000)
  object space 120832K, 44% used [0x0000000740000000,0x00000007433f2dc8,0x0000000747600000)
 Metaspace       used 19591K, capacity 19779K, committed 19968K, reserved 1067008K
  class space    used 1893K, capacity 1982K, committed 2048K, reserved 1048576K
}
Event: 406.951 GC heap before
{Heap before GC invocations=123 (full 1):
 PSYoungGen      total 120320K, used 119872K [0x0000000795580000, 0x00000007be480000, 0x00000007c0000000)
  eden space 119808K, 100% used [0x0000000795580000,0x000000079ca80000,0x000000079ca80000)
  from space 512K, 12% used [0x00000007be380000,0x00000007be390000,0x00000007be400000)
  to   space 512K, 0% used [0x00000007be400000,0x00000007be400000,0x00000007be480000)
 ParOldGen       total 120832K, used 53195K [0x0000000740000000, 0x0000000747600000, 0x0000000795580000)
  object space 120832K, 44% used [0x0000000740000000,0x00000007433f2dc8,0x0000000747600000)
 Metaspace       used 19591K, capacity 19779K, committed 19968K, reserved 1067008K
  class space    used 1893K, capacity 1982K, committed 2048K, reserved 1048576K
Event: 406.957 GC heap after
Heap after GC invocations=123 (full 1):
 PSYoungGen      total 116224K, used 96K [0x0000000795580000, 0x00000007be480000, 0x00000007c0000000)
  eden space 115712K, 0% used [0x0000000795580000,0x0000000795580000,0x000000079c680000)
  from space 512K, 18% used [0x00000007be400000,0x00000007be418000,0x00000007be480000)
  to   space 512K, 0% used [0x00000007be380000,0x00000007be380000,0x00000007be400000)
 ParOldGen       total 120832K, used 53195K [0x0000000740000000, 0x0000000747600000, 0x0000000795580000)
  object space 120832K, 44% used [0x0000000740000000,0x00000007433f2dc8,0x0000000747600000)
 Metaspace       used 19591K, capacity 19779K, committed 19968K, reserved 1067008K
  class space    used 1893K, capacity 1982K, committed 2048K, reserved 1048576K
}
Event: 408.118 GC heap before
{Heap before GC invocations=124 (full 1):
 PSYoungGen      total 116224K, used 115808K [0x0000000795580000, 0x00000007be480000, 0x00000007c0000000)
  eden space 115712K, 100% used [0x0000000795580000,0x000000079c680000,0x000000079c680000)
  from space 512K, 18% used [0x00000007be400000,0x00000007be418000,0x00000007be480000)
  to   space 512K, 0% used [0x00000007be380000,0x00000007be380000,0x00000007be400000)
 ParOldGen       total 120832K, used 53195K [0x0000000740000000, 0x0000000747600000, 0x0000000795580000)
  object space 120832K, 44% used [0x0000000740000000,0x00000007433f2dc8,0x0000000747600000)
 Metaspace       used 19591K, capacity 19779K, committed 19968K, reserved 1067008K
  class space    used 1893K, capacity 1982K, committed 2048K, reserved 1048576K
Event: 408.120 GC heap after
Heap after GC invocations=124 (full 1):
 PSYoungGen      total 112128K, used 96K [0x0000000795580000, 0x00000007be480000, 0x00000007c0000000)
  eden space 111616K, 0% used [0x0000000795580000,0x0000000795580000,0x000000079c280000)
  from space 512K, 18% used [0x00000007be380000,0x00000007be398000,0x00000007be400000)
  to   space 512K, 0% used [0x00000007be400000,0x00000007be400000,0x00000007be480000)
 ParOldGen       total 120832K, used 53195K [0x0000000740000000, 0x0000000747600000, 0x0000000795580000)
  object space 120832K, 44% used [0x0000000740000000,0x00000007433f2dc8,0x0000000747600000)
 Metaspace       used 19591K, capacity 19779K, committed 19968K, reserved 1067008K
  class space    used 1893K, capacity 1982K, committed 2048K, reserved 1048576K
}
Event: 409.155 GC heap before
{Heap before GC invocations=125 (full 1):
 PSYoungGen      total 112128K, used 111712K [0x0000000795580000, 0x00000007be480000, 0x00000007c0000000)
  eden space 111616K, 100% used [0x0000000795580000,0x000000079c280000,0x000000079c280000)
  from space 512K, 18% used [0x00000007be380000,0x00000007be398000,0x00000007be400000)
  to   space 512K, 0% used [0x00000007be400000,0x00000007be400000,0x00000007be480000)
 ParOldGen       total 120832K, used 53195K [0x0000000740000000, 0x0000000747600000, 0x0000000795580000)
  object space 120832K, 44% used [0x0000000740000000,0x00000007433f2dc8,0x0000000747600000)
 Metaspace       used 19591K, capacity 19779K, committed 19968K, reserved 1067008K
  class space    used 1893K, capacity 1982K, committed 2048K, reserved 1048576K
Event: 409.156 GC heap after
Heap after GC invocations=125 (full 1):
 PSYoungGen      total 108544K, used 96K [0x0000000795580000, 0x00000007be480000, 0x00000007c0000000)
  eden space 108032K, 0% used [0x0000000795580000,0x0000000795580000,0x000000079bf00000)
  from space 512K, 18% used [0x00000007be400000,0x00000007be418000,0x00000007be480000)
  to   space 512K, 0% used [0x00000007be380000,0x00000007be380000,0x00000007be400000)
 ParOldGen       total 120832K, used 53195K [0x0000000740000000, 0x0000000747600000, 0x0000000795580000)
  object space 120832K, 44% used [0x0000000740000000,0x00000007433f2dc8,0x0000000747600000)
 Metaspace       used 19591K, capacity 19779K, committed 19968K, reserved 1067008K
  class space    used 1893K, capacity 1982K, committed 2048K, reserved 1048576K
}

