# JRE version: Java(TM) SE Runtime Environment (8.0_91-b14) (build 1.8.0_91-b14)
# Java VM: Java HotSpot(TM) 64-Bit Server VM (25.91-b14 mixed mode bsd-amd64 compressed oops)
Heap:
 PSYoungGen      total 38400K, used 32212K [0x0000000795580000, 0x0000000798d00000, 0x00000007c0000000)
  eden space 29184K, 80% used [0x0000000795580000,0x0000000796c64df0,0x0000000797200000)
  from space 9216K, 95% used [0x0000000797280000,0x0000000797b10230,0x0000000797b80000)
  to   space 13824K, 0% used [0x0000000797f80000,0x0000000797f80000,0x0000000798d00000)
 ParOldGen       total 81920K, used 22424K [0x0000000740000000, 0x0000000745000000, 0x0000000795580000)
  object space 81920K, 27% used [0x0000000740000000,0x00000007415e6338,0x0000000745000000)
 Metaspace       used 21315K, capacity 21527K, committed 21808K, reserved 1069056K
  class space    used 2050K, capacity 2112K, committed 2176K, reserved 1048576K
GC Heap History (10 events):
Event: 15.277 GC heap before
{Heap before GC invocations=8 (full 1):
 PSYoungGen      total 44032K, used 31360K [0x0000000795580000, 0x0000000799e80000, 0x00000007c0000000)
  eden space 31232K, 100% used [0x0000000795580000,0x0000000797400000,0x0000000797400000)
  from space 12800K, 1% used [0x0000000798200000,0x0000000798220000,0x0000000798e80000)
  to   space 14336K, 0% used [0x0000000797400000,0x0000000797400000,0x0000000798200000)
 ParOldGen       total 81920K, used 22408K [0x0000000740000000, 0x0000000745000000, 0x0000000795580000)
  object space 81920K, 27% used [0x0000000740000000,0x00000007415e2338,0x0000000745000000)
 Metaspace       used 21234K, capacity 21463K, committed 21808K, reserved 1069056K
  class space    used 2043K, capacity 2112K, committed 2176K, reserved 1048576K
Event: 15.278 GC heap after
Heap after GC invocations=8 (full 1):
 PSYoungGen      total 45568K, used 2864K [0x0000000795580000, 0x0000000799a80000, 0x00000007c0000000)
  eden space 31232K, 0% used [0x0000000795580000,0x0000000795580000,0x0000000797400000)
  from space 14336K, 19% used [0x0000000797400000,0x00000007976cc0d0,0x0000000798200000)
  to   space 14336K, 0% used [0x0000000798c80000,0x0000000798c80000,0x0000000799a80000)
 ParOldGen       total 81920K, used 22416K [0x0000000740000000, 0x0000000745000000, 0x0000000795580000)
  object space 81920K, 27% used [0x0000000740000000,0x00000007415e4338,0x0000000745000000)
 Metaspace       used 21234K, capacity 21463K, committed 21808K, reserved 1069056K
  class space    used 2043K, capacity 2112K, committed 2176K, reserved 1048576K
}
Event: 19.045 GC heap before
{Heap before GC invocations=9 (full 1):
 PSYoungGen      total 45568K, used 34096K [0x0000000795580000, 0x0000000799a80000, 0x00000007c0000000)
  eden space 31232K, 100% used [0x0000000795580000,0x0000000797400000,0x0000000797400000)
  from space 14336K, 19% used [0x0000000797400000,0x00000007976cc0d0,0x0000000798200000)
  to   space 14336K, 0% used [0x0000000798c80000,0x0000000798c80000,0x0000000799a80000)
 ParOldGen       total 81920K, used 22416K [0x0000000740000000, 0x0000000745000000, 0x0000000795580000)
  object space 81920K, 27% used [0x0000000740000000,0x00000007415e4338,0x0000000745000000)
 Metaspace       used 21239K, capacity 21463K, committed 21808K, reserved 1069056K
  class space    used 2043K, capacity 2112K, committed 2176K, reserved 1048576K
Event: 19.048 GC heap after
Heap after GC invocations=9 (full 1):
 PSYoungGen      total 34816K, used 3952K [0x0000000795580000, 0x0000000799080000, 0x00000007c0000000)
  eden space 30720K, 0% used [0x0000000795580000,0x0000000795580000,0x0000000797380000)
  from space 4096K, 96% used [0x0000000798c80000,0x000000079905c110,0x0000000799080000)
  to   space 14336K, 0% used [0x0000000797480000,0x0000000797480000,0x0000000798280000)
 ParOldGen       total 81920K, used 22416K [0x0000000740000000, 0x0000000745000000, 0x0000000795580000)
  object space 81920K, 27% used [0x0000000740000000,0x00000007415e4338,0x0000000745000000)
 Metaspace       used 21239K, capacity 21463K, committed 21808K, reserved 1069056K
  class space    used 2043K, capacity 2112K, committed 2176K, reserved 1048576K
}
Event: 22.979 GC heap before
{Heap before GC invocations=10 (full 1):
 PSYoungGen      total 34816K, used 34672K [0x0000000795580000, 0x0000000799080000, 0x00000007c0000000)
  eden space 30720K, 100% used [0x0000000795580000,0x0000000797380000,0x0000000797380000)
  from space 4096K, 96% used [0x0000000798c80000,0x000000079905c110,0x0000000799080000)
  to   space 14336K, 0% used [0x0000000797480000,0x0000000797480000,0x0000000798280000)
 ParOldGen       total 81920K, used 22416K [0x0000000740000000, 0x0000000745000000, 0x0000000795580000)
  object space 81920K, 27% used [0x0000000740000000,0x00000007415e4338,0x0000000745000000)
 Metaspace       used 21248K, capacity 21463K, committed 21808K, reserved 1069056K
  class space    used 2043K, capacity 2112K, committed 2176K, reserved 1048576K
Event: 22.981 GC heap after
Heap after GC invocations=10 (full 1):
 PSYoungGen      total 34816K, used 4480K [0x0000000795580000, 0x0000000798e00000, 0x00000007c0000000)
  eden space 30208K, 0% used [0x0000000795580000,0x0000000795580000,0x0000000797300000)
  from space 4608K, 97% used [0x0000000797480000,0x00000007978e0120,0x0000000797900000)
  to   space 13824K, 0% used [0x0000000798080000,0x0000000798080000,0x0000000798e00000)
 ParOldGen       total 81920K, used 22416K [0x0000000740000000, 0x0000000745000000, 0x0000000795580000)
  object space 81920K, 27% used [0x0000000740000000,0x00000007415e4338,0x0000000745000000)
 Metaspace       used 21248K, capacity 21463K, committed 21808K, reserved 1069056K
  class space    used 2043K, capacity 2112K, committed 2176K, reserved 1048576K
}
Event: 24.802 GC heap before
{Heap before GC invocations=11 (full 1):
 PSYoungGen      total 34816K, used 34688K [0x0000000795580000, 0x0000000798e00000, 0x00000007c0000000)
  eden space 30208K, 100% used [0x0000000795580000,0x0000000797300000,0x0000000797300000)
  from space 4608K, 97% used [0x0000000797480000,0x00000007978e0120,0x0000000797900000)
  to   space 13824K, 0% used [0x0000000798080000,0x0000000798080000,0x0000000798e00000)
 ParOldGen       total 81920K, used 22416K [0x0000000740000000, 0x0000000745000000, 0x0000000795580000)
  object space 81920K, 27% used [0x0000000740000000,0x00000007415e4338,0x0000000745000000)
 Metaspace       used 21278K, capacity 21463K, committed 21808K, reserved 1069056K
  class space    used 2043K, capacity 2112K, committed 2176K, reserved 1048576K
Event: 24.807 GC heap after
Heap after GC invocations=11 (full 1):
 PSYoungGen      total 43008K, used 8800K [0x0000000795580000, 0x0000000798d80000, 0x00000007c0000000)
  eden space 29696K, 0% used [0x0000000795580000,0x0000000795580000,0x0000000797280000)
  from space 13312K, 66% used [0x0000000798080000,0x0000000798918230,0x0000000798d80000)
  to   space 13824K, 0% used [0x0000000797280000,0x0000000797280000,0x0000000798000000)
 ParOldGen       total 81920K, used 22416K [0x0000000740000000, 0x0000000745000000, 0x0000000795580000)
  object space 81920K, 27% used [0x0000000740000000,0x00000007415e4338,0x0000000745000000)
 Metaspace       used 21278K, capacity 21463K, committed 21808K, reserved 1069056K
  class space    used 2043K, capacity 2112K, committed 2176K, reserved 1048576K
}
Event: 27.702 GC heap before
{Heap before GC invocations=12 (full 1):
 PSYoungGen      total 43008K, used 38496K [0x0000000795580000, 0x0000000798d80000, 0x00000007c0000000)
  eden space 29696K, 100% used [0x0000000795580000,0x0000000797280000,0x0000000797280000)
  from space 13312K, 66% used [0x0000000798080000,0x0000000798918230,0x0000000798d80000)
  to   space 13824K, 0% used [0x0000000797280000,0x0000000797280000,0x0000000798000000)
 ParOldGen       total 81920K, used 22416K [0x0000000740000000, 0x0000000745000000, 0x0000000795580000)
  object space 81920K, 27% used [0x0000000740000000,0x00000007415e4338,0x0000000745000000)
 Metaspace       used 21280K, capacity 21463K, committed 21808K, reserved 1069056K
  class space    used 2043K, capacity 2112K, committed 2176K, reserved 1048576K
Event: 27.705 GC heap after
Heap after GC invocations=12 (full 1):
 PSYoungGen      total 38400K, used 8768K [0x0000000795580000, 0x0000000798d00000, 0x00000007c0000000)
  eden space 29184K, 0% used [0x0000000795580000,0x0000000795580000,0x0000000797200000)
  from space 9216K, 95% used [0x0000000797280000,0x0000000797b10230,0x0000000797b80000)
  to   space 13824K, 0% used [0x0000000797f80000,0x0000000797f80000,0x0000000798d00000)
 ParOldGen       total 81920K, used 22424K [0x0000000740000000, 0x0000000745000000, 0x0000000795580000)
  object space 81920K, 27% used [0x0000000740000000,0x00000007415e6338,0x0000000745000000)
 Metaspace       used 21280K, capacity 21463K, committed 21808K, reserved 1069056K
  class space    used 2043K, capacity 2112K, committed 2176K, reserved 1048576K
}

