# JRE version: Java(TM) SE Runtime Environment (8.0_91-b14) (build 1.8.0_91-b14)
# Java VM: Java HotSpot(TM) 64-Bit Server VM (25.91-b14 mixed mode bsd-amd64 compressed oops)
Heap:
 PSYoungGen      total 24576K, used 15766K [0x0000000795580000, 0x0000000796e80000, 0x00000007c0000000)
  eden space 24064K, 65% used [0x0000000795580000,0x00000007964cdae0,0x0000000796d00000)
  from space 512K, 18% used [0x0000000796e00000,0x0000000796e18000,0x0000000796e80000)
  to   space 512K, 0% used [0x0000000796d80000,0x0000000796d80000,0x0000000796e00000)
 ParOldGen       total 87552K, used 45443K [0x0000000740000000, 0x0000000745580000, 0x0000000795580000)
  object space 87552K, 51% used [0x0000000740000000,0x0000000742c60df8,0x0000000745580000)
 Metaspace       used 20901K, capacity 21119K, committed 21296K, reserved 1069056K
  class space    used 2013K, capacity 2110K, committed 2176K, reserved 1048576K
GC Heap History (10 events):
Event: 3032.566 GC heap before
{Heap before GC invocations=474 (full 0):
 PSYoungGen      total 24576K, used 24192K [0x0000000795580000, 0x0000000796e80000, 0x00000007c0000000)
  eden space 24064K, 100% used [0x0000000795580000,0x0000000796d00000,0x0000000796d00000)
  from space 512K, 25% used [0x0000000796d80000,0x0000000796da0000,0x0000000796e00000)
  to   space 512K, 0% used [0x0000000796e00000,0x0000000796e00000,0x0000000796e80000)
 ParOldGen       total 87552K, used 45443K [0x0000000740000000, 0x0000000745580000, 0x0000000795580000)
  object space 87552K, 51% used [0x0000000740000000,0x0000000742c60df8,0x0000000745580000)
 Metaspace       used 20866K, capacity 21087K, committed 21296K, reserved 1069056K
  class space    used 2005K, capacity 2078K, committed 2176K, reserved 1048576K
Event: 3032.567 GC heap after
Heap after GC invocations=474 (full 0):
 PSYoungGen      total 24576K, used 64K [0x0000000795580000, 0x0000000796e80000, 0x00000007c0000000)
  eden space 24064K, 0% used [0x0000000795580000,0x0000000795580000,0x0000000796d00000)
  from space 512K, 12% used [0x0000000796e00000,0x0000000796e10000,0x0000000796e80000)
  to   space 512K, 0% used [0x0000000796d80000,0x0000000796d80000,0x0000000796e00000)
 ParOldGen       total 87552K, used 45443K [0x0000000740000000, 0x0000000745580000, 0x0000000795580000)
  object space 87552K, 51% used [0x0000000740000000,0x0000000742c60df8,0x0000000745580000)
 Metaspace       used 20866K, capacity 21087K, committed 21296K, reserved 1069056K
  class space    used 2005K, capacity 2078K, committed 2176K, reserved 1048576K
}
Event: 3039.004 GC heap before
{Heap before GC invocations=475 (full 0):
 PSYoungGen      total 24576K, used 24128K [0x0000000795580000, 0x0000000796e80000, 0x00000007c0000000)
  eden space 24064K, 100% used [0x0000000795580000,0x0000000796d00000,0x0000000796d00000)
  from space 512K, 12% used [0x0000000796e00000,0x0000000796e10000,0x0000000796e80000)
  to   space 512K, 0% used [0x0000000796d80000,0x0000000796d80000,0x0000000796e00000)
 ParOldGen       total 87552K, used 45443K [0x0000000740000000, 0x0000000745580000, 0x0000000795580000)
  object space 87552K, 51% used [0x0000000740000000,0x0000000742c60df8,0x0000000745580000)
 Metaspace       used 20866K, capacity 21087K, committed 21296K, reserved 1069056K
  class space    used 2005K, capacity 2078K, committed 2176K, reserved 1048576K
Event: 3039.005 GC heap after
Heap after GC invocations=475 (full 0):
 PSYoungGen      total 24576K, used 64K [0x0000000795580000, 0x0000000796e80000, 0x00000007c0000000)
  eden space 24064K, 0% used [0x0000000795580000,0x0000000795580000,0x0000000796d00000)
  from space 512K, 12% used [0x0000000796d80000,0x0000000796d90000,0x0000000796e00000)
  to   space 512K, 0% used [0x0000000796e00000,0x0000000796e00000,0x0000000796e80000)
 ParOldGen       total 87552K, used 45443K [0x0000000740000000, 0x0000000745580000, 0x0000000795580000)
  object space 87552K, 51% used [0x0000000740000000,0x0000000742c60df8,0x0000000745580000)
 Metaspace       used 20866K, capacity 21087K, committed 21296K, reserved 1069056K
  class space    used 2005K, capacity 2078K, committed 2176K, reserved 1048576K
}
Event: 3045.442 GC heap before
{Heap before GC invocations=476 (full 0):
 PSYoungGen      total 24576K, used 24128K [0x0000000795580000, 0x0000000796e80000, 0x00000007c0000000)
  eden space 24064K, 100% used [0x0000000795580000,0x0000000796d00000,0x0000000796d00000)
  from space 512K, 12% used [0x0000000796d80000,0x0000000796d90000,0x0000000796e00000)
  to   space 512K, 0% used [0x0000000796e00000,0x0000000796e00000,0x0000000796e80000)
 ParOldGen       total 87552K, used 45443K [0x0000000740000000, 0x0000000745580000, 0x0000000795580000)
  object space 87552K, 51% used [0x0000000740000000,0x0000000742c60df8,0x0000000745580000)
 Metaspace       used 20866K, capacity 21087K, committed 21296K, reserved 1069056K
  class space    used 2005K, capacity 2078K, committed 2176K, reserved 1048576K
Event: 3045.444 GC heap after
Heap after GC invocations=476 (full 0):
 PSYoungGen      total 24576K, used 64K [0x0000000795580000, 0x0000000796e80000, 0x00000007c0000000)
  eden space 24064K, 0% used [0x0000000795580000,0x0000000795580000,0x0000000796d00000)
  from space 512K, 12% used [0x0000000796e00000,0x0000000796e10000,0x0000000796e80000)
  to   space 512K, 0% used [0x0000000796d80000,0x0000000796d80000,0x0000000796e00000)
 ParOldGen       total 87552K, used 45443K [0x0000000740000000, 0x0000000745580000, 0x0000000795580000)
  object space 87552K, 51% used [0x0000000740000000,0x0000000742c60df8,0x0000000745580000)
 Metaspace       used 20866K, capacity 21087K, committed 21296K, reserved 1069056K
  class space    used 2005K, capacity 2078K, committed 2176K, reserved 1048576K
}
Event: 3051.897 GC heap before
{Heap before GC invocations=477 (full 0):
 PSYoungGen      total 24576K, used 24128K [0x0000000795580000, 0x0000000796e80000, 0x00000007c0000000)
  eden space 24064K, 100% used [0x0000000795580000,0x0000000796d00000,0x0000000796d00000)
  from space 512K, 12% used [0x0000000796e00000,0x0000000796e10000,0x0000000796e80000)
  to   space 512K, 0% used [0x0000000796d80000,0x0000000796d80000,0x0000000796e00000)
 ParOldGen       total 87552K, used 45443K [0x0000000740000000, 0x0000000745580000, 0x0000000795580000)
  object space 87552K, 51% used [0x0000000740000000,0x0000000742c60df8,0x0000000745580000)
 Metaspace       used 20866K, capacity 21087K, committed 21296K, reserved 1069056K
  class space    used 2005K, capacity 2078K, committed 2176K, reserved 1048576K
Event: 3051.898 GC heap after
Heap after GC invocations=477 (full 0):
 PSYoungGen      total 24576K, used 64K [0x0000000795580000, 0x0000000796e80000, 0x00000007c0000000)
  eden space 24064K, 0% used [0x0000000795580000,0x0000000795580000,0x0000000796d00000)
  from space 512K, 12% used [0x0000000796d80000,0x0000000796d90000,0x0000000796e00000)
  to   space 512K, 0% used [0x0000000796e00000,0x0000000796e00000,0x0000000796e80000)
 ParOldGen       total 87552K, used 45443K [0x0000000740000000, 0x0000000745580000, 0x0000000795580000)
  object space 87552K, 51% used [0x0000000740000000,0x0000000742c60df8,0x0000000745580000)
 Metaspace       used 20866K, capacity 21087K, committed 21296K, reserved 1069056K
  class space    used 2005K, capacity 2078K, committed 2176K, reserved 1048576K
}
Event: 3058.335 GC heap before
{Heap before GC invocations=478 (full 0):
 PSYoungGen      total 24576K, used 24128K [0x0000000795580000, 0x0000000796e80000, 0x00000007c0000000)
  eden space 24064K, 100% used [0x0000000795580000,0x0000000796d00000,0x0000000796d00000)
  from space 512K, 12% used [0x0000000796d80000,0x0000000796d90000,0x0000000796e00000)
  to   space 512K, 0% used [0x0000000796e00000,0x0000000796e00000,0x0000000796e80000)
 ParOldGen       total 87552K, used 45443K [0x0000000740000000, 0x0000000745580000, 0x0000000795580000)
  object space 87552K, 51% used [0x0000000740000000,0x0000000742c60df8,0x0000000745580000)
 Metaspace       used 20866K, capacity 21087K, committed 21296K, reserved 1069056K
  class space    used 2005K, capacity 2078K, committed 2176K, reserved 1048576K
Event: 3058.336 GC heap after
Heap after GC invocations=478 (full 0):
 PSYoungGen      total 24576K, used 96K [0x0000000795580000, 0x0000000796e80000, 0x00000007c0000000)
  eden space 24064K, 0% used [0x0000000795580000,0x0000000795580000,0x0000000796d00000)
  from space 512K, 18% used [0x0000000796e00000,0x0000000796e18000,0x0000000796e80000)
  to   space 512K, 0% used [0x0000000796d80000,0x0000000796d80000,0x0000000796e00000)
 ParOldGen       total 87552K, used 45443K [0x0000000740000000, 0x0000000745580000, 0x0000000795580000)
  object space 87552K, 51% used [0x0000000740000000,0x0000000742c60df8,0x0000000745580000)
 Metaspace       used 20866K, capacity 21087K, committed 21296K, reserved 1069056K
  class space    used 2005K, capacity 2078K, committed 2176K, reserved 1048576K
}

