# JRE version: Java(TM) SE Runtime Environment (8.0_91-b14) (build 1.8.0_91-b14)
# Java VM: Java HotSpot(TM) 64-Bit Server VM (25.91-b14 mixed mode bsd-amd64 compressed oops)
Heap:
 PSYoungGen      total 46592K, used 27990K [0x0000000795580000, 0x000000079a580000, 0x00000007c0000000)
  eden space 26112K, 36% used [0x0000000795580000,0x0000000795eb13e0,0x0000000796f00000)
  from space 20480K, 90% used [0x0000000796f00000,0x00000007981244a0,0x0000000798300000)
  to   space 23552K, 0% used [0x0000000798e80000,0x0000000798e80000,0x000000079a580000)
 ParOldGen       total 57344K, used 19980K [0x0000000740000000, 0x0000000743800000, 0x0000000795580000)
  object space 57344K, 34% used [0x0000000740000000,0x0000000741383140,0x0000000743800000)
 Metaspace       used 21307K, capacity 21519K, committed 21808K, reserved 1069056K
  class space    used 2049K, capacity 2112K, committed 2176K, reserved 1048576K
GC Heap History (10 events):
Event: 31.770 GC heap before
{Heap before GC invocations=10 (full 1):
 PSYoungGen      total 44544K, used 30816K [0x0000000795580000, 0x0000000799080000, 0x00000007c0000000)
  eden space 30720K, 100% used [0x0000000795580000,0x0000000797380000,0x0000000797380000)
  from space 13824K, 0% used [0x0000000798300000,0x0000000798318000,0x0000000799080000)
  to   space 14848K, 0% used [0x0000000797380000,0x0000000797380000,0x0000000798200000)
 ParOldGen       total 57344K, used 16356K [0x0000000740000000, 0x0000000743800000, 0x0000000795580000)
  object space 57344K, 28% used [0x0000000740000000,0x0000000740ff9060,0x0000000743800000)
 Metaspace       used 21040K, capacity 21199K, committed 21552K, reserved 1069056K
  class space    used 2041K, capacity 2112K, committed 2176K, reserved 1048576K
Event: 31.772 GC heap after
Heap after GC invocations=10 (full 1):
 PSYoungGen      total 33792K, used 3190K [0x0000000795580000, 0x0000000798f00000, 0x00000007c0000000)
  eden space 30208K, 0% used [0x0000000795580000,0x0000000795580000,0x0000000797300000)
  from space 3584K, 89% used [0x0000000797380000,0x000000079769d9f8,0x0000000797700000)
  to   space 14336K, 0% used [0x0000000798100000,0x0000000798100000,0x0000000798f00000)
 ParOldGen       total 57344K, used 16364K [0x0000000740000000, 0x0000000743800000, 0x0000000795580000)
  object space 57344K, 28% used [0x0000000740000000,0x0000000740ffb060,0x0000000743800000)
 Metaspace       used 21040K, capacity 21199K, committed 21552K, reserved 1069056K
  class space    used 2041K, capacity 2112K, committed 2176K, reserved 1048576K
}
Event: 32.361 GC heap before
{Heap before GC invocations=11 (full 1):
 PSYoungGen      total 33792K, used 33398K [0x0000000795580000, 0x0000000798f00000, 0x00000007c0000000)
  eden space 30208K, 100% used [0x0000000795580000,0x0000000797300000,0x0000000797300000)
  from space 3584K, 89% used [0x0000000797380000,0x000000079769d9f8,0x0000000797700000)
  to   space 14336K, 0% used [0x0000000798100000,0x0000000798100000,0x0000000798f00000)
 ParOldGen       total 57344K, used 16364K [0x0000000740000000, 0x0000000743800000, 0x0000000795580000)
  object space 57344K, 28% used [0x0000000740000000,0x0000000740ffb060,0x0000000743800000)
 Metaspace       used 21111K, capacity 21327K, committed 21552K, reserved 1069056K
  class space    used 2041K, capacity 2112K, committed 2176K, reserved 1048576K
Event: 32.366 GC heap after
Heap after GC invocations=11 (full 1):
 PSYoungGen      total 44032K, used 9072K [0x0000000795580000, 0x0000000798f80000, 0x00000007c0000000)
  eden space 29696K, 0% used [0x0000000795580000,0x0000000795580000,0x0000000797280000)
  from space 14336K, 63% used [0x0000000798100000,0x00000007989dc250,0x0000000798f00000)
  to   space 14848K, 0% used [0x0000000797280000,0x0000000797280000,0x0000000798100000)
 ParOldGen       total 57344K, used 16372K [0x0000000740000000, 0x0000000743800000, 0x0000000795580000)
  object space 57344K, 28% used [0x0000000740000000,0x0000000740ffd060,0x0000000743800000)
 Metaspace       used 21111K, capacity 21327K, committed 21552K, reserved 1069056K
  class space    used 2041K, capacity 2112K, committed 2176K, reserved 1048576K
}
Event: 32.945 GC heap before
{Heap before GC invocations=12 (full 1):
 PSYoungGen      total 44032K, used 38768K [0x0000000795580000, 0x0000000798f80000, 0x00000007c0000000)
  eden space 29696K, 100% used [0x0000000795580000,0x0000000797280000,0x0000000797280000)
  from space 14336K, 63% used [0x0000000798100000,0x00000007989dc250,0x0000000798f00000)
  to   space 14848K, 0% used [0x0000000797280000,0x0000000797280000,0x0000000798100000)
 ParOldGen       total 57344K, used 16372K [0x0000000740000000, 0x0000000743800000, 0x0000000795580000)
  object space 57344K, 28% used [0x0000000740000000,0x0000000740ffd060,0x0000000743800000)
 Metaspace       used 21147K, capacity 21327K, committed 21552K, reserved 1069056K
  class space    used 2041K, capacity 2112K, committed 2176K, reserved 1048576K
Event: 32.950 GC heap after
Heap after GC invocations=12 (full 1):
 PSYoungGen      total 44032K, used 14720K [0x0000000795580000, 0x0000000799400000, 0x00000007c0000000)
  eden space 29184K, 0% used [0x0000000795580000,0x0000000795580000,0x0000000797200000)
  from space 14848K, 99% used [0x0000000797280000,0x00000007980e03c0,0x0000000798100000)
  to   space 17408K, 0% used [0x0000000798300000,0x0000000798300000,0x0000000799400000)
 ParOldGen       total 57344K, used 16636K [0x0000000740000000, 0x0000000743800000, 0x0000000795580000)
  object space 57344K, 29% used [0x0000000740000000,0x000000074103f070,0x0000000743800000)
 Metaspace       used 21147K, capacity 21327K, committed 21552K, reserved 1069056K
  class space    used 2041K, capacity 2112K, committed 2176K, reserved 1048576K
}
Event: 33.496 GC heap before
{Heap before GC invocations=13 (full 1):
 PSYoungGen      total 44032K, used 43855K [0x0000000795580000, 0x0000000799400000, 0x00000007c0000000)
  eden space 29184K, 99% used [0x0000000795580000,0x00000007971f3930,0x0000000797200000)
  from space 14848K, 99% used [0x0000000797280000,0x00000007980e03c0,0x0000000798100000)
  to   space 17408K, 0% used [0x0000000798300000,0x0000000798300000,0x0000000799400000)
 ParOldGen       total 57344K, used 16636K [0x0000000740000000, 0x0000000743800000, 0x0000000795580000)
  object space 57344K, 29% used [0x0000000740000000,0x000000074103f070,0x0000000743800000)
 Metaspace       used 21201K, capacity 21391K, committed 21552K, reserved 1069056K
  class space    used 2041K, capacity 2112K, committed 2176K, reserved 1048576K
Event: 33.505 GC heap after
Heap after GC invocations=13 (full 1):
 PSYoungGen      total 43520K, used 17265K [0x0000000795580000, 0x000000079a480000, 0x00000007c0000000)
  eden space 26112K, 0% used [0x0000000795580000,0x0000000795580000,0x0000000796f00000)
  from space 17408K, 99% used [0x0000000798300000,0x00000007993dc450,0x0000000799400000)
  to   space 20480K, 0% used [0x0000000796f00000,0x0000000796f00000,0x0000000798300000)
 ParOldGen       total 57344K, used 19972K [0x0000000740000000, 0x0000000743800000, 0x0000000795580000)
  object space 57344K, 34% used [0x0000000740000000,0x0000000741381140,0x0000000743800000)
 Metaspace       used 21201K, capacity 21391K, committed 21552K, reserved 1069056K
  class space    used 2041K, capacity 2112K, committed 2176K, reserved 1048576K
}
Event: 36.213 GC heap before
{Heap before GC invocations=14 (full 1):
 PSYoungGen      total 43520K, used 43377K [0x0000000795580000, 0x000000079a480000, 0x00000007c0000000)
  eden space 26112K, 100% used [0x0000000795580000,0x0000000796f00000,0x0000000796f00000)
  from space 17408K, 99% used [0x0000000798300000,0x00000007993dc450,0x0000000799400000)
  to   space 20480K, 0% used [0x0000000796f00000,0x0000000796f00000,0x0000000798300000)
 ParOldGen       total 57344K, used 19972K [0x0000000740000000, 0x0000000743800000, 0x0000000795580000)
  object space 57344K, 34% used [0x0000000740000000,0x0000000741381140,0x0000000743800000)
 Metaspace       used 21267K, capacity 21455K, committed 21808K, reserved 1069056K
  class space    used 2041K, capacity 2112K, committed 2176K, reserved 1048576K
Event: 36.219 GC heap after
Heap after GC invocations=14 (full 1):
 PSYoungGen      total 46592K, used 18577K [0x0000000795580000, 0x000000079a580000, 0x00000007c0000000)
  eden space 26112K, 0% used [0x0000000795580000,0x0000000795580000,0x0000000796f00000)
  from space 20480K, 90% used [0x0000000796f00000,0x00000007981244a0,0x0000000798300000)
  to   space 23552K, 0% used [0x0000000798e80000,0x0000000798e80000,0x000000079a580000)
 ParOldGen       total 57344K, used 19980K [0x0000000740000000, 0x0000000743800000, 0x0000000795580000)
  object space 57344K, 34% used [0x0000000740000000,0x0000000741383140,0x0000000743800000)
 Metaspace       used 21267K, capacity 21455K, committed 21808K, reserved 1069056K
  class space    used 2041K, capacity 2112K, committed 2176K, reserved 1048576K
}

