# JRE version: Java(TM) SE Runtime Environment (8.0_91-b14) (build 1.8.0_91-b14)
# Java VM: Java HotSpot(TM) 64-Bit Server VM (25.91-b14 mixed mode bsd-amd64 compressed oops)
Heap:
 PSYoungGen      total 49664K, used 25962K [0x0000000795580000, 0x0000000799b00000, 0x00000007c0000000)
  eden space 29184K, 36% used [0x0000000795580000,0x0000000795ff2730,0x0000000797200000)
  from space 20480K, 74% used [0x0000000798680000,0x00000007995683b0,0x0000000799a80000)
  to   space 20992K, 0% used [0x0000000797200000,0x0000000797200000,0x0000000798680000)
 ParOldGen       total 86016K, used 26875K [0x0000000740000000, 0x0000000745400000, 0x0000000795580000)
  object space 86016K, 31% used [0x0000000740000000,0x0000000741a3ece0,0x0000000745400000)
 Metaspace       used 21354K, capacity 21527K, committed 21808K, reserved 1069056K
  class space    used 2047K, capacity 2112K, committed 2176K, reserved 1048576K
GC Heap History (10 events):
Event: 19.073 GC heap before
{Heap before GC invocations=11 (full 1):
 PSYoungGen      total 46592K, used 44448K [0x0000000795580000, 0x0000000799c80000, 0x00000007c0000000)
  eden space 31744K, 100% used [0x0000000795580000,0x0000000797480000,0x0000000797480000)
  from space 14848K, 85% used [0x0000000797480000,0x00000007980e8310,0x0000000798300000)
  to   space 15872K, 0% used [0x0000000798d00000,0x0000000798d00000,0x0000000799c80000)
 ParOldGen       total 86016K, used 26843K [0x0000000740000000, 0x0000000745400000, 0x0000000795580000)
  object space 86016K, 31% used [0x0000000740000000,0x0000000741a36ce0,0x0000000745400000)
 Metaspace       used 21294K, capacity 21527K, committed 21808K, reserved 1069056K
  class space    used 2039K, capacity 2112K, committed 2176K, reserved 1048576K
Event: 19.080 GC heap after
Heap after GC invocations=11 (full 1):
 PSYoungGen      total 44032K, used 12704K [0x0000000795580000, 0x0000000799980000, 0x00000007c0000000)
  eden space 31232K, 0% used [0x0000000795580000,0x0000000795580000,0x0000000797400000)
  from space 12800K, 99% used [0x0000000798d00000,0x0000000799968310,0x0000000799980000)
  to   space 16896K, 0% used [0x0000000797880000,0x0000000797880000,0x0000000798900000)
 ParOldGen       total 86016K, used 26851K [0x0000000740000000, 0x0000000745400000, 0x0000000795580000)
  object space 86016K, 31% used [0x0000000740000000,0x0000000741a38ce0,0x0000000745400000)
 Metaspace       used 21294K, capacity 21527K, committed 21808K, reserved 1069056K
  class space    used 2039K, capacity 2112K, committed 2176K, reserved 1048576K
}
Event: 21.173 GC heap before
{Heap before GC invocations=12 (full 1):
 PSYoungGen      total 44032K, used 43936K [0x0000000795580000, 0x0000000799980000, 0x00000007c0000000)
  eden space 31232K, 100% used [0x0000000795580000,0x0000000797400000,0x0000000797400000)
  from space 12800K, 99% used [0x0000000798d00000,0x0000000799968310,0x0000000799980000)
  to   space 16896K, 0% used [0x0000000797880000,0x0000000797880000,0x0000000798900000)
 ParOldGen       total 86016K, used 26851K [0x0000000740000000, 0x0000000745400000, 0x0000000795580000)
  object space 86016K, 31% used [0x0000000740000000,0x0000000741a38ce0,0x0000000745400000)
 Metaspace       used 21310K, capacity 21527K, committed 21808K, reserved 1069056K
  class space    used 2039K, capacity 2112K, committed 2176K, reserved 1048576K
Event: 21.178 GC heap after
Heap after GC invocations=12 (full 1):
 PSYoungGen      total 46080K, used 15328K [0x0000000795580000, 0x0000000799780000, 0x00000007c0000000)
  eden space 30720K, 0% used [0x0000000795580000,0x0000000795580000,0x0000000797380000)
  from space 15360K, 99% used [0x0000000797880000,0x00000007987783b0,0x0000000798780000)
  to   space 16384K, 0% used [0x0000000798780000,0x0000000798780000,0x0000000799780000)
 ParOldGen       total 86016K, used 26859K [0x0000000740000000, 0x0000000745400000, 0x0000000795580000)
  object space 86016K, 31% used [0x0000000740000000,0x0000000741a3ace0,0x0000000745400000)
 Metaspace       used 21310K, capacity 21527K, committed 21808K, reserved 1069056K
  class space    used 2039K, capacity 2112K, committed 2176K, reserved 1048576K
}
Event: 24.511 GC heap before
{Heap before GC invocations=13 (full 1):
 PSYoungGen      total 46080K, used 46048K [0x0000000795580000, 0x0000000799780000, 0x00000007c0000000)
  eden space 30720K, 100% used [0x0000000795580000,0x0000000797380000,0x0000000797380000)
  from space 15360K, 99% used [0x0000000797880000,0x00000007987783b0,0x0000000798780000)
  to   space 16384K, 0% used [0x0000000798780000,0x0000000798780000,0x0000000799780000)
 ParOldGen       total 86016K, used 26859K [0x0000000740000000, 0x0000000745400000, 0x0000000795580000)
  object space 86016K, 31% used [0x0000000740000000,0x0000000741a3ace0,0x0000000745400000)
 Metaspace       used 21311K, capacity 21527K, committed 21808K, reserved 1069056K
  class space    used 2039K, capacity 2112K, committed 2176K, reserved 1048576K
Event: 24.515 GC heap after
Heap after GC invocations=13 (full 1):
 PSYoungGen      total 46592K, used 15296K [0x0000000795580000, 0x0000000799900000, 0x00000007c0000000)
  eden space 30208K, 0% used [0x0000000795580000,0x0000000795580000,0x0000000797300000)
  from space 16384K, 93% used [0x0000000798780000,0x00000007996703b0,0x0000000799780000)
  to   space 19456K, 0% used [0x0000000797300000,0x0000000797300000,0x0000000798600000)
 ParOldGen       total 86016K, used 26859K [0x0000000740000000, 0x0000000745400000, 0x0000000795580000)
  object space 86016K, 31% used [0x0000000740000000,0x0000000741a3ace0,0x0000000745400000)
 Metaspace       used 21311K, capacity 21527K, committed 21808K, reserved 1069056K
  class space    used 2039K, capacity 2112K, committed 2176K, reserved 1048576K
}
Event: 27.513 GC heap before
{Heap before GC invocations=14 (full 1):
 PSYoungGen      total 46592K, used 45504K [0x0000000795580000, 0x0000000799900000, 0x00000007c0000000)
  eden space 30208K, 100% used [0x0000000795580000,0x0000000797300000,0x0000000797300000)
  from space 16384K, 93% used [0x0000000798780000,0x00000007996703b0,0x0000000799780000)
  to   space 19456K, 0% used [0x0000000797300000,0x0000000797300000,0x0000000798600000)
 ParOldGen       total 86016K, used 26859K [0x0000000740000000, 0x0000000745400000, 0x0000000795580000)
  object space 86016K, 31% used [0x0000000740000000,0x0000000741a3ace0,0x0000000745400000)
 Metaspace       used 21319K, capacity 21527K, committed 21808K, reserved 1069056K
  class space    used 2040K, capacity 2112K, committed 2176K, reserved 1048576K
Event: 27.518 GC heap after
Heap after GC invocations=14 (full 1):
 PSYoungGen      total 49152K, used 15296K [0x0000000795580000, 0x0000000799a80000, 0x00000007c0000000)
  eden space 29696K, 0% used [0x0000000795580000,0x0000000795580000,0x0000000797280000)
  from space 19456K, 78% used [0x0000000797300000,0x00000007981f03b0,0x0000000798600000)
  to   space 20480K, 0% used [0x0000000798680000,0x0000000798680000,0x0000000799a80000)
 ParOldGen       total 86016K, used 26867K [0x0000000740000000, 0x0000000745400000, 0x0000000795580000)
  object space 86016K, 31% used [0x0000000740000000,0x0000000741a3cce0,0x0000000745400000)
 Metaspace       used 21319K, capacity 21527K, committed 21808K, reserved 1069056K
  class space    used 2040K, capacity 2112K, committed 2176K, reserved 1048576K
}
Event: 30.565 GC heap before
{Heap before GC invocations=15 (full 1):
 PSYoungGen      total 49152K, used 44992K [0x0000000795580000, 0x0000000799a80000, 0x00000007c0000000)
  eden space 29696K, 100% used [0x0000000795580000,0x0000000797280000,0x0000000797280000)
  from space 19456K, 78% used [0x0000000797300000,0x00000007981f03b0,0x0000000798600000)
  to   space 20480K, 0% used [0x0000000798680000,0x0000000798680000,0x0000000799a80000)
 ParOldGen       total 86016K, used 26867K [0x0000000740000000, 0x0000000745400000, 0x0000000795580000)
  object space 86016K, 31% used [0x0000000740000000,0x0000000741a3cce0,0x0000000745400000)
 Metaspace       used 21319K, capacity 21527K, committed 21808K, reserved 1069056K
  class space    used 2040K, capacity 2112K, committed 2176K, reserved 1048576K
Event: 30.570 GC heap after
Heap after GC invocations=15 (full 1):
 PSYoungGen      total 49664K, used 15264K [0x0000000795580000, 0x0000000799b00000, 0x00000007c0000000)
  eden space 29184K, 0% used [0x0000000795580000,0x0000000795580000,0x0000000797200000)
  from space 20480K, 74% used [0x0000000798680000,0x00000007995683b0,0x0000000799a80000)
  to   space 20992K, 0% used [0x0000000797200000,0x0000000797200000,0x0000000798680000)
 ParOldGen       total 86016K, used 26875K [0x0000000740000000, 0x0000000745400000, 0x0000000795580000)
  object space 86016K, 31% used [0x0000000740000000,0x0000000741a3ece0,0x0000000745400000)
 Metaspace       used 21319K, capacity 21527K, committed 21808K, reserved 1069056K
  class space    used 2040K, capacity 2112K, committed 2176K, reserved 1048576K
}

