# JRE version: Java(TM) SE Runtime Environment (8.0_91-b14) (build 1.8.0_91-b14)
# Java VM: Java HotSpot(TM) 64-Bit Server VM (25.91-b14 mixed mode bsd-amd64 compressed oops)
Heap:
 PSYoungGen      total 45568K, used 9073K [0x0000000795580000, 0x0000000799980000, 0x00000007c0000000)
  eden space 31232K, 28% used [0x0000000795580000,0x0000000795e3c428,0x0000000797400000)
  from space 14336K, 0% used [0x0000000797400000,0x0000000797420000,0x0000000798200000)
  to   space 14848K, 0% used [0x0000000798b00000,0x0000000798b00000,0x0000000799980000)
 ParOldGen       total 83968K, used 22395K [0x0000000740000000, 0x0000000745200000, 0x0000000795580000)
  object space 83968K, 26% used [0x0000000740000000,0x00000007415def88,0x0000000745200000)
 Metaspace       used 21232K, capacity 21459K, committed 21808K, reserved 1069056K
  class space    used 2045K, capacity 2112K, committed 2176K, reserved 1048576K
GC Heap History (10 events):
Event: 6.944 GC heap before
{Heap before GC invocations=4 (full 0):
 PSYoungGen      total 38400K, used 38381K [0x0000000795580000, 0x0000000798000000, 0x00000007c0000000)
  eden space 33280K, 100% used [0x0000000795580000,0x0000000797600000,0x0000000797600000)
  from space 5120K, 99% used [0x0000000797600000,0x0000000797afb4e0,0x0000000797b00000)
  to   space 5120K, 0% used [0x0000000797b00000,0x0000000797b00000,0x0000000798000000)
 ParOldGen       total 87552K, used 12625K [0x0000000740000000, 0x0000000745580000, 0x0000000795580000)
  object space 87552K, 14% used [0x0000000740000000,0x0000000740c54730,0x0000000745580000)
 Metaspace       used 20792K, capacity 20947K, committed 21120K, reserved 1069056K
  class space    used 2036K, capacity 2112K, committed 2176K, reserved 1048576K
Event: 6.954 GC heap after
Heap after GC invocations=4 (full 0):
 PSYoungGen      total 38400K, used 5101K [0x0000000795580000, 0x0000000798000000, 0x00000007c0000000)
  eden space 33280K, 0% used [0x0000000795580000,0x0000000795580000,0x0000000797600000)
  from space 5120K, 99% used [0x0000000797b00000,0x0000000797ffb4c0,0x0000000798000000)
  to   space 5120K, 0% used [0x0000000797600000,0x0000000797600000,0x0000000797b00000)
 ParOldGen       total 87552K, used 15567K [0x0000000740000000, 0x0000000745580000, 0x0000000795580000)
  object space 87552K, 17% used [0x0000000740000000,0x0000000740f33df8,0x0000000745580000)
 Metaspace       used 20792K, capacity 20947K, committed 21120K, reserved 1069056K
  class space    used 2036K, capacity 2112K, committed 2176K, reserved 1048576K
}
Event: 8.036 GC heap before
{Heap before GC invocations=5 (full 0):
 PSYoungGen      total 38400K, used 28003K [0x0000000795580000, 0x0000000798000000, 0x00000007c0000000)
  eden space 33280K, 68% used [0x0000000795580000,0x0000000796bdd9f0,0x0000000797600000)
  from space 5120K, 99% used [0x0000000797b00000,0x0000000797ffb4c0,0x0000000798000000)
  to   space 5120K, 0% used [0x0000000797600000,0x0000000797600000,0x0000000797b00000)
 ParOldGen       total 87552K, used 15567K [0x0000000740000000, 0x0000000745580000, 0x0000000795580000)
  object space 87552K, 17% used [0x0000000740000000,0x0000000740f33df8,0x0000000745580000)
 Metaspace       used 20968K, capacity 21139K, committed 21296K, reserved 1069056K
  class space    used 2036K, capacity 2112K, committed 2176K, reserved 1048576K
Event: 8.044 GC heap after
Heap after GC invocations=5 (full 0):
 PSYoungGen      total 37888K, used 5117K [0x0000000795580000, 0x0000000798e80000, 0x00000007c0000000)
  eden space 32768K, 0% used [0x0000000795580000,0x0000000795580000,0x0000000797580000)
  from space 5120K, 99% used [0x0000000797600000,0x0000000797aff4d0,0x0000000797b00000)
  to   space 12800K, 0% used [0x0000000798200000,0x0000000798200000,0x0000000798e80000)
 ParOldGen       total 87552K, used 18679K [0x0000000740000000, 0x0000000745580000, 0x0000000795580000)
  object space 87552K, 21% used [0x0000000740000000,0x000000074123deb8,0x0000000745580000)
 Metaspace       used 20968K, capacity 21139K, committed 21296K, reserved 1069056K
  class space    used 2036K, capacity 2112K, committed 2176K, reserved 1048576K
}
Event: 8.044 GC heap before
{Heap before GC invocations=6 (full 1):
 PSYoungGen      total 37888K, used 5117K [0x0000000795580000, 0x0000000798e80000, 0x00000007c0000000)
  eden space 32768K, 0% used [0x0000000795580000,0x0000000795580000,0x0000000797580000)
  from space 5120K, 99% used [0x0000000797600000,0x0000000797aff4d0,0x0000000797b00000)
  to   space 12800K, 0% used [0x0000000798200000,0x0000000798200000,0x0000000798e80000)
 ParOldGen       total 87552K, used 18679K [0x0000000740000000, 0x0000000745580000, 0x0000000795580000)
  object space 87552K, 21% used [0x0000000740000000,0x000000074123deb8,0x0000000745580000)
 Metaspace       used 20968K, capacity 21139K, committed 21296K, reserved 1069056K
  class space    used 2036K, capacity 2112K, committed 2176K, reserved 1048576K
Event: 8.119 GC heap after
Heap after GC invocations=6 (full 1):
 PSYoungGen      total 37888K, used 0K [0x0000000795580000, 0x0000000798e80000, 0x00000007c0000000)
  eden space 32768K, 0% used [0x0000000795580000,0x0000000795580000,0x0000000797580000)
  from space 5120K, 0% used [0x0000000797600000,0x0000000797600000,0x0000000797b00000)
  to   space 12800K, 0% used [0x0000000798200000,0x0000000798200000,0x0000000798e80000)
 ParOldGen       total 83968K, used 22379K [0x0000000740000000, 0x0000000745200000, 0x0000000795580000)
  object space 83968K, 26% used [0x0000000740000000,0x00000007415daf88,0x0000000745200000)
 Metaspace       used 20968K, capacity 21139K, committed 21296K, reserved 1069056K
  class space    used 2036K, capacity 2112K, committed 2176K, reserved 1048576K
}
Event: 12.023 GC heap before
{Heap before GC invocations=7 (full 1):
 PSYoungGen      total 37888K, used 32768K [0x0000000795580000, 0x0000000798e80000, 0x00000007c0000000)
  eden space 32768K, 100% used [0x0000000795580000,0x0000000797580000,0x0000000797580000)
  from space 5120K, 0% used [0x0000000797600000,0x0000000797600000,0x0000000797b00000)
  to   space 12800K, 0% used [0x0000000798200000,0x0000000798200000,0x0000000798e80000)
 ParOldGen       total 83968K, used 22379K [0x0000000740000000, 0x0000000745200000, 0x0000000795580000)
  object space 83968K, 26% used [0x0000000740000000,0x00000007415daf88,0x0000000745200000)
 Metaspace       used 21115K, capacity 21331K, committed 21552K, reserved 1069056K
  class space    used 2037K, capacity 2112K, committed 2176K, reserved 1048576K
Event: 12.024 GC heap after
Heap after GC invocations=7 (full 1):
 PSYoungGen      total 44032K, used 96K [0x0000000795580000, 0x0000000799c00000, 0x00000007c0000000)
  eden space 31232K, 0% used [0x0000000795580000,0x0000000795580000,0x0000000797400000)
  from space 12800K, 0% used [0x0000000798200000,0x0000000798218000,0x0000000798e80000)
  to   space 14336K, 0% used [0x0000000797400000,0x0000000797400000,0x0000000798200000)
 ParOldGen       total 83968K, used 22387K [0x0000000740000000, 0x0000000745200000, 0x0000000795580000)
  object space 83968K, 26% used [0x0000000740000000,0x00000007415dcf88,0x0000000745200000)
 Metaspace       used 21115K, capacity 21331K, committed 21552K, reserved 1069056K
  class space    used 2037K, capacity 2112K, committed 2176K, reserved 1048576K
}
Event: 15.642 GC heap before
{Heap before GC invocations=8 (full 1):
 PSYoungGen      total 44032K, used 31328K [0x0000000795580000, 0x0000000799c00000, 0x00000007c0000000)
  eden space 31232K, 100% used [0x0000000795580000,0x0000000797400000,0x0000000797400000)
  from space 12800K, 0% used [0x0000000798200000,0x0000000798218000,0x0000000798e80000)
  to   space 14336K, 0% used [0x0000000797400000,0x0000000797400000,0x0000000798200000)
 ParOldGen       total 83968K, used 22387K [0x0000000740000000, 0x0000000745200000, 0x0000000795580000)
  object space 83968K, 26% used [0x0000000740000000,0x00000007415dcf88,0x0000000745200000)
 Metaspace       used 21185K, capacity 21395K, committed 21552K, reserved 1069056K
  class space    used 2037K, capacity 2112K, committed 2176K, reserved 1048576K
Event: 15.644 GC heap after
Heap after GC invocations=8 (full 1):
 PSYoungGen      total 45568K, used 128K [0x0000000795580000, 0x0000000799980000, 0x00000007c0000000)
  eden space 31232K, 0% used [0x0000000795580000,0x0000000795580000,0x0000000797400000)
  from space 14336K, 0% used [0x0000000797400000,0x0000000797420000,0x0000000798200000)
  to   space 14848K, 0% used [0x0000000798b00000,0x0000000798b00000,0x0000000799980000)
 ParOldGen       total 83968K, used 22395K [0x0000000740000000, 0x0000000745200000, 0x0000000795580000)
  object space 83968K, 26% used [0x0000000740000000,0x00000007415def88,0x0000000745200000)
 Metaspace       used 21185K, capacity 21395K, committed 21552K, reserved 1069056K
  class space    used 2037K, capacity 2112K, committed 2176K, reserved 1048576K
}

