# JRE version: Java(TM) SE Runtime Environment (8.0_91-b14) (build 1.8.0_91-b14)
# Java VM: Java HotSpot(TM) 64-Bit Server VM (25.91-b14 mixed mode bsd-amd64 compressed oops)
Heap:
 PSYoungGen      total 29184K, used 1985K [0x0000000795580000, 0x0000000798b80000, 0x00000007c0000000)
  eden space 28672K, 6% used [0x0000000795580000,0x00000007957587a0,0x0000000797180000)
  from space 512K, 18% used [0x0000000797200000,0x0000000797218000,0x0000000797280000)
  to   space 13312K, 0% used [0x0000000797e80000,0x0000000797e80000,0x0000000798b80000)
 ParOldGen       total 87552K, used 17116K [0x0000000740000000, 0x0000000745580000, 0x0000000795580000)
  object space 87552K, 19% used [0x0000000740000000,0x00000007410b7240,0x0000000745580000)
 Metaspace       used 19205K, capacity 19403K, committed 19584K, reserved 1067008K
  class space    used 1867K, capacity 1918K, committed 1920K, reserved 1048576K
GC Heap History (10 events):
Event: 64.545 GC heap before
{Heap before GC invocations=9 (full 0):
 PSYoungGen      total 44544K, used 31360K [0x0000000795580000, 0x0000000798f00000, 0x00000007c0000000)
  eden space 31232K, 100% used [0x0000000795580000,0x0000000797400000,0x0000000797400000)
  from space 13312K, 0% used [0x0000000798180000,0x00000007981a0000,0x0000000798e80000)
  to   space 13824K, 0% used [0x0000000797400000,0x0000000797400000,0x0000000798180000)
 ParOldGen       total 87552K, used 16980K [0x0000000740000000, 0x0000000745580000, 0x0000000795580000)
  object space 87552K, 19% used [0x0000000740000000,0x0000000741095240,0x0000000745580000)
 Metaspace       used 19128K, capacity 19339K, committed 19584K, reserved 1067008K
  class space    used 1860K, capacity 1918K, committed 1920K, reserved 1048576K
Event: 64.546 GC heap after
Heap after GC invocations=9 (full 0):
 PSYoungGen      total 31232K, used 128K [0x0000000795580000, 0x0000000798e80000, 0x00000007c0000000)
  eden space 30720K, 0% used [0x0000000795580000,0x0000000795580000,0x0000000797380000)
  from space 512K, 25% used [0x0000000797400000,0x0000000797420000,0x0000000797480000)
  to   space 13824K, 0% used [0x0000000798100000,0x0000000798100000,0x0000000798e80000)
 ParOldGen       total 87552K, used 17020K [0x0000000740000000, 0x0000000745580000, 0x0000000795580000)
  object space 87552K, 19% used [0x0000000740000000,0x000000074109f240,0x0000000745580000)
 Metaspace       used 19128K, capacity 19339K, committed 19584K, reserved 1067008K
  class space    used 1860K, capacity 1918K, committed 1920K, reserved 1048576K
}
Event: 76.038 GC heap before
{Heap before GC invocations=10 (full 0):
 PSYoungGen      total 31232K, used 30848K [0x0000000795580000, 0x0000000798e80000, 0x00000007c0000000)
  eden space 30720K, 100% used [0x0000000795580000,0x0000000797380000,0x0000000797380000)
  from space 512K, 25% used [0x0000000797400000,0x0000000797420000,0x0000000797480000)
  to   space 13824K, 0% used [0x0000000798100000,0x0000000798100000,0x0000000798e80000)
 ParOldGen       total 87552K, used 17020K [0x0000000740000000, 0x0000000745580000, 0x0000000795580000)
  object space 87552K, 19% used [0x0000000740000000,0x000000074109f240,0x0000000745580000)
 Metaspace       used 19144K, capacity 19339K, committed 19584K, reserved 1067008K
  class space    used 1860K, capacity 1918K, committed 1920K, reserved 1048576K
Event: 76.039 GC heap after
Heap after GC invocations=10 (full 0):
 PSYoungGen      total 43520K, used 96K [0x0000000795580000, 0x0000000798e00000, 0x00000007c0000000)
  eden space 30208K, 0% used [0x0000000795580000,0x0000000795580000,0x0000000797300000)
  from space 13312K, 0% used [0x0000000798100000,0x0000000798118000,0x0000000798e00000)
  to   space 13824K, 0% used [0x0000000797300000,0x0000000797300000,0x0000000798080000)
 ParOldGen       total 87552K, used 17060K [0x0000000740000000, 0x0000000745580000, 0x0000000795580000)
  object space 87552K, 19% used [0x0000000740000000,0x00000007410a9240,0x0000000745580000)
 Metaspace       used 19144K, capacity 19339K, committed 19584K, reserved 1067008K
  class space    used 1860K, capacity 1918K, committed 1920K, reserved 1048576K
}
Event: 87.298 GC heap before
{Heap before GC invocations=11 (full 0):
 PSYoungGen      total 43520K, used 30304K [0x0000000795580000, 0x0000000798e00000, 0x00000007c0000000)
  eden space 30208K, 100% used [0x0000000795580000,0x0000000797300000,0x0000000797300000)
  from space 13312K, 0% used [0x0000000798100000,0x0000000798118000,0x0000000798e00000)
  to   space 13824K, 0% used [0x0000000797300000,0x0000000797300000,0x0000000798080000)
 ParOldGen       total 87552K, used 17060K [0x0000000740000000, 0x0000000745580000, 0x0000000795580000)
  object space 87552K, 19% used [0x0000000740000000,0x00000007410a9240,0x0000000745580000)
 Metaspace       used 19144K, capacity 19339K, committed 19584K, reserved 1067008K
  class space    used 1860K, capacity 1918K, committed 1920K, reserved 1048576K
Event: 87.299 GC heap after
Heap after GC invocations=11 (full 0):
 PSYoungGen      total 30208K, used 64K [0x0000000795580000, 0x0000000798d80000, 0x00000007c0000000)
  eden space 29696K, 0% used [0x0000000795580000,0x0000000795580000,0x0000000797280000)
  from space 512K, 12% used [0x0000000797300000,0x0000000797310000,0x0000000797380000)
  to   space 13824K, 0% used [0x0000000798000000,0x0000000798000000,0x0000000798d80000)
 ParOldGen       total 87552K, used 17084K [0x0000000740000000, 0x0000000745580000, 0x0000000795580000)
  object space 87552K, 19% used [0x0000000740000000,0x00000007410af240,0x0000000745580000)
 Metaspace       used 19144K, capacity 19339K, committed 19584K, reserved 1067008K
  class space    used 1860K, capacity 1918K, committed 1920K, reserved 1048576K
}
Event: 98.373 GC heap before
{Heap before GC invocations=12 (full 0):
 PSYoungGen      total 30208K, used 29760K [0x0000000795580000, 0x0000000798d80000, 0x00000007c0000000)
  eden space 29696K, 100% used [0x0000000795580000,0x0000000797280000,0x0000000797280000)
  from space 512K, 12% used [0x0000000797300000,0x0000000797310000,0x0000000797380000)
  to   space 13824K, 0% used [0x0000000798000000,0x0000000798000000,0x0000000798d80000)
 ParOldGen       total 87552K, used 17084K [0x0000000740000000, 0x0000000745580000, 0x0000000795580000)
  object space 87552K, 19% used [0x0000000740000000,0x00000007410af240,0x0000000745580000)
 Metaspace       used 19144K, capacity 19339K, committed 19584K, reserved 1067008K
  class space    used 1860K, capacity 1918K, committed 1920K, reserved 1048576K
Event: 98.375 GC heap after
Heap after GC invocations=12 (full 0):
 PSYoungGen      total 41472K, used 32K [0x0000000795580000, 0x0000000798c00000, 0x00000007c0000000)
  eden space 29184K, 0% used [0x0000000795580000,0x0000000795580000,0x0000000797200000)
  from space 12288K, 0% used [0x0000000798000000,0x0000000798008000,0x0000000798c00000)
  to   space 13312K, 0% used [0x0000000797200000,0x0000000797200000,0x0000000797f00000)
 ParOldGen       total 87552K, used 17092K [0x0000000740000000, 0x0000000745580000, 0x0000000795580000)
  object space 87552K, 19% used [0x0000000740000000,0x00000007410b1240,0x0000000745580000)
 Metaspace       used 19144K, capacity 19339K, committed 19584K, reserved 1067008K
  class space    used 1860K, capacity 1918K, committed 1920K, reserved 1048576K
}
Event: 109.415 GC heap before
{Heap before GC invocations=13 (full 0):
 PSYoungGen      total 41472K, used 29216K [0x0000000795580000, 0x0000000798c00000, 0x00000007c0000000)
  eden space 29184K, 100% used [0x0000000795580000,0x0000000797200000,0x0000000797200000)
  from space 12288K, 0% used [0x0000000798000000,0x0000000798008000,0x0000000798c00000)
  to   space 13312K, 0% used [0x0000000797200000,0x0000000797200000,0x0000000797f00000)
 ParOldGen       total 87552K, used 17092K [0x0000000740000000, 0x0000000745580000, 0x0000000795580000)
  object space 87552K, 19% used [0x0000000740000000,0x00000007410b1240,0x0000000745580000)
 Metaspace       used 19177K, capacity 19339K, committed 19584K, reserved 1067008K
  class space    used 1861K, capacity 1918K, committed 1920K, reserved 1048576K
Event: 109.416 GC heap after
Heap after GC invocations=13 (full 0):
 PSYoungGen      total 29184K, used 96K [0x0000000795580000, 0x0000000798b80000, 0x00000007c0000000)
  eden space 28672K, 0% used [0x0000000795580000,0x0000000795580000,0x0000000797180000)
  from space 512K, 18% used [0x0000000797200000,0x0000000797218000,0x0000000797280000)
  to   space 13312K, 0% used [0x0000000797e80000,0x0000000797e80000,0x0000000798b80000)
 ParOldGen       total 87552K, used 17116K [0x0000000740000000, 0x0000000745580000, 0x0000000795580000)
  object space 87552K, 19% used [0x0000000740000000,0x00000007410b7240,0x0000000745580000)
 Metaspace       used 19177K, capacity 19339K, committed 19584K, reserved 1067008K
  class space    used 1861K, capacity 1918K, committed 1920K, reserved 1048576K
}

