# JRE version: Java(TM) SE Runtime Environment (8.0_91-b14) (build 1.8.0_91-b14)
# Java VM: Java HotSpot(TM) 64-Bit Server VM (25.91-b14 mixed mode bsd-amd64 compressed oops)
Heap:
 PSYoungGen      total 95744K, used 23370K [0x0000000795580000, 0x000000079c880000, 0x00000007c0000000)
  eden space 75776K, 9% used [0x0000000795580000,0x0000000795cca760,0x0000000799f80000)
  from space 19968K, 79% used [0x000000079b480000,0x000000079c4083d0,0x000000079c800000)
  to   space 20992K, 0% used [0x0000000799f80000,0x0000000799f80000,0x000000079b400000)
 ParOldGen       total 78848K, used 41287K [0x0000000740000000, 0x0000000744d00000, 0x0000000795580000)
  object space 78848K, 52% used [0x0000000740000000,0x0000000742851ed0,0x0000000744d00000)
 Metaspace       used 21418K, capacity 21587K, committed 21808K, reserved 1069056K
  class space    used 2052K, capacity 2112K, committed 2176K, reserved 1048576K
GC Heap History (10 events):
Event: 13.114 GC heap before
{Heap before GC invocations=9 (full 1):
 PSYoungGen      total 45056K, used 40162K [0x0000000795580000, 0x0000000799e80000, 0x00000007c0000000)
  eden space 32256K, 99% used [0x0000000795580000,0x00000007974fa778,0x0000000797500000)
  from space 12800K, 61% used [0x0000000797500000,0x0000000797cbe300,0x0000000798180000)
  to   space 12288K, 0% used [0x0000000799280000,0x0000000799280000,0x0000000799e80000)
 ParOldGen       total 78848K, used 24270K [0x0000000740000000, 0x0000000744d00000, 0x0000000795580000)
  object space 78848K, 30% used [0x0000000740000000,0x00000007417b3ab0,0x0000000744d00000)
 Metaspace       used 21229K, capacity 21459K, committed 21808K, reserved 1069056K
  class space    used 2044K, capacity 2112K, committed 2176K, reserved 1048576K
Event: 13.119 GC heap after
Heap after GC invocations=9 (full 1):
 PSYoungGen      total 59392K, used 9760K [0x0000000795580000, 0x0000000799d00000, 0x00000007c0000000)
  eden space 48640K, 0% used [0x0000000795580000,0x0000000795580000,0x0000000798500000)
  from space 10752K, 90% used [0x0000000799280000,0x0000000799c08260,0x0000000799d00000)
  to   space 12288K, 0% used [0x0000000798500000,0x0000000798500000,0x0000000799100000)
 ParOldGen       total 78848K, used 24278K [0x0000000740000000, 0x0000000744d00000, 0x0000000795580000)
  object space 78848K, 30% used [0x0000000740000000,0x00000007417b5ab0,0x0000000744d00000)
 Metaspace       used 21229K, capacity 21459K, committed 21808K, reserved 1069056K
  class space    used 2044K, capacity 2112K, committed 2176K, reserved 1048576K
}
Event: 16.568 GC heap before
{Heap before GC invocations=10 (full 1):
 PSYoungGen      total 59392K, used 58400K [0x0000000795580000, 0x0000000799d00000, 0x00000007c0000000)
  eden space 48640K, 100% used [0x0000000795580000,0x0000000798500000,0x0000000798500000)
  from space 10752K, 90% used [0x0000000799280000,0x0000000799c08260,0x0000000799d00000)
  to   space 12288K, 0% used [0x0000000798500000,0x0000000798500000,0x0000000799100000)
 ParOldGen       total 78848K, used 24278K [0x0000000740000000, 0x0000000744d00000, 0x0000000795580000)
  object space 78848K, 30% used [0x0000000740000000,0x00000007417b5ab0,0x0000000744d00000)
 Metaspace       used 21261K, capacity 21459K, committed 21808K, reserved 1069056K
  class space    used 2044K, capacity 2112K, committed 2176K, reserved 1048576K
Event: 16.573 GC heap after
Heap after GC invocations=10 (full 1):
 PSYoungGen      total 60928K, used 11456K [0x0000000795580000, 0x000000079ac00000, 0x00000007c0000000)
  eden space 48640K, 0% used [0x0000000795580000,0x0000000795580000,0x0000000798500000)
  from space 12288K, 93% used [0x0000000798500000,0x00000007990302c0,0x0000000799100000)
  to   space 13312K, 0% used [0x0000000799f00000,0x0000000799f00000,0x000000079ac00000)
 ParOldGen       total 78848K, used 24286K [0x0000000740000000, 0x0000000744d00000, 0x0000000795580000)
  object space 78848K, 30% used [0x0000000740000000,0x00000007417b7ab0,0x0000000744d00000)
 Metaspace       used 21261K, capacity 21459K, committed 21808K, reserved 1069056K
  class space    used 2044K, capacity 2112K, committed 2176K, reserved 1048576K
}
Event: 19.724 GC heap before
{Heap before GC invocations=11 (full 1):
 PSYoungGen      total 60928K, used 60096K [0x0000000795580000, 0x000000079ac00000, 0x00000007c0000000)
  eden space 48640K, 100% used [0x0000000795580000,0x0000000798500000,0x0000000798500000)
  from space 12288K, 93% used [0x0000000798500000,0x00000007990302c0,0x0000000799100000)
  to   space 13312K, 0% used [0x0000000799f00000,0x0000000799f00000,0x000000079ac00000)
 ParOldGen       total 78848K, used 24286K [0x0000000740000000, 0x0000000744d00000, 0x0000000795580000)
  object space 78848K, 30% used [0x0000000740000000,0x00000007417b7ab0,0x0000000744d00000)
 Metaspace       used 21292K, capacity 21523K, committed 21808K, reserved 1069056K
  class space    used 2044K, capacity 2112K, committed 2176K, reserved 1048576K
Event: 19.731 GC heap after
Heap after GC invocations=11 (full 1):
 PSYoungGen      total 74240K, used 13280K [0x0000000795580000, 0x000000079ad00000, 0x00000007c0000000)
  eden space 60928K, 0% used [0x0000000795580000,0x0000000795580000,0x0000000799100000)
  from space 13312K, 99% used [0x0000000799f00000,0x000000079abf8330,0x000000079ac00000)
  to   space 14336K, 0% used [0x0000000799100000,0x0000000799100000,0x0000000799f00000)
 ParOldGen       total 78848K, used 26078K [0x0000000740000000, 0x0000000744d00000, 0x0000000795580000)
  object space 78848K, 33% used [0x0000000740000000,0x0000000741977b20,0x0000000744d00000)
 Metaspace       used 21292K, capacity 21523K, committed 21808K, reserved 1069056K
  class space    used 2044K, capacity 2112K, committed 2176K, reserved 1048576K
}
Event: 21.190 GC heap before
{Heap before GC invocations=12 (full 1):
 PSYoungGen      total 74240K, used 74208K [0x0000000795580000, 0x000000079ad00000, 0x00000007c0000000)
  eden space 60928K, 100% used [0x0000000795580000,0x0000000799100000,0x0000000799100000)
  from space 13312K, 99% used [0x0000000799f00000,0x000000079abf8330,0x000000079ac00000)
  to   space 14336K, 0% used [0x0000000799100000,0x0000000799100000,0x0000000799f00000)
 ParOldGen       total 78848K, used 26078K [0x0000000740000000, 0x0000000744d00000, 0x0000000795580000)
  object space 78848K, 33% used [0x0000000740000000,0x0000000741977b20,0x0000000744d00000)
 Metaspace       used 21377K, capacity 21587K, committed 21808K, reserved 1069056K
  class space    used 2044K, capacity 2112K, committed 2176K, reserved 1048576K
Event: 21.200 GC heap after
Heap after GC invocations=12 (full 1):
 PSYoungGen      total 75264K, used 14304K [0x0000000795580000, 0x000000079c800000, 0x00000007c0000000)
  eden space 60928K, 0% used [0x0000000795580000,0x0000000795580000,0x0000000799100000)
  from space 14336K, 99% used [0x0000000799100000,0x0000000799ef8370,0x0000000799f00000)
  to   space 19968K, 0% used [0x000000079b480000,0x000000079b480000,0x000000079c800000)
 ParOldGen       total 78848K, used 36895K [0x0000000740000000, 0x0000000744d00000, 0x0000000795580000)
  object space 78848K, 46% used [0x0000000740000000,0x0000000742407dc0,0x0000000744d00000)
 Metaspace       used 21377K, capacity 21587K, committed 21808K, reserved 1069056K
  class space    used 2044K, capacity 2112K, committed 2176K, reserved 1048576K
}
Event: 24.476 GC heap before
{Heap before GC invocations=13 (full 1):
 PSYoungGen      total 75264K, used 75232K [0x0000000795580000, 0x000000079c800000, 0x00000007c0000000)
  eden space 60928K, 100% used [0x0000000795580000,0x0000000799100000,0x0000000799100000)
  from space 14336K, 99% used [0x0000000799100000,0x0000000799ef8370,0x0000000799f00000)
  to   space 19968K, 0% used [0x000000079b480000,0x000000079b480000,0x000000079c800000)
 ParOldGen       total 78848K, used 36895K [0x0000000740000000, 0x0000000744d00000, 0x0000000795580000)
  object space 78848K, 46% used [0x0000000740000000,0x0000000742407dc0,0x0000000744d00000)
 Metaspace       used 21383K, capacity 21587K, committed 21808K, reserved 1069056K
  class space    used 2044K, capacity 2112K, committed 2176K, reserved 1048576K
Event: 24.485 GC heap after
Heap after GC invocations=13 (full 1):
 PSYoungGen      total 95744K, used 15904K [0x0000000795580000, 0x000000079c880000, 0x00000007c0000000)
  eden space 75776K, 0% used [0x0000000795580000,0x0000000795580000,0x0000000799f80000)
  from space 19968K, 79% used [0x000000079b480000,0x000000079c4083d0,0x000000079c800000)
  to   space 20992K, 0% used [0x0000000799f80000,0x0000000799f80000,0x000000079b400000)
 ParOldGen       total 78848K, used 41287K [0x0000000740000000, 0x0000000744d00000, 0x0000000795580000)
  object space 78848K, 52% used [0x0000000740000000,0x0000000742851ed0,0x0000000744d00000)
 Metaspace       used 21383K, capacity 21587K, committed 21808K, reserved 1069056K
  class space    used 2044K, capacity 2112K, committed 2176K, reserved 1048576K
}

