# JRE version: Java(TM) SE Runtime Environment (8.0_91-b14) (build 1.8.0_91-b14)
# Java VM: Java HotSpot(TM) 64-Bit Server VM (25.91-b14 mixed mode bsd-amd64 compressed oops)
Heap:
 PSYoungGen      total 24576K, used 20383K [0x0000000795580000, 0x0000000796e80000, 0x00000007c0000000)
  eden space 24064K, 84% used [0x0000000795580000,0x0000000796957c68,0x0000000796d00000)
  from space 512K, 12% used [0x0000000796e00000,0x0000000796e10000,0x0000000796e80000)
  to   space 512K, 0% used [0x0000000796d80000,0x0000000796d80000,0x0000000796e00000)
 ParOldGen       total 49664K, used 14513K [0x0000000740000000, 0x0000000743080000, 0x0000000795580000)
  object space 49664K, 29% used [0x0000000740000000,0x0000000740e2c730,0x0000000743080000)
 Metaspace       used 21001K, capacity 21187K, committed 21552K, reserved 1069056K
  class space    used 2042K, capacity 2104K, committed 2176K, reserved 1048576K
GC Heap History (10 events):
Event: 6657.493 GC heap before
{Heap before GC invocations=973 (full 1):
 PSYoungGen      total 24576K, used 24096K [0x0000000795580000, 0x0000000796e80000, 0x00000007c0000000)
  eden space 24064K, 100% used [0x0000000795580000,0x0000000796d00000,0x0000000796d00000)
  from space 512K, 6% used [0x0000000796d80000,0x0000000796d88000,0x0000000796e00000)
  to   space 512K, 0% used [0x0000000796e00000,0x0000000796e00000,0x0000000796e80000)
 ParOldGen       total 49664K, used 14513K [0x0000000740000000, 0x0000000743080000, 0x0000000795580000)
  object space 49664K, 29% used [0x0000000740000000,0x0000000740e2c730,0x0000000743080000)
 Metaspace       used 20957K, capacity 21123K, committed 21552K, reserved 1069056K
  class space    used 2035K, capacity 2104K, committed 2176K, reserved 1048576K
Event: 6657.494 GC heap after
Heap after GC invocations=973 (full 1):
 PSYoungGen      total 24576K, used 64K [0x0000000795580000, 0x0000000796e80000, 0x00000007c0000000)
  eden space 24064K, 0% used [0x0000000795580000,0x0000000795580000,0x0000000796d00000)
  from space 512K, 12% used [0x0000000796e00000,0x0000000796e10000,0x0000000796e80000)
  to   space 512K, 0% used [0x0000000796d80000,0x0000000796d80000,0x0000000796e00000)
 ParOldGen       total 49664K, used 14513K [0x0000000740000000, 0x0000000743080000, 0x0000000795580000)
  object space 49664K, 29% used [0x0000000740000000,0x0000000740e2c730,0x0000000743080000)
 Metaspace       used 20957K, capacity 21123K, committed 21552K, reserved 1069056K
  class space    used 2035K, capacity 2104K, committed 2176K, reserved 1048576K
}
Event: 6664.332 GC heap before
{Heap before GC invocations=974 (full 1):
 PSYoungGen      total 24576K, used 24128K [0x0000000795580000, 0x0000000796e80000, 0x00000007c0000000)
  eden space 24064K, 100% used [0x0000000795580000,0x0000000796d00000,0x0000000796d00000)
  from space 512K, 12% used [0x0000000796e00000,0x0000000796e10000,0x0000000796e80000)
  to   space 512K, 0% used [0x0000000796d80000,0x0000000796d80000,0x0000000796e00000)
 ParOldGen       total 49664K, used 14513K [0x0000000740000000, 0x0000000743080000, 0x0000000795580000)
  object space 49664K, 29% used [0x0000000740000000,0x0000000740e2c730,0x0000000743080000)
 Metaspace       used 20957K, capacity 21123K, committed 21552K, reserved 1069056K
  class space    used 2035K, capacity 2104K, committed 2176K, reserved 1048576K
Event: 6664.333 GC heap after
Heap after GC invocations=974 (full 1):
 PSYoungGen      total 24576K, used 64K [0x0000000795580000, 0x0000000796e80000, 0x00000007c0000000)
  eden space 24064K, 0% used [0x0000000795580000,0x0000000795580000,0x0000000796d00000)
  from space 512K, 12% used [0x0000000796d80000,0x0000000796d90000,0x0000000796e00000)
  to   space 512K, 0% used [0x0000000796e00000,0x0000000796e00000,0x0000000796e80000)
 ParOldGen       total 49664K, used 14513K [0x0000000740000000, 0x0000000743080000, 0x0000000795580000)
  object space 49664K, 29% used [0x0000000740000000,0x0000000740e2c730,0x0000000743080000)
 Metaspace       used 20957K, capacity 21123K, committed 21552K, reserved 1069056K
  class space    used 2035K, capacity 2104K, committed 2176K, reserved 1048576K
}
Event: 6671.170 GC heap before
{Heap before GC invocations=975 (full 1):
 PSYoungGen      total 24576K, used 24128K [0x0000000795580000, 0x0000000796e80000, 0x00000007c0000000)
  eden space 24064K, 100% used [0x0000000795580000,0x0000000796d00000,0x0000000796d00000)
  from space 512K, 12% used [0x0000000796d80000,0x0000000796d90000,0x0000000796e00000)
  to   space 512K, 0% used [0x0000000796e00000,0x0000000796e00000,0x0000000796e80000)
 ParOldGen       total 49664K, used 14513K [0x0000000740000000, 0x0000000743080000, 0x0000000795580000)
  object space 49664K, 29% used [0x0000000740000000,0x0000000740e2c730,0x0000000743080000)
 Metaspace       used 20957K, capacity 21123K, committed 21552K, reserved 1069056K
  class space    used 2035K, capacity 2104K, committed 2176K, reserved 1048576K
Event: 6671.171 GC heap after
Heap after GC invocations=975 (full 1):
 PSYoungGen      total 24576K, used 64K [0x0000000795580000, 0x0000000796e80000, 0x00000007c0000000)
  eden space 24064K, 0% used [0x0000000795580000,0x0000000795580000,0x0000000796d00000)
  from space 512K, 12% used [0x0000000796e00000,0x0000000796e10000,0x0000000796e80000)
  to   space 512K, 0% used [0x0000000796d80000,0x0000000796d80000,0x0000000796e00000)
 ParOldGen       total 49664K, used 14513K [0x0000000740000000, 0x0000000743080000, 0x0000000795580000)
  object space 49664K, 29% used [0x0000000740000000,0x0000000740e2c730,0x0000000743080000)
 Metaspace       used 20957K, capacity 21123K, committed 21552K, reserved 1069056K
  class space    used 2035K, capacity 2104K, committed 2176K, reserved 1048576K
}
Event: 6678.009 GC heap before
{Heap before GC invocations=976 (full 1):
 PSYoungGen      total 24576K, used 24128K [0x0000000795580000, 0x0000000796e80000, 0x00000007c0000000)
  eden space 24064K, 100% used [0x0000000795580000,0x0000000796d00000,0x0000000796d00000)
  from space 512K, 12% used [0x0000000796e00000,0x0000000796e10000,0x0000000796e80000)
  to   space 512K, 0% used [0x0000000796d80000,0x0000000796d80000,0x0000000796e00000)
 ParOldGen       total 49664K, used 14513K [0x0000000740000000, 0x0000000743080000, 0x0000000795580000)
  object space 49664K, 29% used [0x0000000740000000,0x0000000740e2c730,0x0000000743080000)
 Metaspace       used 20957K, capacity 21123K, committed 21552K, reserved 1069056K
  class space    used 2035K, capacity 2104K, committed 2176K, reserved 1048576K
Event: 6678.010 GC heap after
Heap after GC invocations=976 (full 1):
 PSYoungGen      total 24576K, used 64K [0x0000000795580000, 0x0000000796e80000, 0x00000007c0000000)
  eden space 24064K, 0% used [0x0000000795580000,0x0000000795580000,0x0000000796d00000)
  from space 512K, 12% used [0x0000000796d80000,0x0000000796d90000,0x0000000796e00000)
  to   space 512K, 0% used [0x0000000796e00000,0x0000000796e00000,0x0000000796e80000)
 ParOldGen       total 49664K, used 14513K [0x0000000740000000, 0x0000000743080000, 0x0000000795580000)
  object space 49664K, 29% used [0x0000000740000000,0x0000000740e2c730,0x0000000743080000)
 Metaspace       used 20957K, capacity 21123K, committed 21552K, reserved 1069056K
  class space    used 2035K, capacity 2104K, committed 2176K, reserved 1048576K
}
Event: 6684.831 GC heap before
{Heap before GC invocations=977 (full 1):
 PSYoungGen      total 24576K, used 24128K [0x0000000795580000, 0x0000000796e80000, 0x00000007c0000000)
  eden space 24064K, 100% used [0x0000000795580000,0x0000000796d00000,0x0000000796d00000)
  from space 512K, 12% used [0x0000000796d80000,0x0000000796d90000,0x0000000796e00000)
  to   space 512K, 0% used [0x0000000796e00000,0x0000000796e00000,0x0000000796e80000)
 ParOldGen       total 49664K, used 14513K [0x0000000740000000, 0x0000000743080000, 0x0000000795580000)
  object space 49664K, 29% used [0x0000000740000000,0x0000000740e2c730,0x0000000743080000)
 Metaspace       used 20957K, capacity 21123K, committed 21552K, reserved 1069056K
  class space    used 2035K, capacity 2104K, committed 2176K, reserved 1048576K
Event: 6684.832 GC heap after
Heap after GC invocations=977 (full 1):
 PSYoungGen      total 24576K, used 64K [0x0000000795580000, 0x0000000796e80000, 0x00000007c0000000)
  eden space 24064K, 0% used [0x0000000795580000,0x0000000795580000,0x0000000796d00000)
  from space 512K, 12% used [0x0000000796e00000,0x0000000796e10000,0x0000000796e80000)
  to   space 512K, 0% used [0x0000000796d80000,0x0000000796d80000,0x0000000796e00000)
 ParOldGen       total 49664K, used 14513K [0x0000000740000000, 0x0000000743080000, 0x0000000795580000)
  object space 49664K, 29% used [0x0000000740000000,0x0000000740e2c730,0x0000000743080000)
 Metaspace       used 20957K, capacity 21123K, committed 21552K, reserved 1069056K
  class space    used 2035K, capacity 2104K, committed 2176K, reserved 1048576K
}

