# JRE version: Java(TM) SE Runtime Environment (8.0_91-b14) (build 1.8.0_91-b14)
# Java VM: Java HotSpot(TM) 64-Bit Server VM (25.91-b14 mixed mode bsd-amd64 compressed oops)
Heap:
 PSYoungGen      total 321024K, used 237466K [0x0000000795580000, 0x00000007ab300000, 0x00000007c0000000)
  eden space 296448K, 78% used [0x0000000795580000,0x00000007a3a06a18,0x00000007a7700000)
  from space 24576K, 14% used [0x00000007a9b00000,0x00000007a9e600d0,0x00000007ab300000)
  to   space 30720K, 0% used [0x00000007a7700000,0x00000007a7700000,0x00000007a9500000)
 ParOldGen       total 144896K, used 69281K [0x0000000740000000, 0x0000000748d80000, 0x0000000795580000)
  object space 144896K, 47% used [0x0000000740000000,0x00000007443a8710,0x0000000748d80000)
 Metaspace       used 18922K, capacity 19137K, committed 19456K, reserved 1067008K
  class space    used 1895K, capacity 1981K, committed 2048K, reserved 1048576K
GC Heap History (10 events):
Event: 9.486 GC heap before
{Heap before GC invocations=13 (full 1):
 PSYoungGen      total 247808K, used 213376K [0x0000000795580000, 0x00000007a9480000, 0x00000007c0000000)
  eden space 209920K, 100% used [0x0000000795580000,0x00000007a2280000,0x00000007a2280000)
  from space 37888K, 9% used [0x00000007a2280000,0x00000007a25e00d0,0x00000007a4780000)
  to   space 36864K, 0% used [0x00000007a7080000,0x00000007a7080000,0x00000007a9480000)
 ParOldGen       total 144896K, used 69273K [0x0000000740000000, 0x0000000748d80000, 0x0000000795580000)
  object space 144896K, 47% used [0x0000000740000000,0x00000007443a6710,0x0000000748d80000)
 Metaspace       used 18840K, capacity 19041K, committed 19200K, reserved 1067008K
  class space    used 1885K, capacity 1949K, committed 2048K, reserved 1048576K
Event: 9.489 GC heap after
Heap after GC invocations=13 (full 1):
 PSYoungGen      total 273408K, used 3488K [0x0000000795580000, 0x00000007a8b80000, 0x00000007c0000000)
  eden space 245760K, 0% used [0x0000000795580000,0x0000000795580000,0x00000007a4580000)
  from space 27648K, 12% used [0x00000007a7080000,0x00000007a73e80d0,0x00000007a8b80000)
  to   space 35840K, 0% used [0x00000007a4580000,0x00000007a4580000,0x00000007a6880000)
 ParOldGen       total 144896K, used 69273K [0x0000000740000000, 0x0000000748d80000, 0x0000000795580000)
  object space 144896K, 47% used [0x0000000740000000,0x00000007443a6710,0x0000000748d80000)
 Metaspace       used 18840K, capacity 19041K, committed 19200K, reserved 1067008K
  class space    used 1885K, capacity 1949K, committed 2048K, reserved 1048576K
}
Event: 10.769 GC heap before
{Heap before GC invocations=14 (full 1):
 PSYoungGen      total 273408K, used 249248K [0x0000000795580000, 0x00000007a8b80000, 0x00000007c0000000)
  eden space 245760K, 100% used [0x0000000795580000,0x00000007a4580000,0x00000007a4580000)
  from space 27648K, 12% used [0x00000007a7080000,0x00000007a73e80d0,0x00000007a8b80000)
  to   space 35840K, 0% used [0x00000007a4580000,0x00000007a4580000,0x00000007a6880000)
 ParOldGen       total 144896K, used 69273K [0x0000000740000000, 0x0000000748d80000, 0x0000000795580000)
  object space 144896K, 47% used [0x0000000740000000,0x00000007443a6710,0x0000000748d80000)
 Metaspace       used 18840K, capacity 19041K, committed 19200K, reserved 1067008K
  class space    used 1885K, capacity 1949K, committed 2048K, reserved 1048576K
Event: 10.772 GC heap after
Heap after GC invocations=14 (full 1):
 PSYoungGen      total 281600K, used 3488K [0x0000000795580000, 0x00000007aab80000, 0x00000007c0000000)
  eden space 245760K, 0% used [0x0000000795580000,0x0000000795580000,0x00000007a4580000)
  from space 35840K, 9% used [0x00000007a4580000,0x00000007a48e80d0,0x00000007a6880000)
  to   space 34816K, 0% used [0x00000007a8980000,0x00000007a8980000,0x00000007aab80000)
 ParOldGen       total 144896K, used 69281K [0x0000000740000000, 0x0000000748d80000, 0x0000000795580000)
  object space 144896K, 47% used [0x0000000740000000,0x00000007443a8710,0x0000000748d80000)
 Metaspace       used 18840K, capacity 19041K, committed 19200K, reserved 1067008K
  class space    used 1885K, capacity 1949K, committed 2048K, reserved 1048576K
}
Event: 12.049 GC heap before
{Heap before GC invocations=15 (full 1):
 PSYoungGen      total 281600K, used 249248K [0x0000000795580000, 0x00000007aab80000, 0x00000007c0000000)
  eden space 245760K, 100% used [0x0000000795580000,0x00000007a4580000,0x00000007a4580000)
  from space 35840K, 9% used [0x00000007a4580000,0x00000007a48e80d0,0x00000007a6880000)
  to   space 34816K, 0% used [0x00000007a8980000,0x00000007a8980000,0x00000007aab80000)
 ParOldGen       total 144896K, used 69281K [0x0000000740000000, 0x0000000748d80000, 0x0000000795580000)
  object space 144896K, 47% used [0x0000000740000000,0x00000007443a8710,0x0000000748d80000)
 Metaspace       used 18840K, capacity 19041K, committed 19200K, reserved 1067008K
  class space    used 1885K, capacity 1949K, committed 2048K, reserved 1048576K
Event: 12.051 GC heap after
Heap after GC invocations=15 (full 1):
 PSYoungGen      total 300032K, used 3456K [0x0000000795580000, 0x00000007aa280000, 0x00000007c0000000)
  eden space 274432K, 0% used [0x0000000795580000,0x0000000795580000,0x00000007a6180000)
  from space 25600K, 13% used [0x00000007a8980000,0x00000007a8ce00d0,0x00000007aa280000)
  to   space 33280K, 0% used [0x00000007a6180000,0x00000007a6180000,0x00000007a8200000)
 ParOldGen       total 144896K, used 69281K [0x0000000740000000, 0x0000000748d80000, 0x0000000795580000)
  object space 144896K, 47% used [0x0000000740000000,0x00000007443a8710,0x0000000748d80000)
 Metaspace       used 18840K, capacity 19041K, committed 19200K, reserved 1067008K
  class space    used 1885K, capacity 1949K, committed 2048K, reserved 1048576K
}
Event: 13.493 GC heap before
{Heap before GC invocations=16 (full 1):
 PSYoungGen      total 300032K, used 277888K [0x0000000795580000, 0x00000007aa280000, 0x00000007c0000000)
  eden space 274432K, 100% used [0x0000000795580000,0x00000007a6180000,0x00000007a6180000)
  from space 25600K, 13% used [0x00000007a8980000,0x00000007a8ce00d0,0x00000007aa280000)
  to   space 33280K, 0% used [0x00000007a6180000,0x00000007a6180000,0x00000007a8200000)
 ParOldGen       total 144896K, used 69281K [0x0000000740000000, 0x0000000748d80000, 0x0000000795580000)
  object space 144896K, 47% used [0x0000000740000000,0x00000007443a8710,0x0000000748d80000)
 Metaspace       used 18840K, capacity 19041K, committed 19200K, reserved 1067008K
  class space    used 1885K, capacity 1949K, committed 2048K, reserved 1048576K
Event: 13.496 GC heap after
Heap after GC invocations=16 (full 1):
 PSYoungGen      total 307712K, used 3456K [0x0000000795580000, 0x00000007aba80000, 0x00000007c0000000)
  eden space 274432K, 0% used [0x0000000795580000,0x0000000795580000,0x00000007a6180000)
  from space 33280K, 10% used [0x00000007a6180000,0x00000007a64e00d0,0x00000007a8200000)
  to   space 32256K, 0% used [0x00000007a9b00000,0x00000007a9b00000,0x00000007aba80000)
 ParOldGen       total 144896K, used 69281K [0x0000000740000000, 0x0000000748d80000, 0x0000000795580000)
  object space 144896K, 47% used [0x0000000740000000,0x00000007443a8710,0x0000000748d80000)
 Metaspace       used 18840K, capacity 19041K, committed 19200K, reserved 1067008K
  class space    used 1885K, capacity 1949K, committed 2048K, reserved 1048576K
}
Event: 14.947 GC heap before
{Heap before GC invocations=17 (full 1):
 PSYoungGen      total 307712K, used 277888K [0x0000000795580000, 0x00000007aba80000, 0x00000007c0000000)
  eden space 274432K, 100% used [0x0000000795580000,0x00000007a6180000,0x00000007a6180000)
  from space 33280K, 10% used [0x00000007a6180000,0x00000007a64e00d0,0x00000007a8200000)
  to   space 32256K, 0% used [0x00000007a9b00000,0x00000007a9b00000,0x00000007aba80000)
 ParOldGen       total 144896K, used 69281K [0x0000000740000000, 0x0000000748d80000, 0x0000000795580000)
  object space 144896K, 47% used [0x0000000740000000,0x00000007443a8710,0x0000000748d80000)
 Metaspace       used 18842K, capacity 19041K, committed 19200K, reserved 1067008K
  class space    used 1885K, capacity 1949K, committed 2048K, reserved 1048576K
Event: 14.950 GC heap after
Heap after GC invocations=17 (full 1):
 PSYoungGen      total 321024K, used 3456K [0x0000000795580000, 0x00000007ab300000, 0x00000007c0000000)
  eden space 296448K, 0% used [0x0000000795580000,0x0000000795580000,0x00000007a7700000)
  from space 24576K, 14% used [0x00000007a9b00000,0x00000007a9e600d0,0x00000007ab300000)
  to   space 30720K, 0% used [0x00000007a7700000,0x00000007a7700000,0x00000007a9500000)
 ParOldGen       total 144896K, used 69281K [0x0000000740000000, 0x0000000748d80000, 0x0000000795580000)
  object space 144896K, 47% used [0x0000000740000000,0x00000007443a8710,0x0000000748d80000)
 Metaspace       used 18842K, capacity 19041K, committed 19200K, reserved 1067008K
  class space    used 1885K, capacity 1949K, committed 2048K, reserved 1048576K
}

