# JRE version: Java(TM) SE Runtime Environment (8.0_91-b14) (build 1.8.0_91-b14)
# Java VM: Java HotSpot(TM) 64-Bit Server VM (25.91-b14 mixed mode bsd-amd64 compressed oops)
Heap:
 PSYoungGen      total 108544K, used 81132K [0x0000000795580000, 0x000000079f300000, 0x00000007c0000000)
  eden space 85504K, 67% used [0x0000000795580000,0x0000000798e3ea98,0x000000079a900000)
  from space 23040K, 99% used [0x000000079a900000,0x000000079bf7c5b0,0x000000079bf80000)
  to   space 28672K, 0% used [0x000000079d700000,0x000000079d700000,0x000000079f300000)
 ParOldGen       total 75776K, used 29685K [0x0000000740000000, 0x0000000744a00000, 0x0000000795580000)
  object space 75776K, 39% used [0x0000000740000000,0x0000000741cfd560,0x0000000744a00000)
 Metaspace       used 21421K, capacity 21651K, committed 21808K, reserved 1069056K
  class space    used 2050K, capacity 2112K, committed 2176K, reserved 1048576K
GC Heap History (10 events):
Event: 24.508 GC heap before
{Heap before GC invocations=10 (full 1):
 PSYoungGen      total 74240K, used 70720K [0x0000000795580000, 0x000000079af00000, 0x00000007c0000000)
  eden space 60416K, 100% used [0x0000000795580000,0x0000000799080000,0x0000000799080000)
  from space 13824K, 74% used [0x0000000799f00000,0x000000079a910290,0x000000079ac80000)
  to   space 14848K, 0% used [0x0000000799080000,0x0000000799080000,0x0000000799f00000)
 ParOldGen       total 75776K, used 17348K [0x0000000740000000, 0x0000000744a00000, 0x0000000795580000)
  object space 75776K, 22% used [0x0000000740000000,0x00000007410f1260,0x0000000744a00000)
 Metaspace       used 21228K, capacity 21459K, committed 21808K, reserved 1069056K
  class space    used 2043K, capacity 2112K, committed 2176K, reserved 1048576K
Event: 24.516 GC heap after
Heap after GC invocations=10 (full 1):
 PSYoungGen      total 75264K, used 10368K [0x0000000795580000, 0x000000079bb80000, 0x00000007c0000000)
  eden space 60416K, 0% used [0x0000000795580000,0x0000000795580000,0x0000000799080000)
  from space 14848K, 69% used [0x0000000799080000,0x0000000799aa0290,0x0000000799f00000)
  to   space 15360K, 0% used [0x000000079ac80000,0x000000079ac80000,0x000000079bb80000)
 ParOldGen       total 75776K, used 17348K [0x0000000740000000, 0x0000000744a00000, 0x0000000795580000)
  object space 75776K, 22% used [0x0000000740000000,0x00000007410f1260,0x0000000744a00000)
 Metaspace       used 21228K, capacity 21459K, committed 21808K, reserved 1069056K
  class space    used 2043K, capacity 2112K, committed 2176K, reserved 1048576K
}
Event: 25.754 GC heap before
{Heap before GC invocations=11 (full 1):
 PSYoungGen      total 75264K, used 70784K [0x0000000795580000, 0x000000079bb80000, 0x00000007c0000000)
  eden space 60416K, 100% used [0x0000000795580000,0x0000000799080000,0x0000000799080000)
  from space 14848K, 69% used [0x0000000799080000,0x0000000799aa0290,0x0000000799f00000)
  to   space 15360K, 0% used [0x000000079ac80000,0x000000079ac80000,0x000000079bb80000)
 ParOldGen       total 75776K, used 17348K [0x0000000740000000, 0x0000000744a00000, 0x0000000795580000)
  object space 75776K, 22% used [0x0000000740000000,0x00000007410f1260,0x0000000744a00000)
 Metaspace       used 21292K, capacity 21523K, committed 21808K, reserved 1069056K
  class space    used 2043K, capacity 2112K, committed 2176K, reserved 1048576K
Event: 25.770 GC heap after
Heap after GC invocations=11 (full 1):
 PSYoungGen      total 86528K, used 15328K [0x0000000795580000, 0x000000079c400000, 0x00000007c0000000)
  eden space 71168K, 0% used [0x0000000795580000,0x0000000795580000,0x0000000799b00000)
  from space 15360K, 99% used [0x000000079ac80000,0x000000079bb783c0,0x000000079bb80000)
  to   space 17920K, 0% used [0x0000000799b00000,0x0000000799b00000,0x000000079ac80000)
 ParOldGen       total 75776K, used 22988K [0x0000000740000000, 0x0000000744a00000, 0x0000000795580000)
  object space 75776K, 30% used [0x0000000740000000,0x00000007416733c0,0x0000000744a00000)
 Metaspace       used 21292K, capacity 21523K, committed 21808K, reserved 1069056K
  class space    used 2043K, capacity 2112K, committed 2176K, reserved 1048576K
}
Event: 31.592 GC heap before
{Heap before GC invocations=12 (full 1):
 PSYoungGen      total 86528K, used 86496K [0x0000000795580000, 0x000000079c400000, 0x00000007c0000000)
  eden space 71168K, 100% used [0x0000000795580000,0x0000000799b00000,0x0000000799b00000)
  from space 15360K, 99% used [0x000000079ac80000,0x000000079bb783c0,0x000000079bb80000)
  to   space 17920K, 0% used [0x0000000799b00000,0x0000000799b00000,0x000000079ac80000)
 ParOldGen       total 75776K, used 22988K [0x0000000740000000, 0x0000000744a00000, 0x0000000795580000)
  object space 75776K, 30% used [0x0000000740000000,0x00000007416733c0,0x0000000744a00000)
 Metaspace       used 21302K, capacity 21523K, committed 21808K, reserved 1069056K
  class space    used 2043K, capacity 2112K, committed 2176K, reserved 1048576K
Event: 31.598 GC heap after
Heap after GC invocations=12 (full 1):
 PSYoungGen      total 89088K, used 16593K [0x0000000795580000, 0x000000079d300000, 0x00000007c0000000)
  eden space 71168K, 0% used [0x0000000795580000,0x0000000795580000,0x0000000799b00000)
  from space 17920K, 92% used [0x0000000799b00000,0x000000079ab34420,0x000000079ac80000)
  to   space 19968K, 0% used [0x000000079bf80000,0x000000079bf80000,0x000000079d300000)
 ParOldGen       total 75776K, used 22996K [0x0000000740000000, 0x0000000744a00000, 0x0000000795580000)
  object space 75776K, 30% used [0x0000000740000000,0x00000007416753c0,0x0000000744a00000)
 Metaspace       used 21302K, capacity 21523K, committed 21808K, reserved 1069056K
  class space    used 2043K, capacity 2112K, committed 2176K, reserved 1048576K
}
Event: 36.252 GC heap before
{Heap before GC invocations=13 (full 1):
 PSYoungGen      total 89088K, used 87761K [0x0000000795580000, 0x000000079d300000, 0x00000007c0000000)
  eden space 71168K, 100% used [0x0000000795580000,0x0000000799b00000,0x0000000799b00000)
  from space 17920K, 92% used [0x0000000799b00000,0x000000079ab34420,0x000000079ac80000)
  to   space 19968K, 0% used [0x000000079bf80000,0x000000079bf80000,0x000000079d300000)
 ParOldGen       total 75776K, used 22996K [0x0000000740000000, 0x0000000744a00000, 0x0000000795580000)
  object space 75776K, 30% used [0x0000000740000000,0x00000007416753c0,0x0000000744a00000)
 Metaspace       used 21310K, capacity 21523K, committed 21808K, reserved 1069056K
  class space    used 2043K, capacity 2112K, committed 2176K, reserved 1048576K
Event: 36.265 GC heap after
Heap after GC invocations=13 (full 1):
 PSYoungGen      total 105472K, used 19953K [0x0000000795580000, 0x000000079d800000, 0x00000007c0000000)
  eden space 85504K, 0% used [0x0000000795580000,0x0000000795580000,0x000000079a900000)
  from space 19968K, 99% used [0x000000079bf80000,0x000000079d2fc4f0,0x000000079d300000)
  to   space 23040K, 0% used [0x000000079a900000,0x000000079a900000,0x000000079bf80000)
 ParOldGen       total 75776K, used 23508K [0x0000000740000000, 0x0000000744a00000, 0x0000000795580000)
  object space 75776K, 31% used [0x0000000740000000,0x00000007416f53e0,0x0000000744a00000)
 Metaspace       used 21310K, capacity 21523K, committed 21808K, reserved 1069056K
  class space    used 2043K, capacity 2112K, committed 2176K, reserved 1048576K
}
Event: 40.268 GC heap before
{Heap before GC invocations=14 (full 1):
 PSYoungGen      total 105472K, used 105457K [0x0000000795580000, 0x000000079d800000, 0x00000007c0000000)
  eden space 85504K, 100% used [0x0000000795580000,0x000000079a900000,0x000000079a900000)
  from space 19968K, 99% used [0x000000079bf80000,0x000000079d2fc4f0,0x000000079d300000)
  to   space 23040K, 0% used [0x000000079a900000,0x000000079a900000,0x000000079bf80000)
 ParOldGen       total 75776K, used 23508K [0x0000000740000000, 0x0000000744a00000, 0x0000000795580000)
  object space 75776K, 31% used [0x0000000740000000,0x00000007416f53e0,0x0000000744a00000)
 Metaspace       used 21386K, capacity 21587K, committed 21808K, reserved 1069056K
  class space    used 2043K, capacity 2112K, committed 2176K, reserved 1048576K
Event: 40.278 GC heap after
Heap after GC invocations=14 (full 1):
 PSYoungGen      total 108544K, used 23025K [0x0000000795580000, 0x000000079f300000, 0x00000007c0000000)
  eden space 85504K, 0% used [0x0000000795580000,0x0000000795580000,0x000000079a900000)
  from space 23040K, 99% used [0x000000079a900000,0x000000079bf7c5b0,0x000000079bf80000)
  to   space 28672K, 0% used [0x000000079d700000,0x000000079d700000,0x000000079f300000)
 ParOldGen       total 75776K, used 29685K [0x0000000740000000, 0x0000000744a00000, 0x0000000795580000)
  object space 75776K, 39% used [0x0000000740000000,0x0000000741cfd560,0x0000000744a00000)
 Metaspace       used 21386K, capacity 21587K, committed 21808K, reserved 1069056K
  class space    used 2043K, capacity 2112K, committed 2176K, reserved 1048576K
}

