# JRE version: Java(TM) SE Runtime Environment (8.0_91-b14) (build 1.8.0_91-b14)
# Java VM: Java HotSpot(TM) 64-Bit Server VM (25.91-b14 mixed mode bsd-amd64 compressed oops)
Heap:
 PSYoungGen      total 427520K, used 233345K [0x0000000795580000, 0x00000007b7500000, 0x00000007c0000000)
  eden space 398848K, 55% used [0x0000000795580000,0x00000007a2d681e0,0x00000007adb00000)
  from space 28672K, 42% used [0x00000007adb00000,0x00000007ae6f82f0,0x00000007af700000)
  to   space 27648K, 0% used [0x00000007b5a00000,0x00000007b5a00000,0x00000007b7500000)
 ParOldGen       total 129536K, used 62798K [0x0000000740000000, 0x0000000747e80000, 0x0000000795580000)
  object space 129536K, 48% used [0x0000000740000000,0x0000000743d53808,0x0000000747e80000)
 Metaspace       used 19129K, capacity 19327K, committed 19456K, reserved 1067008K
  class space    used 1883K, capacity 1982K, committed 2048K, reserved 1048576K
GC Heap History (10 events):
Event: 10.137 GC heap before
{Heap before GC invocations=8 (full 0):
 PSYoungGen      total 162304K, used 148778K [0x0000000795580000, 0x00000007a8f80000, 0x00000007c0000000)
  eden space 133120K, 100% used [0x0000000795580000,0x000000079d780000,0x000000079d780000)
  from space 29184K, 53% used [0x000000079d780000,0x000000079e6cab58,0x000000079f400000)
  to   space 27648K, 0% used [0x00000007a7480000,0x00000007a7480000,0x00000007a8f80000)
 ParOldGen       total 87552K, used 58391K [0x0000000740000000, 0x0000000745580000, 0x0000000795580000)
  object space 87552K, 66% used [0x0000000740000000,0x0000000743905cd8,0x0000000745580000)
 Metaspace       used 18880K, capacity 19029K, committed 19200K, reserved 1067008K
  class space    used 1873K, capacity 1949K, committed 2048K, reserved 1048576K
Event: 10.147 GC heap after
Heap after GC invocations=8 (full 0):
 PSYoungGen      total 291840K, used 14470K [0x0000000795580000, 0x00000007a8d80000, 0x00000007c0000000)
  eden space 266240K, 0% used [0x0000000795580000,0x0000000795580000,0x00000007a5980000)
  from space 25600K, 56% used [0x00000007a7480000,0x00000007a82a18e0,0x00000007a8d80000)
  to   space 26624K, 0% used [0x00000007a5980000,0x00000007a5980000,0x00000007a7380000)
 ParOldGen       total 87552K, used 59555K [0x0000000740000000, 0x0000000745580000, 0x0000000795580000)
  object space 87552K, 68% used [0x0000000740000000,0x0000000743a28f50,0x0000000745580000)
 Metaspace       used 18880K, capacity 19029K, committed 19200K, reserved 1067008K
  class space    used 1873K, capacity 1949K, committed 2048K, reserved 1048576K
}
Event: 12.793 GC heap before
{Heap before GC invocations=9 (full 0):
 PSYoungGen      total 291840K, used 280710K [0x0000000795580000, 0x00000007a8d80000, 0x00000007c0000000)
  eden space 266240K, 100% used [0x0000000795580000,0x00000007a5980000,0x00000007a5980000)
  from space 25600K, 56% used [0x00000007a7480000,0x00000007a82a18e0,0x00000007a8d80000)
  to   space 26624K, 0% used [0x00000007a5980000,0x00000007a5980000,0x00000007a7380000)
 ParOldGen       total 87552K, used 59555K [0x0000000740000000, 0x0000000745580000, 0x0000000795580000)
  object space 87552K, 68% used [0x0000000740000000,0x0000000743a28f50,0x0000000745580000)
 Metaspace       used 18923K, capacity 19103K, committed 19456K, reserved 1067008K
  class space    used 1874K, capacity 1950K, committed 2048K, reserved 1048576K
Event: 12.802 GC heap after
Heap after GC invocations=9 (full 0):
 PSYoungGen      total 292864K, used 2176K [0x0000000795580000, 0x00000007b2c80000, 0x00000007c0000000)
  eden space 266240K, 0% used [0x0000000795580000,0x0000000795580000,0x00000007a5980000)
  from space 26624K, 8% used [0x00000007a5980000,0x00000007a5ba0080,0x00000007a7380000)
  to   space 28160K, 0% used [0x00000007b1100000,0x00000007b1100000,0x00000007b2c80000)
 ParOldGen       total 87552K, used 71898K [0x0000000740000000, 0x0000000745580000, 0x0000000795580000)
  object space 87552K, 82% used [0x0000000740000000,0x0000000744636850,0x0000000745580000)
 Metaspace       used 18923K, capacity 19103K, committed 19456K, reserved 1067008K
  class space    used 1874K, capacity 1950K, committed 2048K, reserved 1048576K
}
Event: 12.802 GC heap before
{Heap before GC invocations=10 (full 1):
 PSYoungGen      total 292864K, used 2176K [0x0000000795580000, 0x00000007b2c80000, 0x00000007c0000000)
  eden space 266240K, 0% used [0x0000000795580000,0x0000000795580000,0x00000007a5980000)
  from space 26624K, 8% used [0x00000007a5980000,0x00000007a5ba0080,0x00000007a7380000)
  to   space 28160K, 0% used [0x00000007b1100000,0x00000007b1100000,0x00000007b2c80000)
 ParOldGen       total 87552K, used 71898K [0x0000000740000000, 0x0000000745580000, 0x0000000795580000)
  object space 87552K, 82% used [0x0000000740000000,0x0000000744636850,0x0000000745580000)
 Metaspace       used 18923K, capacity 19103K, committed 19456K, reserved 1067008K
  class space    used 1874K, capacity 1950K, committed 2048K, reserved 1048576K
Event: 12.999 GC heap after
Heap after GC invocations=10 (full 1):
 PSYoungGen      total 292864K, used 0K [0x0000000795580000, 0x00000007b2c80000, 0x00000007c0000000)
  eden space 266240K, 0% used [0x0000000795580000,0x0000000795580000,0x00000007a5980000)
  from space 26624K, 0% used [0x00000007a5980000,0x00000007a5980000,0x00000007a7380000)
  to   space 28160K, 0% used [0x00000007b1100000,0x00000007b1100000,0x00000007b2c80000)
 ParOldGen       total 129536K, used 61333K [0x0000000740000000, 0x0000000747e80000, 0x0000000795580000)
  object space 129536K, 47% used [0x0000000740000000,0x0000000743be56f8,0x0000000747e80000)
 Metaspace       used 18923K, capacity 19103K, committed 19456K, reserved 1067008K
  class space    used 1874K, capacity 1950K, committed 2048K, reserved 1048576K
}
Event: 15.412 GC heap before
{Heap before GC invocations=11 (full 1):
 PSYoungGen      total 292864K, used 266240K [0x0000000795580000, 0x00000007b2c80000, 0x00000007c0000000)
  eden space 266240K, 100% used [0x0000000795580000,0x00000007a5980000,0x00000007a5980000)
  from space 26624K, 0% used [0x00000007a5980000,0x00000007a5980000,0x00000007a7380000)
  to   space 28160K, 0% used [0x00000007b1100000,0x00000007b1100000,0x00000007b2c80000)
 ParOldGen       total 129536K, used 61333K [0x0000000740000000, 0x0000000747e80000, 0x0000000795580000)
  object space 129536K, 47% used [0x0000000740000000,0x0000000743be56f8,0x0000000747e80000)
 Metaspace       used 18942K, capacity 19167K, committed 19456K, reserved 1067008K
  class space    used 1874K, capacity 1950K, committed 2048K, reserved 1048576K
Event: 15.413 GC heap after
Heap after GC invocations=11 (full 1):
 PSYoungGen      total 372224K, used 1600K [0x0000000795580000, 0x00000007b1300000, 0x00000007c0000000)
  eden space 370176K, 0% used [0x0000000795580000,0x0000000795580000,0x00000007abf00000)
  from space 2048K, 78% used [0x00000007b1100000,0x00000007b1290070,0x00000007b1300000)
  to   space 28672K, 0% used [0x00000007adb00000,0x00000007adb00000,0x00000007af700000)
 ParOldGen       total 129536K, used 61341K [0x0000000740000000, 0x0000000747e80000, 0x0000000795580000)
  object space 129536K, 47% used [0x0000000740000000,0x0000000743be76f8,0x0000000747e80000)
 Metaspace       used 18942K, capacity 19167K, committed 19456K, reserved 1067008K
  class space    used 1874K, capacity 1950K, committed 2048K, reserved 1048576K
}
Event: 17.996 GC heap before
{Heap before GC invocations=12 (full 1):
 PSYoungGen      total 372224K, used 371776K [0x0000000795580000, 0x00000007b1300000, 0x00000007c0000000)
  eden space 370176K, 100% used [0x0000000795580000,0x00000007abf00000,0x00000007abf00000)
  from space 2048K, 78% used [0x00000007b1100000,0x00000007b1290070,0x00000007b1300000)
  to   space 28672K, 0% used [0x00000007adb00000,0x00000007adb00000,0x00000007af700000)
 ParOldGen       total 129536K, used 61341K [0x0000000740000000, 0x0000000747e80000, 0x0000000795580000)
  object space 129536K, 47% used [0x0000000740000000,0x0000000743be76f8,0x0000000747e80000)
 Metaspace       used 19031K, capacity 19231K, committed 19456K, reserved 1067008K
  class space    used 1875K, capacity 1950K, committed 2048K, reserved 1048576K
Event: 18.003 GC heap after
Heap after GC invocations=12 (full 1):
 PSYoungGen      total 427520K, used 12256K [0x0000000795580000, 0x00000007b7500000, 0x00000007c0000000)
  eden space 398848K, 0% used [0x0000000795580000,0x0000000795580000,0x00000007adb00000)
  from space 28672K, 42% used [0x00000007adb00000,0x00000007ae6f82f0,0x00000007af700000)
  to   space 27648K, 0% used [0x00000007b5a00000,0x00000007b5a00000,0x00000007b7500000)
 ParOldGen       total 129536K, used 62798K [0x0000000740000000, 0x0000000747e80000, 0x0000000795580000)
  object space 129536K, 48% used [0x0000000740000000,0x0000000743d53808,0x0000000747e80000)
 Metaspace       used 19031K, capacity 19231K, committed 19456K, reserved 1067008K
  class space    used 1875K, capacity 1950K, committed 2048K, reserved 1048576K
}

