# JRE version: Java(TM) SE Runtime Environment (8.0_91-b14) (build 1.8.0_91-b14)
# Java VM: Java HotSpot(TM) 64-Bit Server VM (25.91-b14 mixed mode bsd-amd64 compressed oops)
Heap:
 PSYoungGen      total 27136K, used 19931K [0x0000000795580000, 0x00000007a9700000, 0x00000007c0000000)
  eden space 26624K, 74% used [0x0000000795580000,0x00000007968e6c80,0x0000000796f80000)
  from space 512K, 12% used [0x00000007a9680000,0x00000007a9690000,0x00000007a9700000)
  to   space 512K, 0% used [0x00000007a9600000,0x00000007a9600000,0x00000007a9680000)
 ParOldGen       total 190464K, used 111627K [0x0000000740000000, 0x000000074ba00000, 0x0000000795580000)
  object space 190464K, 58% used [0x0000000740000000,0x0000000746d02f48,0x000000074ba00000)
 Metaspace       used 20003K, capacity 20223K, committed 20480K, reserved 1067008K
  class space    used 1898K, capacity 1982K, committed 2048K, reserved 1048576K
GC Heap History (10 events):
Event: 3799.985 GC heap before
{Heap before GC invocations=818 (full 2):
 PSYoungGen      total 27136K, used 26688K [0x0000000795580000, 0x00000007a9700000, 0x00000007c0000000)
  eden space 26624K, 100% used [0x0000000795580000,0x0000000796f80000,0x0000000796f80000)
  from space 512K, 12% used [0x00000007a9600000,0x00000007a9610000,0x00000007a9680000)
  to   space 512K, 0% used [0x00000007a9680000,0x00000007a9680000,0x00000007a9700000)
 ParOldGen       total 190464K, used 111611K [0x0000000740000000, 0x000000074ba00000, 0x0000000795580000)
  object space 190464K, 58% used [0x0000000740000000,0x0000000746cfef48,0x000000074ba00000)
 Metaspace       used 19974K, capacity 20223K, committed 20480K, reserved 1067008K
  class space    used 1892K, capacity 1982K, committed 2048K, reserved 1048576K
Event: 3799.986 GC heap after
Heap after GC invocations=818 (full 2):
 PSYoungGen      total 27136K, used 64K [0x0000000795580000, 0x00000007a9700000, 0x00000007c0000000)
  eden space 26624K, 0% used [0x0000000795580000,0x0000000795580000,0x0000000796f80000)
  from space 512K, 12% used [0x00000007a9680000,0x00000007a9690000,0x00000007a9700000)
  to   space 512K, 0% used [0x00000007a9600000,0x00000007a9600000,0x00000007a9680000)
 ParOldGen       total 190464K, used 111611K [0x0000000740000000, 0x000000074ba00000, 0x0000000795580000)
  object space 190464K, 58% used [0x0000000740000000,0x0000000746cfef48,0x000000074ba00000)
 Metaspace       used 19974K, capacity 20223K, committed 20480K, reserved 1067008K
  class space    used 1892K, capacity 1982K, committed 2048K, reserved 1048576K
}
Event: 3803.083 GC heap before
{Heap before GC invocations=819 (full 2):
 PSYoungGen      total 27136K, used 26688K [0x0000000795580000, 0x00000007a9700000, 0x00000007c0000000)
  eden space 26624K, 100% used [0x0000000795580000,0x0000000796f80000,0x0000000796f80000)
  from space 512K, 12% used [0x00000007a9680000,0x00000007a9690000,0x00000007a9700000)
  to   space 512K, 0% used [0x00000007a9600000,0x00000007a9600000,0x00000007a9680000)
 ParOldGen       total 190464K, used 111611K [0x0000000740000000, 0x000000074ba00000, 0x0000000795580000)
  object space 190464K, 58% used [0x0000000740000000,0x0000000746cfef48,0x000000074ba00000)
 Metaspace       used 19974K, capacity 20223K, committed 20480K, reserved 1067008K
  class space    used 1892K, capacity 1982K, committed 2048K, reserved 1048576K
Event: 3803.085 GC heap after
Heap after GC invocations=819 (full 2):
 PSYoungGen      total 27136K, used 64K [0x0000000795580000, 0x00000007a9700000, 0x00000007c0000000)
  eden space 26624K, 0% used [0x0000000795580000,0x0000000795580000,0x0000000796f80000)
  from space 512K, 12% used [0x00000007a9600000,0x00000007a9610000,0x00000007a9680000)
  to   space 512K, 0% used [0x00000007a9680000,0x00000007a9680000,0x00000007a9700000)
 ParOldGen       total 190464K, used 111627K [0x0000000740000000, 0x000000074ba00000, 0x0000000795580000)
  object space 190464K, 58% used [0x0000000740000000,0x0000000746d02f48,0x000000074ba00000)
 Metaspace       used 19974K, capacity 20223K, committed 20480K, reserved 1067008K
  class space    used 1892K, capacity 1982K, committed 2048K, reserved 1048576K
}
Event: 3806.231 GC heap before
{Heap before GC invocations=820 (full 2):
 PSYoungGen      total 27136K, used 26688K [0x0000000795580000, 0x00000007a9700000, 0x00000007c0000000)
  eden space 26624K, 100% used [0x0000000795580000,0x0000000796f80000,0x0000000796f80000)
  from space 512K, 12% used [0x00000007a9600000,0x00000007a9610000,0x00000007a9680000)
  to   space 512K, 0% used [0x00000007a9680000,0x00000007a9680000,0x00000007a9700000)
 ParOldGen       total 190464K, used 111627K [0x0000000740000000, 0x000000074ba00000, 0x0000000795580000)
  object space 190464K, 58% used [0x0000000740000000,0x0000000746d02f48,0x000000074ba00000)
 Metaspace       used 19974K, capacity 20223K, committed 20480K, reserved 1067008K
  class space    used 1892K, capacity 1982K, committed 2048K, reserved 1048576K
Event: 3806.233 GC heap after
Heap after GC invocations=820 (full 2):
 PSYoungGen      total 27136K, used 64K [0x0000000795580000, 0x00000007a9700000, 0x00000007c0000000)
  eden space 26624K, 0% used [0x0000000795580000,0x0000000795580000,0x0000000796f80000)
  from space 512K, 12% used [0x00000007a9680000,0x00000007a9690000,0x00000007a9700000)
  to   space 512K, 0% used [0x00000007a9600000,0x00000007a9600000,0x00000007a9680000)
 ParOldGen       total 190464K, used 111627K [0x0000000740000000, 0x000000074ba00000, 0x0000000795580000)
  object space 190464K, 58% used [0x0000000740000000,0x0000000746d02f48,0x000000074ba00000)
 Metaspace       used 19974K, capacity 20223K, committed 20480K, reserved 1067008K
  class space    used 1892K, capacity 1982K, committed 2048K, reserved 1048576K
}
Event: 3809.369 GC heap before
{Heap before GC invocations=821 (full 2):
 PSYoungGen      total 27136K, used 26688K [0x0000000795580000, 0x00000007a9700000, 0x00000007c0000000)
  eden space 26624K, 100% used [0x0000000795580000,0x0000000796f80000,0x0000000796f80000)
  from space 512K, 12% used [0x00000007a9680000,0x00000007a9690000,0x00000007a9700000)
  to   space 512K, 0% used [0x00000007a9600000,0x00000007a9600000,0x00000007a9680000)
 ParOldGen       total 190464K, used 111627K [0x0000000740000000, 0x000000074ba00000, 0x0000000795580000)
  object space 190464K, 58% used [0x0000000740000000,0x0000000746d02f48,0x000000074ba00000)
 Metaspace       used 19974K, capacity 20223K, committed 20480K, reserved 1067008K
  class space    used 1892K, capacity 1982K, committed 2048K, reserved 1048576K
Event: 3809.371 GC heap after
Heap after GC invocations=821 (full 2):
 PSYoungGen      total 27136K, used 64K [0x0000000795580000, 0x00000007a9700000, 0x00000007c0000000)
  eden space 26624K, 0% used [0x0000000795580000,0x0000000795580000,0x0000000796f80000)
  from space 512K, 12% used [0x00000007a9600000,0x00000007a9610000,0x00000007a9680000)
  to   space 512K, 0% used [0x00000007a9680000,0x00000007a9680000,0x00000007a9700000)
 ParOldGen       total 190464K, used 111627K [0x0000000740000000, 0x000000074ba00000, 0x0000000795580000)
  object space 190464K, 58% used [0x0000000740000000,0x0000000746d02f48,0x000000074ba00000)
 Metaspace       used 19974K, capacity 20223K, committed 20480K, reserved 1067008K
  class space    used 1892K, capacity 1982K, committed 2048K, reserved 1048576K
}
Event: 3812.215 GC heap before
{Heap before GC invocations=822 (full 2):
 PSYoungGen      total 27136K, used 26688K [0x0000000795580000, 0x00000007a9700000, 0x00000007c0000000)
  eden space 26624K, 100% used [0x0000000795580000,0x0000000796f80000,0x0000000796f80000)
  from space 512K, 12% used [0x00000007a9600000,0x00000007a9610000,0x00000007a9680000)
  to   space 512K, 0% used [0x00000007a9680000,0x00000007a9680000,0x00000007a9700000)
 ParOldGen       total 190464K, used 111627K [0x0000000740000000, 0x000000074ba00000, 0x0000000795580000)
  object space 190464K, 58% used [0x0000000740000000,0x0000000746d02f48,0x000000074ba00000)
 Metaspace       used 19974K, capacity 20223K, committed 20480K, reserved 1067008K
  class space    used 1892K, capacity 1982K, committed 2048K, reserved 1048576K
Event: 3812.216 GC heap after
Heap after GC invocations=822 (full 2):
 PSYoungGen      total 27136K, used 64K [0x0000000795580000, 0x00000007a9700000, 0x00000007c0000000)
  eden space 26624K, 0% used [0x0000000795580000,0x0000000795580000,0x0000000796f80000)
  from space 512K, 12% used [0x00000007a9680000,0x00000007a9690000,0x00000007a9700000)
  to   space 512K, 0% used [0x00000007a9600000,0x00000007a9600000,0x00000007a9680000)
 ParOldGen       total 190464K, used 111627K [0x0000000740000000, 0x000000074ba00000, 0x0000000795580000)
  object space 190464K, 58% used [0x0000000740000000,0x0000000746d02f48,0x000000074ba00000)
 Metaspace       used 19974K, capacity 20223K, committed 20480K, reserved 1067008K
  class space    used 1892K, capacity 1982K, committed 2048K, reserved 1048576K
}

