# JRE version: Java(TM) SE Runtime Environment (8.0_91-b14) (build 1.8.0_91-b14)
# Java VM: Java HotSpot(TM) 64-Bit Server VM (25.91-b14 mixed mode bsd-amd64 compressed oops)
Heap:
 PSYoungGen      total 101376K, used 52519K [0x0000000795580000, 0x00000007c0000000, 0x00000007c0000000)
  eden space 100864K, 51% used [0x0000000795580000,0x00000007988a9c38,0x000000079b800000)
  from space 512K, 25% used [0x00000007bff00000,0x00000007bff20000,0x00000007bff80000)
  to   space 512K, 0% used [0x00000007bff80000,0x00000007bff80000,0x00000007c0000000)
 ParOldGen       total 128000K, used 71476K [0x0000000740000000, 0x0000000747d00000, 0x0000000795580000)
  object space 128000K, 55% used [0x0000000740000000,0x00000007445cd3e8,0x0000000747d00000)
 Metaspace       used 19461K, capacity 19655K, committed 19968K, reserved 1067008K
  class space    used 1895K, capacity 1982K, committed 2048K, reserved 1048576K
GC Heap History (10 events):
Event: 3540.293 GC heap before
{Heap before GC invocations=5256 (full 1):
 PSYoungGen      total 120320K, used 119872K [0x0000000795580000, 0x00000007c0000000, 0x00000007c0000000)
  eden space 119808K, 100% used [0x0000000795580000,0x000000079ca80000,0x000000079ca80000)
  from space 512K, 12% used [0x00000007bff80000,0x00000007bff90000,0x00000007c0000000)
  to   space 512K, 0% used [0x00000007bff00000,0x00000007bff00000,0x00000007bff80000)
 ParOldGen       total 128000K, used 71476K [0x0000000740000000, 0x0000000747d00000, 0x0000000795580000)
  object space 128000K, 55% used [0x0000000740000000,0x00000007445cd3e8,0x0000000747d00000)
 Metaspace       used 19430K, capacity 19623K, committed 19968K, reserved 1067008K
  class space    used 1889K, capacity 1950K, committed 2048K, reserved 1048576K
Event: 3540.296 GC heap after
Heap after GC invocations=5256 (full 1):
 PSYoungGen      total 116224K, used 64K [0x0000000795580000, 0x00000007c0000000, 0x00000007c0000000)
  eden space 115712K, 0% used [0x0000000795580000,0x0000000795580000,0x000000079c680000)
  from space 512K, 12% used [0x00000007bff00000,0x00000007bff10000,0x00000007bff80000)
  to   space 512K, 0% used [0x00000007bff80000,0x00000007bff80000,0x00000007c0000000)
 ParOldGen       total 128000K, used 71476K [0x0000000740000000, 0x0000000747d00000, 0x0000000795580000)
  object space 128000K, 55% used [0x0000000740000000,0x00000007445cd3e8,0x0000000747d00000)
 Metaspace       used 19430K, capacity 19623K, committed 19968K, reserved 1067008K
  class space    used 1889K, capacity 1950K, committed 2048K, reserved 1048576K
}
Event: 3541.019 GC heap before
{Heap before GC invocations=5257 (full 1):
 PSYoungGen      total 116224K, used 115776K [0x0000000795580000, 0x00000007c0000000, 0x00000007c0000000)
  eden space 115712K, 100% used [0x0000000795580000,0x000000079c680000,0x000000079c680000)
  from space 512K, 12% used [0x00000007bff00000,0x00000007bff10000,0x00000007bff80000)
  to   space 512K, 0% used [0x00000007bff80000,0x00000007bff80000,0x00000007c0000000)
 ParOldGen       total 128000K, used 71476K [0x0000000740000000, 0x0000000747d00000, 0x0000000795580000)
  object space 128000K, 55% used [0x0000000740000000,0x00000007445cd3e8,0x0000000747d00000)
 Metaspace       used 19430K, capacity 19623K, committed 19968K, reserved 1067008K
  class space    used 1889K, capacity 1950K, committed 2048K, reserved 1048576K
Event: 3541.021 GC heap after
Heap after GC invocations=5257 (full 1):
 PSYoungGen      total 112128K, used 64K [0x0000000795580000, 0x00000007c0000000, 0x00000007c0000000)
  eden space 111616K, 0% used [0x0000000795580000,0x0000000795580000,0x000000079c280000)
  from space 512K, 12% used [0x00000007bff80000,0x00000007bff90000,0x00000007c0000000)
  to   space 512K, 0% used [0x00000007bff00000,0x00000007bff00000,0x00000007bff80000)
 ParOldGen       total 128000K, used 71476K [0x0000000740000000, 0x0000000747d00000, 0x0000000795580000)
  object space 128000K, 55% used [0x0000000740000000,0x00000007445cd3e8,0x0000000747d00000)
 Metaspace       used 19430K, capacity 19623K, committed 19968K, reserved 1067008K
  class space    used 1889K, capacity 1950K, committed 2048K, reserved 1048576K
}
Event: 3541.712 GC heap before
{Heap before GC invocations=5258 (full 1):
 PSYoungGen      total 112128K, used 111680K [0x0000000795580000, 0x00000007c0000000, 0x00000007c0000000)
  eden space 111616K, 100% used [0x0000000795580000,0x000000079c280000,0x000000079c280000)
  from space 512K, 12% used [0x00000007bff80000,0x00000007bff90000,0x00000007c0000000)
  to   space 512K, 0% used [0x00000007bff00000,0x00000007bff00000,0x00000007bff80000)
 ParOldGen       total 128000K, used 71476K [0x0000000740000000, 0x0000000747d00000, 0x0000000795580000)
  object space 128000K, 55% used [0x0000000740000000,0x00000007445cd3e8,0x0000000747d00000)
 Metaspace       used 19430K, capacity 19623K, committed 19968K, reserved 1067008K
  class space    used 1889K, capacity 1950K, committed 2048K, reserved 1048576K
Event: 3541.713 GC heap after
Heap after GC invocations=5258 (full 1):
 PSYoungGen      total 108544K, used 96K [0x0000000795580000, 0x00000007c0000000, 0x00000007c0000000)
  eden space 108032K, 0% used [0x0000000795580000,0x0000000795580000,0x000000079bf00000)
  from space 512K, 18% used [0x00000007bff00000,0x00000007bff18000,0x00000007bff80000)
  to   space 512K, 0% used [0x00000007bff80000,0x00000007bff80000,0x00000007c0000000)
 ParOldGen       total 128000K, used 71476K [0x0000000740000000, 0x0000000747d00000, 0x0000000795580000)
  object space 128000K, 55% used [0x0000000740000000,0x00000007445cd3e8,0x0000000747d00000)
 Metaspace       used 19430K, capacity 19623K, committed 19968K, reserved 1067008K
  class space    used 1889K, capacity 1950K, committed 2048K, reserved 1048576K
}
Event: 3542.218 GC heap before
{Heap before GC invocations=5259 (full 1):
 PSYoungGen      total 108544K, used 108128K [0x0000000795580000, 0x00000007c0000000, 0x00000007c0000000)
  eden space 108032K, 100% used [0x0000000795580000,0x000000079bf00000,0x000000079bf00000)
  from space 512K, 18% used [0x00000007bff00000,0x00000007bff18000,0x00000007bff80000)
  to   space 512K, 0% used [0x00000007bff80000,0x00000007bff80000,0x00000007c0000000)
 ParOldGen       total 128000K, used 71476K [0x0000000740000000, 0x0000000747d00000, 0x0000000795580000)
  object space 128000K, 55% used [0x0000000740000000,0x00000007445cd3e8,0x0000000747d00000)
 Metaspace       used 19430K, capacity 19623K, committed 19968K, reserved 1067008K
  class space    used 1889K, capacity 1950K, committed 2048K, reserved 1048576K
Event: 3542.219 GC heap after
Heap after GC invocations=5259 (full 1):
 PSYoungGen      total 104960K, used 96K [0x0000000795580000, 0x00000007c0000000, 0x00000007c0000000)
  eden space 104448K, 0% used [0x0000000795580000,0x0000000795580000,0x000000079bb80000)
  from space 512K, 18% used [0x00000007bff80000,0x00000007bff98000,0x00000007c0000000)
  to   space 512K, 0% used [0x00000007bff00000,0x00000007bff00000,0x00000007bff80000)
 ParOldGen       total 128000K, used 71476K [0x0000000740000000, 0x0000000747d00000, 0x0000000795580000)
  object space 128000K, 55% used [0x0000000740000000,0x00000007445cd3e8,0x0000000747d00000)
 Metaspace       used 19430K, capacity 19623K, committed 19968K, reserved 1067008K
  class space    used 1889K, capacity 1950K, committed 2048K, reserved 1048576K
}
Event: 3542.821 GC heap before
{Heap before GC invocations=5260 (full 1):
 PSYoungGen      total 104960K, used 104544K [0x0000000795580000, 0x00000007c0000000, 0x00000007c0000000)
  eden space 104448K, 100% used [0x0000000795580000,0x000000079bb80000,0x000000079bb80000)
  from space 512K, 18% used [0x00000007bff80000,0x00000007bff98000,0x00000007c0000000)
  to   space 512K, 0% used [0x00000007bff00000,0x00000007bff00000,0x00000007bff80000)
 ParOldGen       total 128000K, used 71476K [0x0000000740000000, 0x0000000747d00000, 0x0000000795580000)
  object space 128000K, 55% used [0x0000000740000000,0x00000007445cd3e8,0x0000000747d00000)
 Metaspace       used 19434K, capacity 19655K, committed 19968K, reserved 1067008K
  class space    used 1890K, capacity 1982K, committed 2048K, reserved 1048576K
Event: 3542.822 GC heap after
Heap after GC invocations=5260 (full 1):
 PSYoungGen      total 101376K, used 128K [0x0000000795580000, 0x00000007c0000000, 0x00000007c0000000)
  eden space 100864K, 0% used [0x0000000795580000,0x0000000795580000,0x000000079b800000)
  from space 512K, 25% used [0x00000007bff00000,0x00000007bff20000,0x00000007bff80000)
  to   space 512K, 0% used [0x00000007bff80000,0x00000007bff80000,0x00000007c0000000)
 ParOldGen       total 128000K, used 71476K [0x0000000740000000, 0x0000000747d00000, 0x0000000795580000)
  object space 128000K, 55% used [0x0000000740000000,0x00000007445cd3e8,0x0000000747d00000)
 Metaspace       used 19434K, capacity 19655K, committed 19968K, reserved 1067008K
  class space    used 1890K, capacity 1982K, committed 2048K, reserved 1048576K
}

