# JRE version: Java(TM) SE Runtime Environment (8.0_91-b14) (build 1.8.0_91-b14)
# Java VM: Java HotSpot(TM) 64-Bit Server VM (25.91-b14 mixed mode bsd-amd64 compressed oops)
Heap:
 PSYoungGen      total 48128K, used 17550K [0x0000000795580000, 0x0000000799680000, 0x00000007c0000000)
  eden space 31744K, 11% used [0x0000000795580000,0x00000007958eb820,0x0000000797480000)
  from space 16384K, 85% used [0x0000000797500000,0x00000007982b8360,0x0000000798500000)
  to   space 17408K, 0% used [0x0000000798580000,0x0000000798580000,0x0000000799680000)
 ParOldGen       total 87552K, used 27657K [0x0000000740000000, 0x0000000745580000, 0x0000000795580000)
  object space 87552K, 31% used [0x0000000740000000,0x0000000741b025e8,0x0000000745580000)
 Metaspace       used 20829K, capacity 21023K, committed 21296K, reserved 1069056K
  class space    used 2011K, capacity 2078K, committed 2176K, reserved 1048576K
GC Heap History (10 events):
Event: 13.130 GC heap before
{Heap before GC invocations=3 (full 0):
 PSYoungGen      total 38400K, used 38167K [0x0000000795580000, 0x0000000798000000, 0x00000007c0000000)
  eden space 33280K, 99% used [0x0000000795580000,0x00000007975c9448,0x0000000797600000)
  from space 5120K, 99% used [0x0000000797b00000,0x0000000797ffcb20,0x0000000798000000)
  to   space 5120K, 0% used [0x0000000797600000,0x0000000797600000,0x0000000797b00000)
 ParOldGen       total 87552K, used 7715K [0x0000000740000000, 0x0000000745580000, 0x0000000795580000)
  object space 87552K, 8% used [0x0000000740000000,0x0000000740788f78,0x0000000745580000)
 Metaspace       used 20603K, capacity 20831K, committed 21120K, reserved 1069056K
  class space    used 2004K, capacity 2078K, committed 2176K, reserved 1048576K
Event: 13.136 GC heap after
Heap after GC invocations=3 (full 0):
 PSYoungGen      total 38400K, used 5090K [0x0000000795580000, 0x0000000798000000, 0x00000007c0000000)
  eden space 33280K, 0% used [0x0000000795580000,0x0000000795580000,0x0000000797600000)
  from space 5120K, 99% used [0x0000000797600000,0x0000000797af8af0,0x0000000797b00000)
  to   space 5120K, 0% used [0x0000000797b00000,0x0000000797b00000,0x0000000798000000)
 ParOldGen       total 87552K, used 10348K [0x0000000740000000, 0x0000000745580000, 0x0000000795580000)
  object space 87552K, 11% used [0x0000000740000000,0x0000000740a1b028,0x0000000745580000)
 Metaspace       used 20603K, capacity 20831K, committed 21120K, reserved 1069056K
  class space    used 2004K, capacity 2078K, committed 2176K, reserved 1048576K
}
Event: 13.881 GC heap before
{Heap before GC invocations=4 (full 0):
 PSYoungGen      total 38400K, used 38186K [0x0000000795580000, 0x0000000798000000, 0x00000007c0000000)
  eden space 33280K, 99% used [0x0000000795580000,0x00000007975d2040,0x0000000797600000)
  from space 5120K, 99% used [0x0000000797600000,0x0000000797af8af0,0x0000000797b00000)
  to   space 5120K, 0% used [0x0000000797b00000,0x0000000797b00000,0x0000000798000000)
 ParOldGen       total 87552K, used 10348K [0x0000000740000000, 0x0000000745580000, 0x0000000795580000)
  object space 87552K, 11% used [0x0000000740000000,0x0000000740a1b028,0x0000000745580000)
 Metaspace       used 20628K, capacity 20831K, committed 21120K, reserved 1069056K
  class space    used 2004K, capacity 2078K, committed 2176K, reserved 1048576K
Event: 13.888 GC heap after
Heap after GC invocations=4 (full 0):
 PSYoungGen      total 38400K, used 5106K [0x0000000795580000, 0x0000000798000000, 0x00000007c0000000)
  eden space 33280K, 0% used [0x0000000795580000,0x0000000795580000,0x0000000797600000)
  from space 5120K, 99% used [0x0000000797b00000,0x0000000797ffcb00,0x0000000798000000)
  to   space 5120K, 0% used [0x0000000797600000,0x0000000797600000,0x0000000797b00000)
 ParOldGen       total 87552K, used 17716K [0x0000000740000000, 0x0000000745580000, 0x0000000795580000)
  object space 87552K, 20% used [0x0000000740000000,0x000000074114d228,0x0000000745580000)
 Metaspace       used 20628K, capacity 20831K, committed 21120K, reserved 1069056K
  class space    used 2004K, capacity 2078K, committed 2176K, reserved 1048576K
}
Event: 14.531 GC heap before
{Heap before GC invocations=5 (full 0):
 PSYoungGen      total 38400K, used 38268K [0x0000000795580000, 0x0000000798000000, 0x00000007c0000000)
  eden space 33280K, 99% used [0x0000000795580000,0x00000007975e25c8,0x0000000797600000)
  from space 5120K, 99% used [0x0000000797b00000,0x0000000797ffcb00,0x0000000798000000)
  to   space 5120K, 0% used [0x0000000797600000,0x0000000797600000,0x0000000797b00000)
 ParOldGen       total 87552K, used 17716K [0x0000000740000000, 0x0000000745580000, 0x0000000795580000)
  object space 87552K, 20% used [0x0000000740000000,0x000000074114d228,0x0000000745580000)
 Metaspace       used 20677K, capacity 20895K, committed 21120K, reserved 1069056K
  class space    used 2004K, capacity 2078K, committed 2176K, reserved 1048576K
Event: 14.539 GC heap after
Heap after GC invocations=5 (full 0):
 PSYoungGen      total 37888K, used 5090K [0x0000000795580000, 0x0000000799480000, 0x00000007c0000000)
  eden space 32768K, 0% used [0x0000000795580000,0x0000000795580000,0x0000000797580000)
  from space 5120K, 99% used [0x0000000797600000,0x0000000797af8b00,0x0000000797b00000)
  to   space 15872K, 0% used [0x0000000798500000,0x0000000798500000,0x0000000799480000)
 ParOldGen       total 87552K, used 24669K [0x0000000740000000, 0x0000000745580000, 0x0000000795580000)
  object space 87552K, 28% used [0x0000000740000000,0x0000000741817498,0x0000000745580000)
 Metaspace       used 20677K, capacity 20895K, committed 21120K, reserved 1069056K
  class space    used 2004K, capacity 2078K, committed 2176K, reserved 1048576K
}
Event: 15.915 GC heap before
{Heap before GC invocations=6 (full 0):
 PSYoungGen      total 37888K, used 37840K [0x0000000795580000, 0x0000000799480000, 0x00000007c0000000)
  eden space 32768K, 99% used [0x0000000795580000,0x000000079757b8e0,0x0000000797580000)
  from space 5120K, 99% used [0x0000000797600000,0x0000000797af8b00,0x0000000797b00000)
  to   space 15872K, 0% used [0x0000000798500000,0x0000000798500000,0x0000000799480000)
 ParOldGen       total 87552K, used 24669K [0x0000000740000000, 0x0000000745580000, 0x0000000795580000)
  object space 87552K, 28% used [0x0000000740000000,0x0000000741817498,0x0000000745580000)
 Metaspace       used 20757K, capacity 20959K, committed 21120K, reserved 1069056K
  class space    used 2004K, capacity 2078K, committed 2176K, reserved 1048576K
Event: 15.924 GC heap after
Heap after GC invocations=6 (full 0):
 PSYoungGen      total 48128K, used 12147K [0x0000000795580000, 0x0000000799500000, 0x00000007c0000000)
  eden space 32256K, 0% used [0x0000000795580000,0x0000000795580000,0x0000000797500000)
  from space 15872K, 76% used [0x0000000798500000,0x00000007990dcca0,0x0000000799480000)
  to   space 16384K, 0% used [0x0000000797500000,0x0000000797500000,0x0000000798500000)
 ParOldGen       total 87552K, used 24669K [0x0000000740000000, 0x0000000745580000, 0x0000000795580000)
  object space 87552K, 28% used [0x0000000740000000,0x0000000741817498,0x0000000745580000)
 Metaspace       used 20757K, capacity 20959K, committed 21120K, reserved 1069056K
  class space    used 2004K, capacity 2078K, committed 2176K, reserved 1048576K
}
Event: 18.682 GC heap before
{Heap before GC invocations=7 (full 0):
 PSYoungGen      total 48128K, used 44403K [0x0000000795580000, 0x0000000799500000, 0x00000007c0000000)
  eden space 32256K, 100% used [0x0000000795580000,0x0000000797500000,0x0000000797500000)
  from space 15872K, 76% used [0x0000000798500000,0x00000007990dcca0,0x0000000799480000)
  to   space 16384K, 0% used [0x0000000797500000,0x0000000797500000,0x0000000798500000)
 ParOldGen       total 87552K, used 24669K [0x0000000740000000, 0x0000000745580000, 0x0000000795580000)
  object space 87552K, 28% used [0x0000000740000000,0x0000000741817498,0x0000000745580000)
 Metaspace       used 20792K, capacity 21023K, committed 21296K, reserved 1069056K
  class space    used 2004K, capacity 2078K, committed 2176K, reserved 1048576K
Event: 18.694 GC heap after
Heap after GC invocations=7 (full 0):
 PSYoungGen      total 48128K, used 14048K [0x0000000795580000, 0x0000000799680000, 0x00000007c0000000)
  eden space 31744K, 0% used [0x0000000795580000,0x0000000795580000,0x0000000797480000)
  from space 16384K, 85% used [0x0000000797500000,0x00000007982b8360,0x0000000798500000)
  to   space 17408K, 0% used [0x0000000798580000,0x0000000798580000,0x0000000799680000)
 ParOldGen       total 87552K, used 27657K [0x0000000740000000, 0x0000000745580000, 0x0000000795580000)
  object space 87552K, 31% used [0x0000000740000000,0x0000000741b025e8,0x0000000745580000)
 Metaspace       used 20792K, capacity 21023K, committed 21296K, reserved 1069056K
  class space    used 2004K, capacity 2078K, committed 2176K, reserved 1048576K
}

