# JRE version: Java(TM) SE Runtime Environment (8.0_91-b14) (build 1.8.0_91-b14)
# Java VM: Java HotSpot(TM) 64-Bit Server VM (25.91-b14 mixed mode bsd-amd64 compressed oops)
Heap:
 PSYoungGen      total 46592K, used 24546K [0x0000000795580000, 0x0000000799280000, 0x00000007c0000000)
  eden space 31744K, 76% used [0x0000000795580000,0x0000000796d58b00,0x0000000797480000)
  from space 14848K, 0% used [0x0000000797500000,0x0000000797520000,0x0000000798380000)
  to   space 15360K, 0% used [0x0000000798380000,0x0000000798380000,0x0000000799280000)
 ParOldGen       total 58880K, used 17299K [0x0000000740000000, 0x0000000743980000, 0x0000000795580000)
  object space 58880K, 29% used [0x0000000740000000,0x00000007410e4d70,0x0000000743980000)
 Metaspace       used 21206K, capacity 21391K, committed 21552K, reserved 1069056K
  class space    used 2045K, capacity 2112K, committed 2176K, reserved 1048576K
GC Heap History (10 events):
Event: 15.447 GC heap before
{Heap before GC invocations=4 (full 0):
 PSYoungGen      total 38400K, used 38397K [0x0000000795580000, 0x0000000798000000, 0x00000007c0000000)
  eden space 33280K, 100% used [0x0000000795580000,0x0000000797600000,0x0000000797600000)
  from space 5120K, 99% used [0x0000000797600000,0x0000000797aff4e0,0x0000000797b00000)
  to   space 5120K, 0% used [0x0000000797b00000,0x0000000797b00000,0x0000000798000000)
 ParOldGen       total 87552K, used 12895K [0x0000000740000000, 0x0000000745580000, 0x0000000795580000)
  object space 87552K, 14% used [0x0000000740000000,0x0000000740c97dd8,0x0000000745580000)
 Metaspace       used 20870K, capacity 21071K, committed 21296K, reserved 1069056K
  class space    used 2037K, capacity 2112K, committed 2176K, reserved 1048576K
Event: 15.455 GC heap after
Heap after GC invocations=4 (full 0):
 PSYoungGen      total 38400K, used 5101K [0x0000000795580000, 0x0000000798000000, 0x00000007c0000000)
  eden space 33280K, 0% used [0x0000000795580000,0x0000000795580000,0x0000000797600000)
  from space 5120K, 99% used [0x0000000797b00000,0x0000000797ffb4c0,0x0000000798000000)
  to   space 5120K, 0% used [0x0000000797600000,0x0000000797600000,0x0000000797b00000)
 ParOldGen       total 87552K, used 13162K [0x0000000740000000, 0x0000000745580000, 0x0000000795580000)
  object space 87552K, 15% used [0x0000000740000000,0x0000000740cda9b0,0x0000000745580000)
 Metaspace       used 20870K, capacity 21071K, committed 21296K, reserved 1069056K
  class space    used 2037K, capacity 2112K, committed 2176K, reserved 1048576K
}
Event: 16.817 GC heap before
{Heap before GC invocations=5 (full 0):
 PSYoungGen      total 38400K, used 17808K [0x0000000795580000, 0x0000000798000000, 0x00000007c0000000)
  eden space 33280K, 38% used [0x0000000795580000,0x00000007961e8d18,0x0000000797600000)
  from space 5120K, 99% used [0x0000000797b00000,0x0000000797ffb4c0,0x0000000798000000)
  to   space 5120K, 0% used [0x0000000797600000,0x0000000797600000,0x0000000797b00000)
 ParOldGen       total 87552K, used 13162K [0x0000000740000000, 0x0000000745580000, 0x0000000795580000)
  object space 87552K, 15% used [0x0000000740000000,0x0000000740cda9b0,0x0000000745580000)
 Metaspace       used 20949K, capacity 21135K, committed 21296K, reserved 1069056K
  class space    used 2037K, capacity 2112K, committed 2176K, reserved 1048576K
Event: 16.825 GC heap after
Heap after GC invocations=5 (full 0):
 PSYoungGen      total 37888K, used 5101K [0x0000000795580000, 0x0000000799180000, 0x00000007c0000000)
  eden space 32768K, 0% used [0x0000000795580000,0x0000000795580000,0x0000000797580000)
  from space 5120K, 99% used [0x0000000797600000,0x0000000797afb4c0,0x0000000797b00000)
  to   space 14336K, 0% used [0x0000000798380000,0x0000000798380000,0x0000000799180000)
 ParOldGen       total 87552K, used 13186K [0x0000000740000000, 0x0000000745580000, 0x0000000795580000)
  object space 87552K, 15% used [0x0000000740000000,0x0000000740ce09b0,0x0000000745580000)
 Metaspace       used 20949K, capacity 21135K, committed 21296K, reserved 1069056K
  class space    used 2037K, capacity 2112K, committed 2176K, reserved 1048576K
}
Event: 16.825 GC heap before
{Heap before GC invocations=6 (full 1):
 PSYoungGen      total 37888K, used 5101K [0x0000000795580000, 0x0000000799180000, 0x00000007c0000000)
  eden space 32768K, 0% used [0x0000000795580000,0x0000000795580000,0x0000000797580000)
  from space 5120K, 99% used [0x0000000797600000,0x0000000797afb4c0,0x0000000797b00000)
  to   space 14336K, 0% used [0x0000000798380000,0x0000000798380000,0x0000000799180000)
 ParOldGen       total 87552K, used 13186K [0x0000000740000000, 0x0000000745580000, 0x0000000795580000)
  object space 87552K, 15% used [0x0000000740000000,0x0000000740ce09b0,0x0000000745580000)
 Metaspace       used 20949K, capacity 21135K, committed 21296K, reserved 1069056K
  class space    used 2037K, capacity 2112K, committed 2176K, reserved 1048576K
Event: 16.876 GC heap after
Heap after GC invocations=6 (full 1):
 PSYoungGen      total 37888K, used 0K [0x0000000795580000, 0x0000000799180000, 0x00000007c0000000)
  eden space 32768K, 0% used [0x0000000795580000,0x0000000795580000,0x0000000797580000)
  from space 5120K, 0% used [0x0000000797600000,0x0000000797600000,0x0000000797b00000)
  to   space 14336K, 0% used [0x0000000798380000,0x0000000798380000,0x0000000799180000)
 ParOldGen       total 58880K, used 17283K [0x0000000740000000, 0x0000000743980000, 0x0000000795580000)
  object space 58880K, 29% used [0x0000000740000000,0x00000007410e0d70,0x0000000743980000)
 Metaspace       used 20949K, capacity 21135K, committed 21296K, reserved 1069056K
  class space    used 2037K, capacity 2112K, committed 2176K, reserved 1048576K
}
Event: 20.868 GC heap before
{Heap before GC invocations=7 (full 1):
 PSYoungGen      total 37888K, used 32768K [0x0000000795580000, 0x0000000799180000, 0x00000007c0000000)
  eden space 32768K, 100% used [0x0000000795580000,0x0000000797580000,0x0000000797580000)
  from space 5120K, 0% used [0x0000000797600000,0x0000000797600000,0x0000000797b00000)
  to   space 14336K, 0% used [0x0000000798380000,0x0000000798380000,0x0000000799180000)
 ParOldGen       total 58880K, used 17283K [0x0000000740000000, 0x0000000743980000, 0x0000000795580000)
  object space 58880K, 29% used [0x0000000740000000,0x00000007410e0d70,0x0000000743980000)
 Metaspace       used 21112K, capacity 21263K, committed 21552K, reserved 1069056K
  class space    used 2037K, capacity 2112K, committed 2176K, reserved 1048576K
Event: 20.869 GC heap after
Heap after GC invocations=7 (full 1):
 PSYoungGen      total 46592K, used 96K [0x0000000795580000, 0x0000000799200000, 0x00000007c0000000)
  eden space 32256K, 0% used [0x0000000795580000,0x0000000795580000,0x0000000797500000)
  from space 14336K, 0% used [0x0000000798380000,0x0000000798398000,0x0000000799180000)
  to   space 14848K, 0% used [0x0000000797500000,0x0000000797500000,0x0000000798380000)
 ParOldGen       total 58880K, used 17291K [0x0000000740000000, 0x0000000743980000, 0x0000000795580000)
  object space 58880K, 29% used [0x0000000740000000,0x00000007410e2d70,0x0000000743980000)
 Metaspace       used 21112K, capacity 21263K, committed 21552K, reserved 1069056K
  class space    used 2037K, capacity 2112K, committed 2176K, reserved 1048576K
}
Event: 24.488 GC heap before
{Heap before GC invocations=8 (full 1):
 PSYoungGen      total 46592K, used 32352K [0x0000000795580000, 0x0000000799200000, 0x00000007c0000000)
  eden space 32256K, 100% used [0x0000000795580000,0x0000000797500000,0x0000000797500000)
  from space 14336K, 0% used [0x0000000798380000,0x0000000798398000,0x0000000799180000)
  to   space 14848K, 0% used [0x0000000797500000,0x0000000797500000,0x0000000798380000)
 ParOldGen       total 58880K, used 17291K [0x0000000740000000, 0x0000000743980000, 0x0000000795580000)
  object space 58880K, 29% used [0x0000000740000000,0x00000007410e2d70,0x0000000743980000)
 Metaspace       used 21169K, capacity 21391K, committed 21552K, reserved 1069056K
  class space    used 2037K, capacity 2112K, committed 2176K, reserved 1048576K
Event: 24.490 GC heap after
Heap after GC invocations=8 (full 1):
 PSYoungGen      total 46592K, used 128K [0x0000000795580000, 0x0000000799280000, 0x00000007c0000000)
  eden space 31744K, 0% used [0x0000000795580000,0x0000000795580000,0x0000000797480000)
  from space 14848K, 0% used [0x0000000797500000,0x0000000797520000,0x0000000798380000)
  to   space 15360K, 0% used [0x0000000798380000,0x0000000798380000,0x0000000799280000)
 ParOldGen       total 58880K, used 17299K [0x0000000740000000, 0x0000000743980000, 0x0000000795580000)
  object space 58880K, 29% used [0x0000000740000000,0x00000007410e4d70,0x0000000743980000)
 Metaspace       used 21169K, capacity 21391K, committed 21552K, reserved 1069056K
  class space    used 2037K, capacity 2112K, committed 2176K, reserved 1048576K
}

