# JRE version: Java(TM) SE Runtime Environment (8.0_91-b14) (build 1.8.0_91-b14)
# Java VM: Java HotSpot(TM) 64-Bit Server VM (25.91-b14 mixed mode bsd-amd64 compressed oops)
Heap:
 PSYoungGen      total 65536K, used 53003K [0x0000000795580000, 0x000000079b080000, 0x00000007c0000000)
  eden space 51200K, 91% used [0x0000000795580000,0x000000079834ad10,0x0000000798780000)
  from space 14336K, 42% used [0x0000000798780000,0x0000000798d78170,0x0000000799580000)
  to   space 13824K, 0% used [0x000000079a300000,0x000000079a300000,0x000000079b080000)
 ParOldGen       total 82432K, used 28923K [0x0000000740000000, 0x0000000745080000, 0x0000000795580000)
  object space 82432K, 35% used [0x0000000740000000,0x0000000741c3ed80,0x0000000745080000)
 Metaspace       used 21312K, capacity 21535K, committed 21808K, reserved 1069056K
  class space    used 2043K, capacity 2112K, committed 2176K, reserved 1048576K
GC Heap History (10 events):
Event: 7.969 GC heap before
{Heap before GC invocations=6 (full 0):
 PSYoungGen      total 37888K, used 17280K [0x0000000795580000, 0x0000000799180000, 0x00000007c0000000)
  eden space 32768K, 37% used [0x0000000795580000,0x0000000796164ba0,0x0000000797580000)
  from space 5120K, 99% used [0x0000000797600000,0x0000000797afb4b0,0x0000000797b00000)
  to   space 14336K, 0% used [0x0000000798380000,0x0000000798380000,0x0000000799180000)
 ParOldGen       total 87552K, used 22646K [0x0000000740000000, 0x0000000745580000, 0x0000000795580000)
  object space 87552K, 25% used [0x0000000740000000,0x000000074161d830,0x0000000745580000)
 Metaspace       used 20898K, capacity 21087K, committed 21296K, reserved 1069056K
  class space    used 2035K, capacity 2112K, committed 2176K, reserved 1048576K
Event: 7.977 GC heap after
Heap after GC invocations=6 (full 0):
 PSYoungGen      total 47616K, used 8109K [0x0000000795580000, 0x000000079b080000, 0x00000007c0000000)
  eden space 33280K, 0% used [0x0000000795580000,0x0000000795580000,0x0000000797600000)
  from space 14336K, 56% used [0x0000000798380000,0x0000000798b6b590,0x0000000799180000)
  to   space 13824K, 0% used [0x0000000797600000,0x0000000797600000,0x0000000798380000)
 ParOldGen       total 87552K, used 22646K [0x0000000740000000, 0x0000000745580000, 0x0000000795580000)
  object space 87552K, 25% used [0x0000000740000000,0x000000074161d830,0x0000000745580000)
 Metaspace       used 20898K, capacity 21087K, committed 21296K, reserved 1069056K
  class space    used 2035K, capacity 2112K, committed 2176K, reserved 1048576K
}
Event: 7.977 GC heap before
{Heap before GC invocations=7 (full 1):
 PSYoungGen      total 47616K, used 8109K [0x0000000795580000, 0x000000079b080000, 0x00000007c0000000)
  eden space 33280K, 0% used [0x0000000795580000,0x0000000795580000,0x0000000797600000)
  from space 14336K, 56% used [0x0000000798380000,0x0000000798b6b590,0x0000000799180000)
  to   space 13824K, 0% used [0x0000000797600000,0x0000000797600000,0x0000000798380000)
 ParOldGen       total 87552K, used 22646K [0x0000000740000000, 0x0000000745580000, 0x0000000795580000)
  object space 87552K, 25% used [0x0000000740000000,0x000000074161d830,0x0000000745580000)
 Metaspace       used 20898K, capacity 21087K, committed 21296K, reserved 1069056K
  class space    used 2035K, capacity 2112K, committed 2176K, reserved 1048576K
Event: 8.040 GC heap after
Heap after GC invocations=7 (full 1):
 PSYoungGen      total 47616K, used 0K [0x0000000795580000, 0x000000079b080000, 0x00000007c0000000)
  eden space 33280K, 0% used [0x0000000795580000,0x0000000795580000,0x0000000797600000)
  from space 14336K, 0% used [0x0000000798380000,0x0000000798380000,0x0000000799180000)
  to   space 13824K, 0% used [0x0000000797600000,0x0000000797600000,0x0000000798380000)
 ParOldGen       total 82432K, used 28899K [0x0000000740000000, 0x0000000745080000, 0x0000000795580000)
  object space 82432K, 35% used [0x0000000740000000,0x0000000741c38d80,0x0000000745080000)
 Metaspace       used 20898K, capacity 21087K, committed 21296K, reserved 1069056K
  class space    used 2035K, capacity 2112K, committed 2176K, reserved 1048576K
}
Event: 9.252 GC heap before
{Heap before GC invocations=8 (full 1):
 PSYoungGen      total 47616K, used 33144K [0x0000000795580000, 0x000000079b080000, 0x00000007c0000000)
  eden space 33280K, 99% used [0x0000000795580000,0x00000007975de3a8,0x0000000797600000)
  from space 14336K, 0% used [0x0000000798380000,0x0000000798380000,0x0000000799180000)
  to   space 13824K, 0% used [0x0000000797600000,0x0000000797600000,0x0000000798380000)
 ParOldGen       total 82432K, used 28899K [0x0000000740000000, 0x0000000745080000, 0x0000000795580000)
  object space 82432K, 35% used [0x0000000740000000,0x0000000741c38d80,0x0000000745080000)
 Metaspace       used 21083K, capacity 21279K, committed 21552K, reserved 1069056K
  class space    used 2035K, capacity 2112K, committed 2176K, reserved 1048576K
Event: 9.255 GC heap after
Heap after GC invocations=8 (full 1):
 PSYoungGen      total 47104K, used 5824K [0x0000000795580000, 0x000000079a580000, 0x00000007c0000000)
  eden space 33280K, 0% used [0x0000000795580000,0x0000000795580000,0x0000000797600000)
  from space 13824K, 42% used [0x0000000797600000,0x0000000797bb0160,0x0000000798380000)
  to   space 14336K, 0% used [0x0000000799780000,0x0000000799780000,0x000000079a580000)
 ParOldGen       total 82432K, used 28907K [0x0000000740000000, 0x0000000745080000, 0x0000000795580000)
  object space 82432K, 35% used [0x0000000740000000,0x0000000741c3ad80,0x0000000745080000)
 Metaspace       used 21083K, capacity 21279K, committed 21552K, reserved 1069056K
  class space    used 2035K, capacity 2112K, committed 2176K, reserved 1048576K
}
Event: 12.472 GC heap before
{Heap before GC invocations=9 (full 1):
 PSYoungGen      total 47104K, used 39104K [0x0000000795580000, 0x000000079a580000, 0x00000007c0000000)
  eden space 33280K, 100% used [0x0000000795580000,0x0000000797600000,0x0000000797600000)
  from space 13824K, 42% used [0x0000000797600000,0x0000000797bb0160,0x0000000798380000)
  to   space 14336K, 0% used [0x0000000799780000,0x0000000799780000,0x000000079a580000)
 ParOldGen       total 82432K, used 28907K [0x0000000740000000, 0x0000000745080000, 0x0000000795580000)
  object space 82432K, 35% used [0x0000000740000000,0x0000000741c3ad80,0x0000000745080000)
 Metaspace       used 21251K, capacity 21471K, committed 21808K, reserved 1069056K
  class space    used 2035K, capacity 2112K, committed 2176K, reserved 1048576K
Event: 12.476 GC heap after
Heap after GC invocations=9 (full 1):
 PSYoungGen      total 63488K, used 5792K [0x0000000795580000, 0x000000079a380000, 0x00000007c0000000)
  eden space 51200K, 0% used [0x0000000795580000,0x0000000795580000,0x0000000798780000)
  from space 12288K, 47% used [0x0000000799780000,0x0000000799d28160,0x000000079a380000)
  to   space 14336K, 0% used [0x0000000798780000,0x0000000798780000,0x0000000799580000)
 ParOldGen       total 82432K, used 28915K [0x0000000740000000, 0x0000000745080000, 0x0000000795580000)
  object space 82432K, 35% used [0x0000000740000000,0x0000000741c3cd80,0x0000000745080000)
 Metaspace       used 21251K, capacity 21471K, committed 21808K, reserved 1069056K
  class space    used 2035K, capacity 2112K, committed 2176K, reserved 1048576K
}
Event: 16.141 GC heap before
{Heap before GC invocations=10 (full 1):
 PSYoungGen      total 63488K, used 56992K [0x0000000795580000, 0x000000079a380000, 0x00000007c0000000)
  eden space 51200K, 100% used [0x0000000795580000,0x0000000798780000,0x0000000798780000)
  from space 12288K, 47% used [0x0000000799780000,0x0000000799d28160,0x000000079a380000)
  to   space 14336K, 0% used [0x0000000798780000,0x0000000798780000,0x0000000799580000)
 ParOldGen       total 82432K, used 28915K [0x0000000740000000, 0x0000000745080000, 0x0000000795580000)
  object space 82432K, 35% used [0x0000000740000000,0x0000000741c3cd80,0x0000000745080000)
 Metaspace       used 21270K, capacity 21471K, committed 21808K, reserved 1069056K
  class space    used 2035K, capacity 2112K, committed 2176K, reserved 1048576K
Event: 16.145 GC heap after
Heap after GC invocations=10 (full 1):
 PSYoungGen      total 65536K, used 6112K [0x0000000795580000, 0x000000079b080000, 0x00000007c0000000)
  eden space 51200K, 0% used [0x0000000795580000,0x0000000795580000,0x0000000798780000)
  from space 14336K, 42% used [0x0000000798780000,0x0000000798d78170,0x0000000799580000)
  to   space 13824K, 0% used [0x000000079a300000,0x000000079a300000,0x000000079b080000)
 ParOldGen       total 82432K, used 28923K [0x0000000740000000, 0x0000000745080000, 0x0000000795580000)
  object space 82432K, 35% used [0x0000000740000000,0x0000000741c3ed80,0x0000000745080000)
 Metaspace       used 21270K, capacity 21471K, committed 21808K, reserved 1069056K
  class space    used 2035K, capacity 2112K, committed 2176K, reserved 1048576K
}

