# JRE version: Java(TM) SE Runtime Environment (8.0_91-b14) (build 1.8.0_91-b14)
# Java VM: Java HotSpot(TM) 64-Bit Server VM (25.91-b14 mixed mode bsd-amd64 compressed oops)
Heap:
 PSYoungGen      total 51200K, used 40171K [0x0000000795580000, 0x00000007afc80000, 0x00000007c0000000)
  eden space 50688K, 79% used [0x0000000795580000,0x0000000797ca2ea8,0x0000000798700000)
  from space 512K, 18% used [0x00000007afc00000,0x00000007afc18000,0x00000007afc80000)
  to   space 512K, 0% used [0x00000007afb80000,0x00000007afb80000,0x00000007afc00000)
 ParOldGen       total 147968K, used 121667K [0x0000000740000000, 0x0000000749080000, 0x0000000795580000)
  object space 147968K, 82% used [0x0000000740000000,0x00000007476d0f28,0x0000000749080000)
 Metaspace       used 20183K, capacity 20407K, committed 20480K, reserved 1067008K
  class space    used 1923K, capacity 2016K, committed 2048K, reserved 1048576K
GC Heap History (10 events):
Event: 2992.095 GC heap before
{Heap before GC invocations=16877 (full 1):
 PSYoungGen      total 49664K, used 49248K [0x0000000795580000, 0x00000007afc80000, 0x00000007c0000000)
  eden space 49152K, 100% used [0x0000000795580000,0x0000000798580000,0x0000000798580000)
  from space 512K, 18% used [0x00000007afb80000,0x00000007afb98000,0x00000007afc00000)
  to   space 512K, 0% used [0x00000007afc00000,0x00000007afc00000,0x00000007afc80000)
 ParOldGen       total 147968K, used 121667K [0x0000000740000000, 0x0000000749080000, 0x0000000795580000)
  object space 147968K, 82% used [0x0000000740000000,0x00000007476d0f28,0x0000000749080000)
 Metaspace       used 20148K, capacity 20375K, committed 20480K, reserved 1067008K
  class space    used 1915K, capacity 1984K, committed 2048K, reserved 1048576K
Event: 2992.096 GC heap after
Heap after GC invocations=16877 (full 1):
 PSYoungGen      total 48640K, used 96K [0x0000000795580000, 0x00000007afc80000, 0x00000007c0000000)
  eden space 48128K, 0% used [0x0000000795580000,0x0000000795580000,0x0000000798480000)
  from space 512K, 18% used [0x00000007afc00000,0x00000007afc18000,0x00000007afc80000)
  to   space 512K, 0% used [0x00000007afb80000,0x00000007afb80000,0x00000007afc00000)
 ParOldGen       total 147968K, used 121667K [0x0000000740000000, 0x0000000749080000, 0x0000000795580000)
  object space 147968K, 82% used [0x0000000740000000,0x00000007476d0f28,0x0000000749080000)
 Metaspace       used 20148K, capacity 20375K, committed 20480K, reserved 1067008K
  class space    used 1915K, capacity 1984K, committed 2048K, reserved 1048576K
}
Event: 2992.230 GC heap before
{Heap before GC invocations=16878 (full 1):
 PSYoungGen      total 48640K, used 48224K [0x0000000795580000, 0x00000007afc80000, 0x00000007c0000000)
  eden space 48128K, 100% used [0x0000000795580000,0x0000000798480000,0x0000000798480000)
  from space 512K, 18% used [0x00000007afc00000,0x00000007afc18000,0x00000007afc80000)
  to   space 512K, 0% used [0x00000007afb80000,0x00000007afb80000,0x00000007afc00000)
 ParOldGen       total 147968K, used 121667K [0x0000000740000000, 0x0000000749080000, 0x0000000795580000)
  object space 147968K, 82% used [0x0000000740000000,0x00000007476d0f28,0x0000000749080000)
 Metaspace       used 20148K, capacity 20375K, committed 20480K, reserved 1067008K
  class space    used 1915K, capacity 1984K, committed 2048K, reserved 1048576K
Event: 2992.232 GC heap after
Heap after GC invocations=16878 (full 1):
 PSYoungGen      total 54272K, used 64K [0x0000000795580000, 0x00000007afc80000, 0x00000007c0000000)
  eden space 53760K, 0% used [0x0000000795580000,0x0000000795580000,0x0000000798a00000)
  from space 512K, 12% used [0x00000007afb80000,0x00000007afb90000,0x00000007afc00000)
  to   space 512K, 0% used [0x00000007afc00000,0x00000007afc00000,0x00000007afc80000)
 ParOldGen       total 147968K, used 121667K [0x0000000740000000, 0x0000000749080000, 0x0000000795580000)
  object space 147968K, 82% used [0x0000000740000000,0x00000007476d0f28,0x0000000749080000)
 Metaspace       used 20148K, capacity 20375K, committed 20480K, reserved 1067008K
  class space    used 1915K, capacity 1984K, committed 2048K, reserved 1048576K
}
Event: 2992.387 GC heap before
{Heap before GC invocations=16879 (full 1):
 PSYoungGen      total 54272K, used 53824K [0x0000000795580000, 0x00000007afc80000, 0x00000007c0000000)
  eden space 53760K, 100% used [0x0000000795580000,0x0000000798a00000,0x0000000798a00000)
  from space 512K, 12% used [0x00000007afb80000,0x00000007afb90000,0x00000007afc00000)
  to   space 512K, 0% used [0x00000007afc00000,0x00000007afc00000,0x00000007afc80000)
 ParOldGen       total 147968K, used 121667K [0x0000000740000000, 0x0000000749080000, 0x0000000795580000)
  object space 147968K, 82% used [0x0000000740000000,0x00000007476d0f28,0x0000000749080000)
 Metaspace       used 20148K, capacity 20375K, committed 20480K, reserved 1067008K
  class space    used 1915K, capacity 1984K, committed 2048K, reserved 1048576K
Event: 2992.389 GC heap after
Heap after GC invocations=16879 (full 1):
 PSYoungGen      total 53248K, used 320K [0x0000000795580000, 0x00000007afc80000, 0x00000007c0000000)
  eden space 52736K, 0% used [0x0000000795580000,0x0000000795580000,0x0000000798900000)
  from space 512K, 62% used [0x00000007afc00000,0x00000007afc50000,0x00000007afc80000)
  to   space 512K, 0% used [0x00000007afb80000,0x00000007afb80000,0x00000007afc00000)
 ParOldGen       total 147968K, used 121667K [0x0000000740000000, 0x0000000749080000, 0x0000000795580000)
  object space 147968K, 82% used [0x0000000740000000,0x00000007476d0f28,0x0000000749080000)
 Metaspace       used 20148K, capacity 20375K, committed 20480K, reserved 1067008K
  class space    used 1915K, capacity 1984K, committed 2048K, reserved 1048576K
}
Event: 2992.528 GC heap before
{Heap before GC invocations=16880 (full 1):
 PSYoungGen      total 53248K, used 53056K [0x0000000795580000, 0x00000007afc80000, 0x00000007c0000000)
  eden space 52736K, 100% used [0x0000000795580000,0x0000000798900000,0x0000000798900000)
  from space 512K, 62% used [0x00000007afc00000,0x00000007afc50000,0x00000007afc80000)
  to   space 512K, 0% used [0x00000007afb80000,0x00000007afb80000,0x00000007afc00000)
 ParOldGen       total 147968K, used 121667K [0x0000000740000000, 0x0000000749080000, 0x0000000795580000)
  object space 147968K, 82% used [0x0000000740000000,0x00000007476d0f28,0x0000000749080000)
 Metaspace       used 20148K, capacity 20375K, committed 20480K, reserved 1067008K
  class space    used 1915K, capacity 1984K, committed 2048K, reserved 1048576K
Event: 2992.530 GC heap after
Heap after GC invocations=16880 (full 1):
 PSYoungGen      total 52224K, used 96K [0x0000000795580000, 0x00000007afc80000, 0x00000007c0000000)
  eden space 51712K, 0% used [0x0000000795580000,0x0000000795580000,0x0000000798800000)
  from space 512K, 18% used [0x00000007afb80000,0x00000007afb98000,0x00000007afc00000)
  to   space 512K, 0% used [0x00000007afc00000,0x00000007afc00000,0x00000007afc80000)
 ParOldGen       total 147968K, used 121667K [0x0000000740000000, 0x0000000749080000, 0x0000000795580000)
  object space 147968K, 82% used [0x0000000740000000,0x00000007476d0f28,0x0000000749080000)
 Metaspace       used 20148K, capacity 20375K, committed 20480K, reserved 1067008K
  class space    used 1915K, capacity 1984K, committed 2048K, reserved 1048576K
}
Event: 2992.670 GC heap before
{Heap before GC invocations=16881 (full 1):
 PSYoungGen      total 52224K, used 51808K [0x0000000795580000, 0x00000007afc80000, 0x00000007c0000000)
  eden space 51712K, 100% used [0x0000000795580000,0x0000000798800000,0x0000000798800000)
  from space 512K, 18% used [0x00000007afb80000,0x00000007afb98000,0x00000007afc00000)
  to   space 512K, 0% used [0x00000007afc00000,0x00000007afc00000,0x00000007afc80000)
 ParOldGen       total 147968K, used 121667K [0x0000000740000000, 0x0000000749080000, 0x0000000795580000)
  object space 147968K, 82% used [0x0000000740000000,0x00000007476d0f28,0x0000000749080000)
 Metaspace       used 20148K, capacity 20375K, committed 20480K, reserved 1067008K
  class space    used 1915K, capacity 1984K, committed 2048K, reserved 1048576K
Event: 2992.672 GC heap after
Heap after GC invocations=16881 (full 1):
 PSYoungGen      total 51200K, used 96K [0x0000000795580000, 0x00000007afc80000, 0x00000007c0000000)
  eden space 50688K, 0% used [0x0000000795580000,0x0000000795580000,0x0000000798700000)
  from space 512K, 18% used [0x00000007afc00000,0x00000007afc18000,0x00000007afc80000)
  to   space 512K, 0% used [0x00000007afb80000,0x00000007afb80000,0x00000007afc00000)
 ParOldGen       total 147968K, used 121667K [0x0000000740000000, 0x0000000749080000, 0x0000000795580000)
  object space 147968K, 82% used [0x0000000740000000,0x00000007476d0f28,0x0000000749080000)
 Metaspace       used 20148K, capacity 20375K, committed 20480K, reserved 1067008K
  class space    used 1915K, capacity 1984K, committed 2048K, reserved 1048576K
}

