# JRE version: Java(TM) SE Runtime Environment (8.0_91-b14) (build 1.8.0_91-b14)
# Java VM: Java HotSpot(TM) 64-Bit Server VM (25.91-b14 mixed mode bsd-amd64 compressed oops)
Heap:
 PSYoungGen      total 24576K, used 2997K [0x0000000795580000, 0x0000000797c00000, 0x00000007c0000000)
  eden space 24064K, 12% used [0x0000000795580000,0x0000000795855538,0x0000000796d00000)
  from space 512K, 18% used [0x0000000796d00000,0x0000000796d18000,0x0000000796d80000)
  to   space 7680K, 0% used [0x0000000797480000,0x0000000797480000,0x0000000797c00000)
 ParOldGen       total 57856K, used 16397K [0x0000000740000000, 0x0000000743880000, 0x0000000795580000)
  object space 57856K, 28% used [0x0000000740000000,0x0000000741003708,0x0000000743880000)
 Metaspace       used 21053K, capacity 21207K, committed 21552K, reserved 1069056K
  class space    used 2050K, capacity 2112K, committed 2176K, reserved 1048576K
GC Heap History (10 events):
Event: 81.188 GC heap before
{Heap before GC invocations=20 (full 1):
 PSYoungGen      total 34816K, used 25696K [0x0000000795580000, 0x0000000798280000, 0x00000007c0000000)
  eden space 25600K, 100% used [0x0000000795580000,0x0000000796e80000,0x0000000796e80000)
  from space 9216K, 1% used [0x0000000797980000,0x0000000797998000,0x0000000798280000)
  to   space 10240K, 0% used [0x0000000796e80000,0x0000000796e80000,0x0000000797880000)
 ParOldGen       total 57856K, used 16341K [0x0000000740000000, 0x0000000743880000, 0x0000000795580000)
  object space 57856K, 28% used [0x0000000740000000,0x0000000740ff5708,0x0000000743880000)
 Metaspace       used 21018K, capacity 21207K, committed 21552K, reserved 1069056K
  class space    used 2042K, capacity 2112K, committed 2176K, reserved 1048576K
Event: 81.189 GC heap after
Heap after GC invocations=20 (full 1):
 PSYoungGen      total 25600K, used 96K [0x0000000795580000, 0x0000000798100000, 0x00000007c0000000)
  eden space 25088K, 0% used [0x0000000795580000,0x0000000795580000,0x0000000796e00000)
  from space 512K, 18% used [0x0000000796e80000,0x0000000796e98000,0x0000000796f00000)
  to   space 9728K, 0% used [0x0000000797780000,0x0000000797780000,0x0000000798100000)
 ParOldGen       total 57856K, used 16341K [0x0000000740000000, 0x0000000743880000, 0x0000000795580000)
  object space 57856K, 28% used [0x0000000740000000,0x0000000740ff5708,0x0000000743880000)
 Metaspace       used 21018K, capacity 21207K, committed 21552K, reserved 1069056K
  class space    used 2042K, capacity 2112K, committed 2176K, reserved 1048576K
}
Event: 85.475 GC heap before
{Heap before GC invocations=21 (full 1):
 PSYoungGen      total 25600K, used 25184K [0x0000000795580000, 0x0000000798100000, 0x00000007c0000000)
  eden space 25088K, 100% used [0x0000000795580000,0x0000000796e00000,0x0000000796e00000)
  from space 512K, 18% used [0x0000000796e80000,0x0000000796e98000,0x0000000796f00000)
  to   space 9728K, 0% used [0x0000000797780000,0x0000000797780000,0x0000000798100000)
 ParOldGen       total 57856K, used 16341K [0x0000000740000000, 0x0000000743880000, 0x0000000795580000)
  object space 57856K, 28% used [0x0000000740000000,0x0000000740ff5708,0x0000000743880000)
 Metaspace       used 21018K, capacity 21207K, committed 21552K, reserved 1069056K
  class space    used 2042K, capacity 2112K, committed 2176K, reserved 1048576K
Event: 85.476 GC heap after
Heap after GC invocations=21 (full 1):
 PSYoungGen      total 32768K, used 64K [0x0000000795580000, 0x0000000797f80000, 0x00000007c0000000)
  eden space 24576K, 0% used [0x0000000795580000,0x0000000795580000,0x0000000796d80000)
  from space 8192K, 0% used [0x0000000797780000,0x0000000797790000,0x0000000797f80000)
  to   space 9216K, 0% used [0x0000000796d80000,0x0000000796d80000,0x0000000797680000)
 ParOldGen       total 57856K, used 16341K [0x0000000740000000, 0x0000000743880000, 0x0000000795580000)
  object space 57856K, 28% used [0x0000000740000000,0x0000000740ff5708,0x0000000743880000)
 Metaspace       used 21018K, capacity 21207K, committed 21552K, reserved 1069056K
  class space    used 2042K, capacity 2112K, committed 2176K, reserved 1048576K
}
Event: 89.579 GC heap before
{Heap before GC invocations=22 (full 1):
 PSYoungGen      total 32768K, used 24640K [0x0000000795580000, 0x0000000797f80000, 0x00000007c0000000)
  eden space 24576K, 100% used [0x0000000795580000,0x0000000796d80000,0x0000000796d80000)
  from space 8192K, 0% used [0x0000000797780000,0x0000000797790000,0x0000000797f80000)
  to   space 9216K, 0% used [0x0000000796d80000,0x0000000796d80000,0x0000000797680000)
 ParOldGen       total 57856K, used 16341K [0x0000000740000000, 0x0000000743880000, 0x0000000795580000)
  object space 57856K, 28% used [0x0000000740000000,0x0000000740ff5708,0x0000000743880000)
 Metaspace       used 21018K, capacity 21207K, committed 21552K, reserved 1069056K
  class space    used 2042K, capacity 2112K, committed 2176K, reserved 1048576K
Event: 89.580 GC heap after
Heap after GC invocations=22 (full 1):
 PSYoungGen      total 24576K, used 96K [0x0000000795580000, 0x0000000797e00000, 0x00000007c0000000)
  eden space 24064K, 0% used [0x0000000795580000,0x0000000795580000,0x0000000796d00000)
  from space 512K, 18% used [0x0000000796d80000,0x0000000796d98000,0x0000000796e00000)
  to   space 8704K, 0% used [0x0000000797580000,0x0000000797580000,0x0000000797e00000)
 ParOldGen       total 57856K, used 16349K [0x0000000740000000, 0x0000000743880000, 0x0000000795580000)
  object space 57856K, 28% used [0x0000000740000000,0x0000000740ff7708,0x0000000743880000)
 Metaspace       used 21018K, capacity 21207K, committed 21552K, reserved 1069056K
  class space    used 2042K, capacity 2112K, committed 2176K, reserved 1048576K
}
Event: 93.681 GC heap before
{Heap before GC invocations=23 (full 1):
 PSYoungGen      total 24576K, used 24160K [0x0000000795580000, 0x0000000797e00000, 0x00000007c0000000)
  eden space 24064K, 100% used [0x0000000795580000,0x0000000796d00000,0x0000000796d00000)
  from space 512K, 18% used [0x0000000796d80000,0x0000000796d98000,0x0000000796e00000)
  to   space 8704K, 0% used [0x0000000797580000,0x0000000797580000,0x0000000797e00000)
 ParOldGen       total 57856K, used 16349K [0x0000000740000000, 0x0000000743880000, 0x0000000795580000)
  object space 57856K, 28% used [0x0000000740000000,0x0000000740ff7708,0x0000000743880000)
 Metaspace       used 21018K, capacity 21207K, committed 21552K, reserved 1069056K
  class space    used 2042K, capacity 2112K, committed 2176K, reserved 1048576K
Event: 93.682 GC heap after
Heap after GC invocations=23 (full 1):
 PSYoungGen      total 31744K, used 96K [0x0000000795580000, 0x0000000797d00000, 0x00000007c0000000)
  eden space 24064K, 0% used [0x0000000795580000,0x0000000795580000,0x0000000796d00000)
  from space 7680K, 1% used [0x0000000797580000,0x0000000797598000,0x0000000797d00000)
  to   space 8192K, 0% used [0x0000000796d00000,0x0000000796d00000,0x0000000797500000)
 ParOldGen       total 57856K, used 16373K [0x0000000740000000, 0x0000000743880000, 0x0000000795580000)
  object space 57856K, 28% used [0x0000000740000000,0x0000000740ffd708,0x0000000743880000)
 Metaspace       used 21018K, capacity 21207K, committed 21552K, reserved 1069056K
  class space    used 2042K, capacity 2112K, committed 2176K, reserved 1048576K
}
Event: 97.800 GC heap before
{Heap before GC invocations=24 (full 1):
 PSYoungGen      total 31744K, used 24160K [0x0000000795580000, 0x0000000797d00000, 0x00000007c0000000)
  eden space 24064K, 100% used [0x0000000795580000,0x0000000796d00000,0x0000000796d00000)
  from space 7680K, 1% used [0x0000000797580000,0x0000000797598000,0x0000000797d00000)
  to   space 8192K, 0% used [0x0000000796d00000,0x0000000796d00000,0x0000000797500000)
 ParOldGen       total 57856K, used 16373K [0x0000000740000000, 0x0000000743880000, 0x0000000795580000)
  object space 57856K, 28% used [0x0000000740000000,0x0000000740ffd708,0x0000000743880000)
 Metaspace       used 21019K, capacity 21207K, committed 21552K, reserved 1069056K
  class space    used 2042K, capacity 2112K, committed 2176K, reserved 1048576K
Event: 97.801 GC heap after
Heap after GC invocations=24 (full 1):
 PSYoungGen      total 24576K, used 96K [0x0000000795580000, 0x0000000797c00000, 0x00000007c0000000)
  eden space 24064K, 0% used [0x0000000795580000,0x0000000795580000,0x0000000796d00000)
  from space 512K, 18% used [0x0000000796d00000,0x0000000796d18000,0x0000000796d80000)
  to   space 7680K, 0% used [0x0000000797480000,0x0000000797480000,0x0000000797c00000)
 ParOldGen       total 57856K, used 16397K [0x0000000740000000, 0x0000000743880000, 0x0000000795580000)
  object space 57856K, 28% used [0x0000000740000000,0x0000000741003708,0x0000000743880000)
 Metaspace       used 21019K, capacity 21207K, committed 21552K, reserved 1069056K
  class space    used 2042K, capacity 2112K, committed 2176K, reserved 1048576K
}

