# JRE version: Java(TM) SE Runtime Environment (8.0_91-b14) (build 1.8.0_91-b14)
# Java VM: Java HotSpot(TM) 64-Bit Server VM (25.91-b14 mixed mode bsd-amd64 compressed oops)
Heap:
 PSYoungGen      total 24576K, used 9914K [0x0000000795580000, 0x0000000796e80000, 0x00000007c0000000)
  eden space 24064K, 40% used [0x0000000795580000,0x0000000795f16810,0x0000000796d00000)
  from space 512K, 18% used [0x0000000796e00000,0x0000000796e18000,0x0000000796e80000)
  to   space 512K, 0% used [0x0000000796d80000,0x0000000796d80000,0x0000000796e00000)
 ParOldGen       total 53248K, used 16297K [0x0000000740000000, 0x0000000743400000, 0x0000000795580000)
  object space 53248K, 30% used [0x0000000740000000,0x0000000740fea668,0x0000000743400000)
 Metaspace       used 21018K, capacity 21191K, committed 21552K, reserved 1069056K
  class space    used 2031K, capacity 2110K, committed 2176K, reserved 1048576K
GC Heap History (10 events):
Event: 30450.524 GC heap before
{Heap before GC invocations=5341 (full 1):
 PSYoungGen      total 24576K, used 24160K [0x0000000795580000, 0x0000000796e80000, 0x00000007c0000000)
  eden space 24064K, 100% used [0x0000000795580000,0x0000000796d00000,0x0000000796d00000)
  from space 512K, 18% used [0x0000000796d80000,0x0000000796d98000,0x0000000796e00000)
  to   space 512K, 0% used [0x0000000796e00000,0x0000000796e00000,0x0000000796e80000)
 ParOldGen       total 53248K, used 16297K [0x0000000740000000, 0x0000000743400000, 0x0000000795580000)
  object space 53248K, 30% used [0x0000000740000000,0x0000000740fea668,0x0000000743400000)
 Metaspace       used 20983K, capacity 21191K, committed 21552K, reserved 1069056K
  class space    used 2023K, capacity 2110K, committed 2176K, reserved 1048576K
Event: 30450.525 GC heap after
Heap after GC invocations=5341 (full 1):
 PSYoungGen      total 24576K, used 96K [0x0000000795580000, 0x0000000796e80000, 0x00000007c0000000)
  eden space 24064K, 0% used [0x0000000795580000,0x0000000795580000,0x0000000796d00000)
  from space 512K, 18% used [0x0000000796e00000,0x0000000796e18000,0x0000000796e80000)
  to   space 512K, 0% used [0x0000000796d80000,0x0000000796d80000,0x0000000796e00000)
 ParOldGen       total 53248K, used 16297K [0x0000000740000000, 0x0000000743400000, 0x0000000795580000)
  object space 53248K, 30% used [0x0000000740000000,0x0000000740fea668,0x0000000743400000)
 Metaspace       used 20983K, capacity 21191K, committed 21552K, reserved 1069056K
  class space    used 2023K, capacity 2110K, committed 2176K, reserved 1048576K
}
Event: 30456.331 GC heap before
{Heap before GC invocations=5342 (full 1):
 PSYoungGen      total 24576K, used 24160K [0x0000000795580000, 0x0000000796e80000, 0x00000007c0000000)
  eden space 24064K, 100% used [0x0000000795580000,0x0000000796d00000,0x0000000796d00000)
  from space 512K, 18% used [0x0000000796e00000,0x0000000796e18000,0x0000000796e80000)
  to   space 512K, 0% used [0x0000000796d80000,0x0000000796d80000,0x0000000796e00000)
 ParOldGen       total 53248K, used 16297K [0x0000000740000000, 0x0000000743400000, 0x0000000795580000)
  object space 53248K, 30% used [0x0000000740000000,0x0000000740fea668,0x0000000743400000)
 Metaspace       used 20983K, capacity 21191K, committed 21552K, reserved 1069056K
  class space    used 2023K, capacity 2110K, committed 2176K, reserved 1048576K
Event: 30456.332 GC heap after
Heap after GC invocations=5342 (full 1):
 PSYoungGen      total 24576K, used 96K [0x0000000795580000, 0x0000000796e80000, 0x00000007c0000000)
  eden space 24064K, 0% used [0x0000000795580000,0x0000000795580000,0x0000000796d00000)
  from space 512K, 18% used [0x0000000796d80000,0x0000000796d98000,0x0000000796e00000)
  to   space 512K, 0% used [0x0000000796e00000,0x0000000796e00000,0x0000000796e80000)
 ParOldGen       total 53248K, used 16297K [0x0000000740000000, 0x0000000743400000, 0x0000000795580000)
  object space 53248K, 30% used [0x0000000740000000,0x0000000740fea668,0x0000000743400000)
 Metaspace       used 20983K, capacity 21191K, committed 21552K, reserved 1069056K
  class space    used 2023K, capacity 2110K, committed 2176K, reserved 1048576K
}
Event: 30462.033 GC heap before
{Heap before GC invocations=5343 (full 1):
 PSYoungGen      total 24576K, used 24160K [0x0000000795580000, 0x0000000796e80000, 0x00000007c0000000)
  eden space 24064K, 100% used [0x0000000795580000,0x0000000796d00000,0x0000000796d00000)
  from space 512K, 18% used [0x0000000796d80000,0x0000000796d98000,0x0000000796e00000)
  to   space 512K, 0% used [0x0000000796e00000,0x0000000796e00000,0x0000000796e80000)
 ParOldGen       total 53248K, used 16297K [0x0000000740000000, 0x0000000743400000, 0x0000000795580000)
  object space 53248K, 30% used [0x0000000740000000,0x0000000740fea668,0x0000000743400000)
 Metaspace       used 20983K, capacity 21191K, committed 21552K, reserved 1069056K
  class space    used 2023K, capacity 2110K, committed 2176K, reserved 1048576K
Event: 30462.034 GC heap after
Heap after GC invocations=5343 (full 1):
 PSYoungGen      total 24576K, used 128K [0x0000000795580000, 0x0000000796e80000, 0x00000007c0000000)
  eden space 24064K, 0% used [0x0000000795580000,0x0000000795580000,0x0000000796d00000)
  from space 512K, 25% used [0x0000000796e00000,0x0000000796e20000,0x0000000796e80000)
  to   space 512K, 0% used [0x0000000796d80000,0x0000000796d80000,0x0000000796e00000)
 ParOldGen       total 53248K, used 16297K [0x0000000740000000, 0x0000000743400000, 0x0000000795580000)
  object space 53248K, 30% used [0x0000000740000000,0x0000000740fea668,0x0000000743400000)
 Metaspace       used 20983K, capacity 21191K, committed 21552K, reserved 1069056K
  class space    used 2023K, capacity 2110K, committed 2176K, reserved 1048576K
}
Event: 30467.720 GC heap before
{Heap before GC invocations=5344 (full 1):
 PSYoungGen      total 24576K, used 24192K [0x0000000795580000, 0x0000000796e80000, 0x00000007c0000000)
  eden space 24064K, 100% used [0x0000000795580000,0x0000000796d00000,0x0000000796d00000)
  from space 512K, 25% used [0x0000000796e00000,0x0000000796e20000,0x0000000796e80000)
  to   space 512K, 0% used [0x0000000796d80000,0x0000000796d80000,0x0000000796e00000)
 ParOldGen       total 53248K, used 16297K [0x0000000740000000, 0x0000000743400000, 0x0000000795580000)
  object space 53248K, 30% used [0x0000000740000000,0x0000000740fea668,0x0000000743400000)
 Metaspace       used 20983K, capacity 21191K, committed 21552K, reserved 1069056K
  class space    used 2023K, capacity 2110K, committed 2176K, reserved 1048576K
Event: 30467.721 GC heap after
Heap after GC invocations=5344 (full 1):
 PSYoungGen      total 24576K, used 64K [0x0000000795580000, 0x0000000796e80000, 0x00000007c0000000)
  eden space 24064K, 0% used [0x0000000795580000,0x0000000795580000,0x0000000796d00000)
  from space 512K, 12% used [0x0000000796d80000,0x0000000796d90000,0x0000000796e00000)
  to   space 512K, 0% used [0x0000000796e00000,0x0000000796e00000,0x0000000796e80000)
 ParOldGen       total 53248K, used 16297K [0x0000000740000000, 0x0000000743400000, 0x0000000795580000)
  object space 53248K, 30% used [0x0000000740000000,0x0000000740fea668,0x0000000743400000)
 Metaspace       used 20983K, capacity 21191K, committed 21552K, reserved 1069056K
  class space    used 2023K, capacity 2110K, committed 2176K, reserved 1048576K
}
Event: 30473.324 GC heap before
{Heap before GC invocations=5345 (full 1):
 PSYoungGen      total 24576K, used 24128K [0x0000000795580000, 0x0000000796e80000, 0x00000007c0000000)
  eden space 24064K, 100% used [0x0000000795580000,0x0000000796d00000,0x0000000796d00000)
  from space 512K, 12% used [0x0000000796d80000,0x0000000796d90000,0x0000000796e00000)
  to   space 512K, 0% used [0x0000000796e00000,0x0000000796e00000,0x0000000796e80000)
 ParOldGen       total 53248K, used 16297K [0x0000000740000000, 0x0000000743400000, 0x0000000795580000)
  object space 53248K, 30% used [0x0000000740000000,0x0000000740fea668,0x0000000743400000)
 Metaspace       used 20983K, capacity 21191K, committed 21552K, reserved 1069056K
  class space    used 2023K, capacity 2110K, committed 2176K, reserved 1048576K
Event: 30473.325 GC heap after
Heap after GC invocations=5345 (full 1):
 PSYoungGen      total 24576K, used 96K [0x0000000795580000, 0x0000000796e80000, 0x00000007c0000000)
  eden space 24064K, 0% used [0x0000000795580000,0x0000000795580000,0x0000000796d00000)
  from space 512K, 18% used [0x0000000796e00000,0x0000000796e18000,0x0000000796e80000)
  to   space 512K, 0% used [0x0000000796d80000,0x0000000796d80000,0x0000000796e00000)
 ParOldGen       total 53248K, used 16297K [0x0000000740000000, 0x0000000743400000, 0x0000000795580000)
  object space 53248K, 30% used [0x0000000740000000,0x0000000740fea668,0x0000000743400000)
 Metaspace       used 20983K, capacity 21191K, committed 21552K, reserved 1069056K
  class space    used 2023K, capacity 2110K, committed 2176K, reserved 1048576K
}

