# JRE version: Java(TM) SE Runtime Environment (8.0_91-b14) (build 1.8.0_91-b14)
# Java VM: Java HotSpot(TM) 64-Bit Server VM (25.91-b14 mixed mode bsd-amd64 compressed oops)
Heap:
 PSYoungGen      total 295424K, used 116342K [0x0000000795580000, 0x00000007a9380000, 0x00000007c0000000)
  eden space 266240K, 40% used [0x0000000795580000,0x000000079bec8e28,0x00000007a5980000)
  from space 29184K, 29% used [0x00000007a7700000,0x00000007a7f54db0,0x00000007a9380000)
  to   space 29696K, 0% used [0x00000007a5980000,0x00000007a5980000,0x00000007a7680000)
 ParOldGen       total 87552K, used 57429K [0x0000000740000000, 0x0000000745580000, 0x0000000795580000)
  object space 87552K, 65% used [0x0000000740000000,0x00000007438156f8,0x0000000745580000)
 Metaspace       used 19073K, capacity 19265K, committed 19456K, reserved 1067008K
  class space    used 1900K, capacity 1981K, committed 2048K, reserved 1048576K
GC Heap History (10 events):
Event: 3.579 GC heap before
{Heap before GC invocations=4 (full 0):
 PSYoungGen      total 38400K, used 38397K [0x0000000795580000, 0x000000079a080000, 0x00000007c0000000)
  eden space 33280K, 100% used [0x0000000795580000,0x0000000797600000,0x0000000797600000)
  from space 5120K, 99% used [0x0000000797600000,0x0000000797aff428,0x0000000797b00000)
  to   space 5120K, 0% used [0x0000000799b80000,0x0000000799b80000,0x000000079a080000)
 ParOldGen       total 87552K, used 21178K [0x0000000740000000, 0x0000000745580000, 0x0000000795580000)
  object space 87552K, 24% used [0x0000000740000000,0x00000007414ae970,0x0000000745580000)
 Metaspace       used 17584K, capacity 17787K, committed 18048K, reserved 1064960K
  class space    used 1780K, capacity 1852K, committed 1920K, reserved 1048576K
Event: 3.615 GC heap after
Heap after GC invocations=4 (full 0):
 PSYoungGen      total 71680K, used 5101K [0x0000000795580000, 0x000000079a080000, 0x00000007c0000000)
  eden space 66560K, 0% used [0x0000000795580000,0x0000000795580000,0x0000000799680000)
  from space 5120K, 99% used [0x0000000799b80000,0x000000079a07b408,0x000000079a080000)
  to   space 5120K, 0% used [0x0000000799680000,0x0000000799680000,0x0000000799b80000)
 ParOldGen       total 87552K, used 34220K [0x0000000740000000, 0x0000000745580000, 0x0000000795580000)
  object space 87552K, 39% used [0x0000000740000000,0x000000074216b130,0x0000000745580000)
 Metaspace       used 17584K, capacity 17787K, committed 18048K, reserved 1064960K
  class space    used 1780K, capacity 1852K, committed 1920K, reserved 1048576K
}
Event: 4.069 GC heap before
{Heap before GC invocations=5 (full 0):
 PSYoungGen      total 71680K, used 71661K [0x0000000795580000, 0x000000079a080000, 0x00000007c0000000)
  eden space 66560K, 100% used [0x0000000795580000,0x0000000799680000,0x0000000799680000)
  from space 5120K, 99% used [0x0000000799b80000,0x000000079a07b408,0x000000079a080000)
  to   space 5120K, 0% used [0x0000000799680000,0x0000000799680000,0x0000000799b80000)
 ParOldGen       total 87552K, used 34220K [0x0000000740000000, 0x0000000745580000, 0x0000000795580000)
  object space 87552K, 39% used [0x0000000740000000,0x000000074216b130,0x0000000745580000)
 Metaspace       used 18608K, capacity 18779K, committed 18944K, reserved 1067008K
  class space    used 1869K, capacity 1948K, committed 2048K, reserved 1048576K
Event: 4.097 GC heap after
Heap after GC invocations=5 (full 0):
 PSYoungGen      total 71680K, used 5107K [0x0000000795580000, 0x00000007a1580000, 0x00000007c0000000)
  eden space 66560K, 0% used [0x0000000795580000,0x0000000795580000,0x0000000799680000)
  from space 5120K, 99% used [0x0000000799680000,0x0000000799b7cca0,0x0000000799b80000)
  to   space 31744K, 0% used [0x000000079f680000,0x000000079f680000,0x00000007a1580000)
 ParOldGen       total 87552K, used 55464K [0x0000000740000000, 0x0000000745580000, 0x0000000795580000)
  object space 87552K, 63% used [0x0000000740000000,0x000000074362a258,0x0000000745580000)
 Metaspace       used 18608K, capacity 18779K, committed 18944K, reserved 1067008K
  class space    used 1869K, capacity 1948K, committed 2048K, reserved 1048576K
}
Event: 4.608 GC heap before
{Heap before GC invocations=6 (full 0):
 PSYoungGen      total 71680K, used 71667K [0x0000000795580000, 0x00000007a1580000, 0x00000007c0000000)
  eden space 66560K, 100% used [0x0000000795580000,0x0000000799680000,0x0000000799680000)
  from space 5120K, 99% used [0x0000000799680000,0x0000000799b7cca0,0x0000000799b80000)
  to   space 31744K, 0% used [0x000000079f680000,0x000000079f680000,0x00000007a1580000)
 ParOldGen       total 87552K, used 55464K [0x0000000740000000, 0x0000000745580000, 0x0000000795580000)
  object space 87552K, 63% used [0x0000000740000000,0x000000074362a258,0x0000000745580000)
 Metaspace       used 18659K, capacity 18843K, committed 19200K, reserved 1067008K
  class space    used 1870K, capacity 1948K, committed 2048K, reserved 1048576K
Event: 4.621 GC heap after
Heap after GC invocations=6 (full 0):
 PSYoungGen      total 163840K, used 8371K [0x0000000795580000, 0x00000007a1480000, 0x00000007c0000000)
  eden space 133120K, 0% used [0x0000000795580000,0x0000000795580000,0x000000079d780000)
  from space 30720K, 27% used [0x000000079f680000,0x000000079feacd70,0x00000007a1480000)
  to   space 31232K, 0% used [0x000000079d780000,0x000000079d780000,0x000000079f600000)
 ParOldGen       total 87552K, used 55472K [0x0000000740000000, 0x0000000745580000, 0x0000000795580000)
  object space 87552K, 63% used [0x0000000740000000,0x000000074362c258,0x0000000745580000)
 Metaspace       used 18659K, capacity 18843K, committed 19200K, reserved 1067008K
  class space    used 1870K, capacity 1948K, committed 2048K, reserved 1048576K
}
Event: 5.527 GC heap before
{Heap before GC invocations=7 (full 0):
 PSYoungGen      total 163840K, used 141491K [0x0000000795580000, 0x00000007a1480000, 0x00000007c0000000)
  eden space 133120K, 100% used [0x0000000795580000,0x000000079d780000,0x000000079d780000)
  from space 30720K, 27% used [0x000000079f680000,0x000000079feacd70,0x00000007a1480000)
  to   space 31232K, 0% used [0x000000079d780000,0x000000079d780000,0x000000079f600000)
 ParOldGen       total 87552K, used 55472K [0x0000000740000000, 0x0000000745580000, 0x0000000795580000)
  object space 87552K, 63% used [0x0000000740000000,0x000000074362c258,0x0000000745580000)
 Metaspace       used 18715K, capacity 18971K, committed 19200K, reserved 1067008K
  class space    used 1870K, capacity 1948K, committed 2048K, reserved 1048576K
Event: 5.542 GC heap after
Heap after GC invocations=7 (full 0):
 PSYoungGen      total 164352K, used 8531K [0x0000000795580000, 0x00000007a9480000, 0x00000007c0000000)
  eden space 133120K, 0% used [0x0000000795580000,0x0000000795580000,0x000000079d780000)
  from space 31232K, 27% used [0x000000079d780000,0x000000079dfd4db0,0x000000079f600000)
  to   space 30208K, 0% used [0x00000007a7700000,0x00000007a7700000,0x00000007a9480000)
 ParOldGen       total 87552K, used 57397K [0x0000000740000000, 0x0000000745580000, 0x0000000795580000)
  object space 87552K, 65% used [0x0000000740000000,0x000000074380d6f8,0x0000000745580000)
 Metaspace       used 18715K, capacity 18971K, committed 19200K, reserved 1067008K
  class space    used 1870K, capacity 1948K, committed 2048K, reserved 1048576K
}
Event: 6.414 GC heap before
{Heap before GC invocations=8 (full 0):
 PSYoungGen      total 164352K, used 141651K [0x0000000795580000, 0x00000007a9480000, 0x00000007c0000000)
  eden space 133120K, 100% used [0x0000000795580000,0x000000079d780000,0x000000079d780000)
  from space 31232K, 27% used [0x000000079d780000,0x000000079dfd4db0,0x000000079f600000)
  to   space 30208K, 0% used [0x00000007a7700000,0x00000007a7700000,0x00000007a9480000)
 ParOldGen       total 87552K, used 57397K [0x0000000740000000, 0x0000000745580000, 0x0000000795580000)
  object space 87552K, 65% used [0x0000000740000000,0x000000074380d6f8,0x0000000745580000)
 Metaspace       used 18802K, capacity 18971K, committed 19200K, reserved 1067008K
  class space    used 1873K, capacity 1948K, committed 2048K, reserved 1048576K
Event: 6.419 GC heap after
Heap after GC invocations=8 (full 0):
 PSYoungGen      total 295424K, used 8531K [0x0000000795580000, 0x00000007a9380000, 0x00000007c0000000)
  eden space 266240K, 0% used [0x0000000795580000,0x0000000795580000,0x00000007a5980000)
  from space 29184K, 29% used [0x00000007a7700000,0x00000007a7f54db0,0x00000007a9380000)
  to   space 29696K, 0% used [0x00000007a5980000,0x00000007a5980000,0x00000007a7680000)
 ParOldGen       total 87552K, used 57429K [0x0000000740000000, 0x0000000745580000, 0x0000000795580000)
  object space 87552K, 65% used [0x0000000740000000,0x00000007438156f8,0x0000000745580000)
 Metaspace       used 18802K, capacity 18971K, committed 19200K, reserved 1067008K
  class space    used 1873K, capacity 1948K, committed 2048K, reserved 1048576K
}

