# JRE version: Java(TM) SE Runtime Environment (8.0_91-b14) (build 1.8.0_91-b14)
# Java VM: Java HotSpot(TM) 64-Bit Server VM (25.91-b14 mixed mode bsd-amd64 compressed oops)
Heap:
 PSYoungGen      total 604160K, used 148008K [0x0000000795580000, 0x00000007bb480000, 0x00000007c0000000)
  eden space 591360K, 25% used [0x0000000795580000,0x000000079e602070,0x00000007b9700000)
  from space 12800K, 0% used [0x00000007b9700000,0x00000007b9708000,0x00000007ba380000)
  to   space 11776K, 0% used [0x00000007ba900000,0x00000007ba900000,0x00000007bb480000)
 ParOldGen       total 343040K, used 256428K [0x0000000740000000, 0x0000000754f00000, 0x0000000795580000)
  object space 343040K, 74% used [0x0000000740000000,0x000000074fa6b0c0,0x0000000754f00000)
 Metaspace       used 20045K, capacity 20295K, committed 20480K, reserved 1067008K
  class space    used 1894K, capacity 1982K, committed 2048K, reserved 1048576K
GC Heap History (10 events):
Event: 181.776 GC heap before
{Heap before GC invocations=92 (full 3):
 PSYoungGen      total 593408K, used 577600K [0x0000000795580000, 0x00000007bab80000, 0x00000007c0000000)
  eden space 577536K, 100% used [0x0000000795580000,0x00000007b8980000,0x00000007b8980000)
  from space 15872K, 0% used [0x00000007b9c00000,0x00000007b9c10000,0x00000007bab80000)
  to   space 17408K, 0% used [0x00000007b8980000,0x00000007b8980000,0x00000007b9a80000)
 ParOldGen       total 343040K, used 256420K [0x0000000740000000, 0x0000000754f00000, 0x0000000795580000)
  object space 343040K, 74% used [0x0000000740000000,0x000000074fa690c0,0x0000000754f00000)
 Metaspace       used 20016K, capacity 20263K, committed 20480K, reserved 1067008K
  class space    used 1887K, capacity 1950K, committed 2048K, reserved 1048576K
Event: 181.779 GC heap after
Heap after GC invocations=92 (full 3):
 PSYoungGen      total 594944K, used 64K [0x0000000795580000, 0x00000007bb080000, 0x00000007c0000000)
  eden space 577536K, 0% used [0x0000000795580000,0x0000000795580000,0x00000007b8980000)
  from space 17408K, 0% used [0x00000007b8980000,0x00000007b8990000,0x00000007b9a80000)
  to   space 16384K, 0% used [0x00000007ba080000,0x00000007ba080000,0x00000007bb080000)
 ParOldGen       total 343040K, used 256420K [0x0000000740000000, 0x0000000754f00000, 0x0000000795580000)
  object space 343040K, 74% used [0x0000000740000000,0x000000074fa690c0,0x0000000754f00000)
 Metaspace       used 20016K, capacity 20263K, committed 20480K, reserved 1067008K
  class space    used 1887K, capacity 1950K, committed 2048K, reserved 1048576K
}
Event: 184.744 GC heap before
{Heap before GC invocations=93 (full 3):
 PSYoungGen      total 594944K, used 577600K [0x0000000795580000, 0x00000007bb080000, 0x00000007c0000000)
  eden space 577536K, 100% used [0x0000000795580000,0x00000007b8980000,0x00000007b8980000)
  from space 17408K, 0% used [0x00000007b8980000,0x00000007b8990000,0x00000007b9a80000)
  to   space 16384K, 0% used [0x00000007ba080000,0x00000007ba080000,0x00000007bb080000)
 ParOldGen       total 343040K, used 256420K [0x0000000740000000, 0x0000000754f00000, 0x0000000795580000)
  object space 343040K, 74% used [0x0000000740000000,0x000000074fa690c0,0x0000000754f00000)
 Metaspace       used 20016K, capacity 20263K, committed 20480K, reserved 1067008K
  class space    used 1887K, capacity 1950K, committed 2048K, reserved 1048576K
Event: 184.747 GC heap after
Heap after GC invocations=93 (full 3):
 PSYoungGen      total 598016K, used 64K [0x0000000795580000, 0x00000007bad80000, 0x00000007c0000000)
  eden space 584704K, 0% used [0x0000000795580000,0x0000000795580000,0x00000007b9080000)
  from space 13312K, 0% used [0x00000007ba080000,0x00000007ba090000,0x00000007bad80000)
  to   space 14848K, 0% used [0x00000007b9080000,0x00000007b9080000,0x00000007b9f00000)
 ParOldGen       total 343040K, used 256420K [0x0000000740000000, 0x0000000754f00000, 0x0000000795580000)
  object space 343040K, 74% used [0x0000000740000000,0x000000074fa690c0,0x0000000754f00000)
 Metaspace       used 20016K, capacity 20263K, committed 20480K, reserved 1067008K
  class space    used 1887K, capacity 1950K, committed 2048K, reserved 1048576K
}
Event: 187.660 GC heap before
{Heap before GC invocations=94 (full 3):
 PSYoungGen      total 598016K, used 584768K [0x0000000795580000, 0x00000007bad80000, 0x00000007c0000000)
  eden space 584704K, 100% used [0x0000000795580000,0x00000007b9080000,0x00000007b9080000)
  from space 13312K, 0% used [0x00000007ba080000,0x00000007ba090000,0x00000007bad80000)
  to   space 14848K, 0% used [0x00000007b9080000,0x00000007b9080000,0x00000007b9f00000)
 ParOldGen       total 343040K, used 256420K [0x0000000740000000, 0x0000000754f00000, 0x0000000795580000)
  object space 343040K, 74% used [0x0000000740000000,0x000000074fa690c0,0x0000000754f00000)
 Metaspace       used 20016K, capacity 20263K, committed 20480K, reserved 1067008K
  class space    used 1887K, capacity 1950K, committed 2048K, reserved 1048576K
Event: 187.663 GC heap after
Heap after GC invocations=94 (full 3):
 PSYoungGen      total 599552K, used 64K [0x0000000795580000, 0x00000007bb280000, 0x00000007c0000000)
  eden space 584704K, 0% used [0x0000000795580000,0x0000000795580000,0x00000007b9080000)
  from space 14848K, 0% used [0x00000007b9080000,0x00000007b9090000,0x00000007b9f00000)
  to   space 13824K, 0% used [0x00000007ba500000,0x00000007ba500000,0x00000007bb280000)
 ParOldGen       total 343040K, used 256420K [0x0000000740000000, 0x0000000754f00000, 0x0000000795580000)
  object space 343040K, 74% used [0x0000000740000000,0x000000074fa690c0,0x0000000754f00000)
 Metaspace       used 20016K, capacity 20263K, committed 20480K, reserved 1067008K
  class space    used 1887K, capacity 1950K, committed 2048K, reserved 1048576K
}
Event: 190.636 GC heap before
{Heap before GC invocations=95 (full 3):
 PSYoungGen      total 599552K, used 584768K [0x0000000795580000, 0x00000007bb280000, 0x00000007c0000000)
  eden space 584704K, 100% used [0x0000000795580000,0x00000007b9080000,0x00000007b9080000)
  from space 14848K, 0% used [0x00000007b9080000,0x00000007b9090000,0x00000007b9f00000)
  to   space 13824K, 0% used [0x00000007ba500000,0x00000007ba500000,0x00000007bb280000)
 ParOldGen       total 343040K, used 256420K [0x0000000740000000, 0x0000000754f00000, 0x0000000795580000)
  object space 343040K, 74% used [0x0000000740000000,0x000000074fa690c0,0x0000000754f00000)
 Metaspace       used 20016K, capacity 20263K, committed 20480K, reserved 1067008K
  class space    used 1887K, capacity 1950K, committed 2048K, reserved 1048576K
Event: 190.638 GC heap after
Heap after GC invocations=95 (full 3):
 PSYoungGen      total 602624K, used 64K [0x0000000795580000, 0x00000007bb000000, 0x00000007c0000000)
  eden space 591360K, 0% used [0x0000000795580000,0x0000000795580000,0x00000007b9700000)
  from space 11264K, 0% used [0x00000007ba500000,0x00000007ba510000,0x00000007bb000000)
  to   space 12800K, 0% used [0x00000007b9700000,0x00000007b9700000,0x00000007ba380000)
 ParOldGen       total 343040K, used 256428K [0x0000000740000000, 0x0000000754f00000, 0x0000000795580000)
  object space 343040K, 74% used [0x0000000740000000,0x000000074fa6b0c0,0x0000000754f00000)
 Metaspace       used 20016K, capacity 20263K, committed 20480K, reserved 1067008K
  class space    used 1887K, capacity 1950K, committed 2048K, reserved 1048576K
}
Event: 193.470 GC heap before
{Heap before GC invocations=96 (full 3):
 PSYoungGen      total 602624K, used 591424K [0x0000000795580000, 0x00000007bb000000, 0x00000007c0000000)
  eden space 591360K, 100% used [0x0000000795580000,0x00000007b9700000,0x00000007b9700000)
  from space 11264K, 0% used [0x00000007ba500000,0x00000007ba510000,0x00000007bb000000)
  to   space 12800K, 0% used [0x00000007b9700000,0x00000007b9700000,0x00000007ba380000)
 ParOldGen       total 343040K, used 256428K [0x0000000740000000, 0x0000000754f00000, 0x0000000795580000)
  object space 343040K, 74% used [0x0000000740000000,0x000000074fa6b0c0,0x0000000754f00000)
 Metaspace       used 20016K, capacity 20263K, committed 20480K, reserved 1067008K
  class space    used 1887K, capacity 1950K, committed 2048K, reserved 1048576K
Event: 193.473 GC heap after
Heap after GC invocations=96 (full 3):
 PSYoungGen      total 604160K, used 32K [0x0000000795580000, 0x00000007bb480000, 0x00000007c0000000)
  eden space 591360K, 0% used [0x0000000795580000,0x0000000795580000,0x00000007b9700000)
  from space 12800K, 0% used [0x00000007b9700000,0x00000007b9708000,0x00000007ba380000)
  to   space 11776K, 0% used [0x00000007ba900000,0x00000007ba900000,0x00000007bb480000)
 ParOldGen       total 343040K, used 256428K [0x0000000740000000, 0x0000000754f00000, 0x0000000795580000)
  object space 343040K, 74% used [0x0000000740000000,0x000000074fa6b0c0,0x0000000754f00000)
 Metaspace       used 20016K, capacity 20263K, committed 20480K, reserved 1067008K
  class space    used 1887K, capacity 1950K, committed 2048K, reserved 1048576K
}

