# JRE version: Java(TM) SE Runtime Environment (8.0_91-b14) (build 1.8.0_91-b14)
# Java VM: Java HotSpot(TM) 64-Bit Server VM (25.91-b14 mixed mode bsd-amd64 compressed oops)
Heap:
 PSYoungGen      total 522240K, used 266834K [0x0000000795580000, 0x00000007bea80000, 0x00000007c0000000)
  eden space 492032K, 54% used [0x0000000795580000,0x00000007a59fc8e8,0x00000007b3600000)
  from space 30208K, 0% used [0x00000007b3600000,0x00000007b3618000,0x00000007b5380000)
  to   space 29696K, 0% used [0x00000007bcd80000,0x00000007bcd80000,0x00000007bea80000)
 ParOldGen       total 129024K, used 61392K [0x0000000740000000, 0x0000000747e00000, 0x0000000795580000)
  object space 129024K, 47% used [0x0000000740000000,0x0000000743bf43d8,0x0000000747e00000)
 Metaspace       used 19040K, capacity 19253K, committed 19456K, reserved 1067008K
  class space    used 1880K, capacity 1981K, committed 2048K, reserved 1048576K
GC Heap History (10 events):
Event: 11.431 GC heap before
{Heap before GC invocations=10 (full 1):
 PSYoungGen      total 293376K, used 3200K [0x0000000795580000, 0x00000007b2c80000, 0x00000007c0000000)
  eden space 266240K, 0% used [0x0000000795580000,0x0000000795580000,0x00000007a5980000)
  from space 27136K, 11% used [0x00000007a5980000,0x00000007a5ca00c0,0x00000007a7400000)
  to   space 28160K, 0% used [0x00000007b1100000,0x00000007b1100000,0x00000007b2c80000)
 ParOldGen       total 87552K, used 71112K [0x0000000740000000, 0x0000000745580000, 0x0000000795580000)
  object space 87552K, 81% used [0x0000000740000000,0x0000000744572348,0x0000000745580000)
 Metaspace       used 18896K, capacity 19093K, committed 19456K, reserved 1067008K
  class space    used 1872K, capacity 1949K, committed 2048K, reserved 1048576K
Event: 11.629 GC heap after
Heap after GC invocations=10 (full 1):
 PSYoungGen      total 293376K, used 0K [0x0000000795580000, 0x00000007b2c80000, 0x00000007c0000000)
  eden space 266240K, 0% used [0x0000000795580000,0x0000000795580000,0x00000007a5980000)
  from space 27136K, 0% used [0x00000007a5980000,0x00000007a5980000,0x00000007a7400000)
  to   space 28160K, 0% used [0x00000007b1100000,0x00000007b1100000,0x00000007b2c80000)
 ParOldGen       total 129024K, used 61320K [0x0000000740000000, 0x0000000747e00000, 0x0000000795580000)
  object space 129024K, 47% used [0x0000000740000000,0x0000000743be23d8,0x0000000747e00000)
 Metaspace       used 18896K, capacity 19093K, committed 19456K, reserved 1067008K
  class space    used 1872K, capacity 1949K, committed 2048K, reserved 1048576K
}
Event: 14.180 GC heap before
{Heap before GC invocations=11 (full 1):
 PSYoungGen      total 293376K, used 266240K [0x0000000795580000, 0x00000007b2c80000, 0x00000007c0000000)
  eden space 266240K, 100% used [0x0000000795580000,0x00000007a5980000,0x00000007a5980000)
  from space 27136K, 0% used [0x00000007a5980000,0x00000007a5980000,0x00000007a7400000)
  to   space 28160K, 0% used [0x00000007b1100000,0x00000007b1100000,0x00000007b2c80000)
 ParOldGen       total 129024K, used 61320K [0x0000000740000000, 0x0000000747e00000, 0x0000000795580000)
  object space 129024K, 47% used [0x0000000740000000,0x0000000743be23d8,0x0000000747e00000)
 Metaspace       used 18908K, capacity 19157K, committed 19456K, reserved 1067008K
  class space    used 1872K, capacity 1949K, committed 2048K, reserved 1048576K
Event: 14.181 GC heap after
Heap after GC invocations=11 (full 1):
 PSYoungGen      total 368128K, used 128K [0x0000000795580000, 0x00000007b1180000, 0x00000007c0000000)
  eden space 367616K, 0% used [0x0000000795580000,0x0000000795580000,0x00000007abc80000)
  from space 512K, 25% used [0x00000007b1100000,0x00000007b1120000,0x00000007b1180000)
  to   space 29184K, 0% used [0x00000007ad880000,0x00000007ad880000,0x00000007af500000)
 ParOldGen       total 129024K, used 61328K [0x0000000740000000, 0x0000000747e00000, 0x0000000795580000)
  object space 129024K, 47% used [0x0000000740000000,0x0000000743be43d8,0x0000000747e00000)
 Metaspace       used 18908K, capacity 19157K, committed 19456K, reserved 1067008K
  class space    used 1872K, capacity 1949K, committed 2048K, reserved 1048576K
}
Event: 17.775 GC heap before
{Heap before GC invocations=12 (full 1):
 PSYoungGen      total 368128K, used 367744K [0x0000000795580000, 0x00000007b1180000, 0x00000007c0000000)
  eden space 367616K, 100% used [0x0000000795580000,0x00000007abc80000,0x00000007abc80000)
  from space 512K, 25% used [0x00000007b1100000,0x00000007b1120000,0x00000007b1180000)
  to   space 29184K, 0% used [0x00000007ad880000,0x00000007ad880000,0x00000007af500000)
 ParOldGen       total 129024K, used 61328K [0x0000000740000000, 0x0000000747e00000, 0x0000000795580000)
  object space 129024K, 47% used [0x0000000740000000,0x0000000743be43d8,0x0000000747e00000)
 Metaspace       used 18927K, capacity 19157K, committed 19456K, reserved 1067008K
  class space    used 1872K, capacity 1949K, committed 2048K, reserved 1048576K
Event: 17.777 GC heap after
Heap after GC invocations=12 (full 1):
 PSYoungGen      total 425472K, used 128K [0x0000000795580000, 0x00000007b7080000, 0x00000007c0000000)
  eden space 396288K, 0% used [0x0000000795580000,0x0000000795580000,0x00000007ad880000)
  from space 29184K, 0% used [0x00000007ad880000,0x00000007ad8a0000,0x00000007af500000)
  to   space 29696K, 0% used [0x00000007b5380000,0x00000007b5380000,0x00000007b7080000)
 ParOldGen       total 129024K, used 61352K [0x0000000740000000, 0x0000000747e00000, 0x0000000795580000)
  object space 129024K, 47% used [0x0000000740000000,0x0000000743bea3d8,0x0000000747e00000)
 Metaspace       used 18927K, capacity 19157K, committed 19456K, reserved 1067008K
  class space    used 1872K, capacity 1949K, committed 2048K, reserved 1048576K
}
Event: 21.651 GC heap before
{Heap before GC invocations=13 (full 1):
 PSYoungGen      total 425472K, used 396416K [0x0000000795580000, 0x00000007b7080000, 0x00000007c0000000)
  eden space 396288K, 100% used [0x0000000795580000,0x00000007ad880000,0x00000007ad880000)
  from space 29184K, 0% used [0x00000007ad880000,0x00000007ad8a0000,0x00000007af500000)
  to   space 29696K, 0% used [0x00000007b5380000,0x00000007b5380000,0x00000007b7080000)
 ParOldGen       total 129024K, used 61352K [0x0000000740000000, 0x0000000747e00000, 0x0000000795580000)
  object space 129024K, 47% used [0x0000000740000000,0x0000000743bea3d8,0x0000000747e00000)
 Metaspace       used 18949K, capacity 19157K, committed 19456K, reserved 1067008K
  class space    used 1872K, capacity 1949K, committed 2048K, reserved 1048576K
Event: 21.652 GC heap after
Heap after GC invocations=13 (full 1):
 PSYoungGen      total 521728K, used 96K [0x0000000795580000, 0x00000007b8680000, 0x00000007c0000000)
  eden space 492032K, 0% used [0x0000000795580000,0x0000000795580000,0x00000007b3600000)
  from space 29696K, 0% used [0x00000007b5380000,0x00000007b5398000,0x00000007b7080000)
  to   space 30208K, 0% used [0x00000007b3600000,0x00000007b3600000,0x00000007b5380000)
 ParOldGen       total 129024K, used 61368K [0x0000000740000000, 0x0000000747e00000, 0x0000000795580000)
  object space 129024K, 47% used [0x0000000740000000,0x0000000743bee3d8,0x0000000747e00000)
 Metaspace       used 18949K, capacity 19157K, committed 19456K, reserved 1067008K
  class space    used 1872K, capacity 1949K, committed 2048K, reserved 1048576K
}
Event: 26.496 GC heap before
{Heap before GC invocations=14 (full 1):
 PSYoungGen      total 521728K, used 492128K [0x0000000795580000, 0x00000007b8680000, 0x00000007c0000000)
  eden space 492032K, 100% used [0x0000000795580000,0x00000007b3600000,0x00000007b3600000)
  from space 29696K, 0% used [0x00000007b5380000,0x00000007b5398000,0x00000007b7080000)
  to   space 30208K, 0% used [0x00000007b3600000,0x00000007b3600000,0x00000007b5380000)
 ParOldGen       total 129024K, used 61368K [0x0000000740000000, 0x0000000747e00000, 0x0000000795580000)
  object space 129024K, 47% used [0x0000000740000000,0x0000000743bee3d8,0x0000000747e00000)
 Metaspace       used 18981K, capacity 19157K, committed 19456K, reserved 1067008K
  class space    used 1872K, capacity 1949K, committed 2048K, reserved 1048576K
Event: 26.497 GC heap after
Heap after GC invocations=14 (full 1):
 PSYoungGen      total 522240K, used 96K [0x0000000795580000, 0x00000007bea80000, 0x00000007c0000000)
  eden space 492032K, 0% used [0x0000000795580000,0x0000000795580000,0x00000007b3600000)
  from space 30208K, 0% used [0x00000007b3600000,0x00000007b3618000,0x00000007b5380000)
  to   space 29696K, 0% used [0x00000007bcd80000,0x00000007bcd80000,0x00000007bea80000)
 ParOldGen       total 129024K, used 61392K [0x0000000740000000, 0x0000000747e00000, 0x0000000795580000)
  object space 129024K, 47% used [0x0000000740000000,0x0000000743bf43d8,0x0000000747e00000)
 Metaspace       used 18981K, capacity 19157K, committed 19456K, reserved 1067008K
  class space    used 1872K, capacity 1949K, committed 2048K, reserved 1048576K
}

