# JRE version: Java(TM) SE Runtime Environment (8.0_91-b14) (build 1.8.0_91-b14)
# Java VM: Java HotSpot(TM) 64-Bit Server VM (25.91-b14 mixed mode bsd-amd64 compressed oops)
Heap:
 PSYoungGen      total 25088K, used 9385K [0x0000000795580000, 0x00000007b0d00000, 0x00000007c0000000)
  eden space 24576K, 37% used [0x0000000795580000,0x0000000795e8a4e0,0x0000000796d80000)
  from space 512K, 25% used [0x00000007b0c80000,0x00000007b0ca0000,0x00000007b0d00000)
  to   space 512K, 0% used [0x00000007b0c00000,0x00000007b0c00000,0x00000007b0c80000)
 ParOldGen       total 121856K, used 75775K [0x0000000740000000, 0x0000000747700000, 0x0000000795580000)
  object space 121856K, 62% used [0x0000000740000000,0x00000007449ffce0,0x0000000747700000)
 Metaspace       used 19808K, capacity 20011K, committed 20224K, reserved 1067008K
  class space    used 1928K, capacity 2014K, committed 2048K, reserved 1048576K
GC Heap History (10 events):
Event: 832.114 GC heap before
{Heap before GC invocations=2689 (full 1):
 PSYoungGen      total 25088K, used 24640K [0x0000000795580000, 0x00000007b0d00000, 0x00000007c0000000)
  eden space 24576K, 100% used [0x0000000795580000,0x0000000796d80000,0x0000000796d80000)
  from space 512K, 12% used [0x00000007b0c00000,0x00000007b0c10000,0x00000007b0c80000)
  to   space 512K, 0% used [0x00000007b0c80000,0x00000007b0c80000,0x00000007b0d00000)
 ParOldGen       total 121856K, used 75743K [0x0000000740000000, 0x0000000747700000, 0x0000000795580000)
  object space 121856K, 62% used [0x0000000740000000,0x00000007449f7ce0,0x0000000747700000)
 Metaspace       used 19773K, capacity 19979K, committed 20224K, reserved 1067008K
  class space    used 1920K, capacity 1982K, committed 2048K, reserved 1048576K
Event: 832.115 GC heap after
Heap after GC invocations=2689 (full 1):
 PSYoungGen      total 25088K, used 64K [0x0000000795580000, 0x00000007b0d00000, 0x00000007c0000000)
  eden space 24576K, 0% used [0x0000000795580000,0x0000000795580000,0x0000000796d80000)
  from space 512K, 12% used [0x00000007b0c80000,0x00000007b0c90000,0x00000007b0d00000)
  to   space 512K, 0% used [0x00000007b0c00000,0x00000007b0c00000,0x00000007b0c80000)
 ParOldGen       total 121856K, used 75743K [0x0000000740000000, 0x0000000747700000, 0x0000000795580000)
  object space 121856K, 62% used [0x0000000740000000,0x00000007449f7ce0,0x0000000747700000)
 Metaspace       used 19773K, capacity 19979K, committed 20224K, reserved 1067008K
  class space    used 1920K, capacity 1982K, committed 2048K, reserved 1048576K
}
Event: 832.265 GC heap before
{Heap before GC invocations=2690 (full 1):
 PSYoungGen      total 25088K, used 24640K [0x0000000795580000, 0x00000007b0d00000, 0x00000007c0000000)
  eden space 24576K, 100% used [0x0000000795580000,0x0000000796d80000,0x0000000796d80000)
  from space 512K, 12% used [0x00000007b0c80000,0x00000007b0c90000,0x00000007b0d00000)
  to   space 512K, 0% used [0x00000007b0c00000,0x00000007b0c00000,0x00000007b0c80000)
 ParOldGen       total 121856K, used 75743K [0x0000000740000000, 0x0000000747700000, 0x0000000795580000)
  object space 121856K, 62% used [0x0000000740000000,0x00000007449f7ce0,0x0000000747700000)
 Metaspace       used 19773K, capacity 19979K, committed 20224K, reserved 1067008K
  class space    used 1920K, capacity 1982K, committed 2048K, reserved 1048576K
Event: 832.266 GC heap after
Heap after GC invocations=2690 (full 1):
 PSYoungGen      total 25088K, used 96K [0x0000000795580000, 0x00000007b0d00000, 0x00000007c0000000)
  eden space 24576K, 0% used [0x0000000795580000,0x0000000795580000,0x0000000796d80000)
  from space 512K, 18% used [0x00000007b0c00000,0x00000007b0c18000,0x00000007b0c80000)
  to   space 512K, 0% used [0x00000007b0c80000,0x00000007b0c80000,0x00000007b0d00000)
 ParOldGen       total 121856K, used 75743K [0x0000000740000000, 0x0000000747700000, 0x0000000795580000)
  object space 121856K, 62% used [0x0000000740000000,0x00000007449f7ce0,0x0000000747700000)
 Metaspace       used 19773K, capacity 19979K, committed 20224K, reserved 1067008K
  class space    used 1920K, capacity 1982K, committed 2048K, reserved 1048576K
}
Event: 832.442 GC heap before
{Heap before GC invocations=2691 (full 1):
 PSYoungGen      total 25088K, used 24672K [0x0000000795580000, 0x00000007b0d00000, 0x00000007c0000000)
  eden space 24576K, 100% used [0x0000000795580000,0x0000000796d80000,0x0000000796d80000)
  from space 512K, 18% used [0x00000007b0c00000,0x00000007b0c18000,0x00000007b0c80000)
  to   space 512K, 0% used [0x00000007b0c80000,0x00000007b0c80000,0x00000007b0d00000)
 ParOldGen       total 121856K, used 75743K [0x0000000740000000, 0x0000000747700000, 0x0000000795580000)
  object space 121856K, 62% used [0x0000000740000000,0x00000007449f7ce0,0x0000000747700000)
 Metaspace       used 19773K, capacity 19979K, committed 20224K, reserved 1067008K
  class space    used 1920K, capacity 1982K, committed 2048K, reserved 1048576K
Event: 832.444 GC heap after
Heap after GC invocations=2691 (full 1):
 PSYoungGen      total 25088K, used 128K [0x0000000795580000, 0x00000007b0d00000, 0x00000007c0000000)
  eden space 24576K, 0% used [0x0000000795580000,0x0000000795580000,0x0000000796d80000)
  from space 512K, 25% used [0x00000007b0c80000,0x00000007b0ca0000,0x00000007b0d00000)
  to   space 512K, 0% used [0x00000007b0c00000,0x00000007b0c00000,0x00000007b0c80000)
 ParOldGen       total 121856K, used 75743K [0x0000000740000000, 0x0000000747700000, 0x0000000795580000)
  object space 121856K, 62% used [0x0000000740000000,0x00000007449f7ce0,0x0000000747700000)
 Metaspace       used 19773K, capacity 19979K, committed 20224K, reserved 1067008K
  class space    used 1920K, capacity 1982K, committed 2048K, reserved 1048576K
}
Event: 832.640 GC heap before
{Heap before GC invocations=2692 (full 1):
 PSYoungGen      total 25088K, used 24704K [0x0000000795580000, 0x00000007b0d00000, 0x00000007c0000000)
  eden space 24576K, 100% used [0x0000000795580000,0x0000000796d80000,0x0000000796d80000)
  from space 512K, 25% used [0x00000007b0c80000,0x00000007b0ca0000,0x00000007b0d00000)
  to   space 512K, 0% used [0x00000007b0c00000,0x00000007b0c00000,0x00000007b0c80000)
 ParOldGen       total 121856K, used 75743K [0x0000000740000000, 0x0000000747700000, 0x0000000795580000)
  object space 121856K, 62% used [0x0000000740000000,0x00000007449f7ce0,0x0000000747700000)
 Metaspace       used 19776K, capacity 19979K, committed 20224K, reserved 1067008K
  class space    used 1921K, capacity 1982K, committed 2048K, reserved 1048576K
Event: 832.641 GC heap after
Heap after GC invocations=2692 (full 1):
 PSYoungGen      total 25088K, used 128K [0x0000000795580000, 0x00000007b0d00000, 0x00000007c0000000)
  eden space 24576K, 0% used [0x0000000795580000,0x0000000795580000,0x0000000796d80000)
  from space 512K, 25% used [0x00000007b0c00000,0x00000007b0c20000,0x00000007b0c80000)
  to   space 512K, 0% used [0x00000007b0c80000,0x00000007b0c80000,0x00000007b0d00000)
 ParOldGen       total 121856K, used 75751K [0x0000000740000000, 0x0000000747700000, 0x0000000795580000)
  object space 121856K, 62% used [0x0000000740000000,0x00000007449f9ce0,0x0000000747700000)
 Metaspace       used 19776K, capacity 19979K, committed 20224K, reserved 1067008K
  class space    used 1921K, capacity 1982K, committed 2048K, reserved 1048576K
}
Event: 832.790 GC heap before
{Heap before GC invocations=2693 (full 1):
 PSYoungGen      total 25088K, used 24704K [0x0000000795580000, 0x00000007b0d00000, 0x00000007c0000000)
  eden space 24576K, 100% used [0x0000000795580000,0x0000000796d80000,0x0000000796d80000)
  from space 512K, 25% used [0x00000007b0c00000,0x00000007b0c20000,0x00000007b0c80000)
  to   space 512K, 0% used [0x00000007b0c80000,0x00000007b0c80000,0x00000007b0d00000)
 ParOldGen       total 121856K, used 75751K [0x0000000740000000, 0x0000000747700000, 0x0000000795580000)
  object space 121856K, 62% used [0x0000000740000000,0x00000007449f9ce0,0x0000000747700000)
 Metaspace       used 19784K, capacity 19979K, committed 20224K, reserved 1067008K
  class space    used 1923K, capacity 1982K, committed 2048K, reserved 1048576K
Event: 832.791 GC heap after
Heap after GC invocations=2693 (full 1):
 PSYoungGen      total 25088K, used 128K [0x0000000795580000, 0x00000007b0d00000, 0x00000007c0000000)
  eden space 24576K, 0% used [0x0000000795580000,0x0000000795580000,0x0000000796d80000)
  from space 512K, 25% used [0x00000007b0c80000,0x00000007b0ca0000,0x00000007b0d00000)
  to   space 512K, 0% used [0x00000007b0c00000,0x00000007b0c00000,0x00000007b0c80000)
 ParOldGen       total 121856K, used 75775K [0x0000000740000000, 0x0000000747700000, 0x0000000795580000)
  object space 121856K, 62% used [0x0000000740000000,0x00000007449ffce0,0x0000000747700000)
 Metaspace       used 19784K, capacity 19979K, committed 20224K, reserved 1067008K
  class space    used 1923K, capacity 1982K, committed 2048K, reserved 1048576K
}

