# JRE version: Java(TM) SE Runtime Environment (8.0_91-b14) (build 1.8.0_91-b14)
# Java VM: Java HotSpot(TM) 64-Bit Server VM (25.91-b14 mixed mode bsd-amd64 compressed oops)
Heap:
 PSYoungGen      total 400384K, used 356480K [0x0000000795580000, 0x00000007bf380000, 0x00000007c0000000)
  eden space 387584K, 91% used [0x0000000795580000,0x00000007ab180238,0x00000007ad000000)
  from space 12800K, 1% used [0x00000007bda80000,0x00000007bdaa0000,0x00000007be700000)
  to   space 12800K, 0% used [0x00000007be700000,0x00000007be700000,0x00000007bf380000)
 ParOldGen       total 87552K, used 16419K [0x0000000740000000, 0x0000000745580000, 0x0000000795580000)
  object space 87552K, 18% used [0x0000000740000000,0x0000000741008f10,0x0000000745580000)
 Metaspace       used 19363K, capacity 19567K, committed 19712K, reserved 1067008K
  class space    used 1922K, capacity 2016K, committed 2048K, reserved 1048576K
GC Heap History (10 events):
Event: 8.231 GC heap before
{Heap before GC invocations=9 (full 0):
 PSYoungGen      total 278528K, used 266432K [0x0000000795580000, 0x00000007a7380000, 0x00000007c0000000)
  eden space 265728K, 100% used [0x0000000795580000,0x00000007a5900000,0x00000007a5900000)
  from space 12800K, 5% used [0x00000007a6600000,0x00000007a66b0020,0x00000007a7280000)
  to   space 13312K, 0% used [0x00000007a5900000,0x00000007a5900000,0x00000007a6600000)
 ParOldGen       total 87552K, used 15755K [0x0000000740000000, 0x0000000745580000, 0x0000000795580000)
  object space 87552K, 17% used [0x0000000740000000,0x0000000740f62ef0,0x0000000745580000)
 Metaspace       used 19137K, capacity 19333K, committed 19456K, reserved 1067008K
  class space    used 1914K, capacity 1983K, committed 2048K, reserved 1048576K
Event: 8.234 GC heap after
Heap after GC invocations=9 (full 0):
 PSYoungGen      total 279040K, used 96K [0x0000000795580000, 0x00000007b0f00000, 0x00000007c0000000)
  eden space 265728K, 0% used [0x0000000795580000,0x0000000795580000,0x00000007a5900000)
  from space 13312K, 0% used [0x00000007a5900000,0x00000007a5918000,0x00000007a6600000)
  to   space 13312K, 0% used [0x00000007b0200000,0x00000007b0200000,0x00000007b0f00000)
 ParOldGen       total 87552K, used 16331K [0x0000000740000000, 0x0000000745580000, 0x0000000795580000)
  object space 87552K, 18% used [0x0000000740000000,0x0000000740ff2f10,0x0000000745580000)
 Metaspace       used 19137K, capacity 19333K, committed 19456K, reserved 1067008K
  class space    used 1914K, capacity 1983K, committed 2048K, reserved 1048576K
}
Event: 8.991 GC heap before
{Heap before GC invocations=10 (full 0):
 PSYoungGen      total 279040K, used 265824K [0x0000000795580000, 0x00000007b0f00000, 0x00000007c0000000)
  eden space 265728K, 100% used [0x0000000795580000,0x00000007a5900000,0x00000007a5900000)
  from space 13312K, 0% used [0x00000007a5900000,0x00000007a5918000,0x00000007a6600000)
  to   space 13312K, 0% used [0x00000007b0200000,0x00000007b0200000,0x00000007b0f00000)
 ParOldGen       total 87552K, used 16331K [0x0000000740000000, 0x0000000745580000, 0x0000000795580000)
  object space 87552K, 18% used [0x0000000740000000,0x0000000740ff2f10,0x0000000745580000)
 Metaspace       used 19199K, capacity 19407K, committed 19712K, reserved 1067008K
  class space    used 1914K, capacity 1984K, committed 2048K, reserved 1048576K
Event: 8.993 GC heap after
Heap after GC invocations=10 (full 0):
 PSYoungGen      total 438784K, used 160K [0x0000000795580000, 0x00000007b0f00000, 0x00000007c0000000)
  eden space 425472K, 0% used [0x0000000795580000,0x0000000795580000,0x00000007af500000)
  from space 13312K, 1% used [0x00000007b0200000,0x00000007b0228000,0x00000007b0f00000)
  to   space 13312K, 0% used [0x00000007af500000,0x00000007af500000,0x00000007b0200000)
 ParOldGen       total 87552K, used 16347K [0x0000000740000000, 0x0000000745580000, 0x0000000795580000)
  object space 87552K, 18% used [0x0000000740000000,0x0000000740ff6f10,0x0000000745580000)
 Metaspace       used 19199K, capacity 19407K, committed 19712K, reserved 1067008K
  class space    used 1914K, capacity 1984K, committed 2048K, reserved 1048576K
}
Event: 10.368 GC heap before
{Heap before GC invocations=11 (full 0):
 PSYoungGen      total 438784K, used 425632K [0x0000000795580000, 0x00000007b0f00000, 0x00000007c0000000)
  eden space 425472K, 100% used [0x0000000795580000,0x00000007af500000,0x00000007af500000)
  from space 13312K, 1% used [0x00000007b0200000,0x00000007b0228000,0x00000007b0f00000)
  to   space 13312K, 0% used [0x00000007af500000,0x00000007af500000,0x00000007b0200000)
 ParOldGen       total 87552K, used 16347K [0x0000000740000000, 0x0000000745580000, 0x0000000795580000)
  object space 87552K, 18% used [0x0000000740000000,0x0000000740ff6f10,0x0000000745580000)
 Metaspace       used 19237K, capacity 19407K, committed 19712K, reserved 1067008K
  class space    used 1914K, capacity 1984K, committed 2048K, reserved 1048576K
Event: 10.369 GC heap after
Heap after GC invocations=11 (full 0):
 PSYoungGen      total 438784K, used 128K [0x0000000795580000, 0x00000007c0000000, 0x00000007c0000000)
  eden space 425472K, 0% used [0x0000000795580000,0x0000000795580000,0x00000007af500000)
  from space 13312K, 0% used [0x00000007af500000,0x00000007af520000,0x00000007b0200000)
  to   space 13312K, 0% used [0x00000007bf300000,0x00000007bf300000,0x00000007c0000000)
 ParOldGen       total 87552K, used 16379K [0x0000000740000000, 0x0000000745580000, 0x0000000795580000)
  object space 87552K, 18% used [0x0000000740000000,0x0000000740ffef10,0x0000000745580000)
 Metaspace       used 19237K, capacity 19407K, committed 19712K, reserved 1067008K
  class space    used 1914K, capacity 1984K, committed 2048K, reserved 1048576K
}
Event: 11.571 GC heap before
{Heap before GC invocations=12 (full 0):
 PSYoungGen      total 438784K, used 425600K [0x0000000795580000, 0x00000007c0000000, 0x00000007c0000000)
  eden space 425472K, 100% used [0x0000000795580000,0x00000007af500000,0x00000007af500000)
  from space 13312K, 0% used [0x00000007af500000,0x00000007af520000,0x00000007b0200000)
  to   space 13312K, 0% used [0x00000007bf300000,0x00000007bf300000,0x00000007c0000000)
 ParOldGen       total 87552K, used 16379K [0x0000000740000000, 0x0000000745580000, 0x0000000795580000)
  object space 87552K, 18% used [0x0000000740000000,0x0000000740ffef10,0x0000000745580000)
 Metaspace       used 19281K, capacity 19471K, committed 19712K, reserved 1067008K
  class space    used 1914K, capacity 1984K, committed 2048K, reserved 1048576K
Event: 11.572 GC heap after
Heap after GC invocations=12 (full 0):
 PSYoungGen      total 406528K, used 128K [0x0000000795580000, 0x00000007bf380000, 0x00000007c0000000)
  eden space 406016K, 0% used [0x0000000795580000,0x0000000795580000,0x00000007ae200000)
  from space 512K, 25% used [0x00000007bf300000,0x00000007bf320000,0x00000007bf380000)
  to   space 12800K, 0% used [0x00000007bda80000,0x00000007bda80000,0x00000007be700000)
 ParOldGen       total 87552K, used 16403K [0x0000000740000000, 0x0000000745580000, 0x0000000795580000)
  object space 87552K, 18% used [0x0000000740000000,0x0000000741004f10,0x0000000745580000)
 Metaspace       used 19281K, capacity 19471K, committed 19712K, reserved 1067008K
  class space    used 1914K, capacity 1984K, committed 2048K, reserved 1048576K
}
Event: 12.725 GC heap before
{Heap before GC invocations=13 (full 0):
 PSYoungGen      total 406528K, used 406144K [0x0000000795580000, 0x00000007bf380000, 0x00000007c0000000)
  eden space 406016K, 100% used [0x0000000795580000,0x00000007ae200000,0x00000007ae200000)
  from space 512K, 25% used [0x00000007bf300000,0x00000007bf320000,0x00000007bf380000)
  to   space 12800K, 0% used [0x00000007bda80000,0x00000007bda80000,0x00000007be700000)
 ParOldGen       total 87552K, used 16403K [0x0000000740000000, 0x0000000745580000, 0x0000000795580000)
  object space 87552K, 18% used [0x0000000740000000,0x0000000741004f10,0x0000000745580000)
 Metaspace       used 19302K, capacity 19535K, committed 19712K, reserved 1067008K
  class space    used 1914K, capacity 1984K, committed 2048K, reserved 1048576K
Event: 12.726 GC heap after
Heap after GC invocations=13 (full 0):
 PSYoungGen      total 400384K, used 128K [0x0000000795580000, 0x00000007bf380000, 0x00000007c0000000)
  eden space 387584K, 0% used [0x0000000795580000,0x0000000795580000,0x00000007ad000000)
  from space 12800K, 1% used [0x00000007bda80000,0x00000007bdaa0000,0x00000007be700000)
  to   space 12800K, 0% used [0x00000007be700000,0x00000007be700000,0x00000007bf380000)
 ParOldGen       total 87552K, used 16419K [0x0000000740000000, 0x0000000745580000, 0x0000000795580000)
  object space 87552K, 18% used [0x0000000740000000,0x0000000741008f10,0x0000000745580000)
 Metaspace       used 19302K, capacity 19535K, committed 19712K, reserved 1067008K
  class space    used 1914K, capacity 1984K, committed 2048K, reserved 1048576K
}

