# JRE version: Java(TM) SE Runtime Environment (8.0_91-b14) (build 1.8.0_91-b14)
# Java VM: Java HotSpot(TM) 64-Bit Server VM (25.91-b14 mixed mode bsd-amd64 compressed oops)
Heap:
 PSYoungGen      total 47616K, used 1026K [0x0000000795580000, 0x000000079a780000, 0x00000007c0000000)
  eden space 32768K, 2% used [0x0000000795580000,0x0000000795660888,0x0000000797580000)
  from space 14848K, 0% used [0x0000000797580000,0x00000007975a0000,0x0000000798400000)
  to   space 15872K, 0% used [0x0000000799800000,0x0000000799800000,0x000000079a780000)
 ParOldGen       total 78848K, used 23409K [0x0000000740000000, 0x0000000744d00000, 0x0000000795580000)
  object space 78848K, 29% used [0x0000000740000000,0x00000007416dc700,0x0000000744d00000)
 Metaspace       used 21218K, capacity 21399K, committed 21552K, reserved 1069056K
  class space    used 2050K, capacity 2112K, committed 2176K, reserved 1048576K
GC Heap History (10 events):
Event: 8.237 GC heap before
{Heap before GC invocations=4 (full 0):
 PSYoungGen      total 38400K, used 38397K [0x0000000795580000, 0x0000000798000000, 0x00000007c0000000)
  eden space 33280K, 100% used [0x0000000795580000,0x0000000797600000,0x0000000797600000)
  from space 5120K, 99% used [0x0000000797600000,0x0000000797aff500,0x0000000797b00000)
  to   space 5120K, 0% used [0x0000000797b00000,0x0000000797b00000,0x0000000798000000)
 ParOldGen       total 87552K, used 12430K [0x0000000740000000, 0x0000000745580000, 0x0000000795580000)
  object space 87552K, 14% used [0x0000000740000000,0x0000000740c238f8,0x0000000745580000)
 Metaspace       used 20925K, capacity 21143K, committed 21296K, reserved 1069056K
  class space    used 2042K, capacity 2112K, committed 2176K, reserved 1048576K
Event: 8.245 GC heap after
Heap after GC invocations=4 (full 0):
 PSYoungGen      total 38400K, used 5117K [0x0000000795580000, 0x0000000798000000, 0x00000007c0000000)
  eden space 33280K, 0% used [0x0000000795580000,0x0000000795580000,0x0000000797600000)
  from space 5120K, 99% used [0x0000000797b00000,0x0000000797fff4f0,0x0000000798000000)
  to   space 5120K, 0% used [0x0000000797600000,0x0000000797600000,0x0000000797b00000)
 ParOldGen       total 87552K, used 12526K [0x0000000740000000, 0x0000000745580000, 0x0000000795580000)
  object space 87552K, 14% used [0x0000000740000000,0x0000000740c3b908,0x0000000745580000)
 Metaspace       used 20925K, capacity 21143K, committed 21296K, reserved 1069056K
  class space    used 2042K, capacity 2112K, committed 2176K, reserved 1048576K
}
Event: 8.906 GC heap before
{Heap before GC invocations=5 (full 0):
 PSYoungGen      total 38400K, used 38397K [0x0000000795580000, 0x0000000798000000, 0x00000007c0000000)
  eden space 33280K, 100% used [0x0000000795580000,0x0000000797600000,0x0000000797600000)
  from space 5120K, 99% used [0x0000000797b00000,0x0000000797fff4f0,0x0000000798000000)
  to   space 5120K, 0% used [0x0000000797600000,0x0000000797600000,0x0000000797b00000)
 ParOldGen       total 87552K, used 12526K [0x0000000740000000, 0x0000000745580000, 0x0000000795580000)
  object space 87552K, 14% used [0x0000000740000000,0x0000000740c3b908,0x0000000745580000)
 Metaspace       used 20961K, capacity 21143K, committed 21296K, reserved 1069056K
  class space    used 2042K, capacity 2112K, committed 2176K, reserved 1048576K
Event: 8.913 GC heap after
Heap after GC invocations=5 (full 0):
 PSYoungGen      total 37888K, used 5101K [0x0000000795580000, 0x0000000799280000, 0x00000007c0000000)
  eden space 32768K, 0% used [0x0000000795580000,0x0000000795580000,0x0000000797580000)
  from space 5120K, 99% used [0x0000000797600000,0x0000000797afb500,0x0000000797b00000)
  to   space 14848K, 0% used [0x0000000798400000,0x0000000798400000,0x0000000799280000)
 ParOldGen       total 87552K, used 18742K [0x0000000740000000, 0x0000000745580000, 0x0000000795580000)
  object space 87552K, 21% used [0x0000000740000000,0x000000074124da88,0x0000000745580000)
 Metaspace       used 20961K, capacity 21143K, committed 21296K, reserved 1069056K
  class space    used 2042K, capacity 2112K, committed 2176K, reserved 1048576K
}
Event: 9.070 GC heap before
{Heap before GC invocations=6 (full 0):
 PSYoungGen      total 37888K, used 7086K [0x0000000795580000, 0x0000000799280000, 0x00000007c0000000)
  eden space 32768K, 6% used [0x0000000795580000,0x0000000795770460,0x0000000797580000)
  from space 5120K, 99% used [0x0000000797600000,0x0000000797afb500,0x0000000797b00000)
  to   space 14848K, 0% used [0x0000000798400000,0x0000000798400000,0x0000000799280000)
 ParOldGen       total 87552K, used 18742K [0x0000000740000000, 0x0000000745580000, 0x0000000795580000)
  object space 87552K, 21% used [0x0000000740000000,0x000000074124da88,0x0000000745580000)
 Metaspace       used 20975K, capacity 21143K, committed 21296K, reserved 1069056K
  class space    used 2042K, capacity 2112K, committed 2176K, reserved 1048576K
Event: 9.077 GC heap after
Heap after GC invocations=6 (full 0):
 PSYoungGen      total 47616K, used 5133K [0x0000000795580000, 0x000000079b280000, 0x00000007c0000000)
  eden space 32768K, 0% used [0x0000000795580000,0x0000000795580000,0x0000000797580000)
  from space 14848K, 34% used [0x0000000798400000,0x00000007989034e0,0x0000000799280000)
  to   space 14848K, 0% used [0x0000000797580000,0x0000000797580000,0x0000000798400000)
 ParOldGen       total 87552K, used 18750K [0x0000000740000000, 0x0000000745580000, 0x0000000795580000)
  object space 87552K, 21% used [0x0000000740000000,0x000000074124fa88,0x0000000745580000)
 Metaspace       used 20975K, capacity 21143K, committed 21296K, reserved 1069056K
  class space    used 2042K, capacity 2112K, committed 2176K, reserved 1048576K
}
Event: 9.077 GC heap before
{Heap before GC invocations=7 (full 1):
 PSYoungGen      total 47616K, used 5133K [0x0000000795580000, 0x000000079b280000, 0x00000007c0000000)
  eden space 32768K, 0% used [0x0000000795580000,0x0000000795580000,0x0000000797580000)
  from space 14848K, 34% used [0x0000000798400000,0x00000007989034e0,0x0000000799280000)
  to   space 14848K, 0% used [0x0000000797580000,0x0000000797580000,0x0000000798400000)
 ParOldGen       total 87552K, used 18750K [0x0000000740000000, 0x0000000745580000, 0x0000000795580000)
  object space 87552K, 21% used [0x0000000740000000,0x000000074124fa88,0x0000000745580000)
 Metaspace       used 20975K, capacity 21143K, committed 21296K, reserved 1069056K
  class space    used 2042K, capacity 2112K, committed 2176K, reserved 1048576K
Event: 9.152 GC heap after
Heap after GC invocations=7 (full 1):
 PSYoungGen      total 47616K, used 0K [0x0000000795580000, 0x000000079b280000, 0x00000007c0000000)
  eden space 32768K, 0% used [0x0000000795580000,0x0000000795580000,0x0000000797580000)
  from space 14848K, 0% used [0x0000000798400000,0x0000000798400000,0x0000000799280000)
  to   space 14848K, 0% used [0x0000000797580000,0x0000000797580000,0x0000000798400000)
 ParOldGen       total 78848K, used 23401K [0x0000000740000000, 0x0000000744d00000, 0x0000000795580000)
  object space 78848K, 29% used [0x0000000740000000,0x00000007416da700,0x0000000744d00000)
 Metaspace       used 20975K, capacity 21143K, committed 21296K, reserved 1069056K
  class space    used 2042K, capacity 2112K, committed 2176K, reserved 1048576K
}
Event: 12.549 GC heap before
{Heap before GC invocations=8 (full 1):
 PSYoungGen      total 47616K, used 32768K [0x0000000795580000, 0x000000079b280000, 0x00000007c0000000)
  eden space 32768K, 100% used [0x0000000795580000,0x0000000797580000,0x0000000797580000)
  from space 14848K, 0% used [0x0000000798400000,0x0000000798400000,0x0000000799280000)
  to   space 14848K, 0% used [0x0000000797580000,0x0000000797580000,0x0000000798400000)
 ParOldGen       total 78848K, used 23401K [0x0000000740000000, 0x0000000744d00000, 0x0000000795580000)
  object space 78848K, 29% used [0x0000000740000000,0x00000007416da700,0x0000000744d00000)
 Metaspace       used 21214K, capacity 21399K, committed 21552K, reserved 1069056K
  class space    used 2049K, capacity 2112K, committed 2176K, reserved 1048576K
Event: 12.551 GC heap after
Heap after GC invocations=8 (full 1):
 PSYoungGen      total 47616K, used 128K [0x0000000795580000, 0x000000079a780000, 0x00000007c0000000)
  eden space 32768K, 0% used [0x0000000795580000,0x0000000795580000,0x0000000797580000)
  from space 14848K, 0% used [0x0000000797580000,0x00000007975a0000,0x0000000798400000)
  to   space 15872K, 0% used [0x0000000799800000,0x0000000799800000,0x000000079a780000)
 ParOldGen       total 78848K, used 23409K [0x0000000740000000, 0x0000000744d00000, 0x0000000795580000)
  object space 78848K, 29% used [0x0000000740000000,0x00000007416dc700,0x0000000744d00000)
 Metaspace       used 21214K, capacity 21399K, committed 21552K, reserved 1069056K
  class space    used 2049K, capacity 2112K, committed 2176K, reserved 1048576K
}

