# JRE version: Java(TM) SE Runtime Environment (8.0_91-b14) (build 1.8.0_91-b14)
# Java VM: Java HotSpot(TM) 64-Bit Server VM (25.91-b14 mixed mode bsd-amd64 compressed oops)
Heap:
 PSYoungGen      total 104960K, used 85549K [0x0000000795580000, 0x000000079cc80000, 0x00000007c0000000)
  eden space 90112K, 83% used [0x0000000795580000,0x0000000799e93258,0x000000079ad80000)
  from space 14848K, 72% used [0x000000079bd80000,0x000000079c7f82b0,0x000000079cc00000)
  to   space 15872K, 0% used [0x000000079ad80000,0x000000079ad80000,0x000000079bd00000)
 ParOldGen       total 66560K, used 16455K [0x0000000740000000, 0x0000000744100000, 0x0000000795580000)
  object space 66560K, 24% used [0x0000000740000000,0x0000000741011ec8,0x0000000744100000)
 Metaspace       used 21325K, capacity 21531K, committed 21808K, reserved 1069056K
  class space    used 2044K, capacity 2112K, committed 2176K, reserved 1048576K
GC Heap History (10 events):
Event: 9.732 GC heap before
{Heap before GC invocations=5 (full 0):
 PSYoungGen      total 38400K, used 6362K [0x0000000795580000, 0x0000000798000000, 0x00000007c0000000)
  eden space 33280K, 3% used [0x0000000795580000,0x00000007956b7510,0x0000000797600000)
  from space 5120K, 99% used [0x0000000797b00000,0x0000000797fff450,0x0000000798000000)
  to   space 5120K, 0% used [0x0000000797600000,0x0000000797600000,0x0000000797b00000)
 ParOldGen       total 87552K, used 12858K [0x0000000740000000, 0x0000000745580000, 0x0000000795580000)
  object space 87552K, 14% used [0x0000000740000000,0x0000000740c8e828,0x0000000745580000)
 Metaspace       used 20910K, capacity 21083K, committed 21296K, reserved 1069056K
  class space    used 2035K, capacity 2112K, committed 2176K, reserved 1048576K
Event: 9.740 GC heap after
Heap after GC invocations=5 (full 0):
 PSYoungGen      total 38400K, used 5117K [0x0000000795580000, 0x000000079b180000, 0x00000007c0000000)
  eden space 33280K, 0% used [0x0000000795580000,0x0000000795580000,0x0000000797600000)
  from space 5120K, 99% used [0x0000000797600000,0x0000000797aff430,0x0000000797b00000)
  to   space 13824K, 0% used [0x000000079a400000,0x000000079a400000,0x000000079b180000)
 ParOldGen       total 87552K, used 12858K [0x0000000740000000, 0x0000000745580000, 0x0000000795580000)
  object space 87552K, 14% used [0x0000000740000000,0x0000000740c8e828,0x0000000745580000)
 Metaspace       used 20910K, capacity 21083K, committed 21296K, reserved 1069056K
  class space    used 2035K, capacity 2112K, committed 2176K, reserved 1048576K
}
Event: 9.740 GC heap before
{Heap before GC invocations=6 (full 1):
 PSYoungGen      total 38400K, used 5117K [0x0000000795580000, 0x000000079b180000, 0x00000007c0000000)
  eden space 33280K, 0% used [0x0000000795580000,0x0000000795580000,0x0000000797600000)
  from space 5120K, 99% used [0x0000000797600000,0x0000000797aff430,0x0000000797b00000)
  to   space 13824K, 0% used [0x000000079a400000,0x000000079a400000,0x000000079b180000)
 ParOldGen       total 87552K, used 12858K [0x0000000740000000, 0x0000000745580000, 0x0000000795580000)
  object space 87552K, 14% used [0x0000000740000000,0x0000000740c8e828,0x0000000745580000)
 Metaspace       used 20910K, capacity 21083K, committed 21296K, reserved 1069056K
  class space    used 2035K, capacity 2112K, committed 2176K, reserved 1048576K
Event: 9.802 GC heap after
Heap after GC invocations=6 (full 1):
 PSYoungGen      total 38400K, used 0K [0x0000000795580000, 0x000000079b180000, 0x00000007c0000000)
  eden space 33280K, 0% used [0x0000000795580000,0x0000000795580000,0x0000000797600000)
  from space 5120K, 0% used [0x0000000797600000,0x0000000797600000,0x0000000797b00000)
  to   space 13824K, 0% used [0x000000079a400000,0x000000079a400000,0x000000079b180000)
 ParOldGen       total 66560K, used 16439K [0x0000000740000000, 0x0000000744100000, 0x0000000795580000)
  object space 66560K, 24% used [0x0000000740000000,0x000000074100dec8,0x0000000744100000)
 Metaspace       used 20910K, capacity 21083K, committed 21296K, reserved 1069056K
  class space    used 2035K, capacity 2112K, committed 2176K, reserved 1048576K
}
Event: 13.448 GC heap before
{Heap before GC invocations=7 (full 1):
 PSYoungGen      total 38400K, used 33280K [0x0000000795580000, 0x000000079b180000, 0x00000007c0000000)
  eden space 33280K, 100% used [0x0000000795580000,0x0000000797600000,0x0000000797600000)
  from space 5120K, 0% used [0x0000000797600000,0x0000000797600000,0x0000000797b00000)
  to   space 13824K, 0% used [0x000000079a400000,0x000000079a400000,0x000000079b180000)
 ParOldGen       total 66560K, used 16439K [0x0000000740000000, 0x0000000744100000, 0x0000000795580000)
  object space 66560K, 24% used [0x0000000740000000,0x000000074100dec8,0x0000000744100000)
 Metaspace       used 21100K, capacity 21339K, committed 21552K, reserved 1069056K
  class space    used 2036K, capacity 2112K, committed 2176K, reserved 1048576K
Event: 13.449 GC heap after
Heap after GC invocations=7 (full 1):
 PSYoungGen      total 61952K, used 96K [0x0000000795580000, 0x000000079a980000, 0x00000007c0000000)
  eden space 56320K, 0% used [0x0000000795580000,0x0000000795580000,0x0000000798c80000)
  from space 5632K, 1% used [0x000000079a400000,0x000000079a418000,0x000000079a980000)
  to   space 14848K, 0% used [0x0000000798c80000,0x0000000798c80000,0x0000000799b00000)
 ParOldGen       total 66560K, used 16447K [0x0000000740000000, 0x0000000744100000, 0x0000000795580000)
  object space 66560K, 24% used [0x0000000740000000,0x000000074100fec8,0x0000000744100000)
 Metaspace       used 21100K, capacity 21339K, committed 21552K, reserved 1069056K
  class space    used 2036K, capacity 2112K, committed 2176K, reserved 1048576K
}
Event: 18.701 GC heap before
{Heap before GC invocations=8 (full 1):
 PSYoungGen      total 61952K, used 56416K [0x0000000795580000, 0x000000079a980000, 0x00000007c0000000)
  eden space 56320K, 100% used [0x0000000795580000,0x0000000798c80000,0x0000000798c80000)
  from space 5632K, 1% used [0x000000079a400000,0x000000079a418000,0x000000079a980000)
  to   space 14848K, 0% used [0x0000000798c80000,0x0000000798c80000,0x0000000799b00000)
 ParOldGen       total 66560K, used 16447K [0x0000000740000000, 0x0000000744100000, 0x0000000795580000)
  object space 66560K, 24% used [0x0000000740000000,0x000000074100fec8,0x0000000744100000)
 Metaspace       used 21208K, capacity 21467K, committed 21808K, reserved 1069056K
  class space    used 2036K, capacity 2112K, committed 2176K, reserved 1048576K
Event: 18.704 GC heap after
Heap after GC invocations=8 (full 1):
 PSYoungGen      total 71168K, used 2160K [0x0000000795580000, 0x000000079cc00000, 0x00000007c0000000)
  eden space 56320K, 0% used [0x0000000795580000,0x0000000795580000,0x0000000798c80000)
  from space 14848K, 14% used [0x0000000798c80000,0x0000000798e9c0a0,0x0000000799b00000)
  to   space 14848K, 0% used [0x000000079bd80000,0x000000079bd80000,0x000000079cc00000)
 ParOldGen       total 66560K, used 16455K [0x0000000740000000, 0x0000000744100000, 0x0000000795580000)
  object space 66560K, 24% used [0x0000000740000000,0x0000000741011ec8,0x0000000744100000)
 Metaspace       used 21208K, capacity 21467K, committed 21808K, reserved 1069056K
  class space    used 2036K, capacity 2112K, committed 2176K, reserved 1048576K
}
Event: 20.015 GC heap before
{Heap before GC invocations=9 (full 1):
 PSYoungGen      total 71168K, used 58250K [0x0000000795580000, 0x000000079cc00000, 0x00000007c0000000)
  eden space 56320K, 99% used [0x0000000795580000,0x0000000798c46840,0x0000000798c80000)
  from space 14848K, 14% used [0x0000000798c80000,0x0000000798e9c0a0,0x0000000799b00000)
  to   space 14848K, 0% used [0x000000079bd80000,0x000000079bd80000,0x000000079cc00000)
 ParOldGen       total 66560K, used 16455K [0x0000000740000000, 0x0000000744100000, 0x0000000795580000)
  object space 66560K, 24% used [0x0000000740000000,0x0000000741011ec8,0x0000000744100000)
 Metaspace       used 21249K, capacity 21467K, committed 21808K, reserved 1069056K
  class space    used 2036K, capacity 2112K, committed 2176K, reserved 1048576K
Event: 20.021 GC heap after
Heap after GC invocations=9 (full 1):
 PSYoungGen      total 104960K, used 10720K [0x0000000795580000, 0x000000079cc80000, 0x00000007c0000000)
  eden space 90112K, 0% used [0x0000000795580000,0x0000000795580000,0x000000079ad80000)
  from space 14848K, 72% used [0x000000079bd80000,0x000000079c7f82b0,0x000000079cc00000)
  to   space 15872K, 0% used [0x000000079ad80000,0x000000079ad80000,0x000000079bd00000)
 ParOldGen       total 66560K, used 16455K [0x0000000740000000, 0x0000000744100000, 0x0000000795580000)
  object space 66560K, 24% used [0x0000000740000000,0x0000000741011ec8,0x0000000744100000)
 Metaspace       used 21249K, capacity 21467K, committed 21808K, reserved 1069056K
  class space    used 2036K, capacity 2112K, committed 2176K, reserved 1048576K
}

