# JRE version: Java(TM) SE Runtime Environment (8.0_91-b14) (build 1.8.0_91-b14)
# Java VM: Java HotSpot(TM) 64-Bit Server VM (25.91-b14 mixed mode bsd-amd64 compressed oops)
Heap:
 PSYoungGen      total 47104K, used 8448K [0x0000000795580000, 0x0000000799300000, 0x00000007c0000000)
  eden space 32256K, 10% used [0x0000000795580000,0x00000007958c7da8,0x0000000797500000)
  from space 14848K, 34% used [0x0000000798480000,0x0000000798978310,0x0000000799300000)
  to   space 15360K, 0% used [0x0000000797500000,0x0000000797500000,0x0000000798400000)
 ParOldGen       total 87552K, used 18935K [0x0000000740000000, 0x0000000745580000, 0x0000000795580000)
  object space 87552K, 21% used [0x0000000740000000,0x000000074127dd50,0x0000000745580000)
 Metaspace       used 19104K, capacity 19299K, committed 19456K, reserved 1067008K
  class space    used 1880K, capacity 1950K, committed 2048K, reserved 1048576K
GC Heap History (10 events):
Event: 3.958 GC heap before
{Heap before GC invocations=2 (full 0):
 PSYoungGen      total 38400K, used 38312K [0x0000000795580000, 0x0000000798000000, 0x00000007c0000000)
  eden space 33280K, 99% used [0x0000000795580000,0x00000007975eb130,0x0000000797600000)
  from space 5120K, 99% used [0x0000000797600000,0x0000000797afefe0,0x0000000797b00000)
  to   space 5120K, 0% used [0x0000000797b00000,0x0000000797b00000,0x0000000798000000)
 ParOldGen       total 87552K, used 69K [0x0000000740000000, 0x0000000745580000, 0x0000000795580000)
  object space 87552K, 0% used [0x0000000740000000,0x0000000740011408,0x0000000745580000)
 Metaspace       used 18311K, capacity 18515K, committed 18688K, reserved 1067008K
  class space    used 1870K, capacity 1948K, committed 2048K, reserved 1048576K
Event: 3.969 GC heap after
Heap after GC invocations=2 (full 0):
 PSYoungGen      total 38400K, used 5097K [0x0000000795580000, 0x0000000798000000, 0x00000007c0000000)
  eden space 33280K, 0% used [0x0000000795580000,0x0000000795580000,0x0000000797600000)
  from space 5120K, 99% used [0x0000000797b00000,0x0000000797ffa4f8,0x0000000798000000)
  to   space 5120K, 0% used [0x0000000797600000,0x0000000797600000,0x0000000797b00000)
 ParOldGen       total 87552K, used 10529K [0x0000000740000000, 0x0000000745580000, 0x0000000795580000)
  object space 87552K, 12% used [0x0000000740000000,0x0000000740a48590,0x0000000745580000)
 Metaspace       used 18311K, capacity 18515K, committed 18688K, reserved 1067008K
  class space    used 1870K, capacity 1948K, committed 2048K, reserved 1048576K
}
Event: 4.289 GC heap before
{Heap before GC invocations=3 (full 0):
 PSYoungGen      total 38400K, used 38156K [0x0000000795580000, 0x0000000798000000, 0x00000007c0000000)
  eden space 33280K, 99% used [0x0000000795580000,0x00000007975c8d30,0x0000000797600000)
  from space 5120K, 99% used [0x0000000797b00000,0x0000000797ffa4f8,0x0000000798000000)
  to   space 5120K, 0% used [0x0000000797600000,0x0000000797600000,0x0000000797b00000)
 ParOldGen       total 87552K, used 10529K [0x0000000740000000, 0x0000000745580000, 0x0000000795580000)
  object space 87552K, 12% used [0x0000000740000000,0x0000000740a48590,0x0000000745580000)
 Metaspace       used 18400K, capacity 18585K, committed 18944K, reserved 1067008K
  class space    used 1871K, capacity 1949K, committed 2048K, reserved 1048576K
Event: 4.295 GC heap after
Heap after GC invocations=3 (full 0):
 PSYoungGen      total 38400K, used 5104K [0x0000000795580000, 0x0000000798000000, 0x00000007c0000000)
  eden space 33280K, 0% used [0x0000000795580000,0x0000000795580000,0x0000000797600000)
  from space 5120K, 99% used [0x0000000797600000,0x0000000797afc140,0x0000000797b00000)
  to   space 5120K, 0% used [0x0000000797b00000,0x0000000797b00000,0x0000000798000000)
 ParOldGen       total 87552K, used 14815K [0x0000000740000000, 0x0000000745580000, 0x0000000795580000)
  object space 87552K, 16% used [0x0000000740000000,0x0000000740e77c50,0x0000000745580000)
 Metaspace       used 18400K, capacity 18585K, committed 18944K, reserved 1067008K
  class space    used 1871K, capacity 1949K, committed 2048K, reserved 1048576K
}
Event: 4.712 GC heap before
{Heap before GC invocations=4 (full 0):
 PSYoungGen      total 38400K, used 38384K [0x0000000795580000, 0x0000000798000000, 0x00000007c0000000)
  eden space 33280K, 100% used [0x0000000795580000,0x0000000797600000,0x0000000797600000)
  from space 5120K, 99% used [0x0000000797600000,0x0000000797afc140,0x0000000797b00000)
  to   space 5120K, 0% used [0x0000000797b00000,0x0000000797b00000,0x0000000798000000)
 ParOldGen       total 87552K, used 14815K [0x0000000740000000, 0x0000000745580000, 0x0000000795580000)
  object space 87552K, 16% used [0x0000000740000000,0x0000000740e77c50,0x0000000745580000)
 Metaspace       used 18579K, capacity 18777K, committed 18944K, reserved 1067008K
  class space    used 1871K, capacity 1949K, committed 2048K, reserved 1048576K
Event: 4.718 GC heap after
Heap after GC invocations=4 (full 0):
 PSYoungGen      total 38400K, used 5088K [0x0000000795580000, 0x000000079a080000, 0x00000007c0000000)
  eden space 33280K, 0% used [0x0000000795580000,0x0000000795580000,0x0000000797600000)
  from space 5120K, 99% used [0x0000000797b00000,0x0000000797ff8150,0x0000000798000000)
  to   space 5120K, 0% used [0x0000000797600000,0x0000000797600000,0x0000000797b00000)
 ParOldGen       total 87552K, used 18919K [0x0000000740000000, 0x0000000745580000, 0x0000000795580000)
  object space 87552K, 21% used [0x0000000740000000,0x0000000741279d50,0x0000000745580000)
 Metaspace       used 18579K, capacity 18777K, committed 18944K, reserved 1067008K
  class space    used 1871K, capacity 1949K, committed 2048K, reserved 1048576K
}
Event: 10.099 GC heap before
{Heap before GC invocations=5 (full 0):
 PSYoungGen      total 38400K, used 38368K [0x0000000795580000, 0x000000079a080000, 0x00000007c0000000)
  eden space 33280K, 100% used [0x0000000795580000,0x0000000797600000,0x0000000797600000)
  from space 5120K, 99% used [0x0000000797b00000,0x0000000797ff8150,0x0000000798000000)
  to   space 5120K, 0% used [0x0000000797600000,0x0000000797600000,0x0000000797b00000)
 ParOldGen       total 87552K, used 18919K [0x0000000740000000, 0x0000000745580000, 0x0000000795580000)
  object space 87552K, 21% used [0x0000000740000000,0x0000000741279d50,0x0000000745580000)
 Metaspace       used 18959K, capacity 19171K, committed 19456K, reserved 1067008K
  class space    used 1874K, capacity 1950K, committed 2048K, reserved 1048576K
Event: 10.105 GC heap after
Heap after GC invocations=5 (full 0):
 PSYoungGen      total 37888K, used 5088K [0x0000000795580000, 0x0000000799380000, 0x00000007c0000000)
  eden space 32768K, 0% used [0x0000000795580000,0x0000000795580000,0x0000000797580000)
  from space 5120K, 99% used [0x0000000797600000,0x0000000797af8310,0x0000000797b00000)
  to   space 15360K, 0% used [0x0000000798480000,0x0000000798480000,0x0000000799380000)
 ParOldGen       total 87552K, used 18927K [0x0000000740000000, 0x0000000745580000, 0x0000000795580000)
  object space 87552K, 21% used [0x0000000740000000,0x000000074127bd50,0x0000000745580000)
 Metaspace       used 18959K, capacity 19171K, committed 19456K, reserved 1067008K
  class space    used 1874K, capacity 1950K, committed 2048K, reserved 1048576K
}
Event: 15.702 GC heap before
{Heap before GC invocations=6 (full 0):
 PSYoungGen      total 37888K, used 37856K [0x0000000795580000, 0x0000000799380000, 0x00000007c0000000)
  eden space 32768K, 100% used [0x0000000795580000,0x0000000797580000,0x0000000797580000)
  from space 5120K, 99% used [0x0000000797600000,0x0000000797af8310,0x0000000797b00000)
  to   space 15360K, 0% used [0x0000000798480000,0x0000000798480000,0x0000000799380000)
 ParOldGen       total 87552K, used 18927K [0x0000000740000000, 0x0000000745580000, 0x0000000795580000)
  object space 87552K, 21% used [0x0000000740000000,0x000000074127bd50,0x0000000745580000)
 Metaspace       used 19074K, capacity 19299K, committed 19456K, reserved 1067008K
  class space    used 1874K, capacity 1950K, committed 2048K, reserved 1048576K
Event: 15.709 GC heap after
Heap after GC invocations=6 (full 0):
 PSYoungGen      total 47104K, used 5088K [0x0000000795580000, 0x0000000799300000, 0x00000007c0000000)
  eden space 32256K, 0% used [0x0000000795580000,0x0000000795580000,0x0000000797500000)
  from space 14848K, 34% used [0x0000000798480000,0x0000000798978310,0x0000000799300000)
  to   space 15360K, 0% used [0x0000000797500000,0x0000000797500000,0x0000000798400000)
 ParOldGen       total 87552K, used 18935K [0x0000000740000000, 0x0000000745580000, 0x0000000795580000)
  object space 87552K, 21% used [0x0000000740000000,0x000000074127dd50,0x0000000745580000)
 Metaspace       used 19074K, capacity 19299K, committed 19456K, reserved 1067008K
  class space    used 1874K, capacity 1950K, committed 2048K, reserved 1048576K
}

