# JRE version: Java(TM) SE Runtime Environment (8.0_91-b14) (build 1.8.0_91-b14)
# Java VM: Java HotSpot(TM) 64-Bit Server VM (25.91-b14 mixed mode bsd-amd64 compressed oops)
Heap:
 PSYoungGen      total 71680K, used 32775K [0x0000000795580000, 0x000000079b280000, 0x00000007c0000000)
  eden space 55296K, 29% used [0x0000000795580000,0x00000007965b1980,0x0000000798b80000)
  from space 16384K, 98% used [0x0000000799d00000,0x000000079acd0400,0x000000079ad00000)
  to   space 17920K, 0% used [0x0000000798b80000,0x0000000798b80000,0x0000000799d00000)
 ParOldGen       total 87552K, used 36498K [0x0000000740000000, 0x0000000745580000, 0x0000000795580000)
  object space 87552K, 41% used [0x0000000740000000,0x00000007423a49d0,0x0000000745580000)
 Metaspace       used 21456K, capacity 21663K, committed 22064K, reserved 1069056K
  class space    used 2050K, capacity 2112K, committed 2176K, reserved 1048576K
GC Heap History (10 events):
Event: 15.692 GC heap before
{Heap before GC invocations=9 (full 1):
 PSYoungGen      total 45568K, used 43392K [0x0000000795580000, 0x0000000799b00000, 0x00000007c0000000)
  eden space 32256K, 100% used [0x0000000795580000,0x0000000797500000,0x0000000797500000)
  from space 13312K, 83% used [0x0000000797500000,0x0000000797fe02c0,0x0000000798200000)
  to   space 13824K, 0% used [0x0000000798d80000,0x0000000798d80000,0x0000000799b00000)
 ParOldGen       total 87552K, used 26217K [0x0000000740000000, 0x0000000745580000, 0x0000000795580000)
  object space 87552K, 29% used [0x0000000740000000,0x000000074199a750,0x0000000745580000)
 Metaspace       used 21296K, capacity 21535K, committed 21808K, reserved 1069056K
  class space    used 2043K, capacity 2112K, committed 2176K, reserved 1048576K
Event: 15.699 GC heap after
Heap after GC invocations=9 (full 1):
 PSYoungGen      total 55296K, used 10784K [0x0000000795580000, 0x0000000799a00000, 0x00000007c0000000)
  eden space 42496K, 0% used [0x0000000795580000,0x0000000795580000,0x0000000797f00000)
  from space 12800K, 84% used [0x0000000798d80000,0x00000007998082a0,0x0000000799a00000)
  to   space 13824K, 0% used [0x0000000797f00000,0x0000000797f00000,0x0000000798c80000)
 ParOldGen       total 87552K, used 26225K [0x0000000740000000, 0x0000000745580000, 0x0000000795580000)
  object space 87552K, 29% used [0x0000000740000000,0x000000074199c750,0x0000000745580000)
 Metaspace       used 21296K, capacity 21535K, committed 21808K, reserved 1069056K
  class space    used 2043K, capacity 2112K, committed 2176K, reserved 1048576K
}
Event: 20.183 GC heap before
{Heap before GC invocations=10 (full 1):
 PSYoungGen      total 55296K, used 53280K [0x0000000795580000, 0x0000000799a00000, 0x00000007c0000000)
  eden space 42496K, 100% used [0x0000000795580000,0x0000000797f00000,0x0000000797f00000)
  from space 12800K, 84% used [0x0000000798d80000,0x00000007998082a0,0x0000000799a00000)
  to   space 13824K, 0% used [0x0000000797f00000,0x0000000797f00000,0x0000000798c80000)
 ParOldGen       total 87552K, used 26225K [0x0000000740000000, 0x0000000745580000, 0x0000000795580000)
  object space 87552K, 29% used [0x0000000740000000,0x000000074199c750,0x0000000745580000)
 Metaspace       used 21320K, capacity 21535K, committed 21808K, reserved 1069056K
  class space    used 2043K, capacity 2112K, committed 2176K, reserved 1048576K
Event: 20.187 GC heap after
Heap after GC invocations=10 (full 1):
 PSYoungGen      total 56320K, used 10784K [0x0000000795580000, 0x000000079a100000, 0x00000007c0000000)
  eden space 42496K, 0% used [0x0000000795580000,0x0000000795580000,0x0000000797f00000)
  from space 13824K, 78% used [0x0000000797f00000,0x00000007989882a0,0x0000000798c80000)
  to   space 13824K, 0% used [0x0000000799380000,0x0000000799380000,0x000000079a100000)
 ParOldGen       total 87552K, used 26233K [0x0000000740000000, 0x0000000745580000, 0x0000000795580000)
  object space 87552K, 29% used [0x0000000740000000,0x000000074199e750,0x0000000745580000)
 Metaspace       used 21320K, capacity 21535K, committed 21808K, reserved 1069056K
  class space    used 2043K, capacity 2112K, committed 2176K, reserved 1048576K
}
Event: 23.513 GC heap before
{Heap before GC invocations=11 (full 1):
 PSYoungGen      total 56320K, used 53280K [0x0000000795580000, 0x000000079a100000, 0x00000007c0000000)
  eden space 42496K, 100% used [0x0000000795580000,0x0000000797f00000,0x0000000797f00000)
  from space 13824K, 78% used [0x0000000797f00000,0x00000007989882a0,0x0000000798c80000)
  to   space 13824K, 0% used [0x0000000799380000,0x0000000799380000,0x000000079a100000)
 ParOldGen       total 87552K, used 26233K [0x0000000740000000, 0x0000000745580000, 0x0000000795580000)
  object space 87552K, 29% used [0x0000000740000000,0x000000074199e750,0x0000000745580000)
 Metaspace       used 21329K, capacity 21535K, committed 21808K, reserved 1069056K
  class space    used 2043K, capacity 2112K, committed 2176K, reserved 1048576K
Event: 23.519 GC heap after
Heap after GC invocations=11 (full 1):
 PSYoungGen      total 62464K, used 13568K [0x0000000795580000, 0x000000079a280000, 0x00000007c0000000)
  eden space 48640K, 0% used [0x0000000795580000,0x0000000795580000,0x0000000798500000)
  from space 13824K, 98% used [0x0000000799380000,0x000000079a0c0360,0x000000079a100000)
  to   space 14848K, 0% used [0x0000000798500000,0x0000000798500000,0x0000000799380000)
 ParOldGen       total 87552K, used 26241K [0x0000000740000000, 0x0000000745580000, 0x0000000795580000)
  object space 87552K, 29% used [0x0000000740000000,0x00000007419a0750,0x0000000745580000)
 Metaspace       used 21329K, capacity 21535K, committed 21808K, reserved 1069056K
  class space    used 2043K, capacity 2112K, committed 2176K, reserved 1048576K
}
Event: 25.834 GC heap before
{Heap before GC invocations=12 (full 1):
 PSYoungGen      total 62464K, used 62208K [0x0000000795580000, 0x000000079a280000, 0x00000007c0000000)
  eden space 48640K, 100% used [0x0000000795580000,0x0000000798500000,0x0000000798500000)
  from space 13824K, 98% used [0x0000000799380000,0x000000079a0c0360,0x000000079a100000)
  to   space 14848K, 0% used [0x0000000798500000,0x0000000798500000,0x0000000799380000)
 ParOldGen       total 87552K, used 26241K [0x0000000740000000, 0x0000000745580000, 0x0000000795580000)
  object space 87552K, 29% used [0x0000000740000000,0x00000007419a0750,0x0000000745580000)
 Metaspace       used 21347K, capacity 21535K, committed 21808K, reserved 1069056K
  class space    used 2043K, capacity 2112K, committed 2176K, reserved 1048576K
Event: 25.843 GC heap after
Heap after GC invocations=12 (full 1):
 PSYoungGen      total 63488K, used 14624K [0x0000000795580000, 0x000000079ad00000, 0x00000007c0000000)
  eden space 48640K, 0% used [0x0000000795580000,0x0000000795580000,0x0000000798500000)
  from space 14848K, 98% used [0x0000000798500000,0x00000007993483a0,0x0000000799380000)
  to   space 16384K, 0% used [0x0000000799d00000,0x0000000799d00000,0x000000079ad00000)
 ParOldGen       total 87552K, used 30346K [0x0000000740000000, 0x0000000745580000, 0x0000000795580000)
  object space 87552K, 34% used [0x0000000740000000,0x0000000741da2850,0x0000000745580000)
 Metaspace       used 21347K, capacity 21535K, committed 21808K, reserved 1069056K
  class space    used 2043K, capacity 2112K, committed 2176K, reserved 1048576K
}
Event: 27.318 GC heap before
{Heap before GC invocations=13 (full 1):
 PSYoungGen      total 63488K, used 63264K [0x0000000795580000, 0x000000079ad00000, 0x00000007c0000000)
  eden space 48640K, 100% used [0x0000000795580000,0x0000000798500000,0x0000000798500000)
  from space 14848K, 98% used [0x0000000798500000,0x00000007993483a0,0x0000000799380000)
  to   space 16384K, 0% used [0x0000000799d00000,0x0000000799d00000,0x000000079ad00000)
 ParOldGen       total 87552K, used 30346K [0x0000000740000000, 0x0000000745580000, 0x0000000795580000)
  object space 87552K, 34% used [0x0000000740000000,0x0000000741da2850,0x0000000745580000)
 Metaspace       used 21421K, capacity 21599K, committed 21808K, reserved 1069056K
  class space    used 2043K, capacity 2112K, committed 2176K, reserved 1048576K
Event: 27.331 GC heap after
Heap after GC invocations=13 (full 1):
 PSYoungGen      total 71680K, used 16193K [0x0000000795580000, 0x000000079b280000, 0x00000007c0000000)
  eden space 55296K, 0% used [0x0000000795580000,0x0000000795580000,0x0000000798b80000)
  from space 16384K, 98% used [0x0000000799d00000,0x000000079acd0400,0x000000079ad00000)
  to   space 17920K, 0% used [0x0000000798b80000,0x0000000798b80000,0x0000000799d00000)
 ParOldGen       total 87552K, used 36498K [0x0000000740000000, 0x0000000745580000, 0x0000000795580000)
  object space 87552K, 41% used [0x0000000740000000,0x00000007423a49d0,0x0000000745580000)
 Metaspace       used 21421K, capacity 21599K, committed 21808K, reserved 1069056K
  class space    used 2043K, capacity 2112K, committed 2176K, reserved 1048576K
}

