# JRE version: Java(TM) SE Runtime Environment (8.0_91-b14) (build 1.8.0_91-b14)
# Java VM: Java HotSpot(TM) 64-Bit Server VM (25.91-b14 mixed mode bsd-amd64 compressed oops)
Heap:
 PSYoungGen      total 361472K, used 203166K [0x0000000795580000, 0x00000007adb00000, 0x00000007c0000000)
  eden space 335360K, 60% used [0x0000000795580000,0x00000007a1bc7a20,0x00000007a9d00000)
  from space 26112K, 0% used [0x00000007ac180000,0x00000007ac1a0000,0x00000007adb00000)
  to   space 31744K, 0% used [0x00000007a9d00000,0x00000007a9d00000,0x00000007abc00000)
 ParOldGen       total 143872K, used 72729K [0x0000000740000000, 0x0000000748c80000, 0x0000000795580000)
  object space 143872K, 50% used [0x0000000740000000,0x00000007447067e8,0x0000000748c80000)
 Metaspace       used 19073K, capacity 19273K, committed 19456K, reserved 1067008K
  class space    used 1894K, capacity 1981K, committed 2048K, reserved 1048576K
GC Heap History (10 events):
Event: 17.998 GC heap before
{Heap before GC invocations=13 (full 1):
 PSYoungGen      total 256512K, used 218240K [0x0000000795580000, 0x00000007aa500000, 0x00000007c0000000)
  eden space 218112K, 100% used [0x0000000795580000,0x00000007a2a80000,0x00000007a2a80000)
  from space 38400K, 0% used [0x00000007a2a80000,0x00000007a2aa0000,0x00000007a5000000)
  to   space 37888K, 0% used [0x00000007a8000000,0x00000007a8000000,0x00000007aa500000)
 ParOldGen       total 143872K, used 72689K [0x0000000740000000, 0x0000000748c80000, 0x0000000795580000)
  object space 143872K, 50% used [0x0000000740000000,0x00000007446fc7e8,0x0000000748c80000)
 Metaspace       used 18885K, capacity 19045K, committed 19456K, reserved 1067008K
  class space    used 1883K, capacity 1949K, committed 2048K, reserved 1048576K
Event: 18.009 GC heap after
Heap after GC invocations=13 (full 1):
 PSYoungGen      total 292352K, used 128K [0x0000000795580000, 0x00000007a9d80000, 0x00000007c0000000)
  eden space 262144K, 0% used [0x0000000795580000,0x0000000795580000,0x00000007a5580000)
  from space 30208K, 0% used [0x00000007a8000000,0x00000007a8020000,0x00000007a9d80000)
  to   space 36864K, 0% used [0x00000007a5580000,0x00000007a5580000,0x00000007a7980000)
 ParOldGen       total 143872K, used 72697K [0x0000000740000000, 0x0000000748c80000, 0x0000000795580000)
  object space 143872K, 50% used [0x0000000740000000,0x00000007446fe7e8,0x0000000748c80000)
 Metaspace       used 18885K, capacity 19045K, committed 19456K, reserved 1067008K
  class space    used 1883K, capacity 1949K, committed 2048K, reserved 1048576K
}
Event: 19.998 GC heap before
{Heap before GC invocations=14 (full 1):
 PSYoungGen      total 292352K, used 262272K [0x0000000795580000, 0x00000007a9d80000, 0x00000007c0000000)
  eden space 262144K, 100% used [0x0000000795580000,0x00000007a5580000,0x00000007a5580000)
  from space 30208K, 0% used [0x00000007a8000000,0x00000007a8020000,0x00000007a9d80000)
  to   space 36864K, 0% used [0x00000007a5580000,0x00000007a5580000,0x00000007a7980000)
 ParOldGen       total 143872K, used 72697K [0x0000000740000000, 0x0000000748c80000, 0x0000000795580000)
  object space 143872K, 50% used [0x0000000740000000,0x00000007446fe7e8,0x0000000748c80000)
 Metaspace       used 18905K, capacity 19045K, committed 19456K, reserved 1067008K
  class space    used 1883K, capacity 1949K, committed 2048K, reserved 1048576K
Event: 20.009 GC heap after
Heap after GC invocations=14 (full 1):
 PSYoungGen      total 299008K, used 96K [0x0000000795580000, 0x00000007ac900000, 0x00000007c0000000)
  eden space 262144K, 0% used [0x0000000795580000,0x0000000795580000,0x00000007a5580000)
  from space 36864K, 0% used [0x00000007a5580000,0x00000007a5598000,0x00000007a7980000)
  to   space 35840K, 0% used [0x00000007aa600000,0x00000007aa600000,0x00000007ac900000)
 ParOldGen       total 143872K, used 72705K [0x0000000740000000, 0x0000000748c80000, 0x0000000795580000)
  object space 143872K, 50% used [0x0000000740000000,0x00000007447007e8,0x0000000748c80000)
 Metaspace       used 18905K, capacity 19045K, committed 19456K, reserved 1067008K
  class space    used 1883K, capacity 1949K, committed 2048K, reserved 1048576K
}
Event: 22.055 GC heap before
{Heap before GC invocations=15 (full 1):
 PSYoungGen      total 299008K, used 262240K [0x0000000795580000, 0x00000007ac900000, 0x00000007c0000000)
  eden space 262144K, 100% used [0x0000000795580000,0x00000007a5580000,0x00000007a5580000)
  from space 36864K, 0% used [0x00000007a5580000,0x00000007a5598000,0x00000007a7980000)
  to   space 35840K, 0% used [0x00000007aa600000,0x00000007aa600000,0x00000007ac900000)
 ParOldGen       total 143872K, used 72705K [0x0000000740000000, 0x0000000748c80000, 0x0000000795580000)
  object space 143872K, 50% used [0x0000000740000000,0x00000007447007e8,0x0000000748c80000)
 Metaspace       used 18914K, capacity 19109K, committed 19456K, reserved 1067008K
  class space    used 1883K, capacity 1949K, committed 2048K, reserved 1048576K
Event: 22.056 GC heap after
Heap after GC invocations=15 (full 1):
 PSYoungGen      total 326144K, used 128K [0x0000000795580000, 0x00000007abf00000, 0x00000007c0000000)
  eden space 300544K, 0% used [0x0000000795580000,0x0000000795580000,0x00000007a7b00000)
  from space 25600K, 0% used [0x00000007aa600000,0x00000007aa620000,0x00000007abf00000)
  to   space 34816K, 0% used [0x00000007a7b00000,0x00000007a7b00000,0x00000007a9d00000)
 ParOldGen       total 143872K, used 72713K [0x0000000740000000, 0x0000000748c80000, 0x0000000795580000)
  object space 143872K, 50% used [0x0000000740000000,0x00000007447027e8,0x0000000748c80000)
 Metaspace       used 18914K, capacity 19109K, committed 19456K, reserved 1067008K
  class space    used 1883K, capacity 1949K, committed 2048K, reserved 1048576K
}
Event: 24.307 GC heap before
{Heap before GC invocations=16 (full 1):
 PSYoungGen      total 326144K, used 300672K [0x0000000795580000, 0x00000007abf00000, 0x00000007c0000000)
  eden space 300544K, 100% used [0x0000000795580000,0x00000007a7b00000,0x00000007a7b00000)
  from space 25600K, 0% used [0x00000007aa600000,0x00000007aa620000,0x00000007abf00000)
  to   space 34816K, 0% used [0x00000007a7b00000,0x00000007a7b00000,0x00000007a9d00000)
 ParOldGen       total 143872K, used 72713K [0x0000000740000000, 0x0000000748c80000, 0x0000000795580000)
  object space 143872K, 50% used [0x0000000740000000,0x00000007447027e8,0x0000000748c80000)
 Metaspace       used 18944K, capacity 19173K, committed 19456K, reserved 1067008K
  class space    used 1883K, capacity 1949K, committed 2048K, reserved 1048576K
Event: 24.318 GC heap after
Heap after GC invocations=16 (full 1):
 PSYoungGen      total 335360K, used 128K [0x0000000795580000, 0x00000007ae200000, 0x00000007c0000000)
  eden space 300544K, 0% used [0x0000000795580000,0x0000000795580000,0x00000007a7b00000)
  from space 34816K, 0% used [0x00000007a7b00000,0x00000007a7b20000,0x00000007a9d00000)
  to   space 33280K, 0% used [0x00000007ac180000,0x00000007ac180000,0x00000007ae200000)
 ParOldGen       total 143872K, used 72721K [0x0000000740000000, 0x0000000748c80000, 0x0000000795580000)
  object space 143872K, 50% used [0x0000000740000000,0x00000007447047e8,0x0000000748c80000)
 Metaspace       used 18944K, capacity 19173K, committed 19456K, reserved 1067008K
  class space    used 1883K, capacity 1949K, committed 2048K, reserved 1048576K
}
Event: 26.917 GC heap before
{Heap before GC invocations=17 (full 1):
 PSYoungGen      total 335360K, used 300672K [0x0000000795580000, 0x00000007ae200000, 0x00000007c0000000)
  eden space 300544K, 100% used [0x0000000795580000,0x00000007a7b00000,0x00000007a7b00000)
  from space 34816K, 0% used [0x00000007a7b00000,0x00000007a7b20000,0x00000007a9d00000)
  to   space 33280K, 0% used [0x00000007ac180000,0x00000007ac180000,0x00000007ae200000)
 ParOldGen       total 143872K, used 72721K [0x0000000740000000, 0x0000000748c80000, 0x0000000795580000)
  object space 143872K, 50% used [0x0000000740000000,0x00000007447047e8,0x0000000748c80000)
 Metaspace       used 18957K, capacity 19173K, committed 19456K, reserved 1067008K
  class space    used 1883K, capacity 1949K, committed 2048K, reserved 1048576K
Event: 26.928 GC heap after
Heap after GC invocations=17 (full 1):
 PSYoungGen      total 361472K, used 128K [0x0000000795580000, 0x00000007adb00000, 0x00000007c0000000)
  eden space 335360K, 0% used [0x0000000795580000,0x0000000795580000,0x00000007a9d00000)
  from space 26112K, 0% used [0x00000007ac180000,0x00000007ac1a0000,0x00000007adb00000)
  to   space 31744K, 0% used [0x00000007a9d00000,0x00000007a9d00000,0x00000007abc00000)
 ParOldGen       total 143872K, used 72729K [0x0000000740000000, 0x0000000748c80000, 0x0000000795580000)
  object space 143872K, 50% used [0x0000000740000000,0x00000007447067e8,0x0000000748c80000)
 Metaspace       used 18957K, capacity 19173K, committed 19456K, reserved 1067008K
  class space    used 1883K, capacity 1949K, committed 2048K, reserved 1048576K
}

