# JRE version: Java(TM) SE Runtime Environment (8.0_91-b14) (build 1.8.0_91-b14)
# Java VM: Java HotSpot(TM) 64-Bit Server VM (25.91-b14 mixed mode bsd-amd64 compressed oops)
Heap:
 PSYoungGen      total 141824K, used 52865K [0x0000000795580000, 0x00000007a0b80000, 0x00000007c0000000)
  eden space 107520K, 19% used [0x0000000795580000,0x0000000796a17fa0,0x000000079be80000)
  from space 34304K, 92% used [0x000000079c200000,0x000000079e1087c0,0x000000079e380000)
  to   space 39424K, 0% used [0x000000079e500000,0x000000079e500000,0x00000007a0b80000)
 ParOldGen       total 72704K, used 34665K [0x0000000740000000, 0x0000000744700000, 0x0000000795580000)
  object space 72704K, 47% used [0x0000000740000000,0x00000007421da6a8,0x0000000744700000)
 Metaspace       used 21498K, capacity 21659K, committed 22064K, reserved 1069056K
  class space    used 2047K, capacity 2112K, committed 2176K, reserved 1048576K
GC Heap History (10 events):
Event: 60.095 GC heap before
{Heap before GC invocations=14 (full 1):
 PSYoungGen      total 109056K, used 108897K [0x0000000795580000, 0x000000079d980000, 0x00000007c0000000)
  eden space 92160K, 100% used [0x0000000795580000,0x000000079af80000,0x000000079af80000)
  from space 16896K, 99% used [0x000000079c300000,0x000000079d358420,0x000000079d380000)
  to   space 19968K, 0% used [0x000000079af80000,0x000000079af80000,0x000000079c300000)
 ParOldGen       total 72704K, used 24137K [0x0000000740000000, 0x0000000744700000, 0x0000000795580000)
  object space 72704K, 33% used [0x0000000740000000,0x0000000741792418,0x0000000744700000)
 Metaspace       used 21342K, capacity 21531K, committed 21808K, reserved 1069056K
  class space    used 2039K, capacity 2112K, committed 2176K, reserved 1048576K
Event: 60.101 GC heap after
Heap after GC invocations=14 (full 1):
 PSYoungGen      total 112128K, used 16545K [0x0000000795580000, 0x000000079e700000, 0x00000007c0000000)
  eden space 92160K, 0% used [0x0000000795580000,0x0000000795580000,0x000000079af80000)
  from space 19968K, 82% used [0x000000079af80000,0x000000079bfa8400,0x000000079c300000)
  to   space 22528K, 0% used [0x000000079d100000,0x000000079d100000,0x000000079e700000)
 ParOldGen       total 72704K, used 24137K [0x0000000740000000, 0x0000000744700000, 0x0000000795580000)
  object space 72704K, 33% used [0x0000000740000000,0x0000000741792418,0x0000000744700000)
 Metaspace       used 21342K, capacity 21531K, committed 21808K, reserved 1069056K
  class space    used 2039K, capacity 2112K, committed 2176K, reserved 1048576K
}
Event: 68.702 GC heap before
{Heap before GC invocations=15 (full 1):
 PSYoungGen      total 112128K, used 108705K [0x0000000795580000, 0x000000079e700000, 0x00000007c0000000)
  eden space 92160K, 100% used [0x0000000795580000,0x000000079af80000,0x000000079af80000)
  from space 19968K, 82% used [0x000000079af80000,0x000000079bfa8400,0x000000079c300000)
  to   space 22528K, 0% used [0x000000079d100000,0x000000079d100000,0x000000079e700000)
 ParOldGen       total 72704K, used 24137K [0x0000000740000000, 0x0000000744700000, 0x0000000795580000)
  object space 72704K, 33% used [0x0000000740000000,0x0000000741792418,0x0000000744700000)
 Metaspace       used 21353K, capacity 21531K, committed 21808K, reserved 1069056K
  class space    used 2040K, capacity 2112K, committed 2176K, reserved 1048576K
Event: 68.712 GC heap after
Heap after GC invocations=15 (full 1):
 PSYoungGen      total 123392K, used 20321K [0x0000000795580000, 0x000000079eb80000, 0x00000007c0000000)
  eden space 100864K, 0% used [0x0000000795580000,0x0000000795580000,0x000000079b800000)
  from space 22528K, 90% used [0x000000079d100000,0x000000079e4d8520,0x000000079e700000)
  to   space 25600K, 0% used [0x000000079b800000,0x000000079b800000,0x000000079d100000)
 ParOldGen       total 72704K, used 24145K [0x0000000740000000, 0x0000000744700000, 0x0000000795580000)
  object space 72704K, 33% used [0x0000000740000000,0x0000000741794418,0x0000000744700000)
 Metaspace       used 21353K, capacity 21531K, committed 21808K, reserved 1069056K
  class space    used 2040K, capacity 2112K, committed 2176K, reserved 1048576K
}
Event: 71.540 GC heap before
{Heap before GC invocations=16 (full 1):
 PSYoungGen      total 123392K, used 121185K [0x0000000795580000, 0x000000079eb80000, 0x00000007c0000000)
  eden space 100864K, 100% used [0x0000000795580000,0x000000079b800000,0x000000079b800000)
  from space 22528K, 90% used [0x000000079d100000,0x000000079e4d8520,0x000000079e700000)
  to   space 25600K, 0% used [0x000000079b800000,0x000000079b800000,0x000000079d100000)
 ParOldGen       total 72704K, used 24145K [0x0000000740000000, 0x0000000744700000, 0x0000000795580000)
  object space 72704K, 33% used [0x0000000740000000,0x0000000741794418,0x0000000744700000)
 Metaspace       used 21442K, capacity 21659K, committed 22064K, reserved 1069056K
  class space    used 2040K, capacity 2112K, committed 2176K, reserved 1048576K
Event: 71.553 GC heap after
Heap after GC invocations=16 (full 1):
 PSYoungGen      total 126464K, used 25569K [0x0000000795580000, 0x00000007a0100000, 0x00000007c0000000)
  eden space 100864K, 0% used [0x0000000795580000,0x0000000795580000,0x000000079b800000)
  from space 25600K, 99% used [0x000000079b800000,0x000000079d0f8660,0x000000079d100000)
  to   space 30208K, 0% used [0x000000079e380000,0x000000079e380000,0x00000007a0100000)
 ParOldGen       total 72704K, used 34649K [0x0000000740000000, 0x0000000744700000, 0x0000000795580000)
  object space 72704K, 47% used [0x0000000740000000,0x00000007421d66a8,0x0000000744700000)
 Metaspace       used 21442K, capacity 21659K, committed 22064K, reserved 1069056K
  class space    used 2040K, capacity 2112K, committed 2176K, reserved 1048576K
}
Event: 84.538 GC heap before
{Heap before GC invocations=17 (full 1):
 PSYoungGen      total 126464K, used 126433K [0x0000000795580000, 0x00000007a0100000, 0x00000007c0000000)
  eden space 100864K, 100% used [0x0000000795580000,0x000000079b800000,0x000000079b800000)
  from space 25600K, 99% used [0x000000079b800000,0x000000079d0f8660,0x000000079d100000)
  to   space 30208K, 0% used [0x000000079e380000,0x000000079e380000,0x00000007a0100000)
 ParOldGen       total 72704K, used 34649K [0x0000000740000000, 0x0000000744700000, 0x0000000795580000)
  object space 72704K, 47% used [0x0000000740000000,0x00000007421d66a8,0x0000000744700000)
 Metaspace       used 21444K, capacity 21659K, committed 22064K, reserved 1069056K
  class space    used 2040K, capacity 2112K, committed 2176K, reserved 1048576K
Event: 84.552 GC heap after
Heap after GC invocations=17 (full 1):
 PSYoungGen      total 141312K, used 27681K [0x0000000795580000, 0x00000007a0780000, 0x00000007c0000000)
  eden space 111104K, 0% used [0x0000000795580000,0x0000000795580000,0x000000079c200000)
  from space 30208K, 91% used [0x000000079e380000,0x000000079fe886b0,0x00000007a0100000)
  to   space 34304K, 0% used [0x000000079c200000,0x000000079c200000,0x000000079e380000)
 ParOldGen       total 72704K, used 34657K [0x0000000740000000, 0x0000000744700000, 0x0000000795580000)
  object space 72704K, 47% used [0x0000000740000000,0x00000007421d86a8,0x0000000744700000)
 Metaspace       used 21444K, capacity 21659K, committed 22064K, reserved 1069056K
  class space    used 2040K, capacity 2112K, committed 2176K, reserved 1048576K
}
Event: 95.223 GC heap before
{Heap before GC invocations=18 (full 1):
 PSYoungGen      total 141312K, used 138785K [0x0000000795580000, 0x00000007a0780000, 0x00000007c0000000)
  eden space 111104K, 100% used [0x0000000795580000,0x000000079c200000,0x000000079c200000)
  from space 30208K, 91% used [0x000000079e380000,0x000000079fe886b0,0x00000007a0100000)
  to   space 34304K, 0% used [0x000000079c200000,0x000000079c200000,0x000000079e380000)
 ParOldGen       total 72704K, used 34657K [0x0000000740000000, 0x0000000744700000, 0x0000000795580000)
  object space 72704K, 47% used [0x0000000740000000,0x00000007421d86a8,0x0000000744700000)
 Metaspace       used 21463K, capacity 21659K, committed 22064K, reserved 1069056K
  class space    used 2040K, capacity 2112K, committed 2176K, reserved 1048576K
Event: 95.230 GC heap after
Heap after GC invocations=18 (full 1):
 PSYoungGen      total 141824K, used 31777K [0x0000000795580000, 0x00000007a0b80000, 0x00000007c0000000)
  eden space 107520K, 0% used [0x0000000795580000,0x0000000795580000,0x000000079be80000)
  from space 34304K, 92% used [0x000000079c200000,0x000000079e1087c0,0x000000079e380000)
  to   space 39424K, 0% used [0x000000079e500000,0x000000079e500000,0x00000007a0b80000)
 ParOldGen       total 72704K, used 34665K [0x0000000740000000, 0x0000000744700000, 0x0000000795580000)
  object space 72704K, 47% used [0x0000000740000000,0x00000007421da6a8,0x0000000744700000)
 Metaspace       used 21463K, capacity 21659K, committed 22064K, reserved 1069056K
  class space    used 2040K, capacity 2112K, committed 2176K, reserved 1048576K
}

