# JRE version: Java(TM) SE Runtime Environment (8.0_91-b14) (build 1.8.0_91-b14)
# Java VM: Java HotSpot(TM) 64-Bit Server VM (25.91-b14 mixed mode bsd-amd64 compressed oops)
Heap:
 PSYoungGen      total 67072K, used 51962K [0x0000000795580000, 0x000000079a580000, 0x00000007c0000000)
  eden space 57344K, 78% used [0x0000000795580000,0x000000079815e998,0x0000000798d80000)
  from space 9728K, 72% used [0x0000000799c00000,0x000000079a2e01b0,0x000000079a580000)
  to   space 12288K, 0% used [0x0000000798d80000,0x0000000798d80000,0x0000000799980000)
 ParOldGen       total 72704K, used 23421K [0x0000000740000000, 0x0000000744700000, 0x0000000795580000)
  object space 72704K, 32% used [0x0000000740000000,0x00000007416df5c8,0x0000000744700000)
 Metaspace       used 21287K, capacity 21455K, committed 21808K, reserved 1069056K
  class space    used 2049K, capacity 2112K, committed 2176K, reserved 1048576K
GC Heap History (10 events):
Event: 11.860 GC heap before
{Heap before GC invocations=5 (full 0):
 PSYoungGen      total 38400K, used 38324K [0x0000000795580000, 0x0000000798000000, 0x00000007c0000000)
  eden space 33280K, 99% used [0x0000000795580000,0x00000007975ede40,0x0000000797600000)
  from space 5120K, 99% used [0x0000000797b00000,0x0000000797fff4e0,0x0000000798000000)
  to   space 5120K, 0% used [0x0000000797600000,0x0000000797600000,0x0000000797b00000)
 ParOldGen       total 87552K, used 13343K [0x0000000740000000, 0x0000000745580000, 0x0000000795580000)
  object space 87552K, 15% used [0x0000000740000000,0x0000000740d07f38,0x0000000745580000)
 Metaspace       used 20950K, capacity 21135K, committed 21296K, reserved 1069056K
  class space    used 2041K, capacity 2112K, committed 2176K, reserved 1048576K
Event: 11.872 GC heap after
Heap after GC invocations=5 (full 0):
 PSYoungGen      total 37888K, used 5101K [0x0000000795580000, 0x0000000799080000, 0x00000007c0000000)
  eden space 32768K, 0% used [0x0000000795580000,0x0000000795580000,0x0000000797580000)
  from space 5120K, 99% used [0x0000000797600000,0x0000000797afb470,0x0000000797b00000)
  to   space 13824K, 0% used [0x0000000798300000,0x0000000798300000,0x0000000799080000)
 ParOldGen       total 87552K, used 17579K [0x0000000740000000, 0x0000000745580000, 0x0000000795580000)
  object space 87552K, 20% used [0x0000000740000000,0x000000074112afb8,0x0000000745580000)
 Metaspace       used 20950K, capacity 21135K, committed 21296K, reserved 1069056K
  class space    used 2041K, capacity 2112K, committed 2176K, reserved 1048576K
}
Event: 12.044 GC heap before
{Heap before GC invocations=6 (full 0):
 PSYoungGen      total 37888K, used 17404K [0x0000000795580000, 0x0000000799080000, 0x00000007c0000000)
  eden space 32768K, 37% used [0x0000000795580000,0x0000000796183f58,0x0000000797580000)
  from space 5120K, 99% used [0x0000000797600000,0x0000000797afb470,0x0000000797b00000)
  to   space 13824K, 0% used [0x0000000798300000,0x0000000798300000,0x0000000799080000)
 ParOldGen       total 87552K, used 17579K [0x0000000740000000, 0x0000000745580000, 0x0000000795580000)
  object space 87552K, 20% used [0x0000000740000000,0x000000074112afb8,0x0000000745580000)
 Metaspace       used 20966K, capacity 21135K, committed 21296K, reserved 1069056K
  class space    used 2041K, capacity 2112K, committed 2176K, reserved 1048576K
Event: 12.057 GC heap after
Heap after GC invocations=6 (full 0):
 PSYoungGen      total 47616K, used 8061K [0x0000000795580000, 0x000000079ae80000, 0x00000007c0000000)
  eden space 33792K, 0% used [0x0000000795580000,0x0000000795580000,0x0000000797680000)
  from space 13824K, 58% used [0x0000000798300000,0x0000000798adf510,0x0000000799080000)
  to   space 12800K, 0% used [0x0000000797680000,0x0000000797680000,0x0000000798300000)
 ParOldGen       total 87552K, used 17587K [0x0000000740000000, 0x0000000745580000, 0x0000000795580000)
  object space 87552K, 20% used [0x0000000740000000,0x000000074112cfb8,0x0000000745580000)
 Metaspace       used 20966K, capacity 21135K, committed 21296K, reserved 1069056K
  class space    used 2041K, capacity 2112K, committed 2176K, reserved 1048576K
}
Event: 12.057 GC heap before
{Heap before GC invocations=7 (full 1):
 PSYoungGen      total 47616K, used 8061K [0x0000000795580000, 0x000000079ae80000, 0x00000007c0000000)
  eden space 33792K, 0% used [0x0000000795580000,0x0000000795580000,0x0000000797680000)
  from space 13824K, 58% used [0x0000000798300000,0x0000000798adf510,0x0000000799080000)
  to   space 12800K, 0% used [0x0000000797680000,0x0000000797680000,0x0000000798300000)
 ParOldGen       total 87552K, used 17587K [0x0000000740000000, 0x0000000745580000, 0x0000000795580000)
  object space 87552K, 20% used [0x0000000740000000,0x000000074112cfb8,0x0000000745580000)
 Metaspace       used 20966K, capacity 21135K, committed 21296K, reserved 1069056K
  class space    used 2041K, capacity 2112K, committed 2176K, reserved 1048576K
Event: 12.125 GC heap after
Heap after GC invocations=7 (full 1):
 PSYoungGen      total 47616K, used 0K [0x0000000795580000, 0x000000079ae80000, 0x00000007c0000000)
  eden space 33792K, 0% used [0x0000000795580000,0x0000000795580000,0x0000000797680000)
  from space 13824K, 0% used [0x0000000798300000,0x0000000798300000,0x0000000799080000)
  to   space 12800K, 0% used [0x0000000797680000,0x0000000797680000,0x0000000798300000)
 ParOldGen       total 72704K, used 23405K [0x0000000740000000, 0x0000000744700000, 0x0000000795580000)
  object space 72704K, 32% used [0x0000000740000000,0x00000007416db5c8,0x0000000744700000)
 Metaspace       used 20966K, capacity 21135K, committed 21296K, reserved 1069056K
  class space    used 2041K, capacity 2112K, committed 2176K, reserved 1048576K
}
Event: 12.801 GC heap before
{Heap before GC invocations=8 (full 1):
 PSYoungGen      total 47616K, used 33792K [0x0000000795580000, 0x000000079ae80000, 0x00000007c0000000)
  eden space 33792K, 100% used [0x0000000795580000,0x0000000797680000,0x0000000797680000)
  from space 13824K, 0% used [0x0000000798300000,0x0000000798300000,0x0000000799080000)
  to   space 12800K, 0% used [0x0000000797680000,0x0000000797680000,0x0000000798300000)
 ParOldGen       total 72704K, used 23405K [0x0000000740000000, 0x0000000744700000, 0x0000000795580000)
  object space 72704K, 32% used [0x0000000740000000,0x00000007416db5c8,0x0000000744700000)
 Metaspace       used 21061K, capacity 21263K, committed 21552K, reserved 1069056K
  class space    used 2041K, capacity 2112K, committed 2176K, reserved 1048576K
Event: 12.803 GC heap after
Heap after GC invocations=8 (full 1):
 PSYoungGen      total 46592K, used 7104K [0x0000000795580000, 0x000000079a880000, 0x00000007c0000000)
  eden space 33792K, 0% used [0x0000000795580000,0x0000000795580000,0x0000000797680000)
  from space 12800K, 55% used [0x0000000797680000,0x0000000797d701b0,0x0000000798300000)
  to   space 12800K, 0% used [0x0000000799c00000,0x0000000799c00000,0x000000079a880000)
 ParOldGen       total 72704K, used 23413K [0x0000000740000000, 0x0000000744700000, 0x0000000795580000)
  object space 72704K, 32% used [0x0000000740000000,0x00000007416dd5c8,0x0000000744700000)
 Metaspace       used 21061K, capacity 21263K, committed 21552K, reserved 1069056K
  class space    used 2041K, capacity 2112K, committed 2176K, reserved 1048576K
}
Event: 16.221 GC heap before
{Heap before GC invocations=9 (full 1):
 PSYoungGen      total 46592K, used 40896K [0x0000000795580000, 0x000000079a880000, 0x00000007c0000000)
  eden space 33792K, 100% used [0x0000000795580000,0x0000000797680000,0x0000000797680000)
  from space 12800K, 55% used [0x0000000797680000,0x0000000797d701b0,0x0000000798300000)
  to   space 12800K, 0% used [0x0000000799c00000,0x0000000799c00000,0x000000079a880000)
 ParOldGen       total 72704K, used 23413K [0x0000000740000000, 0x0000000744700000, 0x0000000795580000)
  object space 72704K, 32% used [0x0000000740000000,0x00000007416dd5c8,0x0000000744700000)
 Metaspace       used 21207K, capacity 21455K, committed 21808K, reserved 1069056K
  class space    used 2041K, capacity 2112K, committed 2176K, reserved 1048576K
Event: 16.226 GC heap after
Heap after GC invocations=9 (full 1):
 PSYoungGen      total 67072K, used 7040K [0x0000000795580000, 0x000000079a580000, 0x00000007c0000000)
  eden space 57344K, 0% used [0x0000000795580000,0x0000000795580000,0x0000000798d80000)
  from space 9728K, 72% used [0x0000000799c00000,0x000000079a2e01b0,0x000000079a580000)
  to   space 12288K, 0% used [0x0000000798d80000,0x0000000798d80000,0x0000000799980000)
 ParOldGen       total 72704K, used 23421K [0x0000000740000000, 0x0000000744700000, 0x0000000795580000)
  object space 72704K, 32% used [0x0000000740000000,0x00000007416df5c8,0x0000000744700000)
 Metaspace       used 21207K, capacity 21455K, committed 21808K, reserved 1069056K
  class space    used 2041K, capacity 2112K, committed 2176K, reserved 1048576K
}

