# JRE version: Java(TM) SE Runtime Environment (8.0_91-b14) (build 1.8.0_91-b14)
# Java VM: Java HotSpot(TM) 64-Bit Server VM (25.91-b14 mixed mode bsd-amd64 compressed oops)
Heap:
 PSYoungGen      total 24576K, used 1308K [0x0000000795580000, 0x0000000796e80000, 0x00000007c0000000)
  eden space 24064K, 5% used [0x0000000795580000,0x00000007956c72a8,0x0000000796d00000)
  from space 512K, 0% used [0x0000000796e00000,0x0000000796e00000,0x0000000796e80000)
  to   space 512K, 0% used [0x0000000796d80000,0x0000000796d80000,0x0000000796e00000)
 ParOldGen       total 52224K, used 15526K [0x0000000740000000, 0x0000000743300000, 0x0000000795580000)
  object space 52224K, 29% used [0x0000000740000000,0x0000000740f29b68,0x0000000743300000)
 Metaspace       used 20968K, capacity 21197K, committed 21552K, reserved 1069056K
  class space    used 2040K, capacity 2111K, committed 2176K, reserved 1048576K
GC Heap History (10 events):
Event: 1431.203 GC heap before
{Heap before GC invocations=263 (full 0):
 PSYoungGen      total 24576K, used 24096K [0x0000000795580000, 0x0000000796e80000, 0x00000007c0000000)
  eden space 24064K, 100% used [0x0000000795580000,0x0000000796d00000,0x0000000796d00000)
  from space 512K, 6% used [0x0000000796e00000,0x0000000796e08000,0x0000000796e80000)
  to   space 512K, 0% used [0x0000000796d80000,0x0000000796d80000,0x0000000796e00000)
 ParOldGen       total 87552K, used 16982K [0x0000000740000000, 0x0000000745580000, 0x0000000795580000)
  object space 87552K, 19% used [0x0000000740000000,0x0000000741095b18,0x0000000745580000)
 Metaspace       used 20938K, capacity 21133K, committed 21296K, reserved 1069056K
  class space    used 2033K, capacity 2111K, committed 2176K, reserved 1048576K
Event: 1431.206 GC heap after
Heap after GC invocations=263 (full 0):
 PSYoungGen      total 24576K, used 32K [0x0000000795580000, 0x0000000796e80000, 0x00000007c0000000)
  eden space 24064K, 0% used [0x0000000795580000,0x0000000795580000,0x0000000796d00000)
  from space 512K, 6% used [0x0000000796d80000,0x0000000796d88000,0x0000000796e00000)
  to   space 512K, 0% used [0x0000000796e00000,0x0000000796e00000,0x0000000796e80000)
 ParOldGen       total 87552K, used 16982K [0x0000000740000000, 0x0000000745580000, 0x0000000795580000)
  object space 87552K, 19% used [0x0000000740000000,0x0000000741095b18,0x0000000745580000)
 Metaspace       used 20938K, capacity 21133K, committed 21296K, reserved 1069056K
  class space    used 2033K, capacity 2111K, committed 2176K, reserved 1048576K
}
Event: 1436.558 GC heap before
{Heap before GC invocations=264 (full 0):
 PSYoungGen      total 24576K, used 24096K [0x0000000795580000, 0x0000000796e80000, 0x00000007c0000000)
  eden space 24064K, 100% used [0x0000000795580000,0x0000000796d00000,0x0000000796d00000)
  from space 512K, 6% used [0x0000000796d80000,0x0000000796d88000,0x0000000796e00000)
  to   space 512K, 0% used [0x0000000796e00000,0x0000000796e00000,0x0000000796e80000)
 ParOldGen       total 87552K, used 16982K [0x0000000740000000, 0x0000000745580000, 0x0000000795580000)
  object space 87552K, 19% used [0x0000000740000000,0x0000000741095b18,0x0000000745580000)
 Metaspace       used 20938K, capacity 21133K, committed 21296K, reserved 1069056K
  class space    used 2033K, capacity 2111K, committed 2176K, reserved 1048576K
Event: 1436.561 GC heap after
Heap after GC invocations=264 (full 0):
 PSYoungGen      total 24576K, used 128K [0x0000000795580000, 0x0000000796e80000, 0x00000007c0000000)
  eden space 24064K, 0% used [0x0000000795580000,0x0000000795580000,0x0000000796d00000)
  from space 512K, 25% used [0x0000000796e00000,0x0000000796e20000,0x0000000796e80000)
  to   space 512K, 0% used [0x0000000796d80000,0x0000000796d80000,0x0000000796e00000)
 ParOldGen       total 87552K, used 16982K [0x0000000740000000, 0x0000000745580000, 0x0000000795580000)
  object space 87552K, 19% used [0x0000000740000000,0x0000000741095b18,0x0000000745580000)
 Metaspace       used 20938K, capacity 21133K, committed 21296K, reserved 1069056K
  class space    used 2033K, capacity 2111K, committed 2176K, reserved 1048576K
}
Event: 1441.947 GC heap before
{Heap before GC invocations=265 (full 0):
 PSYoungGen      total 24576K, used 24192K [0x0000000795580000, 0x0000000796e80000, 0x00000007c0000000)
  eden space 24064K, 100% used [0x0000000795580000,0x0000000796d00000,0x0000000796d00000)
  from space 512K, 25% used [0x0000000796e00000,0x0000000796e20000,0x0000000796e80000)
  to   space 512K, 0% used [0x0000000796d80000,0x0000000796d80000,0x0000000796e00000)
 ParOldGen       total 87552K, used 16982K [0x0000000740000000, 0x0000000745580000, 0x0000000795580000)
  object space 87552K, 19% used [0x0000000740000000,0x0000000741095b18,0x0000000745580000)
 Metaspace       used 20938K, capacity 21133K, committed 21296K, reserved 1069056K
  class space    used 2033K, capacity 2111K, committed 2176K, reserved 1048576K
Event: 1441.949 GC heap after
Heap after GC invocations=265 (full 0):
 PSYoungGen      total 24576K, used 32K [0x0000000795580000, 0x0000000796e80000, 0x00000007c0000000)
  eden space 24064K, 0% used [0x0000000795580000,0x0000000795580000,0x0000000796d00000)
  from space 512K, 6% used [0x0000000796d80000,0x0000000796d88000,0x0000000796e00000)
  to   space 512K, 0% used [0x0000000796e00000,0x0000000796e00000,0x0000000796e80000)
 ParOldGen       total 87552K, used 16982K [0x0000000740000000, 0x0000000745580000, 0x0000000795580000)
  object space 87552K, 19% used [0x0000000740000000,0x0000000741095b18,0x0000000745580000)
 Metaspace       used 20938K, capacity 21133K, committed 21296K, reserved 1069056K
  class space    used 2033K, capacity 2111K, committed 2176K, reserved 1048576K
}
Event: 1443.599 GC heap before
{Heap before GC invocations=266 (full 0):
 PSYoungGen      total 24576K, used 8319K [0x0000000795580000, 0x0000000796e80000, 0x00000007c0000000)
  eden space 24064K, 34% used [0x0000000795580000,0x0000000795d97d48,0x0000000796d00000)
  from space 512K, 6% used [0x0000000796d80000,0x0000000796d88000,0x0000000796e00000)
  to   space 512K, 0% used [0x0000000796e00000,0x0000000796e00000,0x0000000796e80000)
 ParOldGen       total 87552K, used 16982K [0x0000000740000000, 0x0000000745580000, 0x0000000795580000)
  object space 87552K, 19% used [0x0000000740000000,0x0000000741095b18,0x0000000745580000)
 Metaspace       used 20954K, capacity 21133K, committed 21296K, reserved 1069056K
  class space    used 2035K, capacity 2111K, committed 2176K, reserved 1048576K
Event: 1443.600 GC heap after
Heap after GC invocations=266 (full 0):
 PSYoungGen      total 24576K, used 160K [0x0000000795580000, 0x0000000796e80000, 0x00000007c0000000)
  eden space 24064K, 0% used [0x0000000795580000,0x0000000795580000,0x0000000796d00000)
  from space 512K, 31% used [0x0000000796e00000,0x0000000796e28000,0x0000000796e80000)
  to   space 512K, 0% used [0x0000000796d80000,0x0000000796d80000,0x0000000796e00000)
 ParOldGen       total 87552K, used 16982K [0x0000000740000000, 0x0000000745580000, 0x0000000795580000)
  object space 87552K, 19% used [0x0000000740000000,0x0000000741095b18,0x0000000745580000)
 Metaspace       used 20954K, capacity 21133K, committed 21296K, reserved 1069056K
  class space    used 2035K, capacity 2111K, committed 2176K, reserved 1048576K
}
Event: 1443.600 GC heap before
{Heap before GC invocations=267 (full 1):
 PSYoungGen      total 24576K, used 160K [0x0000000795580000, 0x0000000796e80000, 0x00000007c0000000)
  eden space 24064K, 0% used [0x0000000795580000,0x0000000795580000,0x0000000796d00000)
  from space 512K, 31% used [0x0000000796e00000,0x0000000796e28000,0x0000000796e80000)
  to   space 512K, 0% used [0x0000000796d80000,0x0000000796d80000,0x0000000796e00000)
 ParOldGen       total 87552K, used 16982K [0x0000000740000000, 0x0000000745580000, 0x0000000795580000)
  object space 87552K, 19% used [0x0000000740000000,0x0000000741095b18,0x0000000745580000)
 Metaspace       used 20954K, capacity 21133K, committed 21296K, reserved 1069056K
  class space    used 2035K, capacity 2111K, committed 2176K, reserved 1048576K
Event: 1443.686 GC heap after
Heap after GC invocations=267 (full 1):
 PSYoungGen      total 24576K, used 0K [0x0000000795580000, 0x0000000796e80000, 0x00000007c0000000)
  eden space 24064K, 0% used [0x0000000795580000,0x0000000795580000,0x0000000796d00000)
  from space 512K, 0% used [0x0000000796e00000,0x0000000796e00000,0x0000000796e80000)
  to   space 512K, 0% used [0x0000000796d80000,0x0000000796d80000,0x0000000796e00000)
 ParOldGen       total 52224K, used 15526K [0x0000000740000000, 0x0000000743300000, 0x0000000795580000)
  object space 52224K, 29% used [0x0000000740000000,0x0000000740f29b68,0x0000000743300000)
 Metaspace       used 20954K, capacity 21133K, committed 21296K, reserved 1069056K
  class space    used 2035K, capacity 2111K, committed 2176K, reserved 1048576K
}

