# JRE version: Java(TM) SE Runtime Environment (8.0_91-b14) (build 1.8.0_91-b14)
# Java VM: Java HotSpot(TM) 64-Bit Server VM (25.91-b14 mixed mode bsd-amd64 compressed oops)
Heap:
 PSYoungGen      total 27136K, used 26720K [0x0000000795580000, 0x00000007ac300000, 0x00000007c0000000)
  eden space 26624K, 100% used [0x0000000795580000,0x0000000796f80000,0x0000000796f80000)
  from space 512K, 18% used [0x00000007ac200000,0x00000007ac218000,0x00000007ac280000)
  to   space 512K, 0% used [0x00000007ac280000,0x00000007ac280000,0x00000007ac300000)
 ParOldGen       total 126464K, used 89594K [0x0000000740000000, 0x0000000747b80000, 0x0000000795580000)
  object space 126464K, 70% used [0x0000000740000000,0x000000074577e9f0,0x0000000747b80000)
 Metaspace       used 19896K, capacity 20107K, committed 20224K, reserved 1067008K
  class space    used 1913K, capacity 1982K, committed 2048K, reserved 1048576K
GC Heap History (10 events):
Event: 1003.089 GC heap before
{Heap before GC invocations=3260 (full 1):
 PSYoungGen      total 27136K, used 26688K [0x0000000795580000, 0x00000007ac300000, 0x00000007c0000000)
  eden space 26624K, 100% used [0x0000000795580000,0x0000000796f80000,0x0000000796f80000)
  from space 512K, 12% used [0x00000007ac280000,0x00000007ac290000,0x00000007ac300000)
  to   space 512K, 0% used [0x00000007ac200000,0x00000007ac200000,0x00000007ac280000)
 ParOldGen       total 126464K, used 89586K [0x0000000740000000, 0x0000000747b80000, 0x0000000795580000)
  object space 126464K, 70% used [0x0000000740000000,0x000000074577c9f0,0x0000000747b80000)
 Metaspace       used 19820K, capacity 20043K, committed 20224K, reserved 1067008K
  class space    used 1905K, capacity 1982K, committed 2048K, reserved 1048576K
Event: 1003.090 GC heap after
Heap after GC invocations=3260 (full 1):
 PSYoungGen      total 27136K, used 64K [0x0000000795580000, 0x00000007ac300000, 0x00000007c0000000)
  eden space 26624K, 0% used [0x0000000795580000,0x0000000795580000,0x0000000796f80000)
  from space 512K, 12% used [0x00000007ac200000,0x00000007ac210000,0x00000007ac280000)
  to   space 512K, 0% used [0x00000007ac280000,0x00000007ac280000,0x00000007ac300000)
 ParOldGen       total 126464K, used 89586K [0x0000000740000000, 0x0000000747b80000, 0x0000000795580000)
  object space 126464K, 70% used [0x0000000740000000,0x000000074577c9f0,0x0000000747b80000)
 Metaspace       used 19820K, capacity 20043K, committed 20224K, reserved 1067008K
  class space    used 1905K, capacity 1982K, committed 2048K, reserved 1048576K
}
Event: 1003.271 GC heap before
{Heap before GC invocations=3261 (full 1):
 PSYoungGen      total 27136K, used 26688K [0x0000000795580000, 0x00000007ac300000, 0x00000007c0000000)
  eden space 26624K, 100% used [0x0000000795580000,0x0000000796f80000,0x0000000796f80000)
  from space 512K, 12% used [0x00000007ac200000,0x00000007ac210000,0x00000007ac280000)
  to   space 512K, 0% used [0x00000007ac280000,0x00000007ac280000,0x00000007ac300000)
 ParOldGen       total 126464K, used 89586K [0x0000000740000000, 0x0000000747b80000, 0x0000000795580000)
  object space 126464K, 70% used [0x0000000740000000,0x000000074577c9f0,0x0000000747b80000)
 Metaspace       used 19820K, capacity 20043K, committed 20224K, reserved 1067008K
  class space    used 1905K, capacity 1982K, committed 2048K, reserved 1048576K
Event: 1003.272 GC heap after
Heap after GC invocations=3261 (full 1):
 PSYoungGen      total 27136K, used 96K [0x0000000795580000, 0x00000007ac300000, 0x00000007c0000000)
  eden space 26624K, 0% used [0x0000000795580000,0x0000000795580000,0x0000000796f80000)
  from space 512K, 18% used [0x00000007ac280000,0x00000007ac298000,0x00000007ac300000)
  to   space 512K, 0% used [0x00000007ac200000,0x00000007ac200000,0x00000007ac280000)
 ParOldGen       total 126464K, used 89586K [0x0000000740000000, 0x0000000747b80000, 0x0000000795580000)
  object space 126464K, 70% used [0x0000000740000000,0x000000074577c9f0,0x0000000747b80000)
 Metaspace       used 19820K, capacity 20043K, committed 20224K, reserved 1067008K
  class space    used 1905K, capacity 1982K, committed 2048K, reserved 1048576K
}
Event: 1003.457 GC heap before
{Heap before GC invocations=3262 (full 1):
 PSYoungGen      total 27136K, used 26720K [0x0000000795580000, 0x00000007ac300000, 0x00000007c0000000)
  eden space 26624K, 100% used [0x0000000795580000,0x0000000796f80000,0x0000000796f80000)
  from space 512K, 18% used [0x00000007ac280000,0x00000007ac298000,0x00000007ac300000)
  to   space 512K, 0% used [0x00000007ac200000,0x00000007ac200000,0x00000007ac280000)
 ParOldGen       total 126464K, used 89586K [0x0000000740000000, 0x0000000747b80000, 0x0000000795580000)
  object space 126464K, 70% used [0x0000000740000000,0x000000074577c9f0,0x0000000747b80000)
 Metaspace       used 19820K, capacity 20043K, committed 20224K, reserved 1067008K
  class space    used 1905K, capacity 1982K, committed 2048K, reserved 1048576K
Event: 1003.458 GC heap after
Heap after GC invocations=3262 (full 1):
 PSYoungGen      total 27136K, used 64K [0x0000000795580000, 0x00000007ac300000, 0x00000007c0000000)
  eden space 26624K, 0% used [0x0000000795580000,0x0000000795580000,0x0000000796f80000)
  from space 512K, 12% used [0x00000007ac200000,0x00000007ac210000,0x00000007ac280000)
  to   space 512K, 0% used [0x00000007ac280000,0x00000007ac280000,0x00000007ac300000)
 ParOldGen       total 126464K, used 89586K [0x0000000740000000, 0x0000000747b80000, 0x0000000795580000)
  object space 126464K, 70% used [0x0000000740000000,0x000000074577c9f0,0x0000000747b80000)
 Metaspace       used 19820K, capacity 20043K, committed 20224K, reserved 1067008K
  class space    used 1905K, capacity 1982K, committed 2048K, reserved 1048576K
}
Event: 1003.735 GC heap before
{Heap before GC invocations=3263 (full 1):
 PSYoungGen      total 27136K, used 26687K [0x0000000795580000, 0x00000007ac300000, 0x00000007c0000000)
  eden space 26624K, 99% used [0x0000000795580000,0x0000000796f7ffd8,0x0000000796f80000)
  from space 512K, 12% used [0x00000007ac200000,0x00000007ac210000,0x00000007ac280000)
  to   space 512K, 0% used [0x00000007ac280000,0x00000007ac280000,0x00000007ac300000)
 ParOldGen       total 126464K, used 89586K [0x0000000740000000, 0x0000000747b80000, 0x0000000795580000)
  object space 126464K, 70% used [0x0000000740000000,0x000000074577c9f0,0x0000000747b80000)
 Metaspace       used 19820K, capacity 20043K, committed 20224K, reserved 1067008K
  class space    used 1905K, capacity 1982K, committed 2048K, reserved 1048576K
Event: 1003.737 GC heap after
Heap after GC invocations=3263 (full 1):
 PSYoungGen      total 27136K, used 64K [0x0000000795580000, 0x00000007ac300000, 0x00000007c0000000)
  eden space 26624K, 0% used [0x0000000795580000,0x0000000795580000,0x0000000796f80000)
  from space 512K, 12% used [0x00000007ac280000,0x00000007ac290000,0x00000007ac300000)
  to   space 512K, 0% used [0x00000007ac200000,0x00000007ac200000,0x00000007ac280000)
 ParOldGen       total 126464K, used 89586K [0x0000000740000000, 0x0000000747b80000, 0x0000000795580000)
  object space 126464K, 70% used [0x0000000740000000,0x000000074577c9f0,0x0000000747b80000)
 Metaspace       used 19820K, capacity 20043K, committed 20224K, reserved 1067008K
  class space    used 1905K, capacity 1982K, committed 2048K, reserved 1048576K
}
Event: 1003.911 GC heap before
{Heap before GC invocations=3264 (full 1):
 PSYoungGen      total 27136K, used 26688K [0x0000000795580000, 0x00000007ac300000, 0x00000007c0000000)
  eden space 26624K, 100% used [0x0000000795580000,0x0000000796f80000,0x0000000796f80000)
  from space 512K, 12% used [0x00000007ac280000,0x00000007ac290000,0x00000007ac300000)
  to   space 512K, 0% used [0x00000007ac200000,0x00000007ac200000,0x00000007ac280000)
 ParOldGen       total 126464K, used 89586K [0x0000000740000000, 0x0000000747b80000, 0x0000000795580000)
  object space 126464K, 70% used [0x0000000740000000,0x000000074577c9f0,0x0000000747b80000)
 Metaspace       used 19865K, capacity 20107K, committed 20224K, reserved 1067008K
  class space    used 1906K, capacity 1982K, committed 2048K, reserved 1048576K
Event: 1003.913 GC heap after
Heap after GC invocations=3264 (full 1):
 PSYoungGen      total 27136K, used 96K [0x0000000795580000, 0x00000007ac300000, 0x00000007c0000000)
  eden space 26624K, 0% used [0x0000000795580000,0x0000000795580000,0x0000000796f80000)
  from space 512K, 18% used [0x00000007ac200000,0x00000007ac218000,0x00000007ac280000)
  to   space 512K, 0% used [0x00000007ac280000,0x00000007ac280000,0x00000007ac300000)
 ParOldGen       total 126464K, used 89594K [0x0000000740000000, 0x0000000747b80000, 0x0000000795580000)
  object space 126464K, 70% used [0x0000000740000000,0x000000074577e9f0,0x0000000747b80000)
 Metaspace       used 19865K, capacity 20107K, committed 20224K, reserved 1067008K
  class space    used 1906K, capacity 1982K, committed 2048K, reserved 1048576K
}

